-- Install configuration: ""
-- Up-to-date: /home/isak/seabotics_ws/Hugr_Primus/seabotics_ws/install/share/hugr_mission/launch
-- Up-to-date: /home/isak/seabotics_ws/Hugr_Primus/seabotics_ws/install/share/hugr_mission/launch/.keep
-- Up-to-date: /home/isak/seabotics_ws/Hugr_Primus/seabotics_ws/install/share/hugr_mission/config
-- Up-to-date: /home/isak/seabotics_ws/Hugr_Primus/seabotics_ws/install/share/hugr_mission/config/.keep
-- Up-to-date: /home/isak/seabotics_ws/Hugr_Primus/seabotics_ws/install/share/ament_index/resource_index/package_run_dependencies/hugr_mission
-- Up-to-date: /home/isak/seabotics_ws/Hugr_Primus/seabotics_ws/install/share/ament_index/resource_index/parent_prefix_path/hugr_mission
-- Up-to-date: /home/isak/seabotics_ws/Hugr_Primus/seabotics_ws/install/share/hugr_mission/environment/ament_prefix_path.sh
-- Up-to-date: /home/isak/seabotics_ws/Hugr_Primus/seabotics_ws/install/share/hugr_mission/environment/ament_prefix_path.dsv
-- Up-to-date: /home/isak/seabotics_ws/Hugr_Primus/seabotics_ws/install/share/hugr_mission/environment/path.sh
-- Up-to-date: /home/isak/seabotics_ws/Hugr_Primus/seabotics_ws/install/share/hugr_mission/environment/path.dsv
-- Up-to-date: /home/isak/seabotics_ws/Hugr_Primus/seabotics_ws/install/share/hugr_mission/local_setup.bash
-- Up-to-date: /home/isak/seabotics_ws/Hugr_Primus/seabotics_ws/install/share/hugr_mission/local_setup.sh
-- Up-to-date: /home/isak/seabotics_ws/Hugr_Primus/seabotics_ws/install/share/hugr_mission/local_setup.zsh
-- Up-to-date: /home/isak/seabotics_ws/Hugr_Primus/seabotics_ws/install/share/hugr_mission/local_setup.dsv
-- Installing: /home/isak/seabotics_ws/Hugr_Primus/seabotics_ws/install/share/hugr_mission/package.dsv
-- Up-to-date: /home/isak/seabotics_ws/Hugr_Primus/seabotics_ws/install/share/ament_index/resource_index/packages/hugr_mission
-- Up-to-date: /home/isak/seabotics_ws/Hugr_Primus/seabotics_ws/install/share/hugr_mission/cmake/hugr_missionConfig.cmake
-- Up-to-date: /home/isak/seabotics_ws/Hugr_Primus/seabotics_ws/install/share/hugr_mission/cmake/hugr_missionConfig-version.cmake
-- Up-to-date: /home/isak/seabotics_ws/Hugr_Primus/seabotics_ws/install/share/hugr_mission/package.xml
