[0.066s] DEBUG:colcon:Command line arguments: ['/usr/bin/colcon', 'build', '--merge-install', '--symlink-install']
[0.066s] DEBUG:colcon:Parsed command line arguments: Namespace(log_base=None, log_level=None, verb_name='build', build_base='build', install_base='install', merge_install=True, symlink_install=True, test_result_base=None, continue_on_error=False, executor='parallel', parallel_workers=12, event_handlers=None, ignore_user_meta=False, metas=['./colcon.meta'], base_paths=['.'], packages_ignore=None, packages_ignore_regex=None, paths=None, packages_up_to=None, packages_up_to_regex=None, packages_above=None, packages_above_and_dependencies=None, packages_above_depth=None, packages_select_by_dep=None, packages_skip_by_dep=None, packages_skip_up_to=None, packages_select_build_failed=False, packages_skip_build_finished=False, packages_select_test_failures=False, packages_skip_test_passed=False, packages_select=None, packages_skip=None, packages_select_regex=None, packages_skip_regex=None, packages_start=None, packages_end=None, allow_overriding=[], cmake_args=None, cmake_target=None, cmake_target_skip_unavailable=False, cmake_clean_cache=False, cmake_clean_first=False, cmake_force_configure=False, ament_cmake_args=None, catkin_cmake_args=None, catkin_skip_building_tests=False, mixin_files=None, mixin=None, verb_parser=<colcon_mixin.mixin.mixin_argument.MixinArgumentDecorator object at 0x739ab81681f0>, verb_extension=<colcon_core.verb.build.BuildVerb object at 0x739ab8137c40>, main=<bound method BuildVerb.main of <colcon_core.verb.build.BuildVerb object at 0x739ab8137c40>>, mixin_verb=('build',))
[0.168s] Level 1:colcon.colcon_core.package_discovery:discover_packages(colcon_meta) check parameters
[0.168s] Level 1:colcon.colcon_core.package_discovery:discover_packages(recursive) check parameters
[0.168s] Level 1:colcon.colcon_core.package_discovery:discover_packages(ignore) check parameters
[0.168s] Level 1:colcon.colcon_core.package_discovery:discover_packages(path) check parameters
[0.168s] Level 1:colcon.colcon_core.package_discovery:discover_packages(colcon_meta) discover
[0.168s] Level 1:colcon.colcon_core.package_discovery:discover_packages(recursive) discover
[0.168s] INFO:colcon.colcon_core.package_discovery:Crawling recursively for packages in '/home/isak/seabotics_ws/Hugr_Primus/seabotics_ws'
[0.169s] Level 1:colcon.colcon_core.package_identification:_identify(.) by extensions ['ignore', 'ignore_ament_install']
[0.169s] Level 1:colcon.colcon_core.package_identification:_identify(.) by extension 'ignore'
[0.169s] Level 1:colcon.colcon_core.package_identification:_identify(.) by extension 'ignore_ament_install'
[0.169s] Level 1:colcon.colcon_core.package_identification:_identify(.) by extensions ['colcon_pkg']
[0.169s] Level 1:colcon.colcon_core.package_identification:_identify(.) by extension 'colcon_pkg'
[0.169s] Level 1:colcon.colcon_core.package_identification:_identify(.) by extensions ['colcon_meta']
[0.169s] Level 1:colcon.colcon_core.package_identification:_identify(.) by extension 'colcon_meta'
[0.169s] Level 1:colcon.colcon_core.package_identification:_identify(.) by extensions ['ros']
[0.169s] Level 1:colcon.colcon_core.package_identification:_identify(.) by extension 'ros'
[0.175s] Level 1:colcon.colcon_core.package_identification:_identify(.) by extensions ['cmake', 'python']
[0.176s] Level 1:colcon.colcon_core.package_identification:_identify(.) by extension 'cmake'
[0.176s] Level 1:colcon.colcon_core.package_identification:_identify(.) by extension 'python'
[0.176s] Level 1:colcon.colcon_core.package_identification:_identify(.) by extensions ['python_setup_py']
[0.176s] Level 1:colcon.colcon_core.package_identification:_identify(.) by extension 'python_setup_py'
[0.176s] Level 1:colcon.colcon_core.package_identification:_identify(build) by extensions ['ignore', 'ignore_ament_install']
[0.176s] Level 1:colcon.colcon_core.package_identification:_identify(build) by extension 'ignore'
[0.176s] Level 1:colcon.colcon_core.package_identification:_identify(build) ignored
[0.176s] Level 1:colcon.colcon_core.package_identification:_identify(install) by extensions ['ignore', 'ignore_ament_install']
[0.176s] Level 1:colcon.colcon_core.package_identification:_identify(install) by extension 'ignore'
[0.176s] Level 1:colcon.colcon_core.package_identification:_identify(install) ignored
[0.176s] Level 1:colcon.colcon_core.package_identification:_identify(log) by extensions ['ignore', 'ignore_ament_install']
[0.176s] Level 1:colcon.colcon_core.package_identification:_identify(log) by extension 'ignore'
[0.176s] Level 1:colcon.colcon_core.package_identification:_identify(log) ignored
[0.176s] Level 1:colcon.colcon_core.package_identification:_identify(src) by extensions ['ignore', 'ignore_ament_install']
[0.176s] Level 1:colcon.colcon_core.package_identification:_identify(src) by extension 'ignore'
[0.176s] Level 1:colcon.colcon_core.package_identification:_identify(src) by extension 'ignore_ament_install'
[0.176s] Level 1:colcon.colcon_core.package_identification:_identify(src) by extensions ['colcon_pkg']
[0.176s] Level 1:colcon.colcon_core.package_identification:_identify(src) by extension 'colcon_pkg'
[0.176s] Level 1:colcon.colcon_core.package_identification:_identify(src) by extensions ['colcon_meta']
[0.176s] Level 1:colcon.colcon_core.package_identification:_identify(src) by extension 'colcon_meta'
[0.176s] Level 1:colcon.colcon_core.package_identification:_identify(src) by extensions ['ros']
[0.176s] Level 1:colcon.colcon_core.package_identification:_identify(src) by extension 'ros'
[0.176s] Level 1:colcon.colcon_core.package_identification:_identify(src) by extensions ['cmake', 'python']
[0.176s] Level 1:colcon.colcon_core.package_identification:_identify(src) by extension 'cmake'
[0.176s] Level 1:colcon.colcon_core.package_identification:_identify(src) by extension 'python'
[0.176s] Level 1:colcon.colcon_core.package_identification:_identify(src) by extensions ['python_setup_py']
[0.176s] Level 1:colcon.colcon_core.package_identification:_identify(src) by extension 'python_setup_py'
[0.176s] Level 1:colcon.colcon_core.package_identification:_identify(src/hugr_bringup) by extensions ['ignore', 'ignore_ament_install']
[0.176s] Level 1:colcon.colcon_core.package_identification:_identify(src/hugr_bringup) by extension 'ignore'
[0.176s] Level 1:colcon.colcon_core.package_identification:_identify(src/hugr_bringup) by extension 'ignore_ament_install'
[0.176s] Level 1:colcon.colcon_core.package_identification:_identify(src/hugr_bringup) by extensions ['colcon_pkg']
[0.176s] Level 1:colcon.colcon_core.package_identification:_identify(src/hugr_bringup) by extension 'colcon_pkg'
[0.176s] Level 1:colcon.colcon_core.package_identification:_identify(src/hugr_bringup) by extensions ['colcon_meta']
[0.177s] Level 1:colcon.colcon_core.package_identification:_identify(src/hugr_bringup) by extension 'colcon_meta'
[0.177s] Level 1:colcon.colcon_core.package_identification:_identify(src/hugr_bringup) by extensions ['ros']
[0.177s] Level 1:colcon.colcon_core.package_identification:_identify(src/hugr_bringup) by extension 'ros'
[0.178s] DEBUG:colcon.colcon_core.package_identification:Package 'src/hugr_bringup' with type 'ros.catkin' and name 'hugr_bringup'
[0.178s] Level 1:colcon.colcon_core.package_identification:_identify(src/hugr_description) by extensions ['ignore', 'ignore_ament_install']
[0.178s] Level 1:colcon.colcon_core.package_identification:_identify(src/hugr_description) by extension 'ignore'
[0.178s] Level 1:colcon.colcon_core.package_identification:_identify(src/hugr_description) by extension 'ignore_ament_install'
[0.178s] Level 1:colcon.colcon_core.package_identification:_identify(src/hugr_description) by extensions ['colcon_pkg']
[0.178s] Level 1:colcon.colcon_core.package_identification:_identify(src/hugr_description) by extension 'colcon_pkg'
[0.178s] Level 1:colcon.colcon_core.package_identification:_identify(src/hugr_description) by extensions ['colcon_meta']
[0.178s] Level 1:colcon.colcon_core.package_identification:_identify(src/hugr_description) by extension 'colcon_meta'
[0.178s] Level 1:colcon.colcon_core.package_identification:_identify(src/hugr_description) by extensions ['ros']
[0.178s] Level 1:colcon.colcon_core.package_identification:_identify(src/hugr_description) by extension 'ros'
[0.178s] DEBUG:colcon.colcon_core.package_identification:Package 'src/hugr_description' with type 'ros.catkin' and name 'hugr_description'
[0.179s] Level 1:colcon.colcon_core.package_identification:_identify(src/hugr_hardware) by extensions ['ignore', 'ignore_ament_install']
[0.179s] Level 1:colcon.colcon_core.package_identification:_identify(src/hugr_hardware) by extension 'ignore'
[0.179s] Level 1:colcon.colcon_core.package_identification:_identify(src/hugr_hardware) by extension 'ignore_ament_install'
[0.179s] Level 1:colcon.colcon_core.package_identification:_identify(src/hugr_hardware) by extensions ['colcon_pkg']
[0.179s] Level 1:colcon.colcon_core.package_identification:_identify(src/hugr_hardware) by extension 'colcon_pkg'
[0.179s] Level 1:colcon.colcon_core.package_identification:_identify(src/hugr_hardware) by extensions ['colcon_meta']
[0.179s] Level 1:colcon.colcon_core.package_identification:_identify(src/hugr_hardware) by extension 'colcon_meta'
[0.179s] Level 1:colcon.colcon_core.package_identification:_identify(src/hugr_hardware) by extensions ['ros']
[0.179s] Level 1:colcon.colcon_core.package_identification:_identify(src/hugr_hardware) by extension 'ros'
[0.179s] DEBUG:colcon.colcon_core.package_identification:Package 'src/hugr_hardware' with type 'ros.catkin' and name 'hugr_hardware'
[0.179s] Level 1:colcon.colcon_core.package_identification:_identify(src/hugr_manual_control) by extensions ['ignore', 'ignore_ament_install']
[0.179s] Level 1:colcon.colcon_core.package_identification:_identify(src/hugr_manual_control) by extension 'ignore'
[0.179s] Level 1:colcon.colcon_core.package_identification:_identify(src/hugr_manual_control) by extension 'ignore_ament_install'
[0.179s] Level 1:colcon.colcon_core.package_identification:_identify(src/hugr_manual_control) by extensions ['colcon_pkg']
[0.179s] Level 1:colcon.colcon_core.package_identification:_identify(src/hugr_manual_control) by extension 'colcon_pkg'
[0.179s] Level 1:colcon.colcon_core.package_identification:_identify(src/hugr_manual_control) by extensions ['colcon_meta']
[0.179s] Level 1:colcon.colcon_core.package_identification:_identify(src/hugr_manual_control) by extension 'colcon_meta'
[0.179s] Level 1:colcon.colcon_core.package_identification:_identify(src/hugr_manual_control) by extensions ['ros']
[0.179s] Level 1:colcon.colcon_core.package_identification:_identify(src/hugr_manual_control) by extension 'ros'
[0.180s] DEBUG:colcon.colcon_core.package_identification:Package 'src/hugr_manual_control' with type 'ros.catkin' and name 'hugr_manual_control'
[0.180s] Level 1:colcon.colcon_core.package_identification:_identify(src/hugr_mission) by extensions ['ignore', 'ignore_ament_install']
[0.180s] Level 1:colcon.colcon_core.package_identification:_identify(src/hugr_mission) by extension 'ignore'
[0.180s] Level 1:colcon.colcon_core.package_identification:_identify(src/hugr_mission) by extension 'ignore_ament_install'
[0.180s] Level 1:colcon.colcon_core.package_identification:_identify(src/hugr_mission) by extensions ['colcon_pkg']
[0.180s] Level 1:colcon.colcon_core.package_identification:_identify(src/hugr_mission) by extension 'colcon_pkg'
[0.180s] Level 1:colcon.colcon_core.package_identification:_identify(src/hugr_mission) by extensions ['colcon_meta']
[0.180s] Level 1:colcon.colcon_core.package_identification:_identify(src/hugr_mission) by extension 'colcon_meta'
[0.180s] Level 1:colcon.colcon_core.package_identification:_identify(src/hugr_mission) by extensions ['ros']
[0.180s] Level 1:colcon.colcon_core.package_identification:_identify(src/hugr_mission) by extension 'ros'
[0.181s] DEBUG:colcon.colcon_core.package_identification:Package 'src/hugr_mission' with type 'ros.catkin' and name 'hugr_mission'
[0.181s] Level 1:colcon.colcon_core.package_identification:_identify(src/hugr_navigation) by extensions ['ignore', 'ignore_ament_install']
[0.181s] Level 1:colcon.colcon_core.package_identification:_identify(src/hugr_navigation) by extension 'ignore'
[0.181s] Level 1:colcon.colcon_core.package_identification:_identify(src/hugr_navigation) by extension 'ignore_ament_install'
[0.181s] Level 1:colcon.colcon_core.package_identification:_identify(src/hugr_navigation) by extensions ['colcon_pkg']
[0.181s] Level 1:colcon.colcon_core.package_identification:_identify(src/hugr_navigation) by extension 'colcon_pkg'
[0.181s] Level 1:colcon.colcon_core.package_identification:_identify(src/hugr_navigation) by extensions ['colcon_meta']
[0.181s] Level 1:colcon.colcon_core.package_identification:_identify(src/hugr_navigation) by extension 'colcon_meta'
[0.181s] Level 1:colcon.colcon_core.package_identification:_identify(src/hugr_navigation) by extensions ['ros']
[0.181s] Level 1:colcon.colcon_core.package_identification:_identify(src/hugr_navigation) by extension 'ros'
[0.181s] DEBUG:colcon.colcon_core.package_identification:Package 'src/hugr_navigation' with type 'ros.catkin' and name 'hugr_navigation'
[0.181s] Level 1:colcon.colcon_core.package_identification:_identify(src/hugr_perception) by extensions ['ignore', 'ignore_ament_install']
[0.181s] Level 1:colcon.colcon_core.package_identification:_identify(src/hugr_perception) by extension 'ignore'
[0.181s] Level 1:colcon.colcon_core.package_identification:_identify(src/hugr_perception) by extension 'ignore_ament_install'
[0.181s] Level 1:colcon.colcon_core.package_identification:_identify(src/hugr_perception) by extensions ['colcon_pkg']
[0.181s] Level 1:colcon.colcon_core.package_identification:_identify(src/hugr_perception) by extension 'colcon_pkg'
[0.181s] Level 1:colcon.colcon_core.package_identification:_identify(src/hugr_perception) by extensions ['colcon_meta']
[0.181s] Level 1:colcon.colcon_core.package_identification:_identify(src/hugr_perception) by extension 'colcon_meta'
[0.181s] Level 1:colcon.colcon_core.package_identification:_identify(src/hugr_perception) by extensions ['ros']
[0.181s] Level 1:colcon.colcon_core.package_identification:_identify(src/hugr_perception) by extension 'ros'
[0.182s] DEBUG:colcon.colcon_core.package_identification:Package 'src/hugr_perception' with type 'ros.catkin' and name 'hugr_perception'
[0.182s] Level 1:colcon.colcon_core.package_identification:_identify(src/hugr_sim) by extensions ['ignore', 'ignore_ament_install']
[0.182s] Level 1:colcon.colcon_core.package_identification:_identify(src/hugr_sim) by extension 'ignore'
[0.182s] Level 1:colcon.colcon_core.package_identification:_identify(src/hugr_sim) by extension 'ignore_ament_install'
[0.182s] Level 1:colcon.colcon_core.package_identification:_identify(src/hugr_sim) by extensions ['colcon_pkg']
[0.182s] Level 1:colcon.colcon_core.package_identification:_identify(src/hugr_sim) by extension 'colcon_pkg'
[0.182s] Level 1:colcon.colcon_core.package_identification:_identify(src/hugr_sim) by extensions ['colcon_meta']
[0.182s] Level 1:colcon.colcon_core.package_identification:_identify(src/hugr_sim) by extension 'colcon_meta'
[0.182s] Level 1:colcon.colcon_core.package_identification:_identify(src/hugr_sim) by extensions ['ros']
[0.182s] Level 1:colcon.colcon_core.package_identification:_identify(src/hugr_sim) by extension 'ros'
[0.182s] DEBUG:colcon.colcon_core.package_identification:Package 'src/hugr_sim' with type 'ros.catkin' and name 'hugr_sim'
[0.182s] Level 1:colcon.colcon_core.package_discovery:discover_packages(recursive) using defaults
[0.182s] Level 1:colcon.colcon_core.package_discovery:discover_packages(ignore) discover
[0.182s] Level 1:colcon.colcon_core.package_discovery:discover_packages(ignore) using defaults
[0.183s] Level 1:colcon.colcon_core.package_discovery:discover_packages(path) discover
[0.183s] Level 1:colcon.colcon_core.package_discovery:discover_packages(path) using defaults
[0.201s] Level 1:colcon.colcon_core.package_discovery:discover_packages(prefix_path) check parameters
[0.201s] Level 1:colcon.colcon_core.package_discovery:discover_packages(prefix_path) discover
[0.203s] DEBUG:colcon.colcon_installed_package_information.package_discovery:Found 8 installed packages in /home/isak/seabotics_ws/Hugr_Primus/seabotics_ws/install
[0.204s] DEBUG:colcon.colcon_installed_package_information.package_discovery:Found 53 installed packages in /home/isak/bookros2_ws/install
[0.205s] DEBUG:colcon.colcon_installed_package_information.package_discovery:Found 1 installed packages in /home/isak/ros2_ws/install
[0.206s] DEBUG:colcon.colcon_installed_package_information.package_discovery:Found 412 installed packages in /opt/ros/humble
[0.207s] Level 1:colcon.colcon_core.package_discovery:discover_packages(prefix_path) using defaults
[0.240s] Level 5:colcon.colcon_core.verb:set package 'hugr_description' build argument 'cmake_args' from command line to 'None'
[0.240s] Level 5:colcon.colcon_core.verb:set package 'hugr_description' build argument 'cmake_target' from command line to 'None'
[0.240s] Level 5:colcon.colcon_core.verb:set package 'hugr_description' build argument 'cmake_target_skip_unavailable' from command line to 'False'
[0.240s] Level 5:colcon.colcon_core.verb:set package 'hugr_description' build argument 'cmake_clean_cache' from command line to 'False'
[0.240s] Level 5:colcon.colcon_core.verb:set package 'hugr_description' build argument 'cmake_clean_first' from command line to 'False'
[0.240s] Level 5:colcon.colcon_core.verb:set package 'hugr_description' build argument 'cmake_force_configure' from command line to 'False'
[0.240s] Level 5:colcon.colcon_core.verb:set package 'hugr_description' build argument 'ament_cmake_args' from command line to 'None'
[0.240s] Level 5:colcon.colcon_core.verb:set package 'hugr_description' build argument 'catkin_cmake_args' from command line to 'None'
[0.240s] Level 5:colcon.colcon_core.verb:set package 'hugr_description' build argument 'catkin_skip_building_tests' from command line to 'False'
[0.240s] DEBUG:colcon.colcon_core.verb:Building package 'hugr_description' with the following arguments: {'ament_cmake_args': None, 'build_base': '/home/isak/seabotics_ws/Hugr_Primus/seabotics_ws/build/hugr_description', 'catkin_cmake_args': None, 'catkin_skip_building_tests': False, 'cmake_args': None, 'cmake_clean_cache': False, 'cmake_clean_first': False, 'cmake_force_configure': False, 'cmake_target': None, 'cmake_target_skip_unavailable': False, 'install_base': '/home/isak/seabotics_ws/Hugr_Primus/seabotics_ws/install', 'merge_install': True, 'path': '/home/isak/seabotics_ws/Hugr_Primus/seabotics_ws/src/hugr_description', 'symlink_install': True, 'test_result_base': None}
[0.240s] Level 5:colcon.colcon_core.verb:set package 'hugr_hardware' build argument 'cmake_args' from command line to 'None'
[0.240s] Level 5:colcon.colcon_core.verb:set package 'hugr_hardware' build argument 'cmake_target' from command line to 'None'
[0.240s] Level 5:colcon.colcon_core.verb:set package 'hugr_hardware' build argument 'cmake_target_skip_unavailable' from command line to 'False'
[0.240s] Level 5:colcon.colcon_core.verb:set package 'hugr_hardware' build argument 'cmake_clean_cache' from command line to 'False'
[0.240s] Level 5:colcon.colcon_core.verb:set package 'hugr_hardware' build argument 'cmake_clean_first' from command line to 'False'
[0.240s] Level 5:colcon.colcon_core.verb:set package 'hugr_hardware' build argument 'cmake_force_configure' from command line to 'False'
[0.240s] Level 5:colcon.colcon_core.verb:set package 'hugr_hardware' build argument 'ament_cmake_args' from command line to 'None'
[0.240s] Level 5:colcon.colcon_core.verb:set package 'hugr_hardware' build argument 'catkin_cmake_args' from command line to 'None'
[0.240s] Level 5:colcon.colcon_core.verb:set package 'hugr_hardware' build argument 'catkin_skip_building_tests' from command line to 'False'
[0.240s] DEBUG:colcon.colcon_core.verb:Building package 'hugr_hardware' with the following arguments: {'ament_cmake_args': None, 'build_base': '/home/isak/seabotics_ws/Hugr_Primus/seabotics_ws/build/hugr_hardware', 'catkin_cmake_args': None, 'catkin_skip_building_tests': False, 'cmake_args': None, 'cmake_clean_cache': False, 'cmake_clean_first': False, 'cmake_force_configure': False, 'cmake_target': None, 'cmake_target_skip_unavailable': False, 'install_base': '/home/isak/seabotics_ws/Hugr_Primus/seabotics_ws/install', 'merge_install': True, 'path': '/home/isak/seabotics_ws/Hugr_Primus/seabotics_ws/src/hugr_hardware', 'symlink_install': True, 'test_result_base': None}
[0.240s] Level 5:colcon.colcon_core.verb:set package 'hugr_manual_control' build argument 'cmake_args' from command line to 'None'
[0.240s] Level 5:colcon.colcon_core.verb:set package 'hugr_manual_control' build argument 'cmake_target' from command line to 'None'
[0.240s] Level 5:colcon.colcon_core.verb:set package 'hugr_manual_control' build argument 'cmake_target_skip_unavailable' from command line to 'False'
[0.240s] Level 5:colcon.colcon_core.verb:set package 'hugr_manual_control' build argument 'cmake_clean_cache' from command line to 'False'
[0.240s] Level 5:colcon.colcon_core.verb:set package 'hugr_manual_control' build argument 'cmake_clean_first' from command line to 'False'
[0.240s] Level 5:colcon.colcon_core.verb:set package 'hugr_manual_control' build argument 'cmake_force_configure' from command line to 'False'
[0.240s] Level 5:colcon.colcon_core.verb:set package 'hugr_manual_control' build argument 'ament_cmake_args' from command line to 'None'
[0.240s] Level 5:colcon.colcon_core.verb:set package 'hugr_manual_control' build argument 'catkin_cmake_args' from command line to 'None'
[0.240s] Level 5:colcon.colcon_core.verb:set package 'hugr_manual_control' build argument 'catkin_skip_building_tests' from command line to 'False'
[0.240s] DEBUG:colcon.colcon_core.verb:Building package 'hugr_manual_control' with the following arguments: {'ament_cmake_args': None, 'build_base': '/home/isak/seabotics_ws/Hugr_Primus/seabotics_ws/build/hugr_manual_control', 'catkin_cmake_args': None, 'catkin_skip_building_tests': False, 'cmake_args': None, 'cmake_clean_cache': False, 'cmake_clean_first': False, 'cmake_force_configure': False, 'cmake_target': None, 'cmake_target_skip_unavailable': False, 'install_base': '/home/isak/seabotics_ws/Hugr_Primus/seabotics_ws/install', 'merge_install': True, 'path': '/home/isak/seabotics_ws/Hugr_Primus/seabotics_ws/src/hugr_manual_control', 'symlink_install': True, 'test_result_base': None}
[0.241s] Level 5:colcon.colcon_core.verb:set package 'hugr_mission' build argument 'cmake_args' from command line to 'None'
[0.241s] Level 5:colcon.colcon_core.verb:set package 'hugr_mission' build argument 'cmake_target' from command line to 'None'
[0.241s] Level 5:colcon.colcon_core.verb:set package 'hugr_mission' build argument 'cmake_target_skip_unavailable' from command line to 'False'
[0.241s] Level 5:colcon.colcon_core.verb:set package 'hugr_mission' build argument 'cmake_clean_cache' from command line to 'False'
[0.241s] Level 5:colcon.colcon_core.verb:set package 'hugr_mission' build argument 'cmake_clean_first' from command line to 'False'
[0.241s] Level 5:colcon.colcon_core.verb:set package 'hugr_mission' build argument 'cmake_force_configure' from command line to 'False'
[0.241s] Level 5:colcon.colcon_core.verb:set package 'hugr_mission' build argument 'ament_cmake_args' from command line to 'None'
[0.241s] Level 5:colcon.colcon_core.verb:set package 'hugr_mission' build argument 'catkin_cmake_args' from command line to 'None'
[0.241s] Level 5:colcon.colcon_core.verb:set package 'hugr_mission' build argument 'catkin_skip_building_tests' from command line to 'False'
[0.241s] DEBUG:colcon.colcon_core.verb:Building package 'hugr_mission' with the following arguments: {'ament_cmake_args': None, 'build_base': '/home/isak/seabotics_ws/Hugr_Primus/seabotics_ws/build/hugr_mission', 'catkin_cmake_args': None, 'catkin_skip_building_tests': False, 'cmake_args': None, 'cmake_clean_cache': False, 'cmake_clean_first': False, 'cmake_force_configure': False, 'cmake_target': None, 'cmake_target_skip_unavailable': False, 'install_base': '/home/isak/seabotics_ws/Hugr_Primus/seabotics_ws/install', 'merge_install': True, 'path': '/home/isak/seabotics_ws/Hugr_Primus/seabotics_ws/src/hugr_mission', 'symlink_install': True, 'test_result_base': None}
[0.241s] Level 5:colcon.colcon_core.verb:set package 'hugr_navigation' build argument 'cmake_args' from command line to 'None'
[0.241s] Level 5:colcon.colcon_core.verb:set package 'hugr_navigation' build argument 'cmake_target' from command line to 'None'
[0.241s] Level 5:colcon.colcon_core.verb:set package 'hugr_navigation' build argument 'cmake_target_skip_unavailable' from command line to 'False'
[0.241s] Level 5:colcon.colcon_core.verb:set package 'hugr_navigation' build argument 'cmake_clean_cache' from command line to 'False'
[0.241s] Level 5:colcon.colcon_core.verb:set package 'hugr_navigation' build argument 'cmake_clean_first' from command line to 'False'
[0.241s] Level 5:colcon.colcon_core.verb:set package 'hugr_navigation' build argument 'cmake_force_configure' from command line to 'False'
[0.241s] Level 5:colcon.colcon_core.verb:set package 'hugr_navigation' build argument 'ament_cmake_args' from command line to 'None'
[0.241s] Level 5:colcon.colcon_core.verb:set package 'hugr_navigation' build argument 'catkin_cmake_args' from command line to 'None'
[0.241s] Level 5:colcon.colcon_core.verb:set package 'hugr_navigation' build argument 'catkin_skip_building_tests' from command line to 'False'
[0.241s] DEBUG:colcon.colcon_core.verb:Building package 'hugr_navigation' with the following arguments: {'ament_cmake_args': None, 'build_base': '/home/isak/seabotics_ws/Hugr_Primus/seabotics_ws/build/hugr_navigation', 'catkin_cmake_args': None, 'catkin_skip_building_tests': False, 'cmake_args': None, 'cmake_clean_cache': False, 'cmake_clean_first': False, 'cmake_force_configure': False, 'cmake_target': None, 'cmake_target_skip_unavailable': False, 'install_base': '/home/isak/seabotics_ws/Hugr_Primus/seabotics_ws/install', 'merge_install': True, 'path': '/home/isak/seabotics_ws/Hugr_Primus/seabotics_ws/src/hugr_navigation', 'symlink_install': True, 'test_result_base': None}
[0.241s] Level 5:colcon.colcon_core.verb:set package 'hugr_perception' build argument 'cmake_args' from command line to 'None'
[0.241s] Level 5:colcon.colcon_core.verb:set package 'hugr_perception' build argument 'cmake_target' from command line to 'None'
[0.241s] Level 5:colcon.colcon_core.verb:set package 'hugr_perception' build argument 'cmake_target_skip_unavailable' from command line to 'False'
[0.241s] Level 5:colcon.colcon_core.verb:set package 'hugr_perception' build argument 'cmake_clean_cache' from command line to 'False'
[0.241s] Level 5:colcon.colcon_core.verb:set package 'hugr_perception' build argument 'cmake_clean_first' from command line to 'False'
[0.241s] Level 5:colcon.colcon_core.verb:set package 'hugr_perception' build argument 'cmake_force_configure' from command line to 'False'
[0.241s] Level 5:colcon.colcon_core.verb:set package 'hugr_perception' build argument 'ament_cmake_args' from command line to 'None'
[0.241s] Level 5:colcon.colcon_core.verb:set package 'hugr_perception' build argument 'catkin_cmake_args' from command line to 'None'
[0.241s] Level 5:colcon.colcon_core.verb:set package 'hugr_perception' build argument 'catkin_skip_building_tests' from command line to 'False'
[0.241s] DEBUG:colcon.colcon_core.verb:Building package 'hugr_perception' with the following arguments: {'ament_cmake_args': None, 'build_base': '/home/isak/seabotics_ws/Hugr_Primus/seabotics_ws/build/hugr_perception', 'catkin_cmake_args': None, 'catkin_skip_building_tests': False, 'cmake_args': None, 'cmake_clean_cache': False, 'cmake_clean_first': False, 'cmake_force_configure': False, 'cmake_target': None, 'cmake_target_skip_unavailable': False, 'install_base': '/home/isak/seabotics_ws/Hugr_Primus/seabotics_ws/install', 'merge_install': True, 'path': '/home/isak/seabotics_ws/Hugr_Primus/seabotics_ws/src/hugr_perception', 'symlink_install': True, 'test_result_base': None}
[0.241s] Level 5:colcon.colcon_core.verb:set package 'hugr_sim' build argument 'cmake_args' from command line to 'None'
[0.241s] Level 5:colcon.colcon_core.verb:set package 'hugr_sim' build argument 'cmake_target' from command line to 'None'
[0.241s] Level 5:colcon.colcon_core.verb:set package 'hugr_sim' build argument 'cmake_target_skip_unavailable' from command line to 'False'
[0.242s] Level 5:colcon.colcon_core.verb:set package 'hugr_sim' build argument 'cmake_clean_cache' from command line to 'False'
[0.242s] Level 5:colcon.colcon_core.verb:set package 'hugr_sim' build argument 'cmake_clean_first' from command line to 'False'
[0.242s] Level 5:colcon.colcon_core.verb:set package 'hugr_sim' build argument 'cmake_force_configure' from command line to 'False'
[0.242s] Level 5:colcon.colcon_core.verb:set package 'hugr_sim' build argument 'ament_cmake_args' from command line to 'None'
[0.242s] Level 5:colcon.colcon_core.verb:set package 'hugr_sim' build argument 'catkin_cmake_args' from command line to 'None'
[0.242s] Level 5:colcon.colcon_core.verb:set package 'hugr_sim' build argument 'catkin_skip_building_tests' from command line to 'False'
[0.242s] DEBUG:colcon.colcon_core.verb:Building package 'hugr_sim' with the following arguments: {'ament_cmake_args': None, 'build_base': '/home/isak/seabotics_ws/Hugr_Primus/seabotics_ws/build/hugr_sim', 'catkin_cmake_args': None, 'catkin_skip_building_tests': False, 'cmake_args': None, 'cmake_clean_cache': False, 'cmake_clean_first': False, 'cmake_force_configure': False, 'cmake_target': None, 'cmake_target_skip_unavailable': False, 'install_base': '/home/isak/seabotics_ws/Hugr_Primus/seabotics_ws/install', 'merge_install': True, 'path': '/home/isak/seabotics_ws/Hugr_Primus/seabotics_ws/src/hugr_sim', 'symlink_install': True, 'test_result_base': None}
[0.242s] Level 5:colcon.colcon_core.verb:set package 'hugr_bringup' build argument 'cmake_args' from command line to 'None'
[0.242s] Level 5:colcon.colcon_core.verb:set package 'hugr_bringup' build argument 'cmake_target' from command line to 'None'
[0.242s] Level 5:colcon.colcon_core.verb:set package 'hugr_bringup' build argument 'cmake_target_skip_unavailable' from command line to 'False'
[0.242s] Level 5:colcon.colcon_core.verb:set package 'hugr_bringup' build argument 'cmake_clean_cache' from command line to 'False'
[0.242s] Level 5:colcon.colcon_core.verb:set package 'hugr_bringup' build argument 'cmake_clean_first' from command line to 'False'
[0.242s] Level 5:colcon.colcon_core.verb:set package 'hugr_bringup' build argument 'cmake_force_configure' from command line to 'False'
[0.242s] Level 5:colcon.colcon_core.verb:set package 'hugr_bringup' build argument 'ament_cmake_args' from command line to 'None'
[0.242s] Level 5:colcon.colcon_core.verb:set package 'hugr_bringup' build argument 'catkin_cmake_args' from command line to 'None'
[0.242s] Level 5:colcon.colcon_core.verb:set package 'hugr_bringup' build argument 'catkin_skip_building_tests' from command line to 'False'
[0.242s] DEBUG:colcon.colcon_core.verb:Building package 'hugr_bringup' with the following arguments: {'ament_cmake_args': None, 'build_base': '/home/isak/seabotics_ws/Hugr_Primus/seabotics_ws/build/hugr_bringup', 'catkin_cmake_args': None, 'catkin_skip_building_tests': False, 'cmake_args': None, 'cmake_clean_cache': False, 'cmake_clean_first': False, 'cmake_force_configure': False, 'cmake_target': None, 'cmake_target_skip_unavailable': False, 'install_base': '/home/isak/seabotics_ws/Hugr_Primus/seabotics_ws/install', 'merge_install': True, 'path': '/home/isak/seabotics_ws/Hugr_Primus/seabotics_ws/src/hugr_bringup', 'symlink_install': True, 'test_result_base': None}
[0.242s] INFO:colcon.colcon_core.executor:Executing jobs using 'parallel' executor
[0.243s] DEBUG:colcon.colcon_parallel_executor.executor.parallel:run_until_complete
[0.243s] INFO:colcon.colcon_ros.task.catkin.build:Building ROS package in '/home/isak/seabotics_ws/Hugr_Primus/seabotics_ws/src/hugr_description' with build type 'catkin'
[0.243s] INFO:colcon.colcon_cmake.task.cmake.build:Building CMake package in '/home/isak/seabotics_ws/Hugr_Primus/seabotics_ws/src/hugr_description'
[0.244s] INFO:colcon.colcon_core.plugin_system:Skipping extension 'colcon_core.shell.bat': Not used on non-Windows systems
[0.244s] INFO:colcon.colcon_core.shell:Skip shell extension 'powershell' for command environment: Not usable outside of PowerShell
[0.244s] DEBUG:colcon.colcon_core.shell:Skip shell extension 'dsv' for command environment
[0.249s] INFO:colcon.colcon_ros.task.catkin.build:Building ROS package in '/home/isak/seabotics_ws/Hugr_Primus/seabotics_ws/src/hugr_hardware' with build type 'catkin'
[0.249s] INFO:colcon.colcon_cmake.task.cmake.build:Building CMake package in '/home/isak/seabotics_ws/Hugr_Primus/seabotics_ws/src/hugr_hardware'
[0.250s] INFO:colcon.colcon_core.shell:Skip shell extension 'powershell' for command environment: Not usable outside of PowerShell
[0.250s] DEBUG:colcon.colcon_core.shell:Skip shell extension 'dsv' for command environment
[0.254s] INFO:colcon.colcon_ros.task.catkin.build:Building ROS package in '/home/isak/seabotics_ws/Hugr_Primus/seabotics_ws/src/hugr_manual_control' with build type 'catkin'
[0.254s] INFO:colcon.colcon_cmake.task.cmake.build:Building CMake package in '/home/isak/seabotics_ws/Hugr_Primus/seabotics_ws/src/hugr_manual_control'
[0.255s] INFO:colcon.colcon_core.shell:Skip shell extension 'powershell' for command environment: Not usable outside of PowerShell
[0.255s] DEBUG:colcon.colcon_core.shell:Skip shell extension 'dsv' for command environment
[0.259s] INFO:colcon.colcon_ros.task.catkin.build:Building ROS package in '/home/isak/seabotics_ws/Hugr_Primus/seabotics_ws/src/hugr_mission' with build type 'catkin'
[0.259s] INFO:colcon.colcon_cmake.task.cmake.build:Building CMake package in '/home/isak/seabotics_ws/Hugr_Primus/seabotics_ws/src/hugr_mission'
[0.260s] INFO:colcon.colcon_core.shell:Skip shell extension 'powershell' for command environment: Not usable outside of PowerShell
[0.260s] DEBUG:colcon.colcon_core.shell:Skip shell extension 'dsv' for command environment
[0.264s] INFO:colcon.colcon_ros.task.catkin.build:Building ROS package in '/home/isak/seabotics_ws/Hugr_Primus/seabotics_ws/src/hugr_navigation' with build type 'catkin'
[0.265s] INFO:colcon.colcon_cmake.task.cmake.build:Building CMake package in '/home/isak/seabotics_ws/Hugr_Primus/seabotics_ws/src/hugr_navigation'
[0.265s] INFO:colcon.colcon_core.shell:Skip shell extension 'powershell' for command environment: Not usable outside of PowerShell
[0.265s] DEBUG:colcon.colcon_core.shell:Skip shell extension 'dsv' for command environment
[0.269s] INFO:colcon.colcon_ros.task.catkin.build:Building ROS package in '/home/isak/seabotics_ws/Hugr_Primus/seabotics_ws/src/hugr_perception' with build type 'catkin'
[0.270s] INFO:colcon.colcon_cmake.task.cmake.build:Building CMake package in '/home/isak/seabotics_ws/Hugr_Primus/seabotics_ws/src/hugr_perception'
[0.270s] INFO:colcon.colcon_core.shell:Skip shell extension 'powershell' for command environment: Not usable outside of PowerShell
[0.270s] DEBUG:colcon.colcon_core.shell:Skip shell extension 'dsv' for command environment
[0.275s] INFO:colcon.colcon_ros.task.catkin.build:Building ROS package in '/home/isak/seabotics_ws/Hugr_Primus/seabotics_ws/src/hugr_sim' with build type 'catkin'
[0.275s] INFO:colcon.colcon_cmake.task.cmake.build:Building CMake package in '/home/isak/seabotics_ws/Hugr_Primus/seabotics_ws/src/hugr_sim'
[0.275s] INFO:colcon.colcon_core.shell:Skip shell extension 'powershell' for command environment: Not usable outside of PowerShell
[0.275s] DEBUG:colcon.colcon_core.shell:Skip shell extension 'dsv' for command environment
[0.283s] DEBUG:colcon.colcon_core.event_handler.log_command:Invoking command in '/home/isak/seabotics_ws/Hugr_Primus/seabotics_ws/build/hugr_description': /home/isak/st/stm32cubeclt_1.19.0/CMake/bin/cmake --build /home/isak/seabotics_ws/Hugr_Primus/seabotics_ws/build/hugr_description -- -j12 -l12
[0.285s] DEBUG:colcon.colcon_core.event_handler.log_command:Invoking command in '/home/isak/seabotics_ws/Hugr_Primus/seabotics_ws/build/hugr_hardware': /home/isak/st/stm32cubeclt_1.19.0/CMake/bin/cmake --build /home/isak/seabotics_ws/Hugr_Primus/seabotics_ws/build/hugr_hardware -- -j12 -l12
[0.286s] DEBUG:colcon.colcon_core.event_handler.log_command:Invoking command in '/home/isak/seabotics_ws/Hugr_Primus/seabotics_ws/build/hugr_manual_control': /home/isak/st/stm32cubeclt_1.19.0/CMake/bin/cmake --build /home/isak/seabotics_ws/Hugr_Primus/seabotics_ws/build/hugr_manual_control -- -j12 -l12
[0.288s] DEBUG:colcon.colcon_core.event_handler.log_command:Invoking command in '/home/isak/seabotics_ws/Hugr_Primus/seabotics_ws/build/hugr_mission': /home/isak/st/stm32cubeclt_1.19.0/CMake/bin/cmake --build /home/isak/seabotics_ws/Hugr_Primus/seabotics_ws/build/hugr_mission -- -j12 -l12
[0.290s] DEBUG:colcon.colcon_core.event_handler.log_command:Invoking command in '/home/isak/seabotics_ws/Hugr_Primus/seabotics_ws/build/hugr_navigation': /home/isak/st/stm32cubeclt_1.19.0/CMake/bin/cmake --build /home/isak/seabotics_ws/Hugr_Primus/seabotics_ws/build/hugr_navigation -- -j12 -l12
[0.292s] DEBUG:colcon.colcon_core.event_handler.log_command:Invoking command in '/home/isak/seabotics_ws/Hugr_Primus/seabotics_ws/build/hugr_perception': /home/isak/st/stm32cubeclt_1.19.0/CMake/bin/cmake --build /home/isak/seabotics_ws/Hugr_Primus/seabotics_ws/build/hugr_perception -- -j12 -l12
[0.295s] DEBUG:colcon.colcon_core.event_handler.log_command:Invoking command in '/home/isak/seabotics_ws/Hugr_Primus/seabotics_ws/build/hugr_sim': /home/isak/st/stm32cubeclt_1.19.0/CMake/bin/cmake --build /home/isak/seabotics_ws/Hugr_Primus/seabotics_ws/build/hugr_sim -- -j12 -l12
[0.313s] DEBUG:colcon.colcon_core.event_handler.log_command:Invoked command in '/home/isak/seabotics_ws/Hugr_Primus/seabotics_ws/build/hugr_description' returned '0': /home/isak/st/stm32cubeclt_1.19.0/CMake/bin/cmake --build /home/isak/seabotics_ws/Hugr_Primus/seabotics_ws/build/hugr_description -- -j12 -l12
[0.317s] DEBUG:colcon.colcon_core.event_handler.log_command:Invoking command in '/home/isak/seabotics_ws/Hugr_Primus/seabotics_ws/build/hugr_description': /home/isak/st/stm32cubeclt_1.19.0/CMake/bin/cmake --install /home/isak/seabotics_ws/Hugr_Primus/seabotics_ws/build/hugr_description
[0.319s] DEBUG:colcon.colcon_core.event_handler.log_command:Invoked command in '/home/isak/seabotics_ws/Hugr_Primus/seabotics_ws/build/hugr_manual_control' returned '0': /home/isak/st/stm32cubeclt_1.19.0/CMake/bin/cmake --build /home/isak/seabotics_ws/Hugr_Primus/seabotics_ws/build/hugr_manual_control -- -j12 -l12
[0.322s] DEBUG:colcon.colcon_core.event_handler.log_command:Invoking command in '/home/isak/seabotics_ws/Hugr_Primus/seabotics_ws/build/hugr_manual_control': /home/isak/st/stm32cubeclt_1.19.0/CMake/bin/cmake --install /home/isak/seabotics_ws/Hugr_Primus/seabotics_ws/build/hugr_manual_control
[0.322s] DEBUG:colcon.colcon_core.event_handler.log_command:Invoked command in '/home/isak/seabotics_ws/Hugr_Primus/seabotics_ws/build/hugr_navigation' returned '0': /home/isak/st/stm32cubeclt_1.19.0/CMake/bin/cmake --build /home/isak/seabotics_ws/Hugr_Primus/seabotics_ws/build/hugr_navigation -- -j12 -l12
[0.323s] DEBUG:colcon.colcon_core.event_handler.log_command:Invoking command in '/home/isak/seabotics_ws/Hugr_Primus/seabotics_ws/build/hugr_navigation': /home/isak/st/stm32cubeclt_1.19.0/CMake/bin/cmake --install /home/isak/seabotics_ws/Hugr_Primus/seabotics_ws/build/hugr_navigation
[0.324s] DEBUG:colcon.colcon_core.event_handler.log_command:Invoked command in '/home/isak/seabotics_ws/Hugr_Primus/seabotics_ws/build/hugr_mission' returned '0': /home/isak/st/stm32cubeclt_1.19.0/CMake/bin/cmake --build /home/isak/seabotics_ws/Hugr_Primus/seabotics_ws/build/hugr_mission -- -j12 -l12
[0.325s] DEBUG:colcon.colcon_core.event_handler.log_command:Invoking command in '/home/isak/seabotics_ws/Hugr_Primus/seabotics_ws/build/hugr_mission': /home/isak/st/stm32cubeclt_1.19.0/CMake/bin/cmake --install /home/isak/seabotics_ws/Hugr_Primus/seabotics_ws/build/hugr_mission
[0.326s] DEBUG:colcon.colcon_core.event_handler.log_command:Invoked command in '/home/isak/seabotics_ws/Hugr_Primus/seabotics_ws/build/hugr_perception' returned '0': /home/isak/st/stm32cubeclt_1.19.0/CMake/bin/cmake --build /home/isak/seabotics_ws/Hugr_Primus/seabotics_ws/build/hugr_perception -- -j12 -l12
[0.328s] DEBUG:colcon.colcon_core.event_handler.log_command:Invoking command in '/home/isak/seabotics_ws/Hugr_Primus/seabotics_ws/build/hugr_perception': /home/isak/st/stm32cubeclt_1.19.0/CMake/bin/cmake --install /home/isak/seabotics_ws/Hugr_Primus/seabotics_ws/build/hugr_perception
[0.330s] DEBUG:colcon.colcon_core.event_handler.log_command:Invoked command in '/home/isak/seabotics_ws/Hugr_Primus/seabotics_ws/build/hugr_description' returned '0': /home/isak/st/stm32cubeclt_1.19.0/CMake/bin/cmake --install /home/isak/seabotics_ws/Hugr_Primus/seabotics_ws/build/hugr_description
[0.330s] Level 1:colcon.colcon_core.shell:create_environment_hook('hugr_description', 'ros_package_path')
[0.331s] INFO:colcon.colcon_core.shell:Creating environment hook '/home/isak/seabotics_ws/Hugr_Primus/seabotics_ws/install/share/hugr_description/hook/ros_package_path.ps1'
[0.333s] INFO:colcon.colcon_core.shell:Creating environment descriptor '/home/isak/seabotics_ws/Hugr_Primus/seabotics_ws/install/share/hugr_description/hook/ros_package_path.dsv'
[0.333s] INFO:colcon.colcon_core.shell:Creating environment hook '/home/isak/seabotics_ws/Hugr_Primus/seabotics_ws/install/share/hugr_description/hook/ros_package_path.sh'
[0.334s] Level 1:colcon.colcon_core.shell:create_environment_hook('hugr_description', 'pkg_config_path')
[0.334s] INFO:colcon.colcon_core.shell:Creating environment hook '/home/isak/seabotics_ws/Hugr_Primus/seabotics_ws/install/share/hugr_description/hook/pkg_config_path.ps1'
[0.334s] INFO:colcon.colcon_core.shell:Creating environment descriptor '/home/isak/seabotics_ws/Hugr_Primus/seabotics_ws/install/share/hugr_description/hook/pkg_config_path.dsv'
[0.335s] INFO:colcon.colcon_core.shell:Creating environment hook '/home/isak/seabotics_ws/Hugr_Primus/seabotics_ws/install/share/hugr_description/hook/pkg_config_path.sh'
[0.336s] Level 1:colcon.colcon_core.shell:create_environment_hook('hugr_description', 'pkg_config_path_multiarch')
[0.336s] INFO:colcon.colcon_core.shell:Creating environment hook '/home/isak/seabotics_ws/Hugr_Primus/seabotics_ws/install/share/hugr_description/hook/pkg_config_path_multiarch.ps1'
[0.337s] INFO:colcon.colcon_core.shell:Creating environment descriptor '/home/isak/seabotics_ws/Hugr_Primus/seabotics_ws/install/share/hugr_description/hook/pkg_config_path_multiarch.dsv'
[0.337s] INFO:colcon.colcon_core.shell:Creating environment hook '/home/isak/seabotics_ws/Hugr_Primus/seabotics_ws/install/share/hugr_description/hook/pkg_config_path_multiarch.sh'
[0.337s] Level 1:colcon.colcon_core.environment:create_environment_scripts_only(hugr_description)
[0.339s] Level 1:colcon.colcon_core.environment:checking '/home/isak/seabotics_ws/Hugr_Primus/seabotics_ws/install' for CMake module files
[0.339s] Level 1:colcon.colcon_core.environment:checking '/home/isak/seabotics_ws/Hugr_Primus/seabotics_ws/install' for CMake config files
[0.339s] Level 1:colcon.colcon_core.shell:create_environment_hook('hugr_description', 'cmake_prefix_path')
[0.340s] INFO:colcon.colcon_core.shell:Creating environment hook '/home/isak/seabotics_ws/Hugr_Primus/seabotics_ws/install/share/hugr_description/hook/cmake_prefix_path.ps1'
[0.340s] INFO:colcon.colcon_core.shell:Creating environment descriptor '/home/isak/seabotics_ws/Hugr_Primus/seabotics_ws/install/share/hugr_description/hook/cmake_prefix_path.dsv'
[0.340s] INFO:colcon.colcon_core.shell:Creating environment hook '/home/isak/seabotics_ws/Hugr_Primus/seabotics_ws/install/share/hugr_description/hook/cmake_prefix_path.sh'
[0.341s] Level 1:colcon.colcon_core.environment:checking '/home/isak/seabotics_ws/Hugr_Primus/seabotics_ws/install/lib'
[0.341s] Level 1:colcon.colcon_core.shell:create_environment_hook('hugr_description', 'ld_library_path_lib')
[0.341s] INFO:colcon.colcon_core.shell:Creating environment hook '/home/isak/seabotics_ws/Hugr_Primus/seabotics_ws/install/share/hugr_description/hook/ld_library_path_lib.ps1'
[0.341s] INFO:colcon.colcon_core.shell:Creating environment descriptor '/home/isak/seabotics_ws/Hugr_Primus/seabotics_ws/install/share/hugr_description/hook/ld_library_path_lib.dsv'
[0.341s] INFO:colcon.colcon_core.shell:Creating environment hook '/home/isak/seabotics_ws/Hugr_Primus/seabotics_ws/install/share/hugr_description/hook/ld_library_path_lib.sh'
[0.341s] Level 1:colcon.colcon_core.environment:checking '/home/isak/seabotics_ws/Hugr_Primus/seabotics_ws/install/bin'
[0.342s] Level 1:colcon.colcon_core.environment:checking '/home/isak/seabotics_ws/Hugr_Primus/seabotics_ws/install/lib/pkgconfig/hugr_description.pc'
[0.342s] Level 1:colcon.colcon_core.environment:checking '/home/isak/seabotics_ws/Hugr_Primus/seabotics_ws/install/lib/python3.10/site-packages'
[0.342s] Level 1:colcon.colcon_core.environment:checking '/home/isak/seabotics_ws/Hugr_Primus/seabotics_ws/install/bin'
[0.342s] INFO:colcon.colcon_core.shell:Creating package script '/home/isak/seabotics_ws/Hugr_Primus/seabotics_ws/install/share/hugr_description/package.ps1'
[0.343s] INFO:colcon.colcon_core.shell:Creating package descriptor '/home/isak/seabotics_ws/Hugr_Primus/seabotics_ws/install/share/hugr_description/package.dsv'
[0.343s] INFO:colcon.colcon_core.shell:Creating package script '/home/isak/seabotics_ws/Hugr_Primus/seabotics_ws/install/share/hugr_description/package.sh'
[0.344s] INFO:colcon.colcon_core.shell:Creating package script '/home/isak/seabotics_ws/Hugr_Primus/seabotics_ws/install/share/hugr_description/package.bash'
[0.344s] INFO:colcon.colcon_core.shell:Creating package script '/home/isak/seabotics_ws/Hugr_Primus/seabotics_ws/install/share/hugr_description/package.zsh'
[0.344s] Level 1:colcon.colcon_core.environment:create_file_with_runtime_dependencies(/home/isak/seabotics_ws/Hugr_Primus/seabotics_ws/install/share/colcon-core/packages/hugr_description)
[0.345s] DEBUG:colcon.colcon_core.event_handler.log_command:Invoked command in '/home/isak/seabotics_ws/Hugr_Primus/seabotics_ws/build/hugr_manual_control' returned '0': /home/isak/st/stm32cubeclt_1.19.0/CMake/bin/cmake --install /home/isak/seabotics_ws/Hugr_Primus/seabotics_ws/build/hugr_manual_control
[0.345s] Level 1:colcon.colcon_core.shell:create_environment_hook('hugr_manual_control', 'ros_package_path')
[0.345s] INFO:colcon.colcon_core.shell:Creating environment hook '/home/isak/seabotics_ws/Hugr_Primus/seabotics_ws/install/share/hugr_manual_control/hook/ros_package_path.ps1'
[0.346s] INFO:colcon.colcon_core.shell:Creating environment descriptor '/home/isak/seabotics_ws/Hugr_Primus/seabotics_ws/install/share/hugr_manual_control/hook/ros_package_path.dsv'
[0.346s] INFO:colcon.colcon_core.shell:Creating environment hook '/home/isak/seabotics_ws/Hugr_Primus/seabotics_ws/install/share/hugr_manual_control/hook/ros_package_path.sh'
[0.346s] Level 1:colcon.colcon_core.shell:create_environment_hook('hugr_manual_control', 'pkg_config_path')
[0.346s] INFO:colcon.colcon_core.shell:Creating environment hook '/home/isak/seabotics_ws/Hugr_Primus/seabotics_ws/install/share/hugr_manual_control/hook/pkg_config_path.ps1'
[0.346s] INFO:colcon.colcon_core.shell:Creating environment descriptor '/home/isak/seabotics_ws/Hugr_Primus/seabotics_ws/install/share/hugr_manual_control/hook/pkg_config_path.dsv'
[0.347s] INFO:colcon.colcon_core.shell:Creating environment hook '/home/isak/seabotics_ws/Hugr_Primus/seabotics_ws/install/share/hugr_manual_control/hook/pkg_config_path.sh'
[0.347s] Level 1:colcon.colcon_core.shell:create_environment_hook('hugr_manual_control', 'pkg_config_path_multiarch')
[0.347s] INFO:colcon.colcon_core.shell:Creating environment hook '/home/isak/seabotics_ws/Hugr_Primus/seabotics_ws/install/share/hugr_manual_control/hook/pkg_config_path_multiarch.ps1'
[0.348s] INFO:colcon.colcon_core.shell:Creating environment descriptor '/home/isak/seabotics_ws/Hugr_Primus/seabotics_ws/install/share/hugr_manual_control/hook/pkg_config_path_multiarch.dsv'
[0.348s] INFO:colcon.colcon_core.shell:Creating environment hook '/home/isak/seabotics_ws/Hugr_Primus/seabotics_ws/install/share/hugr_manual_control/hook/pkg_config_path_multiarch.sh'
[0.348s] Level 1:colcon.colcon_core.environment:create_environment_scripts_only(hugr_manual_control)
[0.348s] Level 1:colcon.colcon_core.environment:checking '/home/isak/seabotics_ws/Hugr_Primus/seabotics_ws/install' for CMake module files
[0.349s] Level 1:colcon.colcon_core.environment:checking '/home/isak/seabotics_ws/Hugr_Primus/seabotics_ws/install' for CMake config files
[0.349s] Level 1:colcon.colcon_core.shell:create_environment_hook('hugr_manual_control', 'cmake_prefix_path')
[0.349s] INFO:colcon.colcon_core.shell:Creating environment hook '/home/isak/seabotics_ws/Hugr_Primus/seabotics_ws/install/share/hugr_manual_control/hook/cmake_prefix_path.ps1'
[0.349s] INFO:colcon.colcon_core.shell:Creating environment descriptor '/home/isak/seabotics_ws/Hugr_Primus/seabotics_ws/install/share/hugr_manual_control/hook/cmake_prefix_path.dsv'
[0.349s] INFO:colcon.colcon_core.shell:Creating environment hook '/home/isak/seabotics_ws/Hugr_Primus/seabotics_ws/install/share/hugr_manual_control/hook/cmake_prefix_path.sh'
[0.350s] Level 1:colcon.colcon_core.environment:checking '/home/isak/seabotics_ws/Hugr_Primus/seabotics_ws/install/lib'
[0.350s] Level 1:colcon.colcon_core.shell:create_environment_hook('hugr_manual_control', 'ld_library_path_lib')
[0.350s] INFO:colcon.colcon_core.shell:Creating environment hook '/home/isak/seabotics_ws/Hugr_Primus/seabotics_ws/install/share/hugr_manual_control/hook/ld_library_path_lib.ps1'
[0.350s] INFO:colcon.colcon_core.shell:Creating environment descriptor '/home/isak/seabotics_ws/Hugr_Primus/seabotics_ws/install/share/hugr_manual_control/hook/ld_library_path_lib.dsv'
[0.350s] INFO:colcon.colcon_core.shell:Creating environment hook '/home/isak/seabotics_ws/Hugr_Primus/seabotics_ws/install/share/hugr_manual_control/hook/ld_library_path_lib.sh'
[0.350s] Level 1:colcon.colcon_core.environment:checking '/home/isak/seabotics_ws/Hugr_Primus/seabotics_ws/install/bin'
[0.350s] Level 1:colcon.colcon_core.environment:checking '/home/isak/seabotics_ws/Hugr_Primus/seabotics_ws/install/lib/pkgconfig/hugr_manual_control.pc'
[0.350s] Level 1:colcon.colcon_core.environment:checking '/home/isak/seabotics_ws/Hugr_Primus/seabotics_ws/install/lib/python3.10/site-packages'
[0.351s] Level 1:colcon.colcon_core.environment:checking '/home/isak/seabotics_ws/Hugr_Primus/seabotics_ws/install/bin'
[0.351s] INFO:colcon.colcon_core.shell:Creating package script '/home/isak/seabotics_ws/Hugr_Primus/seabotics_ws/install/share/hugr_manual_control/package.ps1'
[0.351s] INFO:colcon.colcon_core.shell:Creating package descriptor '/home/isak/seabotics_ws/Hugr_Primus/seabotics_ws/install/share/hugr_manual_control/package.dsv'
[0.352s] INFO:colcon.colcon_core.shell:Creating package script '/home/isak/seabotics_ws/Hugr_Primus/seabotics_ws/install/share/hugr_manual_control/package.sh'
[0.352s] INFO:colcon.colcon_core.shell:Creating package script '/home/isak/seabotics_ws/Hugr_Primus/seabotics_ws/install/share/hugr_manual_control/package.bash'
[0.352s] INFO:colcon.colcon_core.shell:Creating package script '/home/isak/seabotics_ws/Hugr_Primus/seabotics_ws/install/share/hugr_manual_control/package.zsh'
[0.352s] Level 1:colcon.colcon_core.environment:create_file_with_runtime_dependencies(/home/isak/seabotics_ws/Hugr_Primus/seabotics_ws/install/share/colcon-core/packages/hugr_manual_control)
[0.353s] Level 1:colcon.colcon_core.shell:create_environment_hook('hugr_navigation', 'ros_package_path')
[0.353s] INFO:colcon.colcon_core.shell:Creating environment hook '/home/isak/seabotics_ws/Hugr_Primus/seabotics_ws/install/share/hugr_navigation/hook/ros_package_path.ps1'
[0.353s] DEBUG:colcon.colcon_core.event_handler.log_command:Invoked command in '/home/isak/seabotics_ws/Hugr_Primus/seabotics_ws/build/hugr_navigation' returned '0': /home/isak/st/stm32cubeclt_1.19.0/CMake/bin/cmake --install /home/isak/seabotics_ws/Hugr_Primus/seabotics_ws/build/hugr_navigation
[0.353s] INFO:colcon.colcon_core.shell:Creating environment descriptor '/home/isak/seabotics_ws/Hugr_Primus/seabotics_ws/install/share/hugr_navigation/hook/ros_package_path.dsv'
[0.354s] INFO:colcon.colcon_core.shell:Creating environment hook '/home/isak/seabotics_ws/Hugr_Primus/seabotics_ws/install/share/hugr_navigation/hook/ros_package_path.sh'
[0.354s] Level 1:colcon.colcon_core.shell:create_environment_hook('hugr_navigation', 'pkg_config_path')
[0.354s] INFO:colcon.colcon_core.shell:Creating environment hook '/home/isak/seabotics_ws/Hugr_Primus/seabotics_ws/install/share/hugr_navigation/hook/pkg_config_path.ps1'
[0.354s] INFO:colcon.colcon_core.shell:Creating environment descriptor '/home/isak/seabotics_ws/Hugr_Primus/seabotics_ws/install/share/hugr_navigation/hook/pkg_config_path.dsv'
[0.354s] INFO:colcon.colcon_core.shell:Creating environment hook '/home/isak/seabotics_ws/Hugr_Primus/seabotics_ws/install/share/hugr_navigation/hook/pkg_config_path.sh'
[0.355s] Level 1:colcon.colcon_core.shell:create_environment_hook('hugr_navigation', 'pkg_config_path_multiarch')
[0.355s] INFO:colcon.colcon_core.shell:Creating environment hook '/home/isak/seabotics_ws/Hugr_Primus/seabotics_ws/install/share/hugr_navigation/hook/pkg_config_path_multiarch.ps1'
[0.355s] INFO:colcon.colcon_core.shell:Creating environment descriptor '/home/isak/seabotics_ws/Hugr_Primus/seabotics_ws/install/share/hugr_navigation/hook/pkg_config_path_multiarch.dsv'
[0.355s] INFO:colcon.colcon_core.shell:Creating environment hook '/home/isak/seabotics_ws/Hugr_Primus/seabotics_ws/install/share/hugr_navigation/hook/pkg_config_path_multiarch.sh'
[0.356s] Level 1:colcon.colcon_core.environment:create_environment_scripts_only(hugr_navigation)
[0.356s] Level 1:colcon.colcon_core.environment:checking '/home/isak/seabotics_ws/Hugr_Primus/seabotics_ws/install' for CMake module files
[0.356s] Level 1:colcon.colcon_core.environment:checking '/home/isak/seabotics_ws/Hugr_Primus/seabotics_ws/install' for CMake config files
[0.356s] Level 1:colcon.colcon_core.shell:create_environment_hook('hugr_navigation', 'cmake_prefix_path')
[0.356s] INFO:colcon.colcon_core.shell:Creating environment hook '/home/isak/seabotics_ws/Hugr_Primus/seabotics_ws/install/share/hugr_navigation/hook/cmake_prefix_path.ps1'
[0.357s] INFO:colcon.colcon_core.shell:Creating environment descriptor '/home/isak/seabotics_ws/Hugr_Primus/seabotics_ws/install/share/hugr_navigation/hook/cmake_prefix_path.dsv'
[0.357s] INFO:colcon.colcon_core.shell:Creating environment hook '/home/isak/seabotics_ws/Hugr_Primus/seabotics_ws/install/share/hugr_navigation/hook/cmake_prefix_path.sh'
[0.357s] Level 1:colcon.colcon_core.environment:checking '/home/isak/seabotics_ws/Hugr_Primus/seabotics_ws/install/lib'
[0.357s] Level 1:colcon.colcon_core.shell:create_environment_hook('hugr_navigation', 'ld_library_path_lib')
[0.357s] INFO:colcon.colcon_core.shell:Creating environment hook '/home/isak/seabotics_ws/Hugr_Primus/seabotics_ws/install/share/hugr_navigation/hook/ld_library_path_lib.ps1'
[0.357s] INFO:colcon.colcon_core.shell:Creating environment descriptor '/home/isak/seabotics_ws/Hugr_Primus/seabotics_ws/install/share/hugr_navigation/hook/ld_library_path_lib.dsv'
[0.358s] INFO:colcon.colcon_core.shell:Creating environment hook '/home/isak/seabotics_ws/Hugr_Primus/seabotics_ws/install/share/hugr_navigation/hook/ld_library_path_lib.sh'
[0.358s] Level 1:colcon.colcon_core.environment:checking '/home/isak/seabotics_ws/Hugr_Primus/seabotics_ws/install/bin'
[0.358s] Level 1:colcon.colcon_core.environment:checking '/home/isak/seabotics_ws/Hugr_Primus/seabotics_ws/install/lib/pkgconfig/hugr_navigation.pc'
[0.358s] Level 1:colcon.colcon_core.environment:checking '/home/isak/seabotics_ws/Hugr_Primus/seabotics_ws/install/lib/python3.10/site-packages'
[0.358s] Level 1:colcon.colcon_core.environment:checking '/home/isak/seabotics_ws/Hugr_Primus/seabotics_ws/install/bin'
[0.358s] INFO:colcon.colcon_core.shell:Creating package script '/home/isak/seabotics_ws/Hugr_Primus/seabotics_ws/install/share/hugr_navigation/package.ps1'
[0.359s] INFO:colcon.colcon_core.shell:Creating package descriptor '/home/isak/seabotics_ws/Hugr_Primus/seabotics_ws/install/share/hugr_navigation/package.dsv'
[0.359s] INFO:colcon.colcon_core.shell:Creating package script '/home/isak/seabotics_ws/Hugr_Primus/seabotics_ws/install/share/hugr_navigation/package.sh'
[0.359s] INFO:colcon.colcon_core.shell:Creating package script '/home/isak/seabotics_ws/Hugr_Primus/seabotics_ws/install/share/hugr_navigation/package.bash'
[0.360s] INFO:colcon.colcon_core.shell:Creating package script '/home/isak/seabotics_ws/Hugr_Primus/seabotics_ws/install/share/hugr_navigation/package.zsh'
[0.360s] Level 1:colcon.colcon_core.environment:create_file_with_runtime_dependencies(/home/isak/seabotics_ws/Hugr_Primus/seabotics_ws/install/share/colcon-core/packages/hugr_navigation)
[0.360s] DEBUG:colcon.colcon_core.event_handler.log_command:Invoked command in '/home/isak/seabotics_ws/Hugr_Primus/seabotics_ws/build/hugr_sim' returned '0': /home/isak/st/stm32cubeclt_1.19.0/CMake/bin/cmake --build /home/isak/seabotics_ws/Hugr_Primus/seabotics_ws/build/hugr_sim -- -j12 -l12
[0.361s] DEBUG:colcon.colcon_core.event_handler.log_command:Invoking command in '/home/isak/seabotics_ws/Hugr_Primus/seabotics_ws/build/hugr_sim': /home/isak/st/stm32cubeclt_1.19.0/CMake/bin/cmake --install /home/isak/seabotics_ws/Hugr_Primus/seabotics_ws/build/hugr_sim
[0.361s] DEBUG:colcon.colcon_core.event_handler.log_command:Invoked command in '/home/isak/seabotics_ws/Hugr_Primus/seabotics_ws/build/hugr_mission' returned '0': /home/isak/st/stm32cubeclt_1.19.0/CMake/bin/cmake --install /home/isak/seabotics_ws/Hugr_Primus/seabotics_ws/build/hugr_mission
[0.362s] Level 1:colcon.colcon_core.shell:create_environment_hook('hugr_mission', 'ros_package_path')
[0.362s] INFO:colcon.colcon_core.shell:Creating environment hook '/home/isak/seabotics_ws/Hugr_Primus/seabotics_ws/install/share/hugr_mission/hook/ros_package_path.ps1'
[0.362s] INFO:colcon.colcon_core.shell:Creating environment descriptor '/home/isak/seabotics_ws/Hugr_Primus/seabotics_ws/install/share/hugr_mission/hook/ros_package_path.dsv'
[0.362s] INFO:colcon.colcon_core.shell:Creating environment hook '/home/isak/seabotics_ws/Hugr_Primus/seabotics_ws/install/share/hugr_mission/hook/ros_package_path.sh'
[0.363s] Level 1:colcon.colcon_core.shell:create_environment_hook('hugr_mission', 'pkg_config_path')
[0.363s] INFO:colcon.colcon_core.shell:Creating environment hook '/home/isak/seabotics_ws/Hugr_Primus/seabotics_ws/install/share/hugr_mission/hook/pkg_config_path.ps1'
[0.363s] INFO:colcon.colcon_core.shell:Creating environment descriptor '/home/isak/seabotics_ws/Hugr_Primus/seabotics_ws/install/share/hugr_mission/hook/pkg_config_path.dsv'
[0.363s] INFO:colcon.colcon_core.shell:Creating environment hook '/home/isak/seabotics_ws/Hugr_Primus/seabotics_ws/install/share/hugr_mission/hook/pkg_config_path.sh'
[0.363s] Level 1:colcon.colcon_core.shell:create_environment_hook('hugr_mission', 'pkg_config_path_multiarch')
[0.364s] INFO:colcon.colcon_core.shell:Creating environment hook '/home/isak/seabotics_ws/Hugr_Primus/seabotics_ws/install/share/hugr_mission/hook/pkg_config_path_multiarch.ps1'
[0.364s] INFO:colcon.colcon_core.shell:Creating environment descriptor '/home/isak/seabotics_ws/Hugr_Primus/seabotics_ws/install/share/hugr_mission/hook/pkg_config_path_multiarch.dsv'
[0.364s] INFO:colcon.colcon_core.shell:Creating environment hook '/home/isak/seabotics_ws/Hugr_Primus/seabotics_ws/install/share/hugr_mission/hook/pkg_config_path_multiarch.sh'
[0.365s] Level 1:colcon.colcon_core.environment:create_environment_scripts_only(hugr_mission)
[0.365s] Level 1:colcon.colcon_core.environment:checking '/home/isak/seabotics_ws/Hugr_Primus/seabotics_ws/install' for CMake module files
[0.365s] Level 1:colcon.colcon_core.environment:checking '/home/isak/seabotics_ws/Hugr_Primus/seabotics_ws/install' for CMake config files
[0.365s] Level 1:colcon.colcon_core.shell:create_environment_hook('hugr_mission', 'cmake_prefix_path')
[0.365s] INFO:colcon.colcon_core.shell:Creating environment hook '/home/isak/seabotics_ws/Hugr_Primus/seabotics_ws/install/share/hugr_mission/hook/cmake_prefix_path.ps1'
[0.365s] INFO:colcon.colcon_core.shell:Creating environment descriptor '/home/isak/seabotics_ws/Hugr_Primus/seabotics_ws/install/share/hugr_mission/hook/cmake_prefix_path.dsv'
[0.366s] INFO:colcon.colcon_core.shell:Creating environment hook '/home/isak/seabotics_ws/Hugr_Primus/seabotics_ws/install/share/hugr_mission/hook/cmake_prefix_path.sh'
[0.366s] Level 1:colcon.colcon_core.environment:checking '/home/isak/seabotics_ws/Hugr_Primus/seabotics_ws/install/lib'
[0.366s] Level 1:colcon.colcon_core.shell:create_environment_hook('hugr_mission', 'ld_library_path_lib')
[0.366s] INFO:colcon.colcon_core.shell:Creating environment hook '/home/isak/seabotics_ws/Hugr_Primus/seabotics_ws/install/share/hugr_mission/hook/ld_library_path_lib.ps1'
[0.366s] INFO:colcon.colcon_core.shell:Creating environment descriptor '/home/isak/seabotics_ws/Hugr_Primus/seabotics_ws/install/share/hugr_mission/hook/ld_library_path_lib.dsv'
[0.367s] INFO:colcon.colcon_core.shell:Creating environment hook '/home/isak/seabotics_ws/Hugr_Primus/seabotics_ws/install/share/hugr_mission/hook/ld_library_path_lib.sh'
[0.367s] Level 1:colcon.colcon_core.environment:checking '/home/isak/seabotics_ws/Hugr_Primus/seabotics_ws/install/bin'
[0.367s] Level 1:colcon.colcon_core.environment:checking '/home/isak/seabotics_ws/Hugr_Primus/seabotics_ws/install/lib/pkgconfig/hugr_mission.pc'
[0.367s] Level 1:colcon.colcon_core.environment:checking '/home/isak/seabotics_ws/Hugr_Primus/seabotics_ws/install/lib/python3.10/site-packages'
[0.367s] Level 1:colcon.colcon_core.environment:checking '/home/isak/seabotics_ws/Hugr_Primus/seabotics_ws/install/bin'
[0.367s] INFO:colcon.colcon_core.shell:Creating package script '/home/isak/seabotics_ws/Hugr_Primus/seabotics_ws/install/share/hugr_mission/package.ps1'
[0.368s] INFO:colcon.colcon_core.shell:Creating package descriptor '/home/isak/seabotics_ws/Hugr_Primus/seabotics_ws/install/share/hugr_mission/package.dsv'
[0.368s] INFO:colcon.colcon_core.shell:Creating package script '/home/isak/seabotics_ws/Hugr_Primus/seabotics_ws/install/share/hugr_mission/package.sh'
[0.368s] INFO:colcon.colcon_core.shell:Creating package script '/home/isak/seabotics_ws/Hugr_Primus/seabotics_ws/install/share/hugr_mission/package.bash'
[0.368s] INFO:colcon.colcon_core.shell:Creating package script '/home/isak/seabotics_ws/Hugr_Primus/seabotics_ws/install/share/hugr_mission/package.zsh'
[0.369s] Level 1:colcon.colcon_core.environment:create_file_with_runtime_dependencies(/home/isak/seabotics_ws/Hugr_Primus/seabotics_ws/install/share/colcon-core/packages/hugr_mission)
[0.370s] Level 1:colcon.colcon_core.shell:create_environment_hook('hugr_perception', 'ros_package_path')
[0.370s] INFO:colcon.colcon_core.shell:Creating environment hook '/home/isak/seabotics_ws/Hugr_Primus/seabotics_ws/install/share/hugr_perception/hook/ros_package_path.ps1'
[0.370s] DEBUG:colcon.colcon_core.event_handler.log_command:Invoked command in '/home/isak/seabotics_ws/Hugr_Primus/seabotics_ws/build/hugr_perception' returned '0': /home/isak/st/stm32cubeclt_1.19.0/CMake/bin/cmake --install /home/isak/seabotics_ws/Hugr_Primus/seabotics_ws/build/hugr_perception
[0.370s] INFO:colcon.colcon_core.shell:Creating environment descriptor '/home/isak/seabotics_ws/Hugr_Primus/seabotics_ws/install/share/hugr_perception/hook/ros_package_path.dsv'
[0.371s] INFO:colcon.colcon_core.shell:Creating environment hook '/home/isak/seabotics_ws/Hugr_Primus/seabotics_ws/install/share/hugr_perception/hook/ros_package_path.sh'
[0.371s] Level 1:colcon.colcon_core.shell:create_environment_hook('hugr_perception', 'pkg_config_path')
[0.372s] INFO:colcon.colcon_core.shell:Creating environment hook '/home/isak/seabotics_ws/Hugr_Primus/seabotics_ws/install/share/hugr_perception/hook/pkg_config_path.ps1'
[0.372s] INFO:colcon.colcon_core.shell:Creating environment descriptor '/home/isak/seabotics_ws/Hugr_Primus/seabotics_ws/install/share/hugr_perception/hook/pkg_config_path.dsv'
[0.372s] INFO:colcon.colcon_core.shell:Creating environment hook '/home/isak/seabotics_ws/Hugr_Primus/seabotics_ws/install/share/hugr_perception/hook/pkg_config_path.sh'
[0.372s] Level 1:colcon.colcon_core.shell:create_environment_hook('hugr_perception', 'pkg_config_path_multiarch')
[0.372s] INFO:colcon.colcon_core.shell:Creating environment hook '/home/isak/seabotics_ws/Hugr_Primus/seabotics_ws/install/share/hugr_perception/hook/pkg_config_path_multiarch.ps1'
[0.372s] INFO:colcon.colcon_core.shell:Creating environment descriptor '/home/isak/seabotics_ws/Hugr_Primus/seabotics_ws/install/share/hugr_perception/hook/pkg_config_path_multiarch.dsv'
[0.373s] INFO:colcon.colcon_core.shell:Creating environment hook '/home/isak/seabotics_ws/Hugr_Primus/seabotics_ws/install/share/hugr_perception/hook/pkg_config_path_multiarch.sh'
[0.373s] Level 1:colcon.colcon_core.environment:create_environment_scripts_only(hugr_perception)
[0.373s] Level 1:colcon.colcon_core.environment:checking '/home/isak/seabotics_ws/Hugr_Primus/seabotics_ws/install' for CMake module files
[0.373s] Level 1:colcon.colcon_core.environment:checking '/home/isak/seabotics_ws/Hugr_Primus/seabotics_ws/install' for CMake config files
[0.374s] Level 1:colcon.colcon_core.shell:create_environment_hook('hugr_perception', 'cmake_prefix_path')
[0.374s] INFO:colcon.colcon_core.shell:Creating environment hook '/home/isak/seabotics_ws/Hugr_Primus/seabotics_ws/install/share/hugr_perception/hook/cmake_prefix_path.ps1'
[0.374s] INFO:colcon.colcon_core.shell:Creating environment descriptor '/home/isak/seabotics_ws/Hugr_Primus/seabotics_ws/install/share/hugr_perception/hook/cmake_prefix_path.dsv'
[0.374s] INFO:colcon.colcon_core.shell:Creating environment hook '/home/isak/seabotics_ws/Hugr_Primus/seabotics_ws/install/share/hugr_perception/hook/cmake_prefix_path.sh'
[0.374s] Level 1:colcon.colcon_core.environment:checking '/home/isak/seabotics_ws/Hugr_Primus/seabotics_ws/install/lib'
[0.374s] Level 1:colcon.colcon_core.shell:create_environment_hook('hugr_perception', 'ld_library_path_lib')
[0.375s] INFO:colcon.colcon_core.shell:Creating environment hook '/home/isak/seabotics_ws/Hugr_Primus/seabotics_ws/install/share/hugr_perception/hook/ld_library_path_lib.ps1'
[0.375s] INFO:colcon.colcon_core.shell:Creating environment descriptor '/home/isak/seabotics_ws/Hugr_Primus/seabotics_ws/install/share/hugr_perception/hook/ld_library_path_lib.dsv'
[0.375s] INFO:colcon.colcon_core.shell:Creating environment hook '/home/isak/seabotics_ws/Hugr_Primus/seabotics_ws/install/share/hugr_perception/hook/ld_library_path_lib.sh'
[0.375s] Level 1:colcon.colcon_core.environment:checking '/home/isak/seabotics_ws/Hugr_Primus/seabotics_ws/install/bin'
[0.375s] Level 1:colcon.colcon_core.environment:checking '/home/isak/seabotics_ws/Hugr_Primus/seabotics_ws/install/lib/pkgconfig/hugr_perception.pc'
[0.375s] Level 1:colcon.colcon_core.environment:checking '/home/isak/seabotics_ws/Hugr_Primus/seabotics_ws/install/lib/python3.10/site-packages'
[0.375s] Level 1:colcon.colcon_core.environment:checking '/home/isak/seabotics_ws/Hugr_Primus/seabotics_ws/install/bin'
[0.376s] INFO:colcon.colcon_core.shell:Creating package script '/home/isak/seabotics_ws/Hugr_Primus/seabotics_ws/install/share/hugr_perception/package.ps1'
[0.376s] INFO:colcon.colcon_core.shell:Creating package descriptor '/home/isak/seabotics_ws/Hugr_Primus/seabotics_ws/install/share/hugr_perception/package.dsv'
[0.376s] INFO:colcon.colcon_core.shell:Creating package script '/home/isak/seabotics_ws/Hugr_Primus/seabotics_ws/install/share/hugr_perception/package.sh'
[0.377s] INFO:colcon.colcon_core.shell:Creating package script '/home/isak/seabotics_ws/Hugr_Primus/seabotics_ws/install/share/hugr_perception/package.bash'
[0.377s] INFO:colcon.colcon_core.shell:Creating package script '/home/isak/seabotics_ws/Hugr_Primus/seabotics_ws/install/share/hugr_perception/package.zsh'
[0.377s] Level 1:colcon.colcon_core.environment:create_file_with_runtime_dependencies(/home/isak/seabotics_ws/Hugr_Primus/seabotics_ws/install/share/colcon-core/packages/hugr_perception)
[0.378s] Level 1:colcon.colcon_core.shell:create_environment_hook('hugr_sim', 'ros_package_path')
[0.378s] INFO:colcon.colcon_core.shell:Creating environment hook '/home/isak/seabotics_ws/Hugr_Primus/seabotics_ws/install/share/hugr_sim/hook/ros_package_path.ps1'
[0.378s] DEBUG:colcon.colcon_core.event_handler.log_command:Invoked command in '/home/isak/seabotics_ws/Hugr_Primus/seabotics_ws/build/hugr_sim' returned '0': /home/isak/st/stm32cubeclt_1.19.0/CMake/bin/cmake --install /home/isak/seabotics_ws/Hugr_Primus/seabotics_ws/build/hugr_sim
[0.378s] INFO:colcon.colcon_core.shell:Creating environment descriptor '/home/isak/seabotics_ws/Hugr_Primus/seabotics_ws/install/share/hugr_sim/hook/ros_package_path.dsv'
[0.378s] INFO:colcon.colcon_core.shell:Creating environment hook '/home/isak/seabotics_ws/Hugr_Primus/seabotics_ws/install/share/hugr_sim/hook/ros_package_path.sh'
[0.379s] Level 1:colcon.colcon_core.shell:create_environment_hook('hugr_sim', 'pkg_config_path')
[0.379s] INFO:colcon.colcon_core.shell:Creating environment hook '/home/isak/seabotics_ws/Hugr_Primus/seabotics_ws/install/share/hugr_sim/hook/pkg_config_path.ps1'
[0.379s] INFO:colcon.colcon_core.shell:Creating environment descriptor '/home/isak/seabotics_ws/Hugr_Primus/seabotics_ws/install/share/hugr_sim/hook/pkg_config_path.dsv'
[0.379s] INFO:colcon.colcon_core.shell:Creating environment hook '/home/isak/seabotics_ws/Hugr_Primus/seabotics_ws/install/share/hugr_sim/hook/pkg_config_path.sh'
[0.379s] Level 1:colcon.colcon_core.shell:create_environment_hook('hugr_sim', 'pkg_config_path_multiarch')
[0.380s] INFO:colcon.colcon_core.shell:Creating environment hook '/home/isak/seabotics_ws/Hugr_Primus/seabotics_ws/install/share/hugr_sim/hook/pkg_config_path_multiarch.ps1'
[0.380s] INFO:colcon.colcon_core.shell:Creating environment descriptor '/home/isak/seabotics_ws/Hugr_Primus/seabotics_ws/install/share/hugr_sim/hook/pkg_config_path_multiarch.dsv'
[0.380s] INFO:colcon.colcon_core.shell:Creating environment hook '/home/isak/seabotics_ws/Hugr_Primus/seabotics_ws/install/share/hugr_sim/hook/pkg_config_path_multiarch.sh'
[0.381s] Level 1:colcon.colcon_core.environment:create_environment_scripts_only(hugr_sim)
[0.381s] Level 1:colcon.colcon_core.environment:checking '/home/isak/seabotics_ws/Hugr_Primus/seabotics_ws/install' for CMake module files
[0.381s] Level 1:colcon.colcon_core.environment:checking '/home/isak/seabotics_ws/Hugr_Primus/seabotics_ws/install' for CMake config files
[0.381s] Level 1:colcon.colcon_core.shell:create_environment_hook('hugr_sim', 'cmake_prefix_path')
[0.381s] INFO:colcon.colcon_core.shell:Creating environment hook '/home/isak/seabotics_ws/Hugr_Primus/seabotics_ws/install/share/hugr_sim/hook/cmake_prefix_path.ps1'
[0.382s] INFO:colcon.colcon_core.shell:Creating environment descriptor '/home/isak/seabotics_ws/Hugr_Primus/seabotics_ws/install/share/hugr_sim/hook/cmake_prefix_path.dsv'
[0.382s] INFO:colcon.colcon_core.shell:Creating environment hook '/home/isak/seabotics_ws/Hugr_Primus/seabotics_ws/install/share/hugr_sim/hook/cmake_prefix_path.sh'
[0.382s] Level 1:colcon.colcon_core.environment:checking '/home/isak/seabotics_ws/Hugr_Primus/seabotics_ws/install/lib'
[0.382s] Level 1:colcon.colcon_core.shell:create_environment_hook('hugr_sim', 'ld_library_path_lib')
[0.382s] INFO:colcon.colcon_core.shell:Creating environment hook '/home/isak/seabotics_ws/Hugr_Primus/seabotics_ws/install/share/hugr_sim/hook/ld_library_path_lib.ps1'
[0.383s] INFO:colcon.colcon_core.shell:Creating environment descriptor '/home/isak/seabotics_ws/Hugr_Primus/seabotics_ws/install/share/hugr_sim/hook/ld_library_path_lib.dsv'
[0.383s] INFO:colcon.colcon_core.shell:Creating environment hook '/home/isak/seabotics_ws/Hugr_Primus/seabotics_ws/install/share/hugr_sim/hook/ld_library_path_lib.sh'
[0.383s] Level 1:colcon.colcon_core.environment:checking '/home/isak/seabotics_ws/Hugr_Primus/seabotics_ws/install/bin'
[0.383s] Level 1:colcon.colcon_core.environment:checking '/home/isak/seabotics_ws/Hugr_Primus/seabotics_ws/install/lib/pkgconfig/hugr_sim.pc'
[0.383s] Level 1:colcon.colcon_core.environment:checking '/home/isak/seabotics_ws/Hugr_Primus/seabotics_ws/install/lib/python3.10/site-packages'
[0.383s] Level 1:colcon.colcon_core.environment:checking '/home/isak/seabotics_ws/Hugr_Primus/seabotics_ws/install/bin'
[0.383s] INFO:colcon.colcon_core.shell:Creating package script '/home/isak/seabotics_ws/Hugr_Primus/seabotics_ws/install/share/hugr_sim/package.ps1'
[0.384s] INFO:colcon.colcon_core.shell:Creating package descriptor '/home/isak/seabotics_ws/Hugr_Primus/seabotics_ws/install/share/hugr_sim/package.dsv'
[0.384s] INFO:colcon.colcon_core.shell:Creating package script '/home/isak/seabotics_ws/Hugr_Primus/seabotics_ws/install/share/hugr_sim/package.sh'
[0.385s] INFO:colcon.colcon_core.shell:Creating package script '/home/isak/seabotics_ws/Hugr_Primus/seabotics_ws/install/share/hugr_sim/package.bash'
[0.385s] INFO:colcon.colcon_core.shell:Creating package script '/home/isak/seabotics_ws/Hugr_Primus/seabotics_ws/install/share/hugr_sim/package.zsh'
[0.385s] Level 1:colcon.colcon_core.environment:create_file_with_runtime_dependencies(/home/isak/seabotics_ws/Hugr_Primus/seabotics_ws/install/share/colcon-core/packages/hugr_sim)
[2.216s] DEBUG:colcon.colcon_core.event_handler.log_command:Invoked command in '/home/isak/seabotics_ws/Hugr_Primus/seabotics_ws/build/hugr_hardware' returned '0': /home/isak/st/stm32cubeclt_1.19.0/CMake/bin/cmake --build /home/isak/seabotics_ws/Hugr_Primus/seabotics_ws/build/hugr_hardware -- -j12 -l12
[2.217s] DEBUG:colcon.colcon_core.event_handler.log_command:Invoking command in '/home/isak/seabotics_ws/Hugr_Primus/seabotics_ws/build/hugr_hardware': /home/isak/st/stm32cubeclt_1.19.0/CMake/bin/cmake --install /home/isak/seabotics_ws/Hugr_Primus/seabotics_ws/build/hugr_hardware
[2.221s] DEBUG:colcon.colcon_core.event_handler.log_command:Invoked command in '/home/isak/seabotics_ws/Hugr_Primus/seabotics_ws/build/hugr_hardware' returned '0': /home/isak/st/stm32cubeclt_1.19.0/CMake/bin/cmake --install /home/isak/seabotics_ws/Hugr_Primus/seabotics_ws/build/hugr_hardware
[2.221s] Level 1:colcon.colcon_core.shell:create_environment_hook('hugr_hardware', 'ros_package_path')
[2.222s] INFO:colcon.colcon_core.shell:Creating environment hook '/home/isak/seabotics_ws/Hugr_Primus/seabotics_ws/install/share/hugr_hardware/hook/ros_package_path.ps1'
[2.222s] INFO:colcon.colcon_core.shell:Creating environment descriptor '/home/isak/seabotics_ws/Hugr_Primus/seabotics_ws/install/share/hugr_hardware/hook/ros_package_path.dsv'
[2.222s] INFO:colcon.colcon_core.shell:Creating environment hook '/home/isak/seabotics_ws/Hugr_Primus/seabotics_ws/install/share/hugr_hardware/hook/ros_package_path.sh'
[2.222s] Level 1:colcon.colcon_core.shell:create_environment_hook('hugr_hardware', 'pkg_config_path')
[2.223s] INFO:colcon.colcon_core.shell:Creating environment hook '/home/isak/seabotics_ws/Hugr_Primus/seabotics_ws/install/share/hugr_hardware/hook/pkg_config_path.ps1'
[2.223s] INFO:colcon.colcon_core.shell:Creating environment descriptor '/home/isak/seabotics_ws/Hugr_Primus/seabotics_ws/install/share/hugr_hardware/hook/pkg_config_path.dsv'
[2.223s] INFO:colcon.colcon_core.shell:Creating environment hook '/home/isak/seabotics_ws/Hugr_Primus/seabotics_ws/install/share/hugr_hardware/hook/pkg_config_path.sh'
[2.223s] Level 1:colcon.colcon_core.shell:create_environment_hook('hugr_hardware', 'pkg_config_path_multiarch')
[2.223s] INFO:colcon.colcon_core.shell:Creating environment hook '/home/isak/seabotics_ws/Hugr_Primus/seabotics_ws/install/share/hugr_hardware/hook/pkg_config_path_multiarch.ps1'
[2.224s] INFO:colcon.colcon_core.shell:Creating environment descriptor '/home/isak/seabotics_ws/Hugr_Primus/seabotics_ws/install/share/hugr_hardware/hook/pkg_config_path_multiarch.dsv'
[2.224s] INFO:colcon.colcon_core.shell:Creating environment hook '/home/isak/seabotics_ws/Hugr_Primus/seabotics_ws/install/share/hugr_hardware/hook/pkg_config_path_multiarch.sh'
[2.224s] Level 1:colcon.colcon_core.environment:create_environment_scripts_only(hugr_hardware)
[2.224s] Level 1:colcon.colcon_core.environment:checking '/home/isak/seabotics_ws/Hugr_Primus/seabotics_ws/install' for CMake module files
[2.224s] Level 1:colcon.colcon_core.environment:checking '/home/isak/seabotics_ws/Hugr_Primus/seabotics_ws/install' for CMake config files
[2.225s] Level 1:colcon.colcon_core.shell:create_environment_hook('hugr_hardware', 'cmake_prefix_path')
[2.225s] INFO:colcon.colcon_core.shell:Creating environment hook '/home/isak/seabotics_ws/Hugr_Primus/seabotics_ws/install/share/hugr_hardware/hook/cmake_prefix_path.ps1'
[2.225s] INFO:colcon.colcon_core.shell:Creating environment descriptor '/home/isak/seabotics_ws/Hugr_Primus/seabotics_ws/install/share/hugr_hardware/hook/cmake_prefix_path.dsv'
[2.225s] INFO:colcon.colcon_core.shell:Creating environment hook '/home/isak/seabotics_ws/Hugr_Primus/seabotics_ws/install/share/hugr_hardware/hook/cmake_prefix_path.sh'
[2.225s] Level 1:colcon.colcon_core.environment:checking '/home/isak/seabotics_ws/Hugr_Primus/seabotics_ws/install/lib'
[2.225s] Level 1:colcon.colcon_core.shell:create_environment_hook('hugr_hardware', 'ld_library_path_lib')
[2.226s] INFO:colcon.colcon_core.shell:Creating environment hook '/home/isak/seabotics_ws/Hugr_Primus/seabotics_ws/install/share/hugr_hardware/hook/ld_library_path_lib.ps1'
[2.226s] INFO:colcon.colcon_core.shell:Creating environment descriptor '/home/isak/seabotics_ws/Hugr_Primus/seabotics_ws/install/share/hugr_hardware/hook/ld_library_path_lib.dsv'
[2.226s] INFO:colcon.colcon_core.shell:Creating environment hook '/home/isak/seabotics_ws/Hugr_Primus/seabotics_ws/install/share/hugr_hardware/hook/ld_library_path_lib.sh'
[2.226s] Level 1:colcon.colcon_core.environment:checking '/home/isak/seabotics_ws/Hugr_Primus/seabotics_ws/install/bin'
[2.226s] Level 1:colcon.colcon_core.environment:checking '/home/isak/seabotics_ws/Hugr_Primus/seabotics_ws/install/lib/pkgconfig/hugr_hardware.pc'
[2.226s] Level 1:colcon.colcon_core.environment:checking '/home/isak/seabotics_ws/Hugr_Primus/seabotics_ws/install/lib/python3.10/site-packages'
[2.226s] Level 1:colcon.colcon_core.environment:checking '/home/isak/seabotics_ws/Hugr_Primus/seabotics_ws/install/bin'
[2.226s] INFO:colcon.colcon_core.shell:Creating package script '/home/isak/seabotics_ws/Hugr_Primus/seabotics_ws/install/share/hugr_hardware/package.ps1'
[2.227s] INFO:colcon.colcon_core.shell:Creating package descriptor '/home/isak/seabotics_ws/Hugr_Primus/seabotics_ws/install/share/hugr_hardware/package.dsv'
[2.227s] INFO:colcon.colcon_core.shell:Creating package script '/home/isak/seabotics_ws/Hugr_Primus/seabotics_ws/install/share/hugr_hardware/package.sh'
[2.227s] INFO:colcon.colcon_core.shell:Creating package script '/home/isak/seabotics_ws/Hugr_Primus/seabotics_ws/install/share/hugr_hardware/package.bash'
[2.227s] INFO:colcon.colcon_core.shell:Creating package script '/home/isak/seabotics_ws/Hugr_Primus/seabotics_ws/install/share/hugr_hardware/package.zsh'
[2.228s] Level 1:colcon.colcon_core.environment:create_file_with_runtime_dependencies(/home/isak/seabotics_ws/Hugr_Primus/seabotics_ws/install/share/colcon-core/packages/hugr_hardware)
[2.228s] INFO:colcon.colcon_ros.task.catkin.build:Building ROS package in '/home/isak/seabotics_ws/Hugr_Primus/seabotics_ws/src/hugr_bringup' with build type 'catkin'
[2.228s] INFO:colcon.colcon_cmake.task.cmake.build:Building CMake package in '/home/isak/seabotics_ws/Hugr_Primus/seabotics_ws/src/hugr_bringup'
[2.228s] INFO:colcon.colcon_core.shell:Skip shell extension 'powershell' for command environment: Not usable outside of PowerShell
[2.228s] DEBUG:colcon.colcon_core.shell:Skip shell extension 'dsv' for command environment
[2.238s] DEBUG:colcon.colcon_core.event_handler.log_command:Invoking command in '/home/isak/seabotics_ws/Hugr_Primus/seabotics_ws/build/hugr_bringup': /home/isak/st/stm32cubeclt_1.19.0/CMake/bin/cmake --build /home/isak/seabotics_ws/Hugr_Primus/seabotics_ws/build/hugr_bringup -- -j12 -l12
[2.261s] DEBUG:colcon.colcon_core.event_handler.log_command:Invoked command in '/home/isak/seabotics_ws/Hugr_Primus/seabotics_ws/build/hugr_bringup' returned '0': /home/isak/st/stm32cubeclt_1.19.0/CMake/bin/cmake --build /home/isak/seabotics_ws/Hugr_Primus/seabotics_ws/build/hugr_bringup -- -j12 -l12
[2.261s] DEBUG:colcon.colcon_core.event_handler.log_command:Invoking command in '/home/isak/seabotics_ws/Hugr_Primus/seabotics_ws/build/hugr_bringup': /home/isak/st/stm32cubeclt_1.19.0/CMake/bin/cmake --install /home/isak/seabotics_ws/Hugr_Primus/seabotics_ws/build/hugr_bringup
[2.264s] DEBUG:colcon.colcon_core.event_handler.log_command:Invoked command in '/home/isak/seabotics_ws/Hugr_Primus/seabotics_ws/build/hugr_bringup' returned '0': /home/isak/st/stm32cubeclt_1.19.0/CMake/bin/cmake --install /home/isak/seabotics_ws/Hugr_Primus/seabotics_ws/build/hugr_bringup
[2.264s] Level 1:colcon.colcon_core.shell:create_environment_hook('hugr_bringup', 'ros_package_path')
[2.264s] INFO:colcon.colcon_core.shell:Creating environment hook '/home/isak/seabotics_ws/Hugr_Primus/seabotics_ws/install/share/hugr_bringup/hook/ros_package_path.ps1'
[2.265s] INFO:colcon.colcon_core.shell:Creating environment descriptor '/home/isak/seabotics_ws/Hugr_Primus/seabotics_ws/install/share/hugr_bringup/hook/ros_package_path.dsv'
[2.265s] INFO:colcon.colcon_core.shell:Creating environment hook '/home/isak/seabotics_ws/Hugr_Primus/seabotics_ws/install/share/hugr_bringup/hook/ros_package_path.sh'
[2.265s] Level 1:colcon.colcon_core.shell:create_environment_hook('hugr_bringup', 'pkg_config_path')
[2.265s] INFO:colcon.colcon_core.shell:Creating environment hook '/home/isak/seabotics_ws/Hugr_Primus/seabotics_ws/install/share/hugr_bringup/hook/pkg_config_path.ps1'
[2.266s] INFO:colcon.colcon_core.shell:Creating environment descriptor '/home/isak/seabotics_ws/Hugr_Primus/seabotics_ws/install/share/hugr_bringup/hook/pkg_config_path.dsv'
[2.266s] INFO:colcon.colcon_core.shell:Creating environment hook '/home/isak/seabotics_ws/Hugr_Primus/seabotics_ws/install/share/hugr_bringup/hook/pkg_config_path.sh'
[2.266s] Level 1:colcon.colcon_core.shell:create_environment_hook('hugr_bringup', 'pkg_config_path_multiarch')
[2.266s] INFO:colcon.colcon_core.shell:Creating environment hook '/home/isak/seabotics_ws/Hugr_Primus/seabotics_ws/install/share/hugr_bringup/hook/pkg_config_path_multiarch.ps1'
[2.266s] INFO:colcon.colcon_core.shell:Creating environment descriptor '/home/isak/seabotics_ws/Hugr_Primus/seabotics_ws/install/share/hugr_bringup/hook/pkg_config_path_multiarch.dsv'
[2.267s] INFO:colcon.colcon_core.shell:Creating environment hook '/home/isak/seabotics_ws/Hugr_Primus/seabotics_ws/install/share/hugr_bringup/hook/pkg_config_path_multiarch.sh'
[2.267s] Level 1:colcon.colcon_core.environment:create_environment_scripts_only(hugr_bringup)
[2.267s] Level 1:colcon.colcon_core.environment:checking '/home/isak/seabotics_ws/Hugr_Primus/seabotics_ws/install' for CMake module files
[2.267s] Level 1:colcon.colcon_core.environment:checking '/home/isak/seabotics_ws/Hugr_Primus/seabotics_ws/install' for CMake config files
[2.268s] Level 1:colcon.colcon_core.shell:create_environment_hook('hugr_bringup', 'cmake_prefix_path')
[2.268s] INFO:colcon.colcon_core.shell:Creating environment hook '/home/isak/seabotics_ws/Hugr_Primus/seabotics_ws/install/share/hugr_bringup/hook/cmake_prefix_path.ps1'
[2.268s] INFO:colcon.colcon_core.shell:Creating environment descriptor '/home/isak/seabotics_ws/Hugr_Primus/seabotics_ws/install/share/hugr_bringup/hook/cmake_prefix_path.dsv'
[2.268s] INFO:colcon.colcon_core.shell:Creating environment hook '/home/isak/seabotics_ws/Hugr_Primus/seabotics_ws/install/share/hugr_bringup/hook/cmake_prefix_path.sh'
[2.268s] Level 1:colcon.colcon_core.environment:checking '/home/isak/seabotics_ws/Hugr_Primus/seabotics_ws/install/lib'
[2.269s] Level 1:colcon.colcon_core.shell:create_environment_hook('hugr_bringup', 'ld_library_path_lib')
[2.269s] INFO:colcon.colcon_core.shell:Creating environment hook '/home/isak/seabotics_ws/Hugr_Primus/seabotics_ws/install/share/hugr_bringup/hook/ld_library_path_lib.ps1'
[2.269s] INFO:colcon.colcon_core.shell:Creating environment descriptor '/home/isak/seabotics_ws/Hugr_Primus/seabotics_ws/install/share/hugr_bringup/hook/ld_library_path_lib.dsv'
[2.269s] INFO:colcon.colcon_core.shell:Creating environment hook '/home/isak/seabotics_ws/Hugr_Primus/seabotics_ws/install/share/hugr_bringup/hook/ld_library_path_lib.sh'
[2.269s] Level 1:colcon.colcon_core.environment:checking '/home/isak/seabotics_ws/Hugr_Primus/seabotics_ws/install/bin'
[2.269s] Level 1:colcon.colcon_core.environment:checking '/home/isak/seabotics_ws/Hugr_Primus/seabotics_ws/install/lib/pkgconfig/hugr_bringup.pc'
[2.270s] Level 1:colcon.colcon_core.environment:checking '/home/isak/seabotics_ws/Hugr_Primus/seabotics_ws/install/lib/python3.10/site-packages'
[2.270s] Level 1:colcon.colcon_core.environment:checking '/home/isak/seabotics_ws/Hugr_Primus/seabotics_ws/install/bin'
[2.270s] INFO:colcon.colcon_core.shell:Creating package script '/home/isak/seabotics_ws/Hugr_Primus/seabotics_ws/install/share/hugr_bringup/package.ps1'
[2.270s] INFO:colcon.colcon_core.shell:Creating package descriptor '/home/isak/seabotics_ws/Hugr_Primus/seabotics_ws/install/share/hugr_bringup/package.dsv'
[2.270s] INFO:colcon.colcon_core.shell:Creating package script '/home/isak/seabotics_ws/Hugr_Primus/seabotics_ws/install/share/hugr_bringup/package.sh'
[2.271s] INFO:colcon.colcon_core.shell:Creating package script '/home/isak/seabotics_ws/Hugr_Primus/seabotics_ws/install/share/hugr_bringup/package.bash'
[2.271s] INFO:colcon.colcon_core.shell:Creating package script '/home/isak/seabotics_ws/Hugr_Primus/seabotics_ws/install/share/hugr_bringup/package.zsh'
[2.271s] Level 1:colcon.colcon_core.environment:create_file_with_runtime_dependencies(/home/isak/seabotics_ws/Hugr_Primus/seabotics_ws/install/share/colcon-core/packages/hugr_bringup)
[2.271s] DEBUG:colcon.colcon_parallel_executor.executor.parallel:closing loop
[2.271s] DEBUG:colcon.colcon_parallel_executor.executor.parallel:loop closed
[2.271s] DEBUG:colcon.colcon_parallel_executor.executor.parallel:run_until_complete finished with '0'
[2.271s] DEBUG:colcon.colcon_core.event_reactor:joining thread
[2.275s] INFO:colcon.colcon_core.plugin_system:Skipping extension 'colcon_notification.desktop_notification.terminal_notifier': Not used on non-Darwin systems
[2.275s] INFO:colcon.colcon_core.plugin_system:Skipping extension 'colcon_notification.desktop_notification.win32': Not used on non-Windows systems
[2.275s] INFO:colcon.colcon_notification.desktop_notification:Sending desktop notification using 'notify2'
[2.287s] DEBUG:colcon.colcon_core.event_reactor:joined thread
[2.287s] INFO:colcon.colcon_core.shell:Creating prefix script '/home/isak/seabotics_ws/Hugr_Primus/seabotics_ws/install/local_setup.ps1'
[2.288s] INFO:colcon.colcon_core.shell:Creating prefix util module '/home/isak/seabotics_ws/Hugr_Primus/seabotics_ws/install/_local_setup_util_ps1.py'
[2.289s] INFO:colcon.colcon_core.shell:Creating prefix chain script '/home/isak/seabotics_ws/Hugr_Primus/seabotics_ws/install/setup.ps1'
[2.290s] INFO:colcon.colcon_core.shell:Creating prefix script '/home/isak/seabotics_ws/Hugr_Primus/seabotics_ws/install/local_setup.sh'
[2.291s] INFO:colcon.colcon_core.shell:Creating prefix util module '/home/isak/seabotics_ws/Hugr_Primus/seabotics_ws/install/_local_setup_util_sh.py'
[2.291s] INFO:colcon.colcon_core.shell:Creating prefix chain script '/home/isak/seabotics_ws/Hugr_Primus/seabotics_ws/install/setup.sh'
[2.292s] INFO:colcon.colcon_core.shell:Creating prefix script '/home/isak/seabotics_ws/Hugr_Primus/seabotics_ws/install/local_setup.bash'
[2.293s] INFO:colcon.colcon_core.shell:Creating prefix chain script '/home/isak/seabotics_ws/Hugr_Primus/seabotics_ws/install/setup.bash'
[2.294s] INFO:colcon.colcon_core.shell:Creating prefix script '/home/isak/seabotics_ws/Hugr_Primus/seabotics_ws/install/local_setup.zsh'
[2.295s] INFO:colcon.colcon_core.shell:Creating prefix chain script '/home/isak/seabotics_ws/Hugr_Primus/seabotics_ws/install/setup.zsh'
