[0.066s] DEBUG:colcon:Command line arguments: ['/usr/bin/colcon', 'build', '--merge-install', '--symlink-install']
[0.066s] DEBUG:colcon:Parsed command line arguments: Namespace(log_base=None, log_level=None, verb_name='build', build_base='build', install_base='install', merge_install=True, symlink_install=True, test_result_base=None, continue_on_error=False, executor='parallel', parallel_workers=12, event_handlers=None, ignore_user_meta=False, metas=['./colcon.meta'], base_paths=['.'], packages_ignore=None, packages_ignore_regex=None, paths=None, packages_up_to=None, packages_up_to_regex=None, packages_above=None, packages_above_and_dependencies=None, packages_above_depth=None, packages_select_by_dep=None, packages_skip_by_dep=None, packages_skip_up_to=None, packages_select_build_failed=False, packages_skip_build_finished=False, packages_select_test_failures=False, packages_skip_test_passed=False, packages_select=None, packages_skip=None, packages_select_regex=None, packages_skip_regex=None, packages_start=None, packages_end=None, allow_overriding=[], cmake_args=None, cmake_target=None, cmake_target_skip_unavailable=False, cmake_clean_cache=False, cmake_clean_first=False, cmake_force_configure=False, ament_cmake_args=None, catkin_cmake_args=None, catkin_skip_building_tests=False, mixin_files=None, mixin=None, verb_parser=<colcon_mixin.mixin.mixin_argument.MixinArgumentDecorator object at 0x7ec85c32c220>, verb_extension=<colcon_core.verb.build.BuildVerb object at 0x7ec85c2fbc70>, main=<bound method BuildVerb.main of <colcon_core.verb.build.BuildVerb object at 0x7ec85c2fbc70>>, mixin_verb=('build',))
[0.165s] Level 1:colcon.colcon_core.package_discovery:discover_packages(colcon_meta) check parameters
[0.165s] Level 1:colcon.colcon_core.package_discovery:discover_packages(recursive) check parameters
[0.165s] Level 1:colcon.colcon_core.package_discovery:discover_packages(ignore) check parameters
[0.165s] Level 1:colcon.colcon_core.package_discovery:discover_packages(path) check parameters
[0.165s] Level 1:colcon.colcon_core.package_discovery:discover_packages(colcon_meta) discover
[0.165s] Level 1:colcon.colcon_core.package_discovery:discover_packages(recursive) discover
[0.165s] INFO:colcon.colcon_core.package_discovery:Crawling recursively for packages in '/home/isak/seabotics_ws/Hugr_Primus/seabotics_ws'
[0.165s] Level 1:colcon.colcon_core.package_identification:_identify(.) by extensions ['ignore', 'ignore_ament_install']
[0.165s] Level 1:colcon.colcon_core.package_identification:_identify(.) by extension 'ignore'
[0.165s] Level 1:colcon.colcon_core.package_identification:_identify(.) by extension 'ignore_ament_install'
[0.165s] Level 1:colcon.colcon_core.package_identification:_identify(.) by extensions ['colcon_pkg']
[0.165s] Level 1:colcon.colcon_core.package_identification:_identify(.) by extension 'colcon_pkg'
[0.165s] Level 1:colcon.colcon_core.package_identification:_identify(.) by extensions ['colcon_meta']
[0.165s] Level 1:colcon.colcon_core.package_identification:_identify(.) by extension 'colcon_meta'
[0.165s] Level 1:colcon.colcon_core.package_identification:_identify(.) by extensions ['ros']
[0.165s] Level 1:colcon.colcon_core.package_identification:_identify(.) by extension 'ros'
[0.172s] Level 1:colcon.colcon_core.package_identification:_identify(.) by extensions ['cmake', 'python']
[0.172s] Level 1:colcon.colcon_core.package_identification:_identify(.) by extension 'cmake'
[0.172s] Level 1:colcon.colcon_core.package_identification:_identify(.) by extension 'python'
[0.172s] Level 1:colcon.colcon_core.package_identification:_identify(.) by extensions ['python_setup_py']
[0.172s] Level 1:colcon.colcon_core.package_identification:_identify(.) by extension 'python_setup_py'
[0.172s] Level 1:colcon.colcon_core.package_identification:_identify(build) by extensions ['ignore', 'ignore_ament_install']
[0.172s] Level 1:colcon.colcon_core.package_identification:_identify(build) by extension 'ignore'
[0.172s] Level 1:colcon.colcon_core.package_identification:_identify(build) ignored
[0.172s] Level 1:colcon.colcon_core.package_identification:_identify(install) by extensions ['ignore', 'ignore_ament_install']
[0.172s] Level 1:colcon.colcon_core.package_identification:_identify(install) by extension 'ignore'
[0.172s] Level 1:colcon.colcon_core.package_identification:_identify(install) ignored
[0.172s] Level 1:colcon.colcon_core.package_identification:_identify(log) by extensions ['ignore', 'ignore_ament_install']
[0.172s] Level 1:colcon.colcon_core.package_identification:_identify(log) by extension 'ignore'
[0.172s] Level 1:colcon.colcon_core.package_identification:_identify(log) ignored
[0.172s] Level 1:colcon.colcon_core.package_identification:_identify(src) by extensions ['ignore', 'ignore_ament_install']
[0.172s] Level 1:colcon.colcon_core.package_identification:_identify(src) by extension 'ignore'
[0.172s] Level 1:colcon.colcon_core.package_identification:_identify(src) by extension 'ignore_ament_install'
[0.172s] Level 1:colcon.colcon_core.package_identification:_identify(src) by extensions ['colcon_pkg']
[0.172s] Level 1:colcon.colcon_core.package_identification:_identify(src) by extension 'colcon_pkg'
[0.172s] Level 1:colcon.colcon_core.package_identification:_identify(src) by extensions ['colcon_meta']
[0.172s] Level 1:colcon.colcon_core.package_identification:_identify(src) by extension 'colcon_meta'
[0.172s] Level 1:colcon.colcon_core.package_identification:_identify(src) by extensions ['ros']
[0.172s] Level 1:colcon.colcon_core.package_identification:_identify(src) by extension 'ros'
[0.172s] Level 1:colcon.colcon_core.package_identification:_identify(src) by extensions ['cmake', 'python']
[0.172s] Level 1:colcon.colcon_core.package_identification:_identify(src) by extension 'cmake'
[0.172s] Level 1:colcon.colcon_core.package_identification:_identify(src) by extension 'python'
[0.172s] Level 1:colcon.colcon_core.package_identification:_identify(src) by extensions ['python_setup_py']
[0.172s] Level 1:colcon.colcon_core.package_identification:_identify(src) by extension 'python_setup_py'
[0.172s] Level 1:colcon.colcon_core.package_identification:_identify(src/hugr_bringup) by extensions ['ignore', 'ignore_ament_install']
[0.173s] Level 1:colcon.colcon_core.package_identification:_identify(src/hugr_bringup) by extension 'ignore'
[0.173s] Level 1:colcon.colcon_core.package_identification:_identify(src/hugr_bringup) by extension 'ignore_ament_install'
[0.173s] Level 1:colcon.colcon_core.package_identification:_identify(src/hugr_bringup) by extensions ['colcon_pkg']
[0.173s] Level 1:colcon.colcon_core.package_identification:_identify(src/hugr_bringup) by extension 'colcon_pkg'
[0.173s] Level 1:colcon.colcon_core.package_identification:_identify(src/hugr_bringup) by extensions ['colcon_meta']
[0.173s] Level 1:colcon.colcon_core.package_identification:_identify(src/hugr_bringup) by extension 'colcon_meta'
[0.173s] Level 1:colcon.colcon_core.package_identification:_identify(src/hugr_bringup) by extensions ['ros']
[0.173s] Level 1:colcon.colcon_core.package_identification:_identify(src/hugr_bringup) by extension 'ros'
[0.174s] DEBUG:colcon.colcon_core.package_identification:Package 'src/hugr_bringup' with type 'ros.catkin' and name 'hugr_bringup'
[0.174s] Level 1:colcon.colcon_core.package_identification:_identify(src/hugr_description) by extensions ['ignore', 'ignore_ament_install']
[0.174s] Level 1:colcon.colcon_core.package_identification:_identify(src/hugr_description) by extension 'ignore'
[0.174s] Level 1:colcon.colcon_core.package_identification:_identify(src/hugr_description) by extension 'ignore_ament_install'
[0.174s] Level 1:colcon.colcon_core.package_identification:_identify(src/hugr_description) by extensions ['colcon_pkg']
[0.174s] Level 1:colcon.colcon_core.package_identification:_identify(src/hugr_description) by extension 'colcon_pkg'
[0.174s] Level 1:colcon.colcon_core.package_identification:_identify(src/hugr_description) by extensions ['colcon_meta']
[0.174s] Level 1:colcon.colcon_core.package_identification:_identify(src/hugr_description) by extension 'colcon_meta'
[0.174s] Level 1:colcon.colcon_core.package_identification:_identify(src/hugr_description) by extensions ['ros']
[0.174s] Level 1:colcon.colcon_core.package_identification:_identify(src/hugr_description) by extension 'ros'
[0.175s] DEBUG:colcon.colcon_core.package_identification:Package 'src/hugr_description' with type 'ros.catkin' and name 'hugr_description'
[0.175s] Level 1:colcon.colcon_core.package_identification:_identify(src/hugr_hardware) by extensions ['ignore', 'ignore_ament_install']
[0.175s] Level 1:colcon.colcon_core.package_identification:_identify(src/hugr_hardware) by extension 'ignore'
[0.175s] Level 1:colcon.colcon_core.package_identification:_identify(src/hugr_hardware) by extension 'ignore_ament_install'
[0.175s] Level 1:colcon.colcon_core.package_identification:_identify(src/hugr_hardware) by extensions ['colcon_pkg']
[0.175s] Level 1:colcon.colcon_core.package_identification:_identify(src/hugr_hardware) by extension 'colcon_pkg'
[0.175s] Level 1:colcon.colcon_core.package_identification:_identify(src/hugr_hardware) by extensions ['colcon_meta']
[0.175s] Level 1:colcon.colcon_core.package_identification:_identify(src/hugr_hardware) by extension 'colcon_meta'
[0.175s] Level 1:colcon.colcon_core.package_identification:_identify(src/hugr_hardware) by extensions ['ros']
[0.175s] Level 1:colcon.colcon_core.package_identification:_identify(src/hugr_hardware) by extension 'ros'
[0.175s] DEBUG:colcon.colcon_core.package_identification:Package 'src/hugr_hardware' with type 'ros.catkin' and name 'hugr_hardware'
[0.175s] Level 1:colcon.colcon_core.package_identification:_identify(src/hugr_manual_control) by extensions ['ignore', 'ignore_ament_install']
[0.175s] Level 1:colcon.colcon_core.package_identification:_identify(src/hugr_manual_control) by extension 'ignore'
[0.175s] Level 1:colcon.colcon_core.package_identification:_identify(src/hugr_manual_control) by extension 'ignore_ament_install'
[0.175s] Level 1:colcon.colcon_core.package_identification:_identify(src/hugr_manual_control) by extensions ['colcon_pkg']
[0.175s] Level 1:colcon.colcon_core.package_identification:_identify(src/hugr_manual_control) by extension 'colcon_pkg'
[0.175s] Level 1:colcon.colcon_core.package_identification:_identify(src/hugr_manual_control) by extensions ['colcon_meta']
[0.175s] Level 1:colcon.colcon_core.package_identification:_identify(src/hugr_manual_control) by extension 'colcon_meta'
[0.176s] Level 1:colcon.colcon_core.package_identification:_identify(src/hugr_manual_control) by extensions ['ros']
[0.176s] Level 1:colcon.colcon_core.package_identification:_identify(src/hugr_manual_control) by extension 'ros'
[0.176s] DEBUG:colcon.colcon_core.package_identification:Package 'src/hugr_manual_control' with type 'ros.catkin' and name 'hugr_manual_control'
[0.176s] Level 1:colcon.colcon_core.package_identification:_identify(src/hugr_mission) by extensions ['ignore', 'ignore_ament_install']
[0.176s] Level 1:colcon.colcon_core.package_identification:_identify(src/hugr_mission) by extension 'ignore'
[0.176s] Level 1:colcon.colcon_core.package_identification:_identify(src/hugr_mission) by extension 'ignore_ament_install'
[0.176s] Level 1:colcon.colcon_core.package_identification:_identify(src/hugr_mission) by extensions ['colcon_pkg']
[0.176s] Level 1:colcon.colcon_core.package_identification:_identify(src/hugr_mission) by extension 'colcon_pkg'
[0.176s] Level 1:colcon.colcon_core.package_identification:_identify(src/hugr_mission) by extensions ['colcon_meta']
[0.176s] Level 1:colcon.colcon_core.package_identification:_identify(src/hugr_mission) by extension 'colcon_meta'
[0.176s] Level 1:colcon.colcon_core.package_identification:_identify(src/hugr_mission) by extensions ['ros']
[0.176s] Level 1:colcon.colcon_core.package_identification:_identify(src/hugr_mission) by extension 'ros'
[0.177s] DEBUG:colcon.colcon_core.package_identification:Package 'src/hugr_mission' with type 'ros.catkin' and name 'hugr_mission'
[0.177s] Level 1:colcon.colcon_core.package_identification:_identify(src/hugr_navigation) by extensions ['ignore', 'ignore_ament_install']
[0.177s] Level 1:colcon.colcon_core.package_identification:_identify(src/hugr_navigation) by extension 'ignore'
[0.177s] Level 1:colcon.colcon_core.package_identification:_identify(src/hugr_navigation) by extension 'ignore_ament_install'
[0.177s] Level 1:colcon.colcon_core.package_identification:_identify(src/hugr_navigation) by extensions ['colcon_pkg']
[0.177s] Level 1:colcon.colcon_core.package_identification:_identify(src/hugr_navigation) by extension 'colcon_pkg'
[0.177s] Level 1:colcon.colcon_core.package_identification:_identify(src/hugr_navigation) by extensions ['colcon_meta']
[0.177s] Level 1:colcon.colcon_core.package_identification:_identify(src/hugr_navigation) by extension 'colcon_meta'
[0.177s] Level 1:colcon.colcon_core.package_identification:_identify(src/hugr_navigation) by extensions ['ros']
[0.177s] Level 1:colcon.colcon_core.package_identification:_identify(src/hugr_navigation) by extension 'ros'
[0.177s] DEBUG:colcon.colcon_core.package_identification:Package 'src/hugr_navigation' with type 'ros.catkin' and name 'hugr_navigation'
[0.177s] Level 1:colcon.colcon_core.package_identification:_identify(src/hugr_perception) by extensions ['ignore', 'ignore_ament_install']
[0.177s] Level 1:colcon.colcon_core.package_identification:_identify(src/hugr_perception) by extension 'ignore'
[0.177s] Level 1:colcon.colcon_core.package_identification:_identify(src/hugr_perception) by extension 'ignore_ament_install'
[0.177s] Level 1:colcon.colcon_core.package_identification:_identify(src/hugr_perception) by extensions ['colcon_pkg']
[0.177s] Level 1:colcon.colcon_core.package_identification:_identify(src/hugr_perception) by extension 'colcon_pkg'
[0.177s] Level 1:colcon.colcon_core.package_identification:_identify(src/hugr_perception) by extensions ['colcon_meta']
[0.177s] Level 1:colcon.colcon_core.package_identification:_identify(src/hugr_perception) by extension 'colcon_meta'
[0.177s] Level 1:colcon.colcon_core.package_identification:_identify(src/hugr_perception) by extensions ['ros']
[0.177s] Level 1:colcon.colcon_core.package_identification:_identify(src/hugr_perception) by extension 'ros'
[0.178s] DEBUG:colcon.colcon_core.package_identification:Package 'src/hugr_perception' with type 'ros.catkin' and name 'hugr_perception'
[0.178s] Level 1:colcon.colcon_core.package_identification:_identify(src/hugr_sim) by extensions ['ignore', 'ignore_ament_install']
[0.178s] Level 1:colcon.colcon_core.package_identification:_identify(src/hugr_sim) by extension 'ignore'
[0.178s] Level 1:colcon.colcon_core.package_identification:_identify(src/hugr_sim) by extension 'ignore_ament_install'
[0.178s] Level 1:colcon.colcon_core.package_identification:_identify(src/hugr_sim) by extensions ['colcon_pkg']
[0.178s] Level 1:colcon.colcon_core.package_identification:_identify(src/hugr_sim) by extension 'colcon_pkg'
[0.178s] Level 1:colcon.colcon_core.package_identification:_identify(src/hugr_sim) by extensions ['colcon_meta']
[0.178s] Level 1:colcon.colcon_core.package_identification:_identify(src/hugr_sim) by extension 'colcon_meta'
[0.178s] Level 1:colcon.colcon_core.package_identification:_identify(src/hugr_sim) by extensions ['ros']
[0.178s] Level 1:colcon.colcon_core.package_identification:_identify(src/hugr_sim) by extension 'ros'
[0.179s] DEBUG:colcon.colcon_core.package_identification:Package 'src/hugr_sim' with type 'ros.catkin' and name 'hugr_sim'
[0.179s] Level 1:colcon.colcon_core.package_discovery:discover_packages(recursive) using defaults
[0.179s] Level 1:colcon.colcon_core.package_discovery:discover_packages(ignore) discover
[0.179s] Level 1:colcon.colcon_core.package_discovery:discover_packages(ignore) using defaults
[0.179s] Level 1:colcon.colcon_core.package_discovery:discover_packages(path) discover
[0.179s] Level 1:colcon.colcon_core.package_discovery:discover_packages(path) using defaults
[0.200s] Level 1:colcon.colcon_core.package_discovery:discover_packages(prefix_path) check parameters
[0.200s] Level 1:colcon.colcon_core.package_discovery:discover_packages(prefix_path) discover
[0.201s] WARNING:colcon.colcon_ros.prefix_path.ament:The path '/home/isak/seabotics_ws/Hugr_Primus/seabotics_ws/install' in the environment variable AMENT_PREFIX_PATH doesn't contain any 'local_setup.*' files.
[0.203s] DEBUG:colcon.colcon_installed_package_information.package_discovery:Found 0 installed packages in /home/isak/seabotics_ws/Hugr_Primus/seabotics_ws/install
[0.204s] DEBUG:colcon.colcon_installed_package_information.package_discovery:Found 53 installed packages in /home/isak/bookros2_ws/install
[0.204s] DEBUG:colcon.colcon_installed_package_information.package_discovery:Found 1 installed packages in /home/isak/ros2_ws/install
[0.206s] DEBUG:colcon.colcon_installed_package_information.package_discovery:Found 412 installed packages in /opt/ros/humble
[0.207s] Level 1:colcon.colcon_core.package_discovery:discover_packages(prefix_path) using defaults
[0.240s] Level 5:colcon.colcon_core.verb:set package 'hugr_description' build argument 'cmake_args' from command line to 'None'
[0.240s] Level 5:colcon.colcon_core.verb:set package 'hugr_description' build argument 'cmake_target' from command line to 'None'
[0.240s] Level 5:colcon.colcon_core.verb:set package 'hugr_description' build argument 'cmake_target_skip_unavailable' from command line to 'False'
[0.240s] Level 5:colcon.colcon_core.verb:set package 'hugr_description' build argument 'cmake_clean_cache' from command line to 'False'
[0.240s] Level 5:colcon.colcon_core.verb:set package 'hugr_description' build argument 'cmake_clean_first' from command line to 'False'
[0.240s] Level 5:colcon.colcon_core.verb:set package 'hugr_description' build argument 'cmake_force_configure' from command line to 'False'
[0.240s] Level 5:colcon.colcon_core.verb:set package 'hugr_description' build argument 'ament_cmake_args' from command line to 'None'
[0.240s] Level 5:colcon.colcon_core.verb:set package 'hugr_description' build argument 'catkin_cmake_args' from command line to 'None'
[0.240s] Level 5:colcon.colcon_core.verb:set package 'hugr_description' build argument 'catkin_skip_building_tests' from command line to 'False'
[0.240s] DEBUG:colcon.colcon_core.verb:Building package 'hugr_description' with the following arguments: {'ament_cmake_args': None, 'build_base': '/home/isak/seabotics_ws/Hugr_Primus/seabotics_ws/build/hugr_description', 'catkin_cmake_args': None, 'catkin_skip_building_tests': False, 'cmake_args': None, 'cmake_clean_cache': False, 'cmake_clean_first': False, 'cmake_force_configure': False, 'cmake_target': None, 'cmake_target_skip_unavailable': False, 'install_base': '/home/isak/seabotics_ws/Hugr_Primus/seabotics_ws/install', 'merge_install': True, 'path': '/home/isak/seabotics_ws/Hugr_Primus/seabotics_ws/src/hugr_description', 'symlink_install': True, 'test_result_base': None}
[0.240s] Level 5:colcon.colcon_core.verb:set package 'hugr_hardware' build argument 'cmake_args' from command line to 'None'
[0.240s] Level 5:colcon.colcon_core.verb:set package 'hugr_hardware' build argument 'cmake_target' from command line to 'None'
[0.240s] Level 5:colcon.colcon_core.verb:set package 'hugr_hardware' build argument 'cmake_target_skip_unavailable' from command line to 'False'
[0.240s] Level 5:colcon.colcon_core.verb:set package 'hugr_hardware' build argument 'cmake_clean_cache' from command line to 'False'
[0.240s] Level 5:colcon.colcon_core.verb:set package 'hugr_hardware' build argument 'cmake_clean_first' from command line to 'False'
[0.240s] Level 5:colcon.colcon_core.verb:set package 'hugr_hardware' build argument 'cmake_force_configure' from command line to 'False'
[0.240s] Level 5:colcon.colcon_core.verb:set package 'hugr_hardware' build argument 'ament_cmake_args' from command line to 'None'
[0.240s] Level 5:colcon.colcon_core.verb:set package 'hugr_hardware' build argument 'catkin_cmake_args' from command line to 'None'
[0.240s] Level 5:colcon.colcon_core.verb:set package 'hugr_hardware' build argument 'catkin_skip_building_tests' from command line to 'False'
[0.240s] DEBUG:colcon.colcon_core.verb:Building package 'hugr_hardware' with the following arguments: {'ament_cmake_args': None, 'build_base': '/home/isak/seabotics_ws/Hugr_Primus/seabotics_ws/build/hugr_hardware', 'catkin_cmake_args': None, 'catkin_skip_building_tests': False, 'cmake_args': None, 'cmake_clean_cache': False, 'cmake_clean_first': False, 'cmake_force_configure': False, 'cmake_target': None, 'cmake_target_skip_unavailable': False, 'install_base': '/home/isak/seabotics_ws/Hugr_Primus/seabotics_ws/install', 'merge_install': True, 'path': '/home/isak/seabotics_ws/Hugr_Primus/seabotics_ws/src/hugr_hardware', 'symlink_install': True, 'test_result_base': None}
[0.240s] Level 5:colcon.colcon_core.verb:set package 'hugr_manual_control' build argument 'cmake_args' from command line to 'None'
[0.241s] Level 5:colcon.colcon_core.verb:set package 'hugr_manual_control' build argument 'cmake_target' from command line to 'None'
[0.241s] Level 5:colcon.colcon_core.verb:set package 'hugr_manual_control' build argument 'cmake_target_skip_unavailable' from command line to 'False'
[0.241s] Level 5:colcon.colcon_core.verb:set package 'hugr_manual_control' build argument 'cmake_clean_cache' from command line to 'False'
[0.241s] Level 5:colcon.colcon_core.verb:set package 'hugr_manual_control' build argument 'cmake_clean_first' from command line to 'False'
[0.241s] Level 5:colcon.colcon_core.verb:set package 'hugr_manual_control' build argument 'cmake_force_configure' from command line to 'False'
[0.241s] Level 5:colcon.colcon_core.verb:set package 'hugr_manual_control' build argument 'ament_cmake_args' from command line to 'None'
[0.241s] Level 5:colcon.colcon_core.verb:set package 'hugr_manual_control' build argument 'catkin_cmake_args' from command line to 'None'
[0.241s] Level 5:colcon.colcon_core.verb:set package 'hugr_manual_control' build argument 'catkin_skip_building_tests' from command line to 'False'
[0.241s] DEBUG:colcon.colcon_core.verb:Building package 'hugr_manual_control' with the following arguments: {'ament_cmake_args': None, 'build_base': '/home/isak/seabotics_ws/Hugr_Primus/seabotics_ws/build/hugr_manual_control', 'catkin_cmake_args': None, 'catkin_skip_building_tests': False, 'cmake_args': None, 'cmake_clean_cache': False, 'cmake_clean_first': False, 'cmake_force_configure': False, 'cmake_target': None, 'cmake_target_skip_unavailable': False, 'install_base': '/home/isak/seabotics_ws/Hugr_Primus/seabotics_ws/install', 'merge_install': True, 'path': '/home/isak/seabotics_ws/Hugr_Primus/seabotics_ws/src/hugr_manual_control', 'symlink_install': True, 'test_result_base': None}
[0.241s] Level 5:colcon.colcon_core.verb:set package 'hugr_mission' build argument 'cmake_args' from command line to 'None'
[0.241s] Level 5:colcon.colcon_core.verb:set package 'hugr_mission' build argument 'cmake_target' from command line to 'None'
[0.241s] Level 5:colcon.colcon_core.verb:set package 'hugr_mission' build argument 'cmake_target_skip_unavailable' from command line to 'False'
[0.241s] Level 5:colcon.colcon_core.verb:set package 'hugr_mission' build argument 'cmake_clean_cache' from command line to 'False'
[0.241s] Level 5:colcon.colcon_core.verb:set package 'hugr_mission' build argument 'cmake_clean_first' from command line to 'False'
[0.241s] Level 5:colcon.colcon_core.verb:set package 'hugr_mission' build argument 'cmake_force_configure' from command line to 'False'
[0.241s] Level 5:colcon.colcon_core.verb:set package 'hugr_mission' build argument 'ament_cmake_args' from command line to 'None'
[0.241s] Level 5:colcon.colcon_core.verb:set package 'hugr_mission' build argument 'catkin_cmake_args' from command line to 'None'
[0.241s] Level 5:colcon.colcon_core.verb:set package 'hugr_mission' build argument 'catkin_skip_building_tests' from command line to 'False'
[0.241s] DEBUG:colcon.colcon_core.verb:Building package 'hugr_mission' with the following arguments: {'ament_cmake_args': None, 'build_base': '/home/isak/seabotics_ws/Hugr_Primus/seabotics_ws/build/hugr_mission', 'catkin_cmake_args': None, 'catkin_skip_building_tests': False, 'cmake_args': None, 'cmake_clean_cache': False, 'cmake_clean_first': False, 'cmake_force_configure': False, 'cmake_target': None, 'cmake_target_skip_unavailable': False, 'install_base': '/home/isak/seabotics_ws/Hugr_Primus/seabotics_ws/install', 'merge_install': True, 'path': '/home/isak/seabotics_ws/Hugr_Primus/seabotics_ws/src/hugr_mission', 'symlink_install': True, 'test_result_base': None}
[0.241s] Level 5:colcon.colcon_core.verb:set package 'hugr_navigation' build argument 'cmake_args' from command line to 'None'
[0.241s] Level 5:colcon.colcon_core.verb:set package 'hugr_navigation' build argument 'cmake_target' from command line to 'None'
[0.241s] Level 5:colcon.colcon_core.verb:set package 'hugr_navigation' build argument 'cmake_target_skip_unavailable' from command line to 'False'
[0.241s] Level 5:colcon.colcon_core.verb:set package 'hugr_navigation' build argument 'cmake_clean_cache' from command line to 'False'
[0.241s] Level 5:colcon.colcon_core.verb:set package 'hugr_navigation' build argument 'cmake_clean_first' from command line to 'False'
[0.241s] Level 5:colcon.colcon_core.verb:set package 'hugr_navigation' build argument 'cmake_force_configure' from command line to 'False'
[0.241s] Level 5:colcon.colcon_core.verb:set package 'hugr_navigation' build argument 'ament_cmake_args' from command line to 'None'
[0.241s] Level 5:colcon.colcon_core.verb:set package 'hugr_navigation' build argument 'catkin_cmake_args' from command line to 'None'
[0.241s] Level 5:colcon.colcon_core.verb:set package 'hugr_navigation' build argument 'catkin_skip_building_tests' from command line to 'False'
[0.241s] DEBUG:colcon.colcon_core.verb:Building package 'hugr_navigation' with the following arguments: {'ament_cmake_args': None, 'build_base': '/home/isak/seabotics_ws/Hugr_Primus/seabotics_ws/build/hugr_navigation', 'catkin_cmake_args': None, 'catkin_skip_building_tests': False, 'cmake_args': None, 'cmake_clean_cache': False, 'cmake_clean_first': False, 'cmake_force_configure': False, 'cmake_target': None, 'cmake_target_skip_unavailable': False, 'install_base': '/home/isak/seabotics_ws/Hugr_Primus/seabotics_ws/install', 'merge_install': True, 'path': '/home/isak/seabotics_ws/Hugr_Primus/seabotics_ws/src/hugr_navigation', 'symlink_install': True, 'test_result_base': None}
[0.241s] Level 5:colcon.colcon_core.verb:set package 'hugr_perception' build argument 'cmake_args' from command line to 'None'
[0.241s] Level 5:colcon.colcon_core.verb:set package 'hugr_perception' build argument 'cmake_target' from command line to 'None'
[0.241s] Level 5:colcon.colcon_core.verb:set package 'hugr_perception' build argument 'cmake_target_skip_unavailable' from command line to 'False'
[0.241s] Level 5:colcon.colcon_core.verb:set package 'hugr_perception' build argument 'cmake_clean_cache' from command line to 'False'
[0.241s] Level 5:colcon.colcon_core.verb:set package 'hugr_perception' build argument 'cmake_clean_first' from command line to 'False'
[0.241s] Level 5:colcon.colcon_core.verb:set package 'hugr_perception' build argument 'cmake_force_configure' from command line to 'False'
[0.241s] Level 5:colcon.colcon_core.verb:set package 'hugr_perception' build argument 'ament_cmake_args' from command line to 'None'
[0.241s] Level 5:colcon.colcon_core.verb:set package 'hugr_perception' build argument 'catkin_cmake_args' from command line to 'None'
[0.241s] Level 5:colcon.colcon_core.verb:set package 'hugr_perception' build argument 'catkin_skip_building_tests' from command line to 'False'
[0.241s] DEBUG:colcon.colcon_core.verb:Building package 'hugr_perception' with the following arguments: {'ament_cmake_args': None, 'build_base': '/home/isak/seabotics_ws/Hugr_Primus/seabotics_ws/build/hugr_perception', 'catkin_cmake_args': None, 'catkin_skip_building_tests': False, 'cmake_args': None, 'cmake_clean_cache': False, 'cmake_clean_first': False, 'cmake_force_configure': False, 'cmake_target': None, 'cmake_target_skip_unavailable': False, 'install_base': '/home/isak/seabotics_ws/Hugr_Primus/seabotics_ws/install', 'merge_install': True, 'path': '/home/isak/seabotics_ws/Hugr_Primus/seabotics_ws/src/hugr_perception', 'symlink_install': True, 'test_result_base': None}
[0.242s] Level 5:colcon.colcon_core.verb:set package 'hugr_sim' build argument 'cmake_args' from command line to 'None'
[0.242s] Level 5:colcon.colcon_core.verb:set package 'hugr_sim' build argument 'cmake_target' from command line to 'None'
[0.242s] Level 5:colcon.colcon_core.verb:set package 'hugr_sim' build argument 'cmake_target_skip_unavailable' from command line to 'False'
[0.242s] Level 5:colcon.colcon_core.verb:set package 'hugr_sim' build argument 'cmake_clean_cache' from command line to 'False'
[0.242s] Level 5:colcon.colcon_core.verb:set package 'hugr_sim' build argument 'cmake_clean_first' from command line to 'False'
[0.242s] Level 5:colcon.colcon_core.verb:set package 'hugr_sim' build argument 'cmake_force_configure' from command line to 'False'
[0.242s] Level 5:colcon.colcon_core.verb:set package 'hugr_sim' build argument 'ament_cmake_args' from command line to 'None'
[0.242s] Level 5:colcon.colcon_core.verb:set package 'hugr_sim' build argument 'catkin_cmake_args' from command line to 'None'
[0.242s] Level 5:colcon.colcon_core.verb:set package 'hugr_sim' build argument 'catkin_skip_building_tests' from command line to 'False'
[0.242s] DEBUG:colcon.colcon_core.verb:Building package 'hugr_sim' with the following arguments: {'ament_cmake_args': None, 'build_base': '/home/isak/seabotics_ws/Hugr_Primus/seabotics_ws/build/hugr_sim', 'catkin_cmake_args': None, 'catkin_skip_building_tests': False, 'cmake_args': None, 'cmake_clean_cache': False, 'cmake_clean_first': False, 'cmake_force_configure': False, 'cmake_target': None, 'cmake_target_skip_unavailable': False, 'install_base': '/home/isak/seabotics_ws/Hugr_Primus/seabotics_ws/install', 'merge_install': True, 'path': '/home/isak/seabotics_ws/Hugr_Primus/seabotics_ws/src/hugr_sim', 'symlink_install': True, 'test_result_base': None}
[0.242s] Level 5:colcon.colcon_core.verb:set package 'hugr_bringup' build argument 'cmake_args' from command line to 'None'
[0.242s] Level 5:colcon.colcon_core.verb:set package 'hugr_bringup' build argument 'cmake_target' from command line to 'None'
[0.242s] Level 5:colcon.colcon_core.verb:set package 'hugr_bringup' build argument 'cmake_target_skip_unavailable' from command line to 'False'
[0.242s] Level 5:colcon.colcon_core.verb:set package 'hugr_bringup' build argument 'cmake_clean_cache' from command line to 'False'
[0.242s] Level 5:colcon.colcon_core.verb:set package 'hugr_bringup' build argument 'cmake_clean_first' from command line to 'False'
[0.242s] Level 5:colcon.colcon_core.verb:set package 'hugr_bringup' build argument 'cmake_force_configure' from command line to 'False'
[0.242s] Level 5:colcon.colcon_core.verb:set package 'hugr_bringup' build argument 'ament_cmake_args' from command line to 'None'
[0.242s] Level 5:colcon.colcon_core.verb:set package 'hugr_bringup' build argument 'catkin_cmake_args' from command line to 'None'
[0.242s] Level 5:colcon.colcon_core.verb:set package 'hugr_bringup' build argument 'catkin_skip_building_tests' from command line to 'False'
[0.242s] DEBUG:colcon.colcon_core.verb:Building package 'hugr_bringup' with the following arguments: {'ament_cmake_args': None, 'build_base': '/home/isak/seabotics_ws/Hugr_Primus/seabotics_ws/build/hugr_bringup', 'catkin_cmake_args': None, 'catkin_skip_building_tests': False, 'cmake_args': None, 'cmake_clean_cache': False, 'cmake_clean_first': False, 'cmake_force_configure': False, 'cmake_target': None, 'cmake_target_skip_unavailable': False, 'install_base': '/home/isak/seabotics_ws/Hugr_Primus/seabotics_ws/install', 'merge_install': True, 'path': '/home/isak/seabotics_ws/Hugr_Primus/seabotics_ws/src/hugr_bringup', 'symlink_install': True, 'test_result_base': None}
[0.242s] INFO:colcon.colcon_core.executor:Executing jobs using 'parallel' executor
[0.243s] DEBUG:colcon.colcon_parallel_executor.executor.parallel:run_until_complete
[0.243s] INFO:colcon.colcon_ros.task.catkin.build:Building ROS package in '/home/isak/seabotics_ws/Hugr_Primus/seabotics_ws/src/hugr_description' with build type 'catkin'
[0.243s] INFO:colcon.colcon_cmake.task.cmake.build:Building CMake package in '/home/isak/seabotics_ws/Hugr_Primus/seabotics_ws/src/hugr_description'
[0.245s] INFO:colcon.colcon_core.plugin_system:Skipping extension 'colcon_core.shell.bat': Not used on non-Windows systems
[0.245s] INFO:colcon.colcon_core.shell:Skip shell extension 'powershell' for command environment: Not usable outside of PowerShell
[0.245s] DEBUG:colcon.colcon_core.shell:Skip shell extension 'dsv' for command environment
[0.250s] INFO:colcon.colcon_ros.task.catkin.build:Building ROS package in '/home/isak/seabotics_ws/Hugr_Primus/seabotics_ws/src/hugr_hardware' with build type 'catkin'
[0.250s] INFO:colcon.colcon_cmake.task.cmake.build:Building CMake package in '/home/isak/seabotics_ws/Hugr_Primus/seabotics_ws/src/hugr_hardware'
[0.250s] INFO:colcon.colcon_core.shell:Skip shell extension 'powershell' for command environment: Not usable outside of PowerShell
[0.250s] DEBUG:colcon.colcon_core.shell:Skip shell extension 'dsv' for command environment
[0.255s] INFO:colcon.colcon_ros.task.catkin.build:Building ROS package in '/home/isak/seabotics_ws/Hugr_Primus/seabotics_ws/src/hugr_manual_control' with build type 'catkin'
[0.255s] INFO:colcon.colcon_cmake.task.cmake.build:Building CMake package in '/home/isak/seabotics_ws/Hugr_Primus/seabotics_ws/src/hugr_manual_control'
[0.255s] INFO:colcon.colcon_core.shell:Skip shell extension 'powershell' for command environment: Not usable outside of PowerShell
[0.255s] DEBUG:colcon.colcon_core.shell:Skip shell extension 'dsv' for command environment
[0.261s] INFO:colcon.colcon_ros.task.catkin.build:Building ROS package in '/home/isak/seabotics_ws/Hugr_Primus/seabotics_ws/src/hugr_mission' with build type 'catkin'
[0.261s] INFO:colcon.colcon_cmake.task.cmake.build:Building CMake package in '/home/isak/seabotics_ws/Hugr_Primus/seabotics_ws/src/hugr_mission'
[0.261s] INFO:colcon.colcon_core.shell:Skip shell extension 'powershell' for command environment: Not usable outside of PowerShell
[0.261s] DEBUG:colcon.colcon_core.shell:Skip shell extension 'dsv' for command environment
[0.266s] INFO:colcon.colcon_ros.task.catkin.build:Building ROS package in '/home/isak/seabotics_ws/Hugr_Primus/seabotics_ws/src/hugr_navigation' with build type 'catkin'
[0.266s] INFO:colcon.colcon_cmake.task.cmake.build:Building CMake package in '/home/isak/seabotics_ws/Hugr_Primus/seabotics_ws/src/hugr_navigation'
[0.266s] INFO:colcon.colcon_core.shell:Skip shell extension 'powershell' for command environment: Not usable outside of PowerShell
[0.266s] DEBUG:colcon.colcon_core.shell:Skip shell extension 'dsv' for command environment
[0.271s] INFO:colcon.colcon_ros.task.catkin.build:Building ROS package in '/home/isak/seabotics_ws/Hugr_Primus/seabotics_ws/src/hugr_perception' with build type 'catkin'
[0.271s] INFO:colcon.colcon_cmake.task.cmake.build:Building CMake package in '/home/isak/seabotics_ws/Hugr_Primus/seabotics_ws/src/hugr_perception'
[0.271s] INFO:colcon.colcon_core.shell:Skip shell extension 'powershell' for command environment: Not usable outside of PowerShell
[0.271s] DEBUG:colcon.colcon_core.shell:Skip shell extension 'dsv' for command environment
[0.276s] INFO:colcon.colcon_ros.task.catkin.build:Building ROS package in '/home/isak/seabotics_ws/Hugr_Primus/seabotics_ws/src/hugr_sim' with build type 'catkin'
[0.276s] INFO:colcon.colcon_cmake.task.cmake.build:Building CMake package in '/home/isak/seabotics_ws/Hugr_Primus/seabotics_ws/src/hugr_sim'
[0.276s] INFO:colcon.colcon_core.shell:Skip shell extension 'powershell' for command environment: Not usable outside of PowerShell
[0.276s] DEBUG:colcon.colcon_core.shell:Skip shell extension 'dsv' for command environment
[0.284s] DEBUG:colcon.colcon_core.event_handler.log_command:Invoking command in '/home/isak/seabotics_ws/Hugr_Primus/seabotics_ws/build/hugr_description': /usr/bin/cmake /home/isak/seabotics_ws/Hugr_Primus/seabotics_ws/src/hugr_description -DCATKIN_INSTALL_INTO_PREFIX_ROOT=0 -DCATKIN_SYMLINK_INSTALL=ON -DCMAKE_INSTALL_PREFIX=/home/isak/seabotics_ws/Hugr_Primus/seabotics_ws/install
[0.286s] DEBUG:colcon.colcon_core.event_handler.log_command:Invoking command in '/home/isak/seabotics_ws/Hugr_Primus/seabotics_ws/build/hugr_hardware': /usr/bin/cmake /home/isak/seabotics_ws/Hugr_Primus/seabotics_ws/src/hugr_hardware -DCATKIN_INSTALL_INTO_PREFIX_ROOT=0 -DCATKIN_SYMLINK_INSTALL=ON -DCMAKE_INSTALL_PREFIX=/home/isak/seabotics_ws/Hugr_Primus/seabotics_ws/install
[0.287s] DEBUG:colcon.colcon_core.event_handler.log_command:Invoking command in '/home/isak/seabotics_ws/Hugr_Primus/seabotics_ws/build/hugr_manual_control': /usr/bin/cmake /home/isak/seabotics_ws/Hugr_Primus/seabotics_ws/src/hugr_manual_control -DCATKIN_INSTALL_INTO_PREFIX_ROOT=0 -DCATKIN_SYMLINK_INSTALL=ON -DCMAKE_INSTALL_PREFIX=/home/isak/seabotics_ws/Hugr_Primus/seabotics_ws/install
[0.288s] DEBUG:colcon.colcon_core.event_handler.log_command:Invoking command in '/home/isak/seabotics_ws/Hugr_Primus/seabotics_ws/build/hugr_mission': /usr/bin/cmake /home/isak/seabotics_ws/Hugr_Primus/seabotics_ws/src/hugr_mission -DCATKIN_INSTALL_INTO_PREFIX_ROOT=0 -DCATKIN_SYMLINK_INSTALL=ON -DCMAKE_INSTALL_PREFIX=/home/isak/seabotics_ws/Hugr_Primus/seabotics_ws/install
[0.290s] DEBUG:colcon.colcon_core.event_handler.log_command:Invoking command in '/home/isak/seabotics_ws/Hugr_Primus/seabotics_ws/build/hugr_navigation': /usr/bin/cmake /home/isak/seabotics_ws/Hugr_Primus/seabotics_ws/src/hugr_navigation -DCATKIN_INSTALL_INTO_PREFIX_ROOT=0 -DCATKIN_SYMLINK_INSTALL=ON -DCMAKE_INSTALL_PREFIX=/home/isak/seabotics_ws/Hugr_Primus/seabotics_ws/install
[0.292s] DEBUG:colcon.colcon_core.event_handler.log_command:Invoking command in '/home/isak/seabotics_ws/Hugr_Primus/seabotics_ws/build/hugr_perception': /usr/bin/cmake /home/isak/seabotics_ws/Hugr_Primus/seabotics_ws/src/hugr_perception -DCATKIN_INSTALL_INTO_PREFIX_ROOT=0 -DCATKIN_SYMLINK_INSTALL=ON -DCMAKE_INSTALL_PREFIX=/home/isak/seabotics_ws/Hugr_Primus/seabotics_ws/install
[0.295s] DEBUG:colcon.colcon_core.event_handler.log_command:Invoking command in '/home/isak/seabotics_ws/Hugr_Primus/seabotics_ws/build/hugr_sim': /usr/bin/cmake /home/isak/seabotics_ws/Hugr_Primus/seabotics_ws/src/hugr_sim -DCATKIN_INSTALL_INTO_PREFIX_ROOT=0 -DCATKIN_SYMLINK_INSTALL=ON -DCMAKE_INSTALL_PREFIX=/home/isak/seabotics_ws/Hugr_Primus/seabotics_ws/install
[0.894s] DEBUG:colcon.colcon_core.event_handler.log_command:Invoked command in '/home/isak/seabotics_ws/Hugr_Primus/seabotics_ws/build/hugr_perception' returned '0': /usr/bin/cmake /home/isak/seabotics_ws/Hugr_Primus/seabotics_ws/src/hugr_perception -DCATKIN_INSTALL_INTO_PREFIX_ROOT=0 -DCATKIN_SYMLINK_INSTALL=ON -DCMAKE_INSTALL_PREFIX=/home/isak/seabotics_ws/Hugr_Primus/seabotics_ws/install
[0.895s] DEBUG:colcon.colcon_core.event_handler.log_command:Invoking command in '/home/isak/seabotics_ws/Hugr_Primus/seabotics_ws/build/hugr_perception': /usr/bin/cmake --build /home/isak/seabotics_ws/Hugr_Primus/seabotics_ws/build/hugr_perception -- -j12 -l12
[0.913s] DEBUG:colcon.colcon_core.event_handler.log_command:Invoked command in '/home/isak/seabotics_ws/Hugr_Primus/seabotics_ws/build/hugr_manual_control' returned '0': /usr/bin/cmake /home/isak/seabotics_ws/Hugr_Primus/seabotics_ws/src/hugr_manual_control -DCATKIN_INSTALL_INTO_PREFIX_ROOT=0 -DCATKIN_SYMLINK_INSTALL=ON -DCMAKE_INSTALL_PREFIX=/home/isak/seabotics_ws/Hugr_Primus/seabotics_ws/install
[0.914s] DEBUG:colcon.colcon_core.event_handler.log_command:Invoking command in '/home/isak/seabotics_ws/Hugr_Primus/seabotics_ws/build/hugr_manual_control': /usr/bin/cmake --build /home/isak/seabotics_ws/Hugr_Primus/seabotics_ws/build/hugr_manual_control -- -j12 -l12
[0.917s] DEBUG:colcon.colcon_core.event_handler.log_command:Invoked command in '/home/isak/seabotics_ws/Hugr_Primus/seabotics_ws/build/hugr_description' returned '0': /usr/bin/cmake /home/isak/seabotics_ws/Hugr_Primus/seabotics_ws/src/hugr_description -DCATKIN_INSTALL_INTO_PREFIX_ROOT=0 -DCATKIN_SYMLINK_INSTALL=ON -DCMAKE_INSTALL_PREFIX=/home/isak/seabotics_ws/Hugr_Primus/seabotics_ws/install
[0.918s] DEBUG:colcon.colcon_core.event_handler.log_command:Invoking command in '/home/isak/seabotics_ws/Hugr_Primus/seabotics_ws/build/hugr_description': /usr/bin/cmake --build /home/isak/seabotics_ws/Hugr_Primus/seabotics_ws/build/hugr_description -- -j12 -l12
[0.927s] DEBUG:colcon.colcon_core.event_handler.log_command:Invoked command in '/home/isak/seabotics_ws/Hugr_Primus/seabotics_ws/build/hugr_perception' returned '0': /usr/bin/cmake --build /home/isak/seabotics_ws/Hugr_Primus/seabotics_ws/build/hugr_perception -- -j12 -l12
[0.934s] DEBUG:colcon.colcon_core.event_handler.log_command:Invoking command in '/home/isak/seabotics_ws/Hugr_Primus/seabotics_ws/build/hugr_perception': /usr/bin/cmake --install /home/isak/seabotics_ws/Hugr_Primus/seabotics_ws/build/hugr_perception
[0.936s] DEBUG:colcon.colcon_core.event_handler.log_command:Invoked command in '/home/isak/seabotics_ws/Hugr_Primus/seabotics_ws/build/hugr_mission' returned '0': /usr/bin/cmake /home/isak/seabotics_ws/Hugr_Primus/seabotics_ws/src/hugr_mission -DCATKIN_INSTALL_INTO_PREFIX_ROOT=0 -DCATKIN_SYMLINK_INSTALL=ON -DCMAKE_INSTALL_PREFIX=/home/isak/seabotics_ws/Hugr_Primus/seabotics_ws/install
[0.938s] DEBUG:colcon.colcon_core.event_handler.log_command:Invoking command in '/home/isak/seabotics_ws/Hugr_Primus/seabotics_ws/build/hugr_mission': /usr/bin/cmake --build /home/isak/seabotics_ws/Hugr_Primus/seabotics_ws/build/hugr_mission -- -j12 -l12
[0.942s] DEBUG:colcon.colcon_core.event_handler.log_command:Invoked command in '/home/isak/seabotics_ws/Hugr_Primus/seabotics_ws/build/hugr_navigation' returned '0': /usr/bin/cmake /home/isak/seabotics_ws/Hugr_Primus/seabotics_ws/src/hugr_navigation -DCATKIN_INSTALL_INTO_PREFIX_ROOT=0 -DCATKIN_SYMLINK_INSTALL=ON -DCMAKE_INSTALL_PREFIX=/home/isak/seabotics_ws/Hugr_Primus/seabotics_ws/install
[0.943s] DEBUG:colcon.colcon_core.event_handler.log_command:Invoking command in '/home/isak/seabotics_ws/Hugr_Primus/seabotics_ws/build/hugr_navigation': /usr/bin/cmake --build /home/isak/seabotics_ws/Hugr_Primus/seabotics_ws/build/hugr_navigation -- -j12 -l12
[0.944s] DEBUG:colcon.colcon_core.event_handler.log_command:Invoked command in '/home/isak/seabotics_ws/Hugr_Primus/seabotics_ws/build/hugr_perception' returned '0': /usr/bin/cmake --install /home/isak/seabotics_ws/Hugr_Primus/seabotics_ws/build/hugr_perception
[0.944s] Level 1:colcon.colcon_core.shell:create_environment_hook('hugr_perception', 'ros_package_path')
[0.944s] INFO:colcon.colcon_core.shell:Creating environment hook '/home/isak/seabotics_ws/Hugr_Primus/seabotics_ws/install/share/hugr_perception/hook/ros_package_path.ps1'
[0.945s] INFO:colcon.colcon_core.shell:Creating environment descriptor '/home/isak/seabotics_ws/Hugr_Primus/seabotics_ws/install/share/hugr_perception/hook/ros_package_path.dsv'
[0.945s] INFO:colcon.colcon_core.shell:Creating environment hook '/home/isak/seabotics_ws/Hugr_Primus/seabotics_ws/install/share/hugr_perception/hook/ros_package_path.sh'
[0.945s] Level 1:colcon.colcon_core.shell:create_environment_hook('hugr_perception', 'pkg_config_path')
[0.946s] INFO:colcon.colcon_core.shell:Creating environment hook '/home/isak/seabotics_ws/Hugr_Primus/seabotics_ws/install/share/hugr_perception/hook/pkg_config_path.ps1'
[0.946s] INFO:colcon.colcon_core.shell:Creating environment descriptor '/home/isak/seabotics_ws/Hugr_Primus/seabotics_ws/install/share/hugr_perception/hook/pkg_config_path.dsv'
[0.946s] INFO:colcon.colcon_core.shell:Creating environment hook '/home/isak/seabotics_ws/Hugr_Primus/seabotics_ws/install/share/hugr_perception/hook/pkg_config_path.sh'
[0.948s] Level 1:colcon.colcon_core.shell:create_environment_hook('hugr_perception', 'pkg_config_path_multiarch')
[0.948s] INFO:colcon.colcon_core.shell:Creating environment hook '/home/isak/seabotics_ws/Hugr_Primus/seabotics_ws/install/share/hugr_perception/hook/pkg_config_path_multiarch.ps1'
[0.949s] INFO:colcon.colcon_core.shell:Creating environment descriptor '/home/isak/seabotics_ws/Hugr_Primus/seabotics_ws/install/share/hugr_perception/hook/pkg_config_path_multiarch.dsv'
[0.949s] INFO:colcon.colcon_core.shell:Creating environment hook '/home/isak/seabotics_ws/Hugr_Primus/seabotics_ws/install/share/hugr_perception/hook/pkg_config_path_multiarch.sh'
[0.949s] Level 1:colcon.colcon_core.environment:create_environment_scripts_only(hugr_perception)
[0.951s] Level 1:colcon.colcon_core.environment:checking '/home/isak/seabotics_ws/Hugr_Primus/seabotics_ws/install' for CMake module files
[0.951s] Level 1:colcon.colcon_core.environment:checking '/home/isak/seabotics_ws/Hugr_Primus/seabotics_ws/install' for CMake config files
[0.951s] Level 1:colcon.colcon_core.shell:create_environment_hook('hugr_perception', 'cmake_prefix_path')
[0.952s] INFO:colcon.colcon_core.shell:Creating environment hook '/home/isak/seabotics_ws/Hugr_Primus/seabotics_ws/install/share/hugr_perception/hook/cmake_prefix_path.ps1'
[0.952s] INFO:colcon.colcon_core.shell:Creating environment descriptor '/home/isak/seabotics_ws/Hugr_Primus/seabotics_ws/install/share/hugr_perception/hook/cmake_prefix_path.dsv'
[0.952s] INFO:colcon.colcon_core.shell:Creating environment hook '/home/isak/seabotics_ws/Hugr_Primus/seabotics_ws/install/share/hugr_perception/hook/cmake_prefix_path.sh'
[0.952s] Level 1:colcon.colcon_core.environment:checking '/home/isak/seabotics_ws/Hugr_Primus/seabotics_ws/install/bin'
[0.952s] Level 1:colcon.colcon_core.environment:checking '/home/isak/seabotics_ws/Hugr_Primus/seabotics_ws/install/lib/pkgconfig/hugr_perception.pc'
[0.952s] Level 1:colcon.colcon_core.environment:checking '/home/isak/seabotics_ws/Hugr_Primus/seabotics_ws/install/lib/python3.10/site-packages'
[0.952s] Level 1:colcon.colcon_core.environment:checking '/home/isak/seabotics_ws/Hugr_Primus/seabotics_ws/install/bin'
[0.953s] INFO:colcon.colcon_core.shell:Creating package script '/home/isak/seabotics_ws/Hugr_Primus/seabotics_ws/install/share/hugr_perception/package.ps1'
[0.953s] INFO:colcon.colcon_core.shell:Creating package descriptor '/home/isak/seabotics_ws/Hugr_Primus/seabotics_ws/install/share/hugr_perception/package.dsv'
[0.953s] INFO:colcon.colcon_core.shell:Creating package script '/home/isak/seabotics_ws/Hugr_Primus/seabotics_ws/install/share/hugr_perception/package.sh'
[0.954s] INFO:colcon.colcon_core.shell:Creating package script '/home/isak/seabotics_ws/Hugr_Primus/seabotics_ws/install/share/hugr_perception/package.bash'
[0.954s] INFO:colcon.colcon_core.shell:Creating package script '/home/isak/seabotics_ws/Hugr_Primus/seabotics_ws/install/share/hugr_perception/package.zsh'
[0.954s] Level 1:colcon.colcon_core.environment:create_file_with_runtime_dependencies(/home/isak/seabotics_ws/Hugr_Primus/seabotics_ws/install/share/colcon-core/packages/hugr_perception)
[0.955s] DEBUG:colcon.colcon_core.event_handler.log_command:Invoked command in '/home/isak/seabotics_ws/Hugr_Primus/seabotics_ws/build/hugr_manual_control' returned '0': /usr/bin/cmake --build /home/isak/seabotics_ws/Hugr_Primus/seabotics_ws/build/hugr_manual_control -- -j12 -l12
[0.956s] DEBUG:colcon.colcon_core.event_handler.log_command:Invoking command in '/home/isak/seabotics_ws/Hugr_Primus/seabotics_ws/build/hugr_manual_control': /usr/bin/cmake --install /home/isak/seabotics_ws/Hugr_Primus/seabotics_ws/build/hugr_manual_control
[0.957s] DEBUG:colcon.colcon_core.event_handler.log_command:Invoked command in '/home/isak/seabotics_ws/Hugr_Primus/seabotics_ws/build/hugr_sim' returned '0': /usr/bin/cmake /home/isak/seabotics_ws/Hugr_Primus/seabotics_ws/src/hugr_sim -DCATKIN_INSTALL_INTO_PREFIX_ROOT=0 -DCATKIN_SYMLINK_INSTALL=ON -DCMAKE_INSTALL_PREFIX=/home/isak/seabotics_ws/Hugr_Primus/seabotics_ws/install
[0.957s] DEBUG:colcon.colcon_core.event_handler.log_command:Invoking command in '/home/isak/seabotics_ws/Hugr_Primus/seabotics_ws/build/hugr_sim': /usr/bin/cmake --build /home/isak/seabotics_ws/Hugr_Primus/seabotics_ws/build/hugr_sim -- -j12 -l12
[0.958s] DEBUG:colcon.colcon_core.event_handler.log_command:Invoked command in '/home/isak/seabotics_ws/Hugr_Primus/seabotics_ws/build/hugr_description' returned '0': /usr/bin/cmake --build /home/isak/seabotics_ws/Hugr_Primus/seabotics_ws/build/hugr_description -- -j12 -l12
[0.958s] DEBUG:colcon.colcon_core.event_handler.log_command:Invoking command in '/home/isak/seabotics_ws/Hugr_Primus/seabotics_ws/build/hugr_description': /usr/bin/cmake --install /home/isak/seabotics_ws/Hugr_Primus/seabotics_ws/build/hugr_description
[0.965s] DEBUG:colcon.colcon_core.event_handler.log_command:Invoked command in '/home/isak/seabotics_ws/Hugr_Primus/seabotics_ws/build/hugr_manual_control' returned '0': /usr/bin/cmake --install /home/isak/seabotics_ws/Hugr_Primus/seabotics_ws/build/hugr_manual_control
[0.966s] Level 1:colcon.colcon_core.shell:create_environment_hook('hugr_manual_control', 'ros_package_path')
[0.966s] INFO:colcon.colcon_core.shell:Creating environment hook '/home/isak/seabotics_ws/Hugr_Primus/seabotics_ws/install/share/hugr_manual_control/hook/ros_package_path.ps1'
[0.966s] INFO:colcon.colcon_core.shell:Creating environment descriptor '/home/isak/seabotics_ws/Hugr_Primus/seabotics_ws/install/share/hugr_manual_control/hook/ros_package_path.dsv'
[0.966s] INFO:colcon.colcon_core.shell:Creating environment hook '/home/isak/seabotics_ws/Hugr_Primus/seabotics_ws/install/share/hugr_manual_control/hook/ros_package_path.sh'
[0.967s] Level 1:colcon.colcon_core.shell:create_environment_hook('hugr_manual_control', 'pkg_config_path')
[0.967s] INFO:colcon.colcon_core.shell:Creating environment hook '/home/isak/seabotics_ws/Hugr_Primus/seabotics_ws/install/share/hugr_manual_control/hook/pkg_config_path.ps1'
[0.967s] INFO:colcon.colcon_core.shell:Creating environment descriptor '/home/isak/seabotics_ws/Hugr_Primus/seabotics_ws/install/share/hugr_manual_control/hook/pkg_config_path.dsv'
[0.967s] INFO:colcon.colcon_core.shell:Creating environment hook '/home/isak/seabotics_ws/Hugr_Primus/seabotics_ws/install/share/hugr_manual_control/hook/pkg_config_path.sh'
[0.967s] Level 1:colcon.colcon_core.shell:create_environment_hook('hugr_manual_control', 'pkg_config_path_multiarch')
[0.968s] INFO:colcon.colcon_core.shell:Creating environment hook '/home/isak/seabotics_ws/Hugr_Primus/seabotics_ws/install/share/hugr_manual_control/hook/pkg_config_path_multiarch.ps1'
[0.968s] INFO:colcon.colcon_core.shell:Creating environment descriptor '/home/isak/seabotics_ws/Hugr_Primus/seabotics_ws/install/share/hugr_manual_control/hook/pkg_config_path_multiarch.dsv'
[0.968s] INFO:colcon.colcon_core.shell:Creating environment hook '/home/isak/seabotics_ws/Hugr_Primus/seabotics_ws/install/share/hugr_manual_control/hook/pkg_config_path_multiarch.sh'
[0.968s] Level 1:colcon.colcon_core.environment:create_environment_scripts_only(hugr_manual_control)
[0.968s] Level 1:colcon.colcon_core.environment:checking '/home/isak/seabotics_ws/Hugr_Primus/seabotics_ws/install' for CMake module files
[0.968s] Level 1:colcon.colcon_core.environment:checking '/home/isak/seabotics_ws/Hugr_Primus/seabotics_ws/install' for CMake config files
[0.969s] Level 1:colcon.colcon_core.shell:create_environment_hook('hugr_manual_control', 'cmake_prefix_path')
[0.969s] INFO:colcon.colcon_core.shell:Creating environment hook '/home/isak/seabotics_ws/Hugr_Primus/seabotics_ws/install/share/hugr_manual_control/hook/cmake_prefix_path.ps1'
[0.969s] INFO:colcon.colcon_core.shell:Creating environment descriptor '/home/isak/seabotics_ws/Hugr_Primus/seabotics_ws/install/share/hugr_manual_control/hook/cmake_prefix_path.dsv'
[0.969s] INFO:colcon.colcon_core.shell:Creating environment hook '/home/isak/seabotics_ws/Hugr_Primus/seabotics_ws/install/share/hugr_manual_control/hook/cmake_prefix_path.sh'
[0.969s] Level 1:colcon.colcon_core.environment:checking '/home/isak/seabotics_ws/Hugr_Primus/seabotics_ws/install/bin'
[0.969s] Level 1:colcon.colcon_core.environment:checking '/home/isak/seabotics_ws/Hugr_Primus/seabotics_ws/install/lib/pkgconfig/hugr_manual_control.pc'
[0.970s] Level 1:colcon.colcon_core.environment:checking '/home/isak/seabotics_ws/Hugr_Primus/seabotics_ws/install/lib/python3.10/site-packages'
[0.970s] Level 1:colcon.colcon_core.environment:checking '/home/isak/seabotics_ws/Hugr_Primus/seabotics_ws/install/bin'
[0.970s] INFO:colcon.colcon_core.shell:Creating package script '/home/isak/seabotics_ws/Hugr_Primus/seabotics_ws/install/share/hugr_manual_control/package.ps1'
[0.970s] INFO:colcon.colcon_core.shell:Creating package descriptor '/home/isak/seabotics_ws/Hugr_Primus/seabotics_ws/install/share/hugr_manual_control/package.dsv'
[0.970s] INFO:colcon.colcon_core.shell:Creating package script '/home/isak/seabotics_ws/Hugr_Primus/seabotics_ws/install/share/hugr_manual_control/package.sh'
[0.971s] INFO:colcon.colcon_core.shell:Creating package script '/home/isak/seabotics_ws/Hugr_Primus/seabotics_ws/install/share/hugr_manual_control/package.bash'
[0.971s] INFO:colcon.colcon_core.shell:Creating package script '/home/isak/seabotics_ws/Hugr_Primus/seabotics_ws/install/share/hugr_manual_control/package.zsh'
[0.971s] Level 1:colcon.colcon_core.environment:create_file_with_runtime_dependencies(/home/isak/seabotics_ws/Hugr_Primus/seabotics_ws/install/share/colcon-core/packages/hugr_manual_control)
[0.972s] DEBUG:colcon.colcon_core.event_handler.log_command:Invoked command in '/home/isak/seabotics_ws/Hugr_Primus/seabotics_ws/build/hugr_mission' returned '0': /usr/bin/cmake --build /home/isak/seabotics_ws/Hugr_Primus/seabotics_ws/build/hugr_mission -- -j12 -l12
[0.972s] DEBUG:colcon.colcon_core.event_handler.log_command:Invoking command in '/home/isak/seabotics_ws/Hugr_Primus/seabotics_ws/build/hugr_mission': /usr/bin/cmake --install /home/isak/seabotics_ws/Hugr_Primus/seabotics_ws/build/hugr_mission
[0.973s] DEBUG:colcon.colcon_core.event_handler.log_command:Invoked command in '/home/isak/seabotics_ws/Hugr_Primus/seabotics_ws/build/hugr_description' returned '0': /usr/bin/cmake --install /home/isak/seabotics_ws/Hugr_Primus/seabotics_ws/build/hugr_description
[0.973s] Level 1:colcon.colcon_core.shell:create_environment_hook('hugr_description', 'ros_package_path')
[0.973s] INFO:colcon.colcon_core.shell:Creating environment hook '/home/isak/seabotics_ws/Hugr_Primus/seabotics_ws/install/share/hugr_description/hook/ros_package_path.ps1'
[0.973s] INFO:colcon.colcon_core.shell:Creating environment descriptor '/home/isak/seabotics_ws/Hugr_Primus/seabotics_ws/install/share/hugr_description/hook/ros_package_path.dsv'
[0.974s] INFO:colcon.colcon_core.shell:Creating environment hook '/home/isak/seabotics_ws/Hugr_Primus/seabotics_ws/install/share/hugr_description/hook/ros_package_path.sh'
[0.974s] Level 1:colcon.colcon_core.shell:create_environment_hook('hugr_description', 'pkg_config_path')
[0.974s] INFO:colcon.colcon_core.shell:Creating environment hook '/home/isak/seabotics_ws/Hugr_Primus/seabotics_ws/install/share/hugr_description/hook/pkg_config_path.ps1'
[0.974s] INFO:colcon.colcon_core.shell:Creating environment descriptor '/home/isak/seabotics_ws/Hugr_Primus/seabotics_ws/install/share/hugr_description/hook/pkg_config_path.dsv'
[0.974s] INFO:colcon.colcon_core.shell:Creating environment hook '/home/isak/seabotics_ws/Hugr_Primus/seabotics_ws/install/share/hugr_description/hook/pkg_config_path.sh'
[0.974s] Level 1:colcon.colcon_core.shell:create_environment_hook('hugr_description', 'pkg_config_path_multiarch')
[0.975s] INFO:colcon.colcon_core.shell:Creating environment hook '/home/isak/seabotics_ws/Hugr_Primus/seabotics_ws/install/share/hugr_description/hook/pkg_config_path_multiarch.ps1'
[0.975s] INFO:colcon.colcon_core.shell:Creating environment descriptor '/home/isak/seabotics_ws/Hugr_Primus/seabotics_ws/install/share/hugr_description/hook/pkg_config_path_multiarch.dsv'
[0.975s] INFO:colcon.colcon_core.shell:Creating environment hook '/home/isak/seabotics_ws/Hugr_Primus/seabotics_ws/install/share/hugr_description/hook/pkg_config_path_multiarch.sh'
[0.975s] Level 1:colcon.colcon_core.environment:create_environment_scripts_only(hugr_description)
[0.975s] Level 1:colcon.colcon_core.environment:checking '/home/isak/seabotics_ws/Hugr_Primus/seabotics_ws/install' for CMake module files
[0.976s] Level 1:colcon.colcon_core.environment:checking '/home/isak/seabotics_ws/Hugr_Primus/seabotics_ws/install' for CMake config files
[0.976s] Level 1:colcon.colcon_core.shell:create_environment_hook('hugr_description', 'cmake_prefix_path')
[0.976s] INFO:colcon.colcon_core.shell:Creating environment hook '/home/isak/seabotics_ws/Hugr_Primus/seabotics_ws/install/share/hugr_description/hook/cmake_prefix_path.ps1'
[0.976s] INFO:colcon.colcon_core.shell:Creating environment descriptor '/home/isak/seabotics_ws/Hugr_Primus/seabotics_ws/install/share/hugr_description/hook/cmake_prefix_path.dsv'
[0.976s] INFO:colcon.colcon_core.shell:Creating environment hook '/home/isak/seabotics_ws/Hugr_Primus/seabotics_ws/install/share/hugr_description/hook/cmake_prefix_path.sh'
[0.976s] Level 1:colcon.colcon_core.environment:checking '/home/isak/seabotics_ws/Hugr_Primus/seabotics_ws/install/bin'
[0.977s] Level 1:colcon.colcon_core.environment:checking '/home/isak/seabotics_ws/Hugr_Primus/seabotics_ws/install/lib/pkgconfig/hugr_description.pc'
[0.977s] Level 1:colcon.colcon_core.environment:checking '/home/isak/seabotics_ws/Hugr_Primus/seabotics_ws/install/lib/python3.10/site-packages'
[0.977s] Level 1:colcon.colcon_core.environment:checking '/home/isak/seabotics_ws/Hugr_Primus/seabotics_ws/install/bin'
[0.977s] INFO:colcon.colcon_core.shell:Creating package script '/home/isak/seabotics_ws/Hugr_Primus/seabotics_ws/install/share/hugr_description/package.ps1'
[0.977s] INFO:colcon.colcon_core.shell:Creating package descriptor '/home/isak/seabotics_ws/Hugr_Primus/seabotics_ws/install/share/hugr_description/package.dsv'
[0.977s] INFO:colcon.colcon_core.shell:Creating package script '/home/isak/seabotics_ws/Hugr_Primus/seabotics_ws/install/share/hugr_description/package.sh'
[0.978s] INFO:colcon.colcon_core.shell:Creating package script '/home/isak/seabotics_ws/Hugr_Primus/seabotics_ws/install/share/hugr_description/package.bash'
[0.978s] INFO:colcon.colcon_core.shell:Creating package script '/home/isak/seabotics_ws/Hugr_Primus/seabotics_ws/install/share/hugr_description/package.zsh'
[0.978s] Level 1:colcon.colcon_core.environment:create_file_with_runtime_dependencies(/home/isak/seabotics_ws/Hugr_Primus/seabotics_ws/install/share/colcon-core/packages/hugr_description)
[0.979s] DEBUG:colcon.colcon_core.event_handler.log_command:Invoked command in '/home/isak/seabotics_ws/Hugr_Primus/seabotics_ws/build/hugr_navigation' returned '0': /usr/bin/cmake --build /home/isak/seabotics_ws/Hugr_Primus/seabotics_ws/build/hugr_navigation -- -j12 -l12
[0.980s] DEBUG:colcon.colcon_core.event_handler.log_command:Invoking command in '/home/isak/seabotics_ws/Hugr_Primus/seabotics_ws/build/hugr_navigation': /usr/bin/cmake --install /home/isak/seabotics_ws/Hugr_Primus/seabotics_ws/build/hugr_navigation
[0.981s] DEBUG:colcon.colcon_core.event_handler.log_command:Invoked command in '/home/isak/seabotics_ws/Hugr_Primus/seabotics_ws/build/hugr_mission' returned '0': /usr/bin/cmake --install /home/isak/seabotics_ws/Hugr_Primus/seabotics_ws/build/hugr_mission
[0.981s] Level 1:colcon.colcon_core.shell:create_environment_hook('hugr_mission', 'ros_package_path')
[0.981s] INFO:colcon.colcon_core.shell:Creating environment hook '/home/isak/seabotics_ws/Hugr_Primus/seabotics_ws/install/share/hugr_mission/hook/ros_package_path.ps1'
[0.982s] INFO:colcon.colcon_core.shell:Creating environment descriptor '/home/isak/seabotics_ws/Hugr_Primus/seabotics_ws/install/share/hugr_mission/hook/ros_package_path.dsv'
[0.982s] INFO:colcon.colcon_core.shell:Creating environment hook '/home/isak/seabotics_ws/Hugr_Primus/seabotics_ws/install/share/hugr_mission/hook/ros_package_path.sh'
[0.982s] Level 1:colcon.colcon_core.shell:create_environment_hook('hugr_mission', 'pkg_config_path')
[0.982s] INFO:colcon.colcon_core.shell:Creating environment hook '/home/isak/seabotics_ws/Hugr_Primus/seabotics_ws/install/share/hugr_mission/hook/pkg_config_path.ps1'
[0.983s] INFO:colcon.colcon_core.shell:Creating environment descriptor '/home/isak/seabotics_ws/Hugr_Primus/seabotics_ws/install/share/hugr_mission/hook/pkg_config_path.dsv'
[0.983s] INFO:colcon.colcon_core.shell:Creating environment hook '/home/isak/seabotics_ws/Hugr_Primus/seabotics_ws/install/share/hugr_mission/hook/pkg_config_path.sh'
[0.983s] Level 1:colcon.colcon_core.shell:create_environment_hook('hugr_mission', 'pkg_config_path_multiarch')
[0.983s] INFO:colcon.colcon_core.shell:Creating environment hook '/home/isak/seabotics_ws/Hugr_Primus/seabotics_ws/install/share/hugr_mission/hook/pkg_config_path_multiarch.ps1'
[0.983s] INFO:colcon.colcon_core.shell:Creating environment descriptor '/home/isak/seabotics_ws/Hugr_Primus/seabotics_ws/install/share/hugr_mission/hook/pkg_config_path_multiarch.dsv'
[0.983s] INFO:colcon.colcon_core.shell:Creating environment hook '/home/isak/seabotics_ws/Hugr_Primus/seabotics_ws/install/share/hugr_mission/hook/pkg_config_path_multiarch.sh'
[0.984s] Level 1:colcon.colcon_core.environment:create_environment_scripts_only(hugr_mission)
[0.984s] Level 1:colcon.colcon_core.environment:checking '/home/isak/seabotics_ws/Hugr_Primus/seabotics_ws/install' for CMake module files
[0.984s] Level 1:colcon.colcon_core.environment:checking '/home/isak/seabotics_ws/Hugr_Primus/seabotics_ws/install' for CMake config files
[0.984s] Level 1:colcon.colcon_core.shell:create_environment_hook('hugr_mission', 'cmake_prefix_path')
[0.984s] INFO:colcon.colcon_core.shell:Creating environment hook '/home/isak/seabotics_ws/Hugr_Primus/seabotics_ws/install/share/hugr_mission/hook/cmake_prefix_path.ps1'
[0.984s] INFO:colcon.colcon_core.shell:Creating environment descriptor '/home/isak/seabotics_ws/Hugr_Primus/seabotics_ws/install/share/hugr_mission/hook/cmake_prefix_path.dsv'
[0.984s] INFO:colcon.colcon_core.shell:Creating environment hook '/home/isak/seabotics_ws/Hugr_Primus/seabotics_ws/install/share/hugr_mission/hook/cmake_prefix_path.sh'
[0.985s] Level 1:colcon.colcon_core.environment:checking '/home/isak/seabotics_ws/Hugr_Primus/seabotics_ws/install/bin'
[0.985s] Level 1:colcon.colcon_core.environment:checking '/home/isak/seabotics_ws/Hugr_Primus/seabotics_ws/install/lib/pkgconfig/hugr_mission.pc'
[0.985s] Level 1:colcon.colcon_core.environment:checking '/home/isak/seabotics_ws/Hugr_Primus/seabotics_ws/install/lib/python3.10/site-packages'
[0.985s] Level 1:colcon.colcon_core.environment:checking '/home/isak/seabotics_ws/Hugr_Primus/seabotics_ws/install/bin'
[0.985s] INFO:colcon.colcon_core.shell:Creating package script '/home/isak/seabotics_ws/Hugr_Primus/seabotics_ws/install/share/hugr_mission/package.ps1'
[0.985s] INFO:colcon.colcon_core.shell:Creating package descriptor '/home/isak/seabotics_ws/Hugr_Primus/seabotics_ws/install/share/hugr_mission/package.dsv'
[0.985s] INFO:colcon.colcon_core.shell:Creating package script '/home/isak/seabotics_ws/Hugr_Primus/seabotics_ws/install/share/hugr_mission/package.sh'
[0.986s] INFO:colcon.colcon_core.shell:Creating package script '/home/isak/seabotics_ws/Hugr_Primus/seabotics_ws/install/share/hugr_mission/package.bash'
[0.986s] INFO:colcon.colcon_core.shell:Creating package script '/home/isak/seabotics_ws/Hugr_Primus/seabotics_ws/install/share/hugr_mission/package.zsh'
[0.987s] Level 1:colcon.colcon_core.environment:create_file_with_runtime_dependencies(/home/isak/seabotics_ws/Hugr_Primus/seabotics_ws/install/share/colcon-core/packages/hugr_mission)
[0.988s] DEBUG:colcon.colcon_core.event_handler.log_command:Invoked command in '/home/isak/seabotics_ws/Hugr_Primus/seabotics_ws/build/hugr_sim' returned '0': /usr/bin/cmake --build /home/isak/seabotics_ws/Hugr_Primus/seabotics_ws/build/hugr_sim -- -j12 -l12
[0.988s] DEBUG:colcon.colcon_core.event_handler.log_command:Invoking command in '/home/isak/seabotics_ws/Hugr_Primus/seabotics_ws/build/hugr_sim': /usr/bin/cmake --install /home/isak/seabotics_ws/Hugr_Primus/seabotics_ws/build/hugr_sim
[0.989s] DEBUG:colcon.colcon_core.event_handler.log_command:Invoked command in '/home/isak/seabotics_ws/Hugr_Primus/seabotics_ws/build/hugr_navigation' returned '0': /usr/bin/cmake --install /home/isak/seabotics_ws/Hugr_Primus/seabotics_ws/build/hugr_navigation
[0.989s] Level 1:colcon.colcon_core.shell:create_environment_hook('hugr_navigation', 'ros_package_path')
[0.989s] INFO:colcon.colcon_core.shell:Creating environment hook '/home/isak/seabotics_ws/Hugr_Primus/seabotics_ws/install/share/hugr_navigation/hook/ros_package_path.ps1'
[0.990s] INFO:colcon.colcon_core.shell:Creating environment descriptor '/home/isak/seabotics_ws/Hugr_Primus/seabotics_ws/install/share/hugr_navigation/hook/ros_package_path.dsv'
[0.990s] INFO:colcon.colcon_core.shell:Creating environment hook '/home/isak/seabotics_ws/Hugr_Primus/seabotics_ws/install/share/hugr_navigation/hook/ros_package_path.sh'
[0.990s] Level 1:colcon.colcon_core.shell:create_environment_hook('hugr_navigation', 'pkg_config_path')
[0.990s] INFO:colcon.colcon_core.shell:Creating environment hook '/home/isak/seabotics_ws/Hugr_Primus/seabotics_ws/install/share/hugr_navigation/hook/pkg_config_path.ps1'
[0.990s] INFO:colcon.colcon_core.shell:Creating environment descriptor '/home/isak/seabotics_ws/Hugr_Primus/seabotics_ws/install/share/hugr_navigation/hook/pkg_config_path.dsv'
[0.990s] INFO:colcon.colcon_core.shell:Creating environment hook '/home/isak/seabotics_ws/Hugr_Primus/seabotics_ws/install/share/hugr_navigation/hook/pkg_config_path.sh'
[0.991s] Level 1:colcon.colcon_core.shell:create_environment_hook('hugr_navigation', 'pkg_config_path_multiarch')
[0.991s] INFO:colcon.colcon_core.shell:Creating environment hook '/home/isak/seabotics_ws/Hugr_Primus/seabotics_ws/install/share/hugr_navigation/hook/pkg_config_path_multiarch.ps1'
[0.991s] INFO:colcon.colcon_core.shell:Creating environment descriptor '/home/isak/seabotics_ws/Hugr_Primus/seabotics_ws/install/share/hugr_navigation/hook/pkg_config_path_multiarch.dsv'
[0.991s] INFO:colcon.colcon_core.shell:Creating environment hook '/home/isak/seabotics_ws/Hugr_Primus/seabotics_ws/install/share/hugr_navigation/hook/pkg_config_path_multiarch.sh'
[0.991s] Level 1:colcon.colcon_core.environment:create_environment_scripts_only(hugr_navigation)
[0.991s] Level 1:colcon.colcon_core.environment:checking '/home/isak/seabotics_ws/Hugr_Primus/seabotics_ws/install' for CMake module files
[0.992s] Level 1:colcon.colcon_core.environment:checking '/home/isak/seabotics_ws/Hugr_Primus/seabotics_ws/install' for CMake config files
[0.992s] Level 1:colcon.colcon_core.shell:create_environment_hook('hugr_navigation', 'cmake_prefix_path')
[0.992s] INFO:colcon.colcon_core.shell:Creating environment hook '/home/isak/seabotics_ws/Hugr_Primus/seabotics_ws/install/share/hugr_navigation/hook/cmake_prefix_path.ps1'
[0.992s] INFO:colcon.colcon_core.shell:Creating environment descriptor '/home/isak/seabotics_ws/Hugr_Primus/seabotics_ws/install/share/hugr_navigation/hook/cmake_prefix_path.dsv'
[0.992s] INFO:colcon.colcon_core.shell:Creating environment hook '/home/isak/seabotics_ws/Hugr_Primus/seabotics_ws/install/share/hugr_navigation/hook/cmake_prefix_path.sh'
[0.992s] Level 1:colcon.colcon_core.environment:checking '/home/isak/seabotics_ws/Hugr_Primus/seabotics_ws/install/bin'
[0.992s] Level 1:colcon.colcon_core.environment:checking '/home/isak/seabotics_ws/Hugr_Primus/seabotics_ws/install/lib/pkgconfig/hugr_navigation.pc'
[0.993s] Level 1:colcon.colcon_core.environment:checking '/home/isak/seabotics_ws/Hugr_Primus/seabotics_ws/install/lib/python3.10/site-packages'
[0.993s] Level 1:colcon.colcon_core.environment:checking '/home/isak/seabotics_ws/Hugr_Primus/seabotics_ws/install/bin'
[0.993s] INFO:colcon.colcon_core.shell:Creating package script '/home/isak/seabotics_ws/Hugr_Primus/seabotics_ws/install/share/hugr_navigation/package.ps1'
[0.993s] INFO:colcon.colcon_core.shell:Creating package descriptor '/home/isak/seabotics_ws/Hugr_Primus/seabotics_ws/install/share/hugr_navigation/package.dsv'
[0.993s] INFO:colcon.colcon_core.shell:Creating package script '/home/isak/seabotics_ws/Hugr_Primus/seabotics_ws/install/share/hugr_navigation/package.sh'
[0.994s] INFO:colcon.colcon_core.shell:Creating package script '/home/isak/seabotics_ws/Hugr_Primus/seabotics_ws/install/share/hugr_navigation/package.bash'
[0.994s] INFO:colcon.colcon_core.shell:Creating package script '/home/isak/seabotics_ws/Hugr_Primus/seabotics_ws/install/share/hugr_navigation/package.zsh'
[0.995s] Level 1:colcon.colcon_core.environment:create_file_with_runtime_dependencies(/home/isak/seabotics_ws/Hugr_Primus/seabotics_ws/install/share/colcon-core/packages/hugr_navigation)
[0.996s] DEBUG:colcon.colcon_core.event_handler.log_command:Invoked command in '/home/isak/seabotics_ws/Hugr_Primus/seabotics_ws/build/hugr_sim' returned '0': /usr/bin/cmake --install /home/isak/seabotics_ws/Hugr_Primus/seabotics_ws/build/hugr_sim
[0.996s] Level 1:colcon.colcon_core.shell:create_environment_hook('hugr_sim', 'ros_package_path')
[0.996s] INFO:colcon.colcon_core.shell:Creating environment hook '/home/isak/seabotics_ws/Hugr_Primus/seabotics_ws/install/share/hugr_sim/hook/ros_package_path.ps1'
[0.996s] INFO:colcon.colcon_core.shell:Creating environment descriptor '/home/isak/seabotics_ws/Hugr_Primus/seabotics_ws/install/share/hugr_sim/hook/ros_package_path.dsv'
[0.997s] INFO:colcon.colcon_core.shell:Creating environment hook '/home/isak/seabotics_ws/Hugr_Primus/seabotics_ws/install/share/hugr_sim/hook/ros_package_path.sh'
[0.997s] Level 1:colcon.colcon_core.shell:create_environment_hook('hugr_sim', 'pkg_config_path')
[0.997s] INFO:colcon.colcon_core.shell:Creating environment hook '/home/isak/seabotics_ws/Hugr_Primus/seabotics_ws/install/share/hugr_sim/hook/pkg_config_path.ps1'
[0.997s] INFO:colcon.colcon_core.shell:Creating environment descriptor '/home/isak/seabotics_ws/Hugr_Primus/seabotics_ws/install/share/hugr_sim/hook/pkg_config_path.dsv'
[0.997s] INFO:colcon.colcon_core.shell:Creating environment hook '/home/isak/seabotics_ws/Hugr_Primus/seabotics_ws/install/share/hugr_sim/hook/pkg_config_path.sh'
[0.998s] Level 1:colcon.colcon_core.shell:create_environment_hook('hugr_sim', 'pkg_config_path_multiarch')
[0.998s] INFO:colcon.colcon_core.shell:Creating environment hook '/home/isak/seabotics_ws/Hugr_Primus/seabotics_ws/install/share/hugr_sim/hook/pkg_config_path_multiarch.ps1'
[0.998s] INFO:colcon.colcon_core.shell:Creating environment descriptor '/home/isak/seabotics_ws/Hugr_Primus/seabotics_ws/install/share/hugr_sim/hook/pkg_config_path_multiarch.dsv'
[0.998s] INFO:colcon.colcon_core.shell:Creating environment hook '/home/isak/seabotics_ws/Hugr_Primus/seabotics_ws/install/share/hugr_sim/hook/pkg_config_path_multiarch.sh'
[0.998s] Level 1:colcon.colcon_core.environment:create_environment_scripts_only(hugr_sim)
[0.999s] Level 1:colcon.colcon_core.environment:checking '/home/isak/seabotics_ws/Hugr_Primus/seabotics_ws/install' for CMake module files
[0.999s] Level 1:colcon.colcon_core.environment:checking '/home/isak/seabotics_ws/Hugr_Primus/seabotics_ws/install' for CMake config files
[0.999s] Level 1:colcon.colcon_core.shell:create_environment_hook('hugr_sim', 'cmake_prefix_path')
[0.999s] INFO:colcon.colcon_core.shell:Creating environment hook '/home/isak/seabotics_ws/Hugr_Primus/seabotics_ws/install/share/hugr_sim/hook/cmake_prefix_path.ps1'
[0.999s] INFO:colcon.colcon_core.shell:Creating environment descriptor '/home/isak/seabotics_ws/Hugr_Primus/seabotics_ws/install/share/hugr_sim/hook/cmake_prefix_path.dsv'
[0.999s] INFO:colcon.colcon_core.shell:Creating environment hook '/home/isak/seabotics_ws/Hugr_Primus/seabotics_ws/install/share/hugr_sim/hook/cmake_prefix_path.sh'
[1.000s] Level 1:colcon.colcon_core.environment:checking '/home/isak/seabotics_ws/Hugr_Primus/seabotics_ws/install/bin'
[1.000s] Level 1:colcon.colcon_core.environment:checking '/home/isak/seabotics_ws/Hugr_Primus/seabotics_ws/install/lib/pkgconfig/hugr_sim.pc'
[1.000s] Level 1:colcon.colcon_core.environment:checking '/home/isak/seabotics_ws/Hugr_Primus/seabotics_ws/install/lib/python3.10/site-packages'
[1.000s] Level 1:colcon.colcon_core.environment:checking '/home/isak/seabotics_ws/Hugr_Primus/seabotics_ws/install/bin'
[1.000s] INFO:colcon.colcon_core.shell:Creating package script '/home/isak/seabotics_ws/Hugr_Primus/seabotics_ws/install/share/hugr_sim/package.ps1'
[1.001s] INFO:colcon.colcon_core.shell:Creating package descriptor '/home/isak/seabotics_ws/Hugr_Primus/seabotics_ws/install/share/hugr_sim/package.dsv'
[1.001s] INFO:colcon.colcon_core.shell:Creating package script '/home/isak/seabotics_ws/Hugr_Primus/seabotics_ws/install/share/hugr_sim/package.sh'
[1.001s] INFO:colcon.colcon_core.shell:Creating package script '/home/isak/seabotics_ws/Hugr_Primus/seabotics_ws/install/share/hugr_sim/package.bash'
[1.001s] INFO:colcon.colcon_core.shell:Creating package script '/home/isak/seabotics_ws/Hugr_Primus/seabotics_ws/install/share/hugr_sim/package.zsh'
[1.002s] Level 1:colcon.colcon_core.environment:create_file_with_runtime_dependencies(/home/isak/seabotics_ws/Hugr_Primus/seabotics_ws/install/share/colcon-core/packages/hugr_sim)
[1.986s] DEBUG:colcon.colcon_core.event_handler.log_command:Invoked command in '/home/isak/seabotics_ws/Hugr_Primus/seabotics_ws/build/hugr_hardware' returned '0': /usr/bin/cmake /home/isak/seabotics_ws/Hugr_Primus/seabotics_ws/src/hugr_hardware -DCATKIN_INSTALL_INTO_PREFIX_ROOT=0 -DCATKIN_SYMLINK_INSTALL=ON -DCMAKE_INSTALL_PREFIX=/home/isak/seabotics_ws/Hugr_Primus/seabotics_ws/install
[1.986s] DEBUG:colcon.colcon_core.event_handler.log_command:Invoking command in '/home/isak/seabotics_ws/Hugr_Primus/seabotics_ws/build/hugr_hardware': /usr/bin/cmake --build /home/isak/seabotics_ws/Hugr_Primus/seabotics_ws/build/hugr_hardware -- -j12 -l12
[6.580s] DEBUG:colcon.colcon_core.event_handler.log_command:Invoked command in '/home/isak/seabotics_ws/Hugr_Primus/seabotics_ws/build/hugr_hardware' returned '0': /usr/bin/cmake --build /home/isak/seabotics_ws/Hugr_Primus/seabotics_ws/build/hugr_hardware -- -j12 -l12
[6.581s] DEBUG:colcon.colcon_core.event_handler.log_command:Invoking command in '/home/isak/seabotics_ws/Hugr_Primus/seabotics_ws/build/hugr_hardware': /usr/bin/cmake --install /home/isak/seabotics_ws/Hugr_Primus/seabotics_ws/build/hugr_hardware
[6.596s] DEBUG:colcon.colcon_core.event_handler.log_command:Invoked command in '/home/isak/seabotics_ws/Hugr_Primus/seabotics_ws/build/hugr_hardware' returned '0': /usr/bin/cmake --install /home/isak/seabotics_ws/Hugr_Primus/seabotics_ws/build/hugr_hardware
[6.596s] Level 1:colcon.colcon_core.shell:create_environment_hook('hugr_hardware', 'ros_package_path')
[6.596s] INFO:colcon.colcon_core.shell:Creating environment hook '/home/isak/seabotics_ws/Hugr_Primus/seabotics_ws/install/share/hugr_hardware/hook/ros_package_path.ps1'
[6.597s] INFO:colcon.colcon_core.shell:Creating environment descriptor '/home/isak/seabotics_ws/Hugr_Primus/seabotics_ws/install/share/hugr_hardware/hook/ros_package_path.dsv'
[6.597s] INFO:colcon.colcon_core.shell:Creating environment hook '/home/isak/seabotics_ws/Hugr_Primus/seabotics_ws/install/share/hugr_hardware/hook/ros_package_path.sh'
[6.597s] Level 1:colcon.colcon_core.shell:create_environment_hook('hugr_hardware', 'pkg_config_path')
[6.597s] INFO:colcon.colcon_core.shell:Creating environment hook '/home/isak/seabotics_ws/Hugr_Primus/seabotics_ws/install/share/hugr_hardware/hook/pkg_config_path.ps1'
[6.598s] INFO:colcon.colcon_core.shell:Creating environment descriptor '/home/isak/seabotics_ws/Hugr_Primus/seabotics_ws/install/share/hugr_hardware/hook/pkg_config_path.dsv'
[6.598s] INFO:colcon.colcon_core.shell:Creating environment hook '/home/isak/seabotics_ws/Hugr_Primus/seabotics_ws/install/share/hugr_hardware/hook/pkg_config_path.sh'
[6.598s] Level 1:colcon.colcon_core.shell:create_environment_hook('hugr_hardware', 'pkg_config_path_multiarch')
[6.598s] INFO:colcon.colcon_core.shell:Creating environment hook '/home/isak/seabotics_ws/Hugr_Primus/seabotics_ws/install/share/hugr_hardware/hook/pkg_config_path_multiarch.ps1'
[6.598s] INFO:colcon.colcon_core.shell:Creating environment descriptor '/home/isak/seabotics_ws/Hugr_Primus/seabotics_ws/install/share/hugr_hardware/hook/pkg_config_path_multiarch.dsv'
[6.598s] INFO:colcon.colcon_core.shell:Creating environment hook '/home/isak/seabotics_ws/Hugr_Primus/seabotics_ws/install/share/hugr_hardware/hook/pkg_config_path_multiarch.sh'
[6.599s] Level 1:colcon.colcon_core.environment:create_environment_scripts_only(hugr_hardware)
[6.599s] Level 1:colcon.colcon_core.environment:checking '/home/isak/seabotics_ws/Hugr_Primus/seabotics_ws/install' for CMake module files
[6.599s] Level 1:colcon.colcon_core.environment:checking '/home/isak/seabotics_ws/Hugr_Primus/seabotics_ws/install' for CMake config files
[6.599s] Level 1:colcon.colcon_core.shell:create_environment_hook('hugr_hardware', 'cmake_prefix_path')
[6.599s] INFO:colcon.colcon_core.shell:Creating environment hook '/home/isak/seabotics_ws/Hugr_Primus/seabotics_ws/install/share/hugr_hardware/hook/cmake_prefix_path.ps1'
[6.600s] INFO:colcon.colcon_core.shell:Creating environment descriptor '/home/isak/seabotics_ws/Hugr_Primus/seabotics_ws/install/share/hugr_hardware/hook/cmake_prefix_path.dsv'
[6.600s] INFO:colcon.colcon_core.shell:Creating environment hook '/home/isak/seabotics_ws/Hugr_Primus/seabotics_ws/install/share/hugr_hardware/hook/cmake_prefix_path.sh'
[6.600s] Level 1:colcon.colcon_core.environment:checking '/home/isak/seabotics_ws/Hugr_Primus/seabotics_ws/install/lib'
[6.600s] Level 1:colcon.colcon_core.shell:create_environment_hook('hugr_hardware', 'ld_library_path_lib')
[6.600s] INFO:colcon.colcon_core.shell:Creating environment hook '/home/isak/seabotics_ws/Hugr_Primus/seabotics_ws/install/share/hugr_hardware/hook/ld_library_path_lib.ps1'
[6.600s] INFO:colcon.colcon_core.shell:Creating environment descriptor '/home/isak/seabotics_ws/Hugr_Primus/seabotics_ws/install/share/hugr_hardware/hook/ld_library_path_lib.dsv'
[6.601s] INFO:colcon.colcon_core.shell:Creating environment hook '/home/isak/seabotics_ws/Hugr_Primus/seabotics_ws/install/share/hugr_hardware/hook/ld_library_path_lib.sh'
[6.601s] Level 1:colcon.colcon_core.environment:checking '/home/isak/seabotics_ws/Hugr_Primus/seabotics_ws/install/bin'
[6.601s] Level 1:colcon.colcon_core.environment:checking '/home/isak/seabotics_ws/Hugr_Primus/seabotics_ws/install/lib/pkgconfig/hugr_hardware.pc'
[6.601s] Level 1:colcon.colcon_core.environment:checking '/home/isak/seabotics_ws/Hugr_Primus/seabotics_ws/install/lib/python3.10/site-packages'
[6.601s] Level 1:colcon.colcon_core.environment:checking '/home/isak/seabotics_ws/Hugr_Primus/seabotics_ws/install/bin'
[6.601s] INFO:colcon.colcon_core.shell:Creating package script '/home/isak/seabotics_ws/Hugr_Primus/seabotics_ws/install/share/hugr_hardware/package.ps1'
[6.601s] INFO:colcon.colcon_core.shell:Creating package descriptor '/home/isak/seabotics_ws/Hugr_Primus/seabotics_ws/install/share/hugr_hardware/package.dsv'
[6.602s] INFO:colcon.colcon_core.shell:Creating package script '/home/isak/seabotics_ws/Hugr_Primus/seabotics_ws/install/share/hugr_hardware/package.sh'
[6.602s] INFO:colcon.colcon_core.shell:Creating package script '/home/isak/seabotics_ws/Hugr_Primus/seabotics_ws/install/share/hugr_hardware/package.bash'
[6.602s] INFO:colcon.colcon_core.shell:Creating package script '/home/isak/seabotics_ws/Hugr_Primus/seabotics_ws/install/share/hugr_hardware/package.zsh'
[6.602s] Level 1:colcon.colcon_core.environment:create_file_with_runtime_dependencies(/home/isak/seabotics_ws/Hugr_Primus/seabotics_ws/install/share/colcon-core/packages/hugr_hardware)
[6.602s] INFO:colcon.colcon_ros.task.catkin.build:Building ROS package in '/home/isak/seabotics_ws/Hugr_Primus/seabotics_ws/src/hugr_bringup' with build type 'catkin'
[6.602s] INFO:colcon.colcon_cmake.task.cmake.build:Building CMake package in '/home/isak/seabotics_ws/Hugr_Primus/seabotics_ws/src/hugr_bringup'
[6.602s] INFO:colcon.colcon_core.shell:Skip shell extension 'powershell' for command environment: Not usable outside of PowerShell
[6.603s] DEBUG:colcon.colcon_core.shell:Skip shell extension 'dsv' for command environment
[6.604s] WARNING:colcon.colcon_ros.prefix_path.catkin:The path '/home/isak/seabotics_ws/Hugr_Primus/seabotics_ws/install' in the environment variable CMAKE_PREFIX_PATH seems to be a catkin workspace but it doesn't contain any 'local_setup.*' files. Maybe the catkin version is not up-to-date?
[6.612s] DEBUG:colcon.colcon_core.event_handler.log_command:Invoking command in '/home/isak/seabotics_ws/Hugr_Primus/seabotics_ws/build/hugr_bringup': /usr/bin/cmake /home/isak/seabotics_ws/Hugr_Primus/seabotics_ws/src/hugr_bringup -DCATKIN_INSTALL_INTO_PREFIX_ROOT=0 -DCATKIN_SYMLINK_INSTALL=ON -DCMAKE_INSTALL_PREFIX=/home/isak/seabotics_ws/Hugr_Primus/seabotics_ws/install
[7.182s] DEBUG:colcon.colcon_core.event_handler.log_command:Invoked command in '/home/isak/seabotics_ws/Hugr_Primus/seabotics_ws/build/hugr_bringup' returned '0': /usr/bin/cmake /home/isak/seabotics_ws/Hugr_Primus/seabotics_ws/src/hugr_bringup -DCATKIN_INSTALL_INTO_PREFIX_ROOT=0 -DCATKIN_SYMLINK_INSTALL=ON -DCMAKE_INSTALL_PREFIX=/home/isak/seabotics_ws/Hugr_Primus/seabotics_ws/install
[7.182s] DEBUG:colcon.colcon_core.event_handler.log_command:Invoking command in '/home/isak/seabotics_ws/Hugr_Primus/seabotics_ws/build/hugr_bringup': /usr/bin/cmake --build /home/isak/seabotics_ws/Hugr_Primus/seabotics_ws/build/hugr_bringup -- -j12 -l12
[7.216s] DEBUG:colcon.colcon_core.event_handler.log_command:Invoked command in '/home/isak/seabotics_ws/Hugr_Primus/seabotics_ws/build/hugr_bringup' returned '0': /usr/bin/cmake --build /home/isak/seabotics_ws/Hugr_Primus/seabotics_ws/build/hugr_bringup -- -j12 -l12
[7.217s] DEBUG:colcon.colcon_core.event_handler.log_command:Invoking command in '/home/isak/seabotics_ws/Hugr_Primus/seabotics_ws/build/hugr_bringup': /usr/bin/cmake --install /home/isak/seabotics_ws/Hugr_Primus/seabotics_ws/build/hugr_bringup
[7.227s] DEBUG:colcon.colcon_core.event_handler.log_command:Invoked command in '/home/isak/seabotics_ws/Hugr_Primus/seabotics_ws/build/hugr_bringup' returned '0': /usr/bin/cmake --install /home/isak/seabotics_ws/Hugr_Primus/seabotics_ws/build/hugr_bringup
[7.227s] Level 1:colcon.colcon_core.shell:create_environment_hook('hugr_bringup', 'ros_package_path')
[7.227s] INFO:colcon.colcon_core.shell:Creating environment hook '/home/isak/seabotics_ws/Hugr_Primus/seabotics_ws/install/share/hugr_bringup/hook/ros_package_path.ps1'
[7.228s] INFO:colcon.colcon_core.shell:Creating environment descriptor '/home/isak/seabotics_ws/Hugr_Primus/seabotics_ws/install/share/hugr_bringup/hook/ros_package_path.dsv'
[7.228s] INFO:colcon.colcon_core.shell:Creating environment hook '/home/isak/seabotics_ws/Hugr_Primus/seabotics_ws/install/share/hugr_bringup/hook/ros_package_path.sh'
[7.228s] Level 1:colcon.colcon_core.shell:create_environment_hook('hugr_bringup', 'pkg_config_path')
[7.229s] INFO:colcon.colcon_core.shell:Creating environment hook '/home/isak/seabotics_ws/Hugr_Primus/seabotics_ws/install/share/hugr_bringup/hook/pkg_config_path.ps1'
[7.229s] INFO:colcon.colcon_core.shell:Creating environment descriptor '/home/isak/seabotics_ws/Hugr_Primus/seabotics_ws/install/share/hugr_bringup/hook/pkg_config_path.dsv'
[7.229s] INFO:colcon.colcon_core.shell:Creating environment hook '/home/isak/seabotics_ws/Hugr_Primus/seabotics_ws/install/share/hugr_bringup/hook/pkg_config_path.sh'
[7.229s] Level 1:colcon.colcon_core.shell:create_environment_hook('hugr_bringup', 'pkg_config_path_multiarch')
[7.229s] INFO:colcon.colcon_core.shell:Creating environment hook '/home/isak/seabotics_ws/Hugr_Primus/seabotics_ws/install/share/hugr_bringup/hook/pkg_config_path_multiarch.ps1'
[7.230s] INFO:colcon.colcon_core.shell:Creating environment descriptor '/home/isak/seabotics_ws/Hugr_Primus/seabotics_ws/install/share/hugr_bringup/hook/pkg_config_path_multiarch.dsv'
[7.230s] INFO:colcon.colcon_core.shell:Creating environment hook '/home/isak/seabotics_ws/Hugr_Primus/seabotics_ws/install/share/hugr_bringup/hook/pkg_config_path_multiarch.sh'
[7.230s] Level 1:colcon.colcon_core.environment:create_environment_scripts_only(hugr_bringup)
[7.230s] Level 1:colcon.colcon_core.environment:checking '/home/isak/seabotics_ws/Hugr_Primus/seabotics_ws/install' for CMake module files
[7.231s] Level 1:colcon.colcon_core.environment:checking '/home/isak/seabotics_ws/Hugr_Primus/seabotics_ws/install' for CMake config files
[7.231s] Level 1:colcon.colcon_core.shell:create_environment_hook('hugr_bringup', 'cmake_prefix_path')
[7.231s] INFO:colcon.colcon_core.shell:Creating environment hook '/home/isak/seabotics_ws/Hugr_Primus/seabotics_ws/install/share/hugr_bringup/hook/cmake_prefix_path.ps1'
[7.231s] INFO:colcon.colcon_core.shell:Creating environment descriptor '/home/isak/seabotics_ws/Hugr_Primus/seabotics_ws/install/share/hugr_bringup/hook/cmake_prefix_path.dsv'
[7.232s] INFO:colcon.colcon_core.shell:Creating environment hook '/home/isak/seabotics_ws/Hugr_Primus/seabotics_ws/install/share/hugr_bringup/hook/cmake_prefix_path.sh'
[7.232s] Level 1:colcon.colcon_core.environment:checking '/home/isak/seabotics_ws/Hugr_Primus/seabotics_ws/install/lib'
[7.232s] Level 1:colcon.colcon_core.shell:create_environment_hook('hugr_bringup', 'ld_library_path_lib')
[7.232s] INFO:colcon.colcon_core.shell:Creating environment hook '/home/isak/seabotics_ws/Hugr_Primus/seabotics_ws/install/share/hugr_bringup/hook/ld_library_path_lib.ps1'
[7.232s] INFO:colcon.colcon_core.shell:Creating environment descriptor '/home/isak/seabotics_ws/Hugr_Primus/seabotics_ws/install/share/hugr_bringup/hook/ld_library_path_lib.dsv'
[7.233s] INFO:colcon.colcon_core.shell:Creating environment hook '/home/isak/seabotics_ws/Hugr_Primus/seabotics_ws/install/share/hugr_bringup/hook/ld_library_path_lib.sh'
[7.233s] Level 1:colcon.colcon_core.environment:checking '/home/isak/seabotics_ws/Hugr_Primus/seabotics_ws/install/bin'
[7.233s] Level 1:colcon.colcon_core.environment:checking '/home/isak/seabotics_ws/Hugr_Primus/seabotics_ws/install/lib/pkgconfig/hugr_bringup.pc'
[7.233s] Level 1:colcon.colcon_core.environment:checking '/home/isak/seabotics_ws/Hugr_Primus/seabotics_ws/install/lib/python3.10/site-packages'
[7.233s] Level 1:colcon.colcon_core.environment:checking '/home/isak/seabotics_ws/Hugr_Primus/seabotics_ws/install/bin'
[7.233s] INFO:colcon.colcon_core.shell:Creating package script '/home/isak/seabotics_ws/Hugr_Primus/seabotics_ws/install/share/hugr_bringup/package.ps1'
[7.234s] INFO:colcon.colcon_core.shell:Creating package descriptor '/home/isak/seabotics_ws/Hugr_Primus/seabotics_ws/install/share/hugr_bringup/package.dsv'
[7.234s] INFO:colcon.colcon_core.shell:Creating package script '/home/isak/seabotics_ws/Hugr_Primus/seabotics_ws/install/share/hugr_bringup/package.sh'
[7.234s] INFO:colcon.colcon_core.shell:Creating package script '/home/isak/seabotics_ws/Hugr_Primus/seabotics_ws/install/share/hugr_bringup/package.bash'
[7.235s] INFO:colcon.colcon_core.shell:Creating package script '/home/isak/seabotics_ws/Hugr_Primus/seabotics_ws/install/share/hugr_bringup/package.zsh'
[7.235s] Level 1:colcon.colcon_core.environment:create_file_with_runtime_dependencies(/home/isak/seabotics_ws/Hugr_Primus/seabotics_ws/install/share/colcon-core/packages/hugr_bringup)
[7.235s] DEBUG:colcon.colcon_parallel_executor.executor.parallel:closing loop
[7.235s] DEBUG:colcon.colcon_parallel_executor.executor.parallel:loop closed
[7.235s] DEBUG:colcon.colcon_parallel_executor.executor.parallel:run_until_complete finished with '0'
[7.235s] DEBUG:colcon.colcon_core.event_reactor:joining thread
[7.238s] INFO:colcon.colcon_core.plugin_system:Skipping extension 'colcon_notification.desktop_notification.terminal_notifier': Not used on non-Darwin systems
[7.238s] INFO:colcon.colcon_core.plugin_system:Skipping extension 'colcon_notification.desktop_notification.win32': Not used on non-Windows systems
[7.238s] INFO:colcon.colcon_notification.desktop_notification:Sending desktop notification using 'notify2'
[7.252s] DEBUG:colcon.colcon_core.event_reactor:joined thread
[7.252s] INFO:colcon.colcon_core.shell:Creating prefix script '/home/isak/seabotics_ws/Hugr_Primus/seabotics_ws/install/local_setup.ps1'
[7.253s] INFO:colcon.colcon_core.shell:Creating prefix util module '/home/isak/seabotics_ws/Hugr_Primus/seabotics_ws/install/_local_setup_util_ps1.py'
[7.254s] INFO:colcon.colcon_core.shell:Creating prefix chain script '/home/isak/seabotics_ws/Hugr_Primus/seabotics_ws/install/setup.ps1'
[7.256s] INFO:colcon.colcon_core.shell:Creating prefix script '/home/isak/seabotics_ws/Hugr_Primus/seabotics_ws/install/local_setup.sh'
[7.256s] INFO:colcon.colcon_core.shell:Creating prefix util module '/home/isak/seabotics_ws/Hugr_Primus/seabotics_ws/install/_local_setup_util_sh.py'
[7.256s] INFO:colcon.colcon_core.shell:Creating prefix chain script '/home/isak/seabotics_ws/Hugr_Primus/seabotics_ws/install/setup.sh'
[7.258s] INFO:colcon.colcon_core.shell:Creating prefix script '/home/isak/seabotics_ws/Hugr_Primus/seabotics_ws/install/local_setup.bash'
[7.258s] INFO:colcon.colcon_core.shell:Creating prefix chain script '/home/isak/seabotics_ws/Hugr_Primus/seabotics_ws/install/setup.bash'
[7.260s] INFO:colcon.colcon_core.shell:Creating prefix script '/home/isak/seabotics_ws/Hugr_Primus/seabotics_ws/install/local_setup.zsh'
[7.260s] INFO:colcon.colcon_core.shell:Creating prefix chain script '/home/isak/seabotics_ws/Hugr_Primus/seabotics_ws/install/setup.zsh'
