[0.027s] Invoking command in '/home/isak/seabotics_ws/Hugr_Primus/seabotics_ws/build/hugr_mission': /usr/bin/cmake /home/isak/seabotics_ws/Hugr_Primus/seabotics_ws/src/hugr_mission -DCATKIN_INSTALL_INTO_PREFIX_ROOT=0 -DCATKIN_SYMLINK_INSTALL=ON -DCMAKE_INSTALL_PREFIX=/home/isak/seabotics_ws/Hugr_Primus/seabotics_ws/install
[0.078s] -- The C compiler identification is GNU 11.4.0
[0.134s] -- The CXX compiler identification is GNU 11.4.0
[0.140s] -- Detecting C compiler ABI info
[0.200s] -- Detecting C compiler ABI info - done
[0.206s] -- Check for working C compiler: /usr/bin/cc - skipped
[0.206s] -- Detecting C compile features
[0.207s] -- Detecting C compile features - done
[0.209s] -- Detecting CXX compiler ABI info
[0.268s] -- Detecting CXX compiler ABI info - done
[0.274s] -- Check for working CXX compiler: /usr/bin/c++ - skipped
[0.274s] -- Detecting CXX compile features
[0.274s] -- Detecting CXX compile features - done
[0.289s] -- Found ament_cmake: 1.3.12 (/opt/ros/humble/share/ament_cmake/cmake)
[0.416s] -- Found Python3: /usr/bin/python3 (found version "3.10.12") found components: Interpreter 
[0.668s] -- Configuring done
[0.670s] -- Generating done
[0.670s] [33mCMake Warning:
[0.670s]   Manually-specified variables were not used by the project:
[0.670s] 
[0.671s]     CATKIN_INSTALL_INTO_PREFIX_ROOT
[0.671s]     CATKIN_SYMLINK_INSTALL
[0.671s] 
[0.671s] [0m
[0.671s] -- Build files have been written to: /home/isak/seabotics_ws/Hugr_Primus/seabotics_ws/build/hugr_mission
[0.675s] Invoked command in '/home/isak/seabotics_ws/Hugr_Primus/seabotics_ws/build/hugr_mission' returned '0': /usr/bin/cmake /home/isak/seabotics_ws/Hugr_Primus/seabotics_ws/src/hugr_mission -DCATKIN_INSTALL_INTO_PREFIX_ROOT=0 -DCATKIN_SYMLINK_INSTALL=ON -DCMAKE_INSTALL_PREFIX=/home/isak/seabotics_ws/Hugr_Primus/seabotics_ws/install
[0.676s] Invoking command in '/home/isak/seabotics_ws/Hugr_Primus/seabotics_ws/build/hugr_mission': /usr/bin/cmake --build /home/isak/seabotics_ws/Hugr_Primus/seabotics_ws/build/hugr_mission -- -j12 -l12
[0.710s] Invoked command in '/home/isak/seabotics_ws/Hugr_Primus/seabotics_ws/build/hugr_mission' returned '0': /usr/bin/cmake --build /home/isak/seabotics_ws/Hugr_Primus/seabotics_ws/build/hugr_mission -- -j12 -l12
[0.711s] Invoking command in '/home/isak/seabotics_ws/Hugr_Primus/seabotics_ws/build/hugr_mission': /usr/bin/cmake --install /home/isak/seabotics_ws/Hugr_Primus/seabotics_ws/build/hugr_mission
[0.717s] -- Install configuration: ""
[0.717s] -- Installing: /home/isak/seabotics_ws/Hugr_Primus/seabotics_ws/install/share/hugr_mission/launch
[0.717s] -- Installing: /home/isak/seabotics_ws/Hugr_Primus/seabotics_ws/install/share/hugr_mission/launch/.keep
[0.717s] -- Installing: /home/isak/seabotics_ws/Hugr_Primus/seabotics_ws/install/share/hugr_mission/config
[0.717s] -- Installing: /home/isak/seabotics_ws/Hugr_Primus/seabotics_ws/install/share/hugr_mission/config/.keep
[0.717s] -- Installing: /home/isak/seabotics_ws/Hugr_Primus/seabotics_ws/install/share/ament_index/resource_index/package_run_dependencies/hugr_mission
[0.718s] -- Installing: /home/isak/seabotics_ws/Hugr_Primus/seabotics_ws/install/share/ament_index/resource_index/parent_prefix_path/hugr_mission
[0.718s] -- Installing: /home/isak/seabotics_ws/Hugr_Primus/seabotics_ws/install/share/hugr_mission/environment/ament_prefix_path.sh
[0.718s] -- Installing: /home/isak/seabotics_ws/Hugr_Primus/seabotics_ws/install/share/hugr_mission/environment/ament_prefix_path.dsv
[0.718s] -- Installing: /home/isak/seabotics_ws/Hugr_Primus/seabotics_ws/install/share/hugr_mission/environment/path.sh
[0.718s] -- Installing: /home/isak/seabotics_ws/Hugr_Primus/seabotics_ws/install/share/hugr_mission/environment/path.dsv
[0.718s] -- Installing: /home/isak/seabotics_ws/Hugr_Primus/seabotics_ws/install/share/hugr_mission/local_setup.bash
[0.718s] -- Installing: /home/isak/seabotics_ws/Hugr_Primus/seabotics_ws/install/share/hugr_mission/local_setup.sh
[0.718s] -- Installing: /home/isak/seabotics_ws/Hugr_Primus/seabotics_ws/install/share/hugr_mission/local_setup.zsh
[0.718s] -- Installing: /home/isak/seabotics_ws/Hugr_Primus/seabotics_ws/install/share/hugr_mission/local_setup.dsv
[0.719s] -- Installing: /home/isak/seabotics_ws/Hugr_Primus/seabotics_ws/install/share/hugr_mission/package.dsv
[0.719s] -- Installing: /home/isak/seabotics_ws/Hugr_Primus/seabotics_ws/install/share/ament_index/resource_index/packages/hugr_mission
[0.720s] -- Installing: /home/isak/seabotics_ws/Hugr_Primus/seabotics_ws/install/share/hugr_mission/cmake/hugr_missionConfig.cmake
[0.720s] -- Installing: /home/isak/seabotics_ws/Hugr_Primus/seabotics_ws/install/share/hugr_mission/cmake/hugr_missionConfig-version.cmake
[0.720s] -- Installing: /home/isak/seabotics_ws/Hugr_Primus/seabotics_ws/install/share/hugr_mission/package.xml
[0.720s] Invoked command in '/home/isak/seabotics_ws/Hugr_Primus/seabotics_ws/build/hugr_mission' returned '0': /usr/bin/cmake --install /home/isak/seabotics_ws/Hugr_Primus/seabotics_ws/build/hugr_mission
