[0.035s] Invoking command in '/home/isak/seabotics_ws/Hugr_Primus/seabotics_ws/build/hugr_hardware': /home/isak/st/stm32cubeclt_1.19.0/CMake/bin/cmake --build /home/isak/seabotics_ws/Hugr_Primus/seabotics_ws/build/hugr_hardware -- -j12 -l12
[0.068s] [35m[1mConsolidate compiler generated dependencies of target twist_to_thrust_node[0m
[0.068s] [35m[1mConsolidate compiler generated dependencies of target serial_thruster_interface[0m
[0.085s] [ 50%] [32mBuilding CXX object CMakeFiles/serial_thruster_interface.dir/src/serial_thruster_interface.cpp.o[0m
[0.085s] [ 75%] Built target twist_to_thrust_node
[1.879s] [100%] [32m[1mLinking CXX shared library libserial_thruster_interface.so[0m
[1.958s] [100%] Built target serial_thruster_interface
[1.966s] Invoked command in '/home/isak/seabotics_ws/Hugr_Primus/seabotics_ws/build/hugr_hardware' returned '0': /home/isak/st/stm32cubeclt_1.19.0/CMake/bin/cmake --build /home/isak/seabotics_ws/Hugr_Primus/seabotics_ws/build/hugr_hardware -- -j12 -l12
[1.967s] Invoking command in '/home/isak/seabotics_ws/Hugr_Primus/seabotics_ws/build/hugr_hardware': /home/isak/st/stm32cubeclt_1.19.0/CMake/bin/cmake --install /home/isak/seabotics_ws/Hugr_Primus/seabotics_ws/build/hugr_hardware
[1.969s] -- Install configuration: ""
[1.969s] -- Up-to-date: /home/isak/seabotics_ws/Hugr_Primus/seabotics_ws/install/share/hugr_hardware/serial_thruster_interface.xml
[1.969s] -- Installing: /home/isak/seabotics_ws/Hugr_Primus/seabotics_ws/install/lib/libserial_thruster_interface.so
[1.970s] -- Set non-toolchain portion of runtime path of "/home/isak/seabotics_ws/Hugr_Primus/seabotics_ws/install/lib/libserial_thruster_interface.so" to ""
[1.970s] -- Up-to-date: /home/isak/seabotics_ws/Hugr_Primus/seabotics_ws/install/lib/hugr_hardware/twist_to_thrust_node
[1.970s] -- Up-to-date: /home/isak/seabotics_ws/Hugr_Primus/seabotics_ws/install/include
[1.970s] -- Up-to-date: /home/isak/seabotics_ws/Hugr_Primus/seabotics_ws/install/include/hugr_hardware
[1.970s] -- Installing: /home/isak/seabotics_ws/Hugr_Primus/seabotics_ws/install/include/hugr_hardware/serial_thruster_interface.hpp
[1.970s] -- Up-to-date: /home/isak/seabotics_ws/Hugr_Primus/seabotics_ws/install/share/hugr_hardware/serial_thruster_interface.xml
[1.970s] -- Up-to-date: /home/isak/seabotics_ws/Hugr_Primus/seabotics_ws/install/share/ament_index/resource_index/package_run_dependencies/hugr_hardware
[1.970s] -- Up-to-date: /home/isak/seabotics_ws/Hugr_Primus/seabotics_ws/install/share/ament_index/resource_index/parent_prefix_path/hugr_hardware
[1.970s] -- Up-to-date: /home/isak/seabotics_ws/Hugr_Primus/seabotics_ws/install/share/hugr_hardware/environment/ament_prefix_path.sh
[1.970s] -- Up-to-date: /home/isak/seabotics_ws/Hugr_Primus/seabotics_ws/install/share/hugr_hardware/environment/ament_prefix_path.dsv
[1.970s] -- Up-to-date: /home/isak/seabotics_ws/Hugr_Primus/seabotics_ws/install/share/hugr_hardware/environment/path.sh
[1.970s] -- Up-to-date: /home/isak/seabotics_ws/Hugr_Primus/seabotics_ws/install/share/hugr_hardware/environment/path.dsv
[1.970s] -- Up-to-date: /home/isak/seabotics_ws/Hugr_Primus/seabotics_ws/install/share/hugr_hardware/local_setup.bash
[1.970s] -- Up-to-date: /home/isak/seabotics_ws/Hugr_Primus/seabotics_ws/install/share/hugr_hardware/local_setup.sh
[1.971s] -- Up-to-date: /home/isak/seabotics_ws/Hugr_Primus/seabotics_ws/install/share/hugr_hardware/local_setup.zsh
[1.971s] -- Up-to-date: /home/isak/seabotics_ws/Hugr_Primus/seabotics_ws/install/share/hugr_hardware/local_setup.dsv
[1.971s] -- Installing: /home/isak/seabotics_ws/Hugr_Primus/seabotics_ws/install/share/hugr_hardware/package.dsv
[1.971s] -- Up-to-date: /home/isak/seabotics_ws/Hugr_Primus/seabotics_ws/install/share/ament_index/resource_index/packages/hugr_hardware
[1.971s] -- Up-to-date: /home/isak/seabotics_ws/Hugr_Primus/seabotics_ws/install/share/ament_index/resource_index/hardware_interface__pluginlib__plugin/hugr_hardware
[1.971s] -- Up-to-date: /home/isak/seabotics_ws/Hugr_Primus/seabotics_ws/install/share/hugr_hardware/cmake/hugr_hardwareConfig.cmake
[1.971s] -- Up-to-date: /home/isak/seabotics_ws/Hugr_Primus/seabotics_ws/install/share/hugr_hardware/cmake/hugr_hardwareConfig-version.cmake
[1.971s] -- Up-to-date: /home/isak/seabotics_ws/Hugr_Primus/seabotics_ws/install/share/hugr_hardware/package.xml
[1.972s] Invoked command in '/home/isak/seabotics_ws/Hugr_Primus/seabotics_ws/build/hugr_hardware' returned '0': /home/isak/st/stm32cubeclt_1.19.0/CMake/bin/cmake --install /home/isak/seabotics_ws/Hugr_Primus/seabotics_ws/build/hugr_hardware
