ARM GAS  /tmp/cc3AZNhS.s 			page 1


   1              		.cpu cortex-m4
   2              		.arch armv7e-m
   3              		.fpu fpv4-sp-d16
   4              		.eabi_attribute 27, 1
   5              		.eabi_attribute 28, 1
   6              		.eabi_attribute 20, 1
   7              		.eabi_attribute 21, 1
   8              		.eabi_attribute 23, 3
   9              		.eabi_attribute 24, 1
  10              		.eabi_attribute 25, 1
  11              		.eabi_attribute 26, 1
  12              		.eabi_attribute 30, 1
  13              		.eabi_attribute 34, 1
  14              		.eabi_attribute 18, 4
  15              		.file	"gpio.c"
  16              		.text
  17              	.Ltext0:
  18              		.cfi_sections	.debug_frame
  19              		.file 1 "Core/Src/gpio.c"
  20              		.section	.text.MX_GPIO_Init,"ax",%progbits
  21              		.align	1
  22              		.global	MX_GPIO_Init
  23              		.syntax unified
  24              		.thumb
  25              		.thumb_func
  27              	MX_GPIO_Init:
  28              	.LFB132:
   1:Core/Src/gpio.c **** /* USER CODE BEGIN Header */
   2:Core/Src/gpio.c **** /**
   3:Core/Src/gpio.c ****   ******************************************************************************
   4:Core/Src/gpio.c ****   * @file    gpio.c
   5:Core/Src/gpio.c ****   * @brief   This file provides code for the configuration
   6:Core/Src/gpio.c ****   *          of all used GPIO pins.
   7:Core/Src/gpio.c ****   ******************************************************************************
   8:Core/Src/gpio.c ****   * @attention
   9:Core/Src/gpio.c ****   *
  10:Core/Src/gpio.c ****   * Copyright (c) 2025 STMicroelectronics.
  11:Core/Src/gpio.c ****   * All rights reserved.
  12:Core/Src/gpio.c ****   *
  13:Core/Src/gpio.c ****   * This software is licensed under terms that can be found in the LICENSE file
  14:Core/Src/gpio.c ****   * in the root directory of this software component.
  15:Core/Src/gpio.c ****   * If no LICENSE file comes with this software, it is provided AS-IS.
  16:Core/Src/gpio.c ****   *
  17:Core/Src/gpio.c ****   ******************************************************************************
  18:Core/Src/gpio.c ****   */
  19:Core/Src/gpio.c **** /* USER CODE END Header */
  20:Core/Src/gpio.c **** 
  21:Core/Src/gpio.c **** /* Includes ------------------------------------------------------------------*/
  22:Core/Src/gpio.c **** #include "gpio.h"
  23:Core/Src/gpio.c **** 
  24:Core/Src/gpio.c **** /* USER CODE BEGIN 0 */
  25:Core/Src/gpio.c **** 
  26:Core/Src/gpio.c **** /* USER CODE END 0 */
  27:Core/Src/gpio.c **** 
  28:Core/Src/gpio.c **** /*----------------------------------------------------------------------------*/
  29:Core/Src/gpio.c **** /* Configure GPIO                                                             */
  30:Core/Src/gpio.c **** /*----------------------------------------------------------------------------*/
ARM GAS  /tmp/cc3AZNhS.s 			page 2


  31:Core/Src/gpio.c **** /* USER CODE BEGIN 1 */
  32:Core/Src/gpio.c **** 
  33:Core/Src/gpio.c **** /* USER CODE END 1 */
  34:Core/Src/gpio.c **** 
  35:Core/Src/gpio.c **** /** Configure pins as
  36:Core/Src/gpio.c ****         * Analog
  37:Core/Src/gpio.c ****         * Input
  38:Core/Src/gpio.c ****         * Output
  39:Core/Src/gpio.c ****         * EVENT_OUT
  40:Core/Src/gpio.c ****         * EXTI
  41:Core/Src/gpio.c ****      PG7   ------> LPUART1_TX
  42:Core/Src/gpio.c ****      PG8   ------> LPUART1_RX
  43:Core/Src/gpio.c ****      PA8   ------> USB_OTG_FS_SOF
  44:Core/Src/gpio.c ****      PA9   ------> USB_OTG_FS_VBUS
  45:Core/Src/gpio.c ****      PA10   ------> USB_OTG_FS_ID
  46:Core/Src/gpio.c ****      PA11   ------> USB_OTG_FS_DM
  47:Core/Src/gpio.c ****      PA12   ------> USB_OTG_FS_DP
  48:Core/Src/gpio.c **** */
  49:Core/Src/gpio.c **** void MX_GPIO_Init(void)
  50:Core/Src/gpio.c **** {
  29              		.loc 1 50 1 view -0
  30              		.cfi_startproc
  31              		@ args = 0, pretend = 0, frame = 48
  32              		@ frame_needed = 0, uses_anonymous_args = 0
  33 0000 F0B5     		push	{r4, r5, r6, r7, lr}
  34              	.LCFI0:
  35              		.cfi_def_cfa_offset 20
  36              		.cfi_offset 4, -20
  37              		.cfi_offset 5, -16
  38              		.cfi_offset 6, -12
  39              		.cfi_offset 7, -8
  40              		.cfi_offset 14, -4
  41 0002 8DB0     		sub	sp, sp, #52
  42              	.LCFI1:
  43              		.cfi_def_cfa_offset 72
  51:Core/Src/gpio.c **** 
  52:Core/Src/gpio.c ****   GPIO_InitTypeDef GPIO_InitStruct = {0};
  44              		.loc 1 52 3 view .LVU1
  45              		.loc 1 52 20 is_stmt 0 view .LVU2
  46 0004 0024     		movs	r4, #0
  47 0006 0794     		str	r4, [sp, #28]
  48 0008 0894     		str	r4, [sp, #32]
  49 000a 0994     		str	r4, [sp, #36]
  50 000c 0A94     		str	r4, [sp, #40]
  51 000e 0B94     		str	r4, [sp, #44]
  53:Core/Src/gpio.c **** 
  54:Core/Src/gpio.c ****   /* GPIO Ports Clock Enable */
  55:Core/Src/gpio.c ****   __HAL_RCC_GPIOC_CLK_ENABLE();
  52              		.loc 1 55 3 is_stmt 1 view .LVU3
  53              	.LBB2:
  54              		.loc 1 55 3 view .LVU4
  55              		.loc 1 55 3 view .LVU5
  56 0010 494D     		ldr	r5, .L3
  57 0012 EB6C     		ldr	r3, [r5, #76]
  58 0014 43F00403 		orr	r3, r3, #4
  59 0018 EB64     		str	r3, [r5, #76]
  60              		.loc 1 55 3 view .LVU6
ARM GAS  /tmp/cc3AZNhS.s 			page 3


  61 001a EB6C     		ldr	r3, [r5, #76]
  62 001c 03F00403 		and	r3, r3, #4
  63 0020 0193     		str	r3, [sp, #4]
  64              		.loc 1 55 3 view .LVU7
  65 0022 019B     		ldr	r3, [sp, #4]
  66              	.LBE2:
  67              		.loc 1 55 3 view .LVU8
  56:Core/Src/gpio.c ****   __HAL_RCC_GPIOH_CLK_ENABLE();
  68              		.loc 1 56 3 view .LVU9
  69              	.LBB3:
  70              		.loc 1 56 3 view .LVU10
  71              		.loc 1 56 3 view .LVU11
  72 0024 EB6C     		ldr	r3, [r5, #76]
  73 0026 43F08003 		orr	r3, r3, #128
  74 002a EB64     		str	r3, [r5, #76]
  75              		.loc 1 56 3 view .LVU12
  76 002c EB6C     		ldr	r3, [r5, #76]
  77 002e 03F08003 		and	r3, r3, #128
  78 0032 0293     		str	r3, [sp, #8]
  79              		.loc 1 56 3 view .LVU13
  80 0034 029B     		ldr	r3, [sp, #8]
  81              	.LBE3:
  82              		.loc 1 56 3 view .LVU14
  57:Core/Src/gpio.c ****   __HAL_RCC_GPIOB_CLK_ENABLE();
  83              		.loc 1 57 3 view .LVU15
  84              	.LBB4:
  85              		.loc 1 57 3 view .LVU16
  86              		.loc 1 57 3 view .LVU17
  87 0036 EB6C     		ldr	r3, [r5, #76]
  88 0038 43F00203 		orr	r3, r3, #2
  89 003c EB64     		str	r3, [r5, #76]
  90              		.loc 1 57 3 view .LVU18
  91 003e EB6C     		ldr	r3, [r5, #76]
  92 0040 03F00203 		and	r3, r3, #2
  93 0044 0393     		str	r3, [sp, #12]
  94              		.loc 1 57 3 view .LVU19
  95 0046 039B     		ldr	r3, [sp, #12]
  96              	.LBE4:
  97              		.loc 1 57 3 view .LVU20
  58:Core/Src/gpio.c ****   __HAL_RCC_GPIOD_CLK_ENABLE();
  98              		.loc 1 58 3 view .LVU21
  99              	.LBB5:
 100              		.loc 1 58 3 view .LVU22
 101              		.loc 1 58 3 view .LVU23
 102 0048 EB6C     		ldr	r3, [r5, #76]
 103 004a 43F00803 		orr	r3, r3, #8
 104 004e EB64     		str	r3, [r5, #76]
 105              		.loc 1 58 3 view .LVU24
 106 0050 EB6C     		ldr	r3, [r5, #76]
 107 0052 03F00803 		and	r3, r3, #8
 108 0056 0493     		str	r3, [sp, #16]
 109              		.loc 1 58 3 view .LVU25
 110 0058 049B     		ldr	r3, [sp, #16]
 111              	.LBE5:
 112              		.loc 1 58 3 view .LVU26
  59:Core/Src/gpio.c ****   __HAL_RCC_GPIOG_CLK_ENABLE();
 113              		.loc 1 59 3 view .LVU27
ARM GAS  /tmp/cc3AZNhS.s 			page 4


 114              	.LBB6:
 115              		.loc 1 59 3 view .LVU28
 116              		.loc 1 59 3 view .LVU29
 117 005a EB6C     		ldr	r3, [r5, #76]
 118 005c 43F04003 		orr	r3, r3, #64
 119 0060 EB64     		str	r3, [r5, #76]
 120              		.loc 1 59 3 view .LVU30
 121 0062 EB6C     		ldr	r3, [r5, #76]
 122 0064 03F04003 		and	r3, r3, #64
 123 0068 0593     		str	r3, [sp, #20]
 124              		.loc 1 59 3 view .LVU31
 125 006a 059B     		ldr	r3, [sp, #20]
 126              	.LBE6:
 127              		.loc 1 59 3 view .LVU32
  60:Core/Src/gpio.c ****   HAL_PWREx_EnableVddIO2();
 128              		.loc 1 60 3 view .LVU33
 129 006c FFF7FEFF 		bl	HAL_PWREx_EnableVddIO2
 130              	.LVL0:
  61:Core/Src/gpio.c ****   __HAL_RCC_GPIOA_CLK_ENABLE();
 131              		.loc 1 61 3 view .LVU34
 132              	.LBB7:
 133              		.loc 1 61 3 view .LVU35
 134              		.loc 1 61 3 view .LVU36
 135 0070 EB6C     		ldr	r3, [r5, #76]
 136 0072 43F00103 		orr	r3, r3, #1
 137 0076 EB64     		str	r3, [r5, #76]
 138              		.loc 1 61 3 view .LVU37
 139 0078 EB6C     		ldr	r3, [r5, #76]
 140 007a 03F00103 		and	r3, r3, #1
 141 007e 0693     		str	r3, [sp, #24]
 142              		.loc 1 61 3 view .LVU38
 143 0080 069B     		ldr	r3, [sp, #24]
 144              	.LBE7:
 145              		.loc 1 61 3 view .LVU39
  62:Core/Src/gpio.c **** 
  63:Core/Src/gpio.c ****   /*Configure GPIO pin Output Level */
  64:Core/Src/gpio.c ****   HAL_GPIO_WritePin(GPIOB, LD3_Pin|LD2_Pin, GPIO_PIN_RESET);
 146              		.loc 1 64 3 view .LVU40
 147 0082 2E4F     		ldr	r7, .L3+4
 148 0084 2246     		mov	r2, r4
 149 0086 4FF48141 		mov	r1, #16512
 150 008a 3846     		mov	r0, r7
 151 008c FFF7FEFF 		bl	HAL_GPIO_WritePin
 152              	.LVL1:
  65:Core/Src/gpio.c **** 
  66:Core/Src/gpio.c ****   /*Configure GPIO pin Output Level */
  67:Core/Src/gpio.c ****   HAL_GPIO_WritePin(USB_PowerSwitchOn_GPIO_Port, USB_PowerSwitchOn_Pin, GPIO_PIN_RESET);
 153              		.loc 1 67 3 view .LVU41
 154 0090 2B4D     		ldr	r5, .L3+8
 155 0092 2246     		mov	r2, r4
 156 0094 4021     		movs	r1, #64
 157 0096 2846     		mov	r0, r5
 158 0098 FFF7FEFF 		bl	HAL_GPIO_WritePin
 159              	.LVL2:
  68:Core/Src/gpio.c **** 
  69:Core/Src/gpio.c ****   /*Configure GPIO pin : B1_Pin */
  70:Core/Src/gpio.c ****   GPIO_InitStruct.Pin = B1_Pin;
ARM GAS  /tmp/cc3AZNhS.s 			page 5


 160              		.loc 1 70 3 view .LVU42
 161              		.loc 1 70 23 is_stmt 0 view .LVU43
 162 009c 4FF40053 		mov	r3, #8192
 163 00a0 0793     		str	r3, [sp, #28]
  71:Core/Src/gpio.c ****   GPIO_InitStruct.Mode = GPIO_MODE_IT_RISING;
 164              		.loc 1 71 3 is_stmt 1 view .LVU44
 165              		.loc 1 71 24 is_stmt 0 view .LVU45
 166 00a2 4FF48813 		mov	r3, #1114112
 167 00a6 0893     		str	r3, [sp, #32]
  72:Core/Src/gpio.c ****   GPIO_InitStruct.Pull = GPIO_NOPULL;
 168              		.loc 1 72 3 is_stmt 1 view .LVU46
 169              		.loc 1 72 24 is_stmt 0 view .LVU47
 170 00a8 0994     		str	r4, [sp, #36]
  73:Core/Src/gpio.c ****   HAL_GPIO_Init(B1_GPIO_Port, &GPIO_InitStruct);
 171              		.loc 1 73 3 is_stmt 1 view .LVU48
 172 00aa 07A9     		add	r1, sp, #28
 173 00ac 2548     		ldr	r0, .L3+12
 174 00ae FFF7FEFF 		bl	HAL_GPIO_Init
 175              	.LVL3:
  74:Core/Src/gpio.c **** 
  75:Core/Src/gpio.c ****   /*Configure GPIO pins : LD3_Pin LD2_Pin */
  76:Core/Src/gpio.c ****   GPIO_InitStruct.Pin = LD3_Pin|LD2_Pin;
 176              		.loc 1 76 3 view .LVU49
 177              		.loc 1 76 23 is_stmt 0 view .LVU50
 178 00b2 4FF48143 		mov	r3, #16512
 179 00b6 0793     		str	r3, [sp, #28]
  77:Core/Src/gpio.c ****   GPIO_InitStruct.Mode = GPIO_MODE_OUTPUT_PP;
 180              		.loc 1 77 3 is_stmt 1 view .LVU51
 181              		.loc 1 77 24 is_stmt 0 view .LVU52
 182 00b8 0126     		movs	r6, #1
 183 00ba 0896     		str	r6, [sp, #32]
  78:Core/Src/gpio.c ****   GPIO_InitStruct.Pull = GPIO_NOPULL;
 184              		.loc 1 78 3 is_stmt 1 view .LVU53
 185              		.loc 1 78 24 is_stmt 0 view .LVU54
 186 00bc 0994     		str	r4, [sp, #36]
  79:Core/Src/gpio.c ****   GPIO_InitStruct.Speed = GPIO_SPEED_FREQ_LOW;
 187              		.loc 1 79 3 is_stmt 1 view .LVU55
 188              		.loc 1 79 25 is_stmt 0 view .LVU56
 189 00be 0A94     		str	r4, [sp, #40]
  80:Core/Src/gpio.c ****   HAL_GPIO_Init(GPIOB, &GPIO_InitStruct);
 190              		.loc 1 80 3 is_stmt 1 view .LVU57
 191 00c0 07A9     		add	r1, sp, #28
 192 00c2 3846     		mov	r0, r7
 193 00c4 FFF7FEFF 		bl	HAL_GPIO_Init
 194              	.LVL4:
  81:Core/Src/gpio.c **** 
  82:Core/Src/gpio.c ****   /*Configure GPIO pin : USB_OverCurrent_Pin */
  83:Core/Src/gpio.c ****   GPIO_InitStruct.Pin = USB_OverCurrent_Pin;
 195              		.loc 1 83 3 view .LVU58
 196              		.loc 1 83 23 is_stmt 0 view .LVU59
 197 00c8 2023     		movs	r3, #32
 198 00ca 0793     		str	r3, [sp, #28]
  84:Core/Src/gpio.c ****   GPIO_InitStruct.Mode = GPIO_MODE_INPUT;
 199              		.loc 1 84 3 is_stmt 1 view .LVU60
 200              		.loc 1 84 24 is_stmt 0 view .LVU61
 201 00cc 0894     		str	r4, [sp, #32]
  85:Core/Src/gpio.c ****   GPIO_InitStruct.Pull = GPIO_NOPULL;
ARM GAS  /tmp/cc3AZNhS.s 			page 6


 202              		.loc 1 85 3 is_stmt 1 view .LVU62
 203              		.loc 1 85 24 is_stmt 0 view .LVU63
 204 00ce 0994     		str	r4, [sp, #36]
  86:Core/Src/gpio.c ****   HAL_GPIO_Init(USB_OverCurrent_GPIO_Port, &GPIO_InitStruct);
 205              		.loc 1 86 3 is_stmt 1 view .LVU64
 206 00d0 07A9     		add	r1, sp, #28
 207 00d2 2846     		mov	r0, r5
 208 00d4 FFF7FEFF 		bl	HAL_GPIO_Init
 209              	.LVL5:
  87:Core/Src/gpio.c **** 
  88:Core/Src/gpio.c ****   /*Configure GPIO pin : USB_PowerSwitchOn_Pin */
  89:Core/Src/gpio.c ****   GPIO_InitStruct.Pin = USB_PowerSwitchOn_Pin;
 210              		.loc 1 89 3 view .LVU65
 211              		.loc 1 89 23 is_stmt 0 view .LVU66
 212 00d8 4023     		movs	r3, #64
 213 00da 0793     		str	r3, [sp, #28]
  90:Core/Src/gpio.c ****   GPIO_InitStruct.Mode = GPIO_MODE_OUTPUT_PP;
 214              		.loc 1 90 3 is_stmt 1 view .LVU67
 215              		.loc 1 90 24 is_stmt 0 view .LVU68
 216 00dc 0896     		str	r6, [sp, #32]
  91:Core/Src/gpio.c ****   GPIO_InitStruct.Pull = GPIO_NOPULL;
 217              		.loc 1 91 3 is_stmt 1 view .LVU69
 218              		.loc 1 91 24 is_stmt 0 view .LVU70
 219 00de 0994     		str	r4, [sp, #36]
  92:Core/Src/gpio.c ****   GPIO_InitStruct.Speed = GPIO_SPEED_FREQ_LOW;
 220              		.loc 1 92 3 is_stmt 1 view .LVU71
 221              		.loc 1 92 25 is_stmt 0 view .LVU72
 222 00e0 0A94     		str	r4, [sp, #40]
  93:Core/Src/gpio.c ****   HAL_GPIO_Init(USB_PowerSwitchOn_GPIO_Port, &GPIO_InitStruct);
 223              		.loc 1 93 3 is_stmt 1 view .LVU73
 224 00e2 07A9     		add	r1, sp, #28
 225 00e4 2846     		mov	r0, r5
 226 00e6 FFF7FEFF 		bl	HAL_GPIO_Init
 227              	.LVL6:
  94:Core/Src/gpio.c **** 
  95:Core/Src/gpio.c ****   /*Configure GPIO pins : STLINK_TX_Pin STLINK_RX_Pin */
  96:Core/Src/gpio.c ****   GPIO_InitStruct.Pin = STLINK_TX_Pin|STLINK_RX_Pin;
 228              		.loc 1 96 3 view .LVU74
 229              		.loc 1 96 23 is_stmt 0 view .LVU75
 230 00ea 4FF4C073 		mov	r3, #384
 231 00ee 0793     		str	r3, [sp, #28]
  97:Core/Src/gpio.c ****   GPIO_InitStruct.Mode = GPIO_MODE_AF_PP;
 232              		.loc 1 97 3 is_stmt 1 view .LVU76
 233              		.loc 1 97 24 is_stmt 0 view .LVU77
 234 00f0 0227     		movs	r7, #2
 235 00f2 0897     		str	r7, [sp, #32]
  98:Core/Src/gpio.c ****   GPIO_InitStruct.Pull = GPIO_NOPULL;
 236              		.loc 1 98 3 is_stmt 1 view .LVU78
 237              		.loc 1 98 24 is_stmt 0 view .LVU79
 238 00f4 0994     		str	r4, [sp, #36]
  99:Core/Src/gpio.c ****   GPIO_InitStruct.Speed = GPIO_SPEED_FREQ_VERY_HIGH;
 239              		.loc 1 99 3 is_stmt 1 view .LVU80
 240              		.loc 1 99 25 is_stmt 0 view .LVU81
 241 00f6 0326     		movs	r6, #3
 242 00f8 0A96     		str	r6, [sp, #40]
 100:Core/Src/gpio.c ****   GPIO_InitStruct.Alternate = GPIO_AF8_LPUART1;
 243              		.loc 1 100 3 is_stmt 1 view .LVU82
ARM GAS  /tmp/cc3AZNhS.s 			page 7


 244              		.loc 1 100 29 is_stmt 0 view .LVU83
 245 00fa 0823     		movs	r3, #8
 246 00fc 0B93     		str	r3, [sp, #44]
 101:Core/Src/gpio.c ****   HAL_GPIO_Init(GPIOG, &GPIO_InitStruct);
 247              		.loc 1 101 3 is_stmt 1 view .LVU84
 248 00fe 07A9     		add	r1, sp, #28
 249 0100 2846     		mov	r0, r5
 250 0102 FFF7FEFF 		bl	HAL_GPIO_Init
 251              	.LVL7:
 102:Core/Src/gpio.c **** 
 103:Core/Src/gpio.c ****   /*Configure GPIO pins : USB_SOF_Pin USB_ID_Pin USB_DM_Pin USB_DP_Pin */
 104:Core/Src/gpio.c ****   GPIO_InitStruct.Pin = USB_SOF_Pin|USB_ID_Pin|USB_DM_Pin|USB_DP_Pin;
 252              		.loc 1 104 3 view .LVU85
 253              		.loc 1 104 23 is_stmt 0 view .LVU86
 254 0106 4FF4E853 		mov	r3, #7424
 255 010a 0793     		str	r3, [sp, #28]
 105:Core/Src/gpio.c ****   GPIO_InitStruct.Mode = GPIO_MODE_AF_PP;
 256              		.loc 1 105 3 is_stmt 1 view .LVU87
 257              		.loc 1 105 24 is_stmt 0 view .LVU88
 258 010c 0897     		str	r7, [sp, #32]
 106:Core/Src/gpio.c ****   GPIO_InitStruct.Pull = GPIO_NOPULL;
 259              		.loc 1 106 3 is_stmt 1 view .LVU89
 260              		.loc 1 106 24 is_stmt 0 view .LVU90
 261 010e 0994     		str	r4, [sp, #36]
 107:Core/Src/gpio.c ****   GPIO_InitStruct.Speed = GPIO_SPEED_FREQ_VERY_HIGH;
 262              		.loc 1 107 3 is_stmt 1 view .LVU91
 263              		.loc 1 107 25 is_stmt 0 view .LVU92
 264 0110 0A96     		str	r6, [sp, #40]
 108:Core/Src/gpio.c ****   GPIO_InitStruct.Alternate = GPIO_AF10_OTG_FS;
 265              		.loc 1 108 3 is_stmt 1 view .LVU93
 266              		.loc 1 108 29 is_stmt 0 view .LVU94
 267 0112 0A23     		movs	r3, #10
 268 0114 0B93     		str	r3, [sp, #44]
 109:Core/Src/gpio.c ****   HAL_GPIO_Init(GPIOA, &GPIO_InitStruct);
 269              		.loc 1 109 3 is_stmt 1 view .LVU95
 270 0116 07A9     		add	r1, sp, #28
 271 0118 4FF09040 		mov	r0, #1207959552
 272 011c FFF7FEFF 		bl	HAL_GPIO_Init
 273              	.LVL8:
 110:Core/Src/gpio.c **** 
 111:Core/Src/gpio.c ****   /*Configure GPIO pin : USB_VBUS_Pin */
 112:Core/Src/gpio.c ****   GPIO_InitStruct.Pin = USB_VBUS_Pin;
 274              		.loc 1 112 3 view .LVU96
 275              		.loc 1 112 23 is_stmt 0 view .LVU97
 276 0120 4FF40073 		mov	r3, #512
 277 0124 0793     		str	r3, [sp, #28]
 113:Core/Src/gpio.c ****   GPIO_InitStruct.Mode = GPIO_MODE_INPUT;
 278              		.loc 1 113 3 is_stmt 1 view .LVU98
 279              		.loc 1 113 24 is_stmt 0 view .LVU99
 280 0126 0894     		str	r4, [sp, #32]
 114:Core/Src/gpio.c ****   GPIO_InitStruct.Pull = GPIO_NOPULL;
 281              		.loc 1 114 3 is_stmt 1 view .LVU100
 282              		.loc 1 114 24 is_stmt 0 view .LVU101
 283 0128 0994     		str	r4, [sp, #36]
 115:Core/Src/gpio.c ****   HAL_GPIO_Init(USB_VBUS_GPIO_Port, &GPIO_InitStruct);
 284              		.loc 1 115 3 is_stmt 1 view .LVU102
 285 012a 07A9     		add	r1, sp, #28
ARM GAS  /tmp/cc3AZNhS.s 			page 8


 286 012c 4FF09040 		mov	r0, #1207959552
 287 0130 FFF7FEFF 		bl	HAL_GPIO_Init
 288              	.LVL9:
 116:Core/Src/gpio.c **** 
 117:Core/Src/gpio.c **** }
 289              		.loc 1 117 1 is_stmt 0 view .LVU103
 290 0134 0DB0     		add	sp, sp, #52
 291              	.LCFI2:
 292              		.cfi_def_cfa_offset 20
 293              		@ sp needed
 294 0136 F0BD     		pop	{r4, r5, r6, r7, pc}
 295              	.L4:
 296              		.align	2
 297              	.L3:
 298 0138 00100240 		.word	1073876992
 299 013c 00040048 		.word	1207960576
 300 0140 00180048 		.word	1207965696
 301 0144 00080048 		.word	1207961600
 302              		.cfi_endproc
 303              	.LFE132:
 305              		.text
 306              	.Letext0:
 307              		.file 2 "/home/isak/st/stm32cubeclt_1.19.0/GNU-tools-for-STM32/arm-none-eabi/include/machine/_defa
 308              		.file 3 "/home/isak/st/stm32cubeclt_1.19.0/GNU-tools-for-STM32/arm-none-eabi/include/sys/_stdint.h
 309              		.file 4 "Drivers/CMSIS/Device/ST/STM32L4xx/Include/stm32l4r5xx.h"
 310              		.file 5 "Drivers/STM32L4xx_HAL_Driver/Inc/stm32l4xx_hal_gpio.h"
 311              		.file 6 "Drivers/STM32L4xx_HAL_Driver/Inc/stm32l4xx_hal_pwr_ex.h"
ARM GAS  /tmp/cc3AZNhS.s 			page 9


DEFINED SYMBOLS
                            *ABS*:00000000 gpio.c
     /tmp/cc3AZNhS.s:21     .text.MX_GPIO_Init:00000000 $t
     /tmp/cc3AZNhS.s:27     .text.MX_GPIO_Init:00000000 MX_GPIO_Init
     /tmp/cc3AZNhS.s:298    .text.MX_GPIO_Init:00000138 $d

UNDEFINED SYMBOLS
HAL_PWREx_EnableVddIO2
HAL_GPIO_WritePin
HAL_GPIO_Init
