ARM GAS  /tmp/ccRhTAzx.s 			page 1


   1              		.cpu cortex-m4
   2              		.arch armv7e-m
   3              		.fpu fpv4-sp-d16
   4              		.eabi_attribute 27, 1
   5              		.eabi_attribute 28, 1
   6              		.eabi_attribute 20, 1
   7              		.eabi_attribute 21, 1
   8              		.eabi_attribute 23, 3
   9              		.eabi_attribute 24, 1
  10              		.eabi_attribute 25, 1
  11              		.eabi_attribute 26, 1
  12              		.eabi_attribute 30, 1
  13              		.eabi_attribute 34, 1
  14              		.eabi_attribute 18, 4
  15              		.file	"syscalls.c"
  16              		.text
  17              	.Ltext0:
  18              		.cfi_sections	.debug_frame
  19              		.file 1 "Core/Src/syscalls.c"
  20              		.section	.text.initialise_monitor_handles,"ax",%progbits
  21              		.align	1
  22              		.global	initialise_monitor_handles
  23              		.syntax unified
  24              		.thumb
  25              		.thumb_func
  27              	initialise_monitor_handles:
  28              	.LFB25:
   1:Core/Src/syscalls.c **** /**
   2:Core/Src/syscalls.c ****  ******************************************************************************
   3:Core/Src/syscalls.c ****  * @file      syscalls.c
   4:Core/Src/syscalls.c ****  * @author    Auto-generated by STM32CubeMX
   5:Core/Src/syscalls.c ****  * @brief     Minimal System calls file
   6:Core/Src/syscalls.c ****  *
   7:Core/Src/syscalls.c ****  *            For more information about which c-functions
   8:Core/Src/syscalls.c ****  *            need which of these lowlevel functions
   9:Core/Src/syscalls.c ****  *            please consult the Newlib or Picolibc libc-manual
  10:Core/Src/syscalls.c ****  ******************************************************************************
  11:Core/Src/syscalls.c ****  * @attention
  12:Core/Src/syscalls.c ****  *
  13:Core/Src/syscalls.c ****  * Copyright (c) 2020-2025 STMicroelectronics.
  14:Core/Src/syscalls.c ****  * All rights reserved.
  15:Core/Src/syscalls.c ****  *
  16:Core/Src/syscalls.c ****  * This software is licensed under terms that can be found in the LICENSE file
  17:Core/Src/syscalls.c ****  * in the root directory of this software component.
  18:Core/Src/syscalls.c ****  * If no LICENSE file comes with this software, it is provided AS-IS.
  19:Core/Src/syscalls.c ****  *
  20:Core/Src/syscalls.c ****  ******************************************************************************
  21:Core/Src/syscalls.c ****  */
  22:Core/Src/syscalls.c **** 
  23:Core/Src/syscalls.c **** /* Includes */
  24:Core/Src/syscalls.c **** #include <sys/stat.h>
  25:Core/Src/syscalls.c **** #include <stdlib.h>
  26:Core/Src/syscalls.c **** #include <errno.h>
  27:Core/Src/syscalls.c **** #include <stdio.h>
  28:Core/Src/syscalls.c **** #include <signal.h>
  29:Core/Src/syscalls.c **** #include <time.h>
  30:Core/Src/syscalls.c **** #include <sys/time.h>
ARM GAS  /tmp/ccRhTAzx.s 			page 2


  31:Core/Src/syscalls.c **** #include <sys/times.h>
  32:Core/Src/syscalls.c **** 
  33:Core/Src/syscalls.c **** #ifndef S_IFCHR
  34:Core/Src/syscalls.c **** /* Fallback hvis S_IFCHR ikke er definert av systemheaders */
  35:Core/Src/syscalls.c **** #define S_IFCHR 0020000
  36:Core/Src/syscalls.c **** #endif
  37:Core/Src/syscalls.c **** 
  38:Core/Src/syscalls.c **** 
  39:Core/Src/syscalls.c **** /* Variables */
  40:Core/Src/syscalls.c **** //#undef errno
  41:Core/Src/syscalls.c **** extern int errno;
  42:Core/Src/syscalls.c **** extern int __io_putchar(int ch) __attribute__((weak));
  43:Core/Src/syscalls.c **** extern int __io_getchar(void) __attribute__((weak));
  44:Core/Src/syscalls.c **** 
  45:Core/Src/syscalls.c **** register char * stack_ptr asm("sp");
  46:Core/Src/syscalls.c **** 
  47:Core/Src/syscalls.c **** char *__env[1] = { 0 };
  48:Core/Src/syscalls.c **** char **environ = __env;
  49:Core/Src/syscalls.c **** 
  50:Core/Src/syscalls.c **** extern char _estack;  // see ld file
  51:Core/Src/syscalls.c **** extern char _Min_Stack_Size;  // see ld file
  52:Core/Src/syscalls.c **** 
  53:Core/Src/syscalls.c **** /* Functions */
  54:Core/Src/syscalls.c **** void initialise_monitor_handles()
  55:Core/Src/syscalls.c **** {
  29              		.loc 1 55 1 view -0
  30              		.cfi_startproc
  31              		@ args = 0, pretend = 0, frame = 0
  32              		@ frame_needed = 0, uses_anonymous_args = 0
  33              		@ link register save eliminated.
  56:Core/Src/syscalls.c **** }
  34              		.loc 1 56 1 view .LVU1
  35 0000 7047     		bx	lr
  36              		.cfi_endproc
  37              	.LFE25:
  39              		.section	.text._getpid,"ax",%progbits
  40              		.align	1
  41              		.global	_getpid
  42              		.syntax unified
  43              		.thumb
  44              		.thumb_func
  46              	_getpid:
  47              	.LFB26:
  57:Core/Src/syscalls.c **** 
  58:Core/Src/syscalls.c **** int _getpid(void)
  59:Core/Src/syscalls.c **** {
  48              		.loc 1 59 1 view -0
  49              		.cfi_startproc
  50              		@ args = 0, pretend = 0, frame = 0
  51              		@ frame_needed = 0, uses_anonymous_args = 0
  52              		@ link register save eliminated.
  60:Core/Src/syscalls.c ****   return 1;
  53              		.loc 1 60 3 view .LVU3
  61:Core/Src/syscalls.c **** }
  54              		.loc 1 61 1 is_stmt 0 view .LVU4
  55 0000 0120     		movs	r0, #1
  56 0002 7047     		bx	lr
ARM GAS  /tmp/ccRhTAzx.s 			page 3


  57              		.cfi_endproc
  58              	.LFE26:
  60              		.section	.text._kill,"ax",%progbits
  61              		.align	1
  62              		.global	_kill
  63              		.syntax unified
  64              		.thumb
  65              		.thumb_func
  67              	_kill:
  68              	.LVL0:
  69              	.LFB27:
  62:Core/Src/syscalls.c **** 
  63:Core/Src/syscalls.c **** int _kill(int pid, int sig)
  64:Core/Src/syscalls.c **** {
  70              		.loc 1 64 1 is_stmt 1 view -0
  71              		.cfi_startproc
  72              		@ args = 0, pretend = 0, frame = 0
  73              		@ frame_needed = 0, uses_anonymous_args = 0
  74              		.loc 1 64 1 is_stmt 0 view .LVU6
  75 0000 08B5     		push	{r3, lr}
  76              	.LCFI0:
  77              		.cfi_def_cfa_offset 8
  78              		.cfi_offset 3, -8
  79              		.cfi_offset 14, -4
  65:Core/Src/syscalls.c ****   (void)pid;
  80              		.loc 1 65 3 is_stmt 1 view .LVU7
  66:Core/Src/syscalls.c ****   (void)sig;
  81              		.loc 1 66 3 view .LVU8
  67:Core/Src/syscalls.c ****   errno = EINVAL;
  82              		.loc 1 67 3 view .LVU9
  83 0002 FFF7FEFF 		bl	__errno
  84              	.LVL1:
  85              		.loc 1 67 9 is_stmt 0 discriminator 1 view .LVU10
  86 0006 1623     		movs	r3, #22
  87 0008 0360     		str	r3, [r0]
  68:Core/Src/syscalls.c ****   return -1;
  88              		.loc 1 68 3 is_stmt 1 view .LVU11
  69:Core/Src/syscalls.c **** }
  89              		.loc 1 69 1 is_stmt 0 view .LVU12
  90 000a 4FF0FF30 		mov	r0, #-1
  91 000e 08BD     		pop	{r3, pc}
  92              		.cfi_endproc
  93              	.LFE27:
  95              		.section	.text._exit,"ax",%progbits
  96              		.align	1
  97              		.global	_exit
  98              		.syntax unified
  99              		.thumb
 100              		.thumb_func
 102              	_exit:
 103              	.LVL2:
 104              	.LFB28:
  70:Core/Src/syscalls.c **** 
  71:Core/Src/syscalls.c **** void _exit (int status)
  72:Core/Src/syscalls.c **** {
 105              		.loc 1 72 1 is_stmt 1 view -0
 106              		.cfi_startproc
ARM GAS  /tmp/ccRhTAzx.s 			page 4


 107              		@ Volatile: function does not return.
 108              		@ args = 0, pretend = 0, frame = 0
 109              		@ frame_needed = 0, uses_anonymous_args = 0
 110              		.loc 1 72 1 is_stmt 0 view .LVU14
 111 0000 08B5     		push	{r3, lr}
 112              	.LCFI1:
 113              		.cfi_def_cfa_offset 8
 114              		.cfi_offset 3, -8
 115              		.cfi_offset 14, -4
  73:Core/Src/syscalls.c ****   _kill(status, -1);
 116              		.loc 1 73 3 is_stmt 1 view .LVU15
 117 0002 4FF0FF31 		mov	r1, #-1
 118 0006 FFF7FEFF 		bl	_kill
 119              	.LVL3:
 120              	.L6:
  74:Core/Src/syscalls.c ****   while (1) {}    /* Make sure we hang here */
 121              		.loc 1 74 3 view .LVU16
 122              		.loc 1 74 14 view .LVU17
 123              		.loc 1 74 9 view .LVU18
 124 000a FEE7     		b	.L6
 125              		.cfi_endproc
 126              	.LFE28:
 128              		.section	.text._read,"ax",%progbits
 129              		.align	1
 130              		.weak	_read
 131              		.syntax unified
 132              		.thumb
 133              		.thumb_func
 135              	_read:
 136              	.LVL4:
 137              	.LFB29:
  75:Core/Src/syscalls.c **** }
  76:Core/Src/syscalls.c **** 
  77:Core/Src/syscalls.c **** __attribute__((weak)) int _read(int file, char *ptr, int len)
  78:Core/Src/syscalls.c **** {
 138              		.loc 1 78 1 view -0
 139              		.cfi_startproc
 140              		@ args = 0, pretend = 0, frame = 0
 141              		@ frame_needed = 0, uses_anonymous_args = 0
 142              		.loc 1 78 1 is_stmt 0 view .LVU20
 143 0000 70B5     		push	{r4, r5, r6, lr}
 144              	.LCFI2:
 145              		.cfi_def_cfa_offset 16
 146              		.cfi_offset 4, -16
 147              		.cfi_offset 5, -12
 148              		.cfi_offset 6, -8
 149              		.cfi_offset 14, -4
 150 0002 0C46     		mov	r4, r1
 151 0004 1646     		mov	r6, r2
  79:Core/Src/syscalls.c ****   (void)file;
 152              		.loc 1 79 3 is_stmt 1 view .LVU21
  80:Core/Src/syscalls.c ****   int DataIdx;
 153              		.loc 1 80 3 view .LVU22
  81:Core/Src/syscalls.c **** 
  82:Core/Src/syscalls.c ****   for (DataIdx = 0; DataIdx < len; DataIdx++)
 154              		.loc 1 82 3 view .LVU23
 155              	.LVL5:
ARM GAS  /tmp/ccRhTAzx.s 			page 5


 156              		.loc 1 82 16 is_stmt 0 view .LVU24
 157 0006 0025     		movs	r5, #0
 158              		.loc 1 82 3 view .LVU25
 159 0008 06E0     		b	.L9
 160              	.LVL6:
 161              	.L10:
  83:Core/Src/syscalls.c ****   {
  84:Core/Src/syscalls.c ****     *ptr++ = __io_getchar();
 162              		.loc 1 84 5 is_stmt 1 view .LVU26
 163              		.loc 1 84 14 is_stmt 0 view .LVU27
 164 000a FFF7FEFF 		bl	__io_getchar
 165              	.LVL7:
 166              		.loc 1 84 9 discriminator 1 view .LVU28
 167 000e 2146     		mov	r1, r4
 168              	.LVL8:
 169              		.loc 1 84 12 discriminator 1 view .LVU29
 170 0010 01F8010B 		strb	r0, [r1], #1
 171              	.LVL9:
  82:Core/Src/syscalls.c ****   {
 172              		.loc 1 82 43 is_stmt 1 discriminator 3 view .LVU30
 173 0014 0135     		adds	r5, r5, #1
 174              	.LVL10:
 175              		.loc 1 84 9 is_stmt 0 discriminator 1 view .LVU31
 176 0016 0C46     		mov	r4, r1
 177              	.LVL11:
 178              	.L9:
  82:Core/Src/syscalls.c ****   {
 179              		.loc 1 82 29 is_stmt 1 discriminator 1 view .LVU32
 180 0018 B542     		cmp	r5, r6
 181 001a F6DB     		blt	.L10
  85:Core/Src/syscalls.c ****   }
  86:Core/Src/syscalls.c **** 
  87:Core/Src/syscalls.c ****   return len;
 182              		.loc 1 87 3 view .LVU33
  88:Core/Src/syscalls.c **** }
 183              		.loc 1 88 1 is_stmt 0 view .LVU34
 184 001c 3046     		mov	r0, r6
 185 001e 70BD     		pop	{r4, r5, r6, pc}
 186              		.loc 1 88 1 view .LVU35
 187              		.cfi_endproc
 188              	.LFE29:
 190              		.section	.text._write,"ax",%progbits
 191              		.align	1
 192              		.weak	_write
 193              		.syntax unified
 194              		.thumb
 195              		.thumb_func
 197              	_write:
 198              	.LVL12:
 199              	.LFB30:
  89:Core/Src/syscalls.c **** 
  90:Core/Src/syscalls.c **** __attribute__((weak)) int _write(int file, char *ptr, int len)
  91:Core/Src/syscalls.c **** {
 200              		.loc 1 91 1 is_stmt 1 view -0
 201              		.cfi_startproc
 202              		@ args = 0, pretend = 0, frame = 0
 203              		@ frame_needed = 0, uses_anonymous_args = 0
ARM GAS  /tmp/ccRhTAzx.s 			page 6


 204              		.loc 1 91 1 is_stmt 0 view .LVU37
 205 0000 70B5     		push	{r4, r5, r6, lr}
 206              	.LCFI3:
 207              		.cfi_def_cfa_offset 16
 208              		.cfi_offset 4, -16
 209              		.cfi_offset 5, -12
 210              		.cfi_offset 6, -8
 211              		.cfi_offset 14, -4
 212 0002 0C46     		mov	r4, r1
 213 0004 1646     		mov	r6, r2
  92:Core/Src/syscalls.c ****   (void)file;
 214              		.loc 1 92 3 is_stmt 1 view .LVU38
  93:Core/Src/syscalls.c ****   int DataIdx;
 215              		.loc 1 93 3 view .LVU39
  94:Core/Src/syscalls.c **** 
  95:Core/Src/syscalls.c ****   for (DataIdx = 0; DataIdx < len; DataIdx++)
 216              		.loc 1 95 3 view .LVU40
 217              	.LVL13:
 218              		.loc 1 95 16 is_stmt 0 view .LVU41
 219 0006 0025     		movs	r5, #0
 220              		.loc 1 95 3 view .LVU42
 221 0008 04E0     		b	.L13
 222              	.LVL14:
 223              	.L14:
  96:Core/Src/syscalls.c ****   {
  97:Core/Src/syscalls.c ****     __io_putchar(*ptr++);
 224              		.loc 1 97 5 is_stmt 1 view .LVU43
 225              		.loc 1 97 5 is_stmt 0 view .LVU44
 226 000a 14F8010B 		ldrb	r0, [r4], #1	@ zero_extendqisi2
 227              	.LVL15:
 228              		.loc 1 97 5 view .LVU45
 229 000e FFF7FEFF 		bl	__io_putchar
 230              	.LVL16:
  95:Core/Src/syscalls.c ****   {
 231              		.loc 1 95 43 is_stmt 1 discriminator 3 view .LVU46
 232 0012 0135     		adds	r5, r5, #1
 233              	.LVL17:
 234              	.L13:
  95:Core/Src/syscalls.c ****   {
 235              		.loc 1 95 29 discriminator 1 view .LVU47
 236 0014 B542     		cmp	r5, r6
 237 0016 F8DB     		blt	.L14
  98:Core/Src/syscalls.c ****   }
  99:Core/Src/syscalls.c ****   return len;
 238              		.loc 1 99 3 view .LVU48
 100:Core/Src/syscalls.c **** }
 239              		.loc 1 100 1 is_stmt 0 view .LVU49
 240 0018 3046     		mov	r0, r6
 241 001a 70BD     		pop	{r4, r5, r6, pc}
 242              		.loc 1 100 1 view .LVU50
 243              		.cfi_endproc
 244              	.LFE30:
 246              		.section	.text._close,"ax",%progbits
 247              		.align	1
 248              		.global	_close
 249              		.syntax unified
 250              		.thumb
ARM GAS  /tmp/ccRhTAzx.s 			page 7


 251              		.thumb_func
 253              	_close:
 254              	.LVL18:
 255              	.LFB31:
 101:Core/Src/syscalls.c **** 
 102:Core/Src/syscalls.c **** int _close(int file)
 103:Core/Src/syscalls.c **** {
 256              		.loc 1 103 1 is_stmt 1 view -0
 257              		.cfi_startproc
 258              		@ args = 0, pretend = 0, frame = 0
 259              		@ frame_needed = 0, uses_anonymous_args = 0
 260              		@ link register save eliminated.
 104:Core/Src/syscalls.c ****   (void)file;
 261              		.loc 1 104 3 view .LVU52
 105:Core/Src/syscalls.c ****   return -1;
 262              		.loc 1 105 3 view .LVU53
 106:Core/Src/syscalls.c **** }
 263              		.loc 1 106 1 is_stmt 0 view .LVU54
 264 0000 4FF0FF30 		mov	r0, #-1
 265              	.LVL19:
 266              		.loc 1 106 1 view .LVU55
 267 0004 7047     		bx	lr
 268              		.cfi_endproc
 269              	.LFE31:
 271              		.section	.text._fstat,"ax",%progbits
 272              		.align	1
 273              		.global	_fstat
 274              		.syntax unified
 275              		.thumb
 276              		.thumb_func
 278              	_fstat:
 279              	.LVL20:
 280              	.LFB32:
 107:Core/Src/syscalls.c **** 
 108:Core/Src/syscalls.c **** 
 109:Core/Src/syscalls.c **** int _fstat(int file, struct stat *st)
 110:Core/Src/syscalls.c **** {
 281              		.loc 1 110 1 is_stmt 1 view -0
 282              		.cfi_startproc
 283              		@ args = 0, pretend = 0, frame = 0
 284              		@ frame_needed = 0, uses_anonymous_args = 0
 285              		@ link register save eliminated.
 111:Core/Src/syscalls.c ****   (void)file;
 286              		.loc 1 111 3 view .LVU57
 112:Core/Src/syscalls.c ****   st->st_mode = S_IFCHR;
 287              		.loc 1 112 3 view .LVU58
 288              		.loc 1 112 15 is_stmt 0 view .LVU59
 289 0000 4FF40053 		mov	r3, #8192
 290 0004 4B60     		str	r3, [r1, #4]
 113:Core/Src/syscalls.c ****   return 0;
 291              		.loc 1 113 3 is_stmt 1 view .LVU60
 114:Core/Src/syscalls.c **** }
 292              		.loc 1 114 1 is_stmt 0 view .LVU61
 293 0006 0020     		movs	r0, #0
 294              	.LVL21:
 295              		.loc 1 114 1 view .LVU62
 296 0008 7047     		bx	lr
ARM GAS  /tmp/ccRhTAzx.s 			page 8


 297              		.cfi_endproc
 298              	.LFE32:
 300              		.section	.text._isatty,"ax",%progbits
 301              		.align	1
 302              		.global	_isatty
 303              		.syntax unified
 304              		.thumb
 305              		.thumb_func
 307              	_isatty:
 308              	.LVL22:
 309              	.LFB33:
 115:Core/Src/syscalls.c **** 
 116:Core/Src/syscalls.c **** int _isatty(int file)
 117:Core/Src/syscalls.c **** {
 310              		.loc 1 117 1 is_stmt 1 view -0
 311              		.cfi_startproc
 312              		@ args = 0, pretend = 0, frame = 0
 313              		@ frame_needed = 0, uses_anonymous_args = 0
 314              		@ link register save eliminated.
 118:Core/Src/syscalls.c ****   (void)file;
 315              		.loc 1 118 3 view .LVU64
 119:Core/Src/syscalls.c ****   return 1;
 316              		.loc 1 119 3 view .LVU65
 120:Core/Src/syscalls.c **** }
 317              		.loc 1 120 1 is_stmt 0 view .LVU66
 318 0000 0120     		movs	r0, #1
 319              	.LVL23:
 320              		.loc 1 120 1 view .LVU67
 321 0002 7047     		bx	lr
 322              		.cfi_endproc
 323              	.LFE33:
 325              		.section	.text._lseek,"ax",%progbits
 326              		.align	1
 327              		.global	_lseek
 328              		.syntax unified
 329              		.thumb
 330              		.thumb_func
 332              	_lseek:
 333              	.LVL24:
 334              	.LFB34:
 121:Core/Src/syscalls.c **** 
 122:Core/Src/syscalls.c **** int _lseek(int file, int ptr, int dir)
 123:Core/Src/syscalls.c **** {
 335              		.loc 1 123 1 is_stmt 1 view -0
 336              		.cfi_startproc
 337              		@ args = 0, pretend = 0, frame = 0
 338              		@ frame_needed = 0, uses_anonymous_args = 0
 339              		@ link register save eliminated.
 124:Core/Src/syscalls.c ****   (void)file;
 340              		.loc 1 124 3 view .LVU69
 125:Core/Src/syscalls.c ****   (void)ptr;
 341              		.loc 1 125 3 view .LVU70
 126:Core/Src/syscalls.c ****   (void)dir;
 342              		.loc 1 126 3 view .LVU71
 127:Core/Src/syscalls.c ****   return 0;
 343              		.loc 1 127 3 view .LVU72
 128:Core/Src/syscalls.c **** }
ARM GAS  /tmp/ccRhTAzx.s 			page 9


 344              		.loc 1 128 1 is_stmt 0 view .LVU73
 345 0000 0020     		movs	r0, #0
 346              	.LVL25:
 347              		.loc 1 128 1 view .LVU74
 348 0002 7047     		bx	lr
 349              		.cfi_endproc
 350              	.LFE34:
 352              		.section	.text._open,"ax",%progbits
 353              		.align	1
 354              		.global	_open
 355              		.syntax unified
 356              		.thumb
 357              		.thumb_func
 359              	_open:
 360              	.LVL26:
 361              	.LFB35:
 129:Core/Src/syscalls.c **** 
 130:Core/Src/syscalls.c **** int _open(char *path, int flags, ...)
 131:Core/Src/syscalls.c **** {
 362              		.loc 1 131 1 is_stmt 1 view -0
 363              		.cfi_startproc
 364              		@ args = 4, pretend = 12, frame = 0
 365              		@ frame_needed = 0, uses_anonymous_args = 1
 366              		@ link register save eliminated.
 367              		.loc 1 131 1 is_stmt 0 view .LVU76
 368 0000 0EB4     		push	{r1, r2, r3}
 369              	.LCFI4:
 370              		.cfi_def_cfa_offset 12
 371              		.cfi_offset 1, -12
 372              		.cfi_offset 2, -8
 373              		.cfi_offset 3, -4
 132:Core/Src/syscalls.c ****   (void)path;
 374              		.loc 1 132 3 is_stmt 1 view .LVU77
 133:Core/Src/syscalls.c ****   (void)flags;
 375              		.loc 1 133 3 view .LVU78
 134:Core/Src/syscalls.c ****   /* Pretend like we always fail */
 135:Core/Src/syscalls.c ****   return -1;
 376              		.loc 1 135 3 view .LVU79
 136:Core/Src/syscalls.c **** }
 377              		.loc 1 136 1 is_stmt 0 view .LVU80
 378 0002 4FF0FF30 		mov	r0, #-1
 379              	.LVL27:
 380              		.loc 1 136 1 view .LVU81
 381 0006 03B0     		add	sp, sp, #12
 382              	.LCFI5:
 383              		.cfi_restore 3
 384              		.cfi_restore 2
 385              		.cfi_restore 1
 386              		.cfi_def_cfa_offset 0
 387 0008 7047     		bx	lr
 388              		.cfi_endproc
 389              	.LFE35:
 391              		.section	.text._wait,"ax",%progbits
 392              		.align	1
 393              		.global	_wait
 394              		.syntax unified
 395              		.thumb
ARM GAS  /tmp/ccRhTAzx.s 			page 10


 396              		.thumb_func
 398              	_wait:
 399              	.LVL28:
 400              	.LFB36:
 137:Core/Src/syscalls.c **** 
 138:Core/Src/syscalls.c **** int _wait(int *status)
 139:Core/Src/syscalls.c **** {
 401              		.loc 1 139 1 is_stmt 1 view -0
 402              		.cfi_startproc
 403              		@ args = 0, pretend = 0, frame = 0
 404              		@ frame_needed = 0, uses_anonymous_args = 0
 405              		.loc 1 139 1 is_stmt 0 view .LVU83
 406 0000 08B5     		push	{r3, lr}
 407              	.LCFI6:
 408              		.cfi_def_cfa_offset 8
 409              		.cfi_offset 3, -8
 410              		.cfi_offset 14, -4
 140:Core/Src/syscalls.c ****   (void)status;
 411              		.loc 1 140 3 is_stmt 1 view .LVU84
 141:Core/Src/syscalls.c ****   errno = ECHILD;
 412              		.loc 1 141 3 view .LVU85
 413 0002 FFF7FEFF 		bl	__errno
 414              	.LVL29:
 415              		.loc 1 141 9 is_stmt 0 discriminator 1 view .LVU86
 416 0006 0A23     		movs	r3, #10
 417 0008 0360     		str	r3, [r0]
 142:Core/Src/syscalls.c ****   return -1;
 418              		.loc 1 142 3 is_stmt 1 view .LVU87
 143:Core/Src/syscalls.c **** }
 419              		.loc 1 143 1 is_stmt 0 view .LVU88
 420 000a 4FF0FF30 		mov	r0, #-1
 421 000e 08BD     		pop	{r3, pc}
 422              		.cfi_endproc
 423              	.LFE36:
 425              		.section	.text._unlink,"ax",%progbits
 426              		.align	1
 427              		.global	_unlink
 428              		.syntax unified
 429              		.thumb
 430              		.thumb_func
 432              	_unlink:
 433              	.LVL30:
 434              	.LFB37:
 144:Core/Src/syscalls.c **** 
 145:Core/Src/syscalls.c **** int _unlink(char *name)
 146:Core/Src/syscalls.c **** {
 435              		.loc 1 146 1 is_stmt 1 view -0
 436              		.cfi_startproc
 437              		@ args = 0, pretend = 0, frame = 0
 438              		@ frame_needed = 0, uses_anonymous_args = 0
 439              		.loc 1 146 1 is_stmt 0 view .LVU90
 440 0000 08B5     		push	{r3, lr}
 441              	.LCFI7:
 442              		.cfi_def_cfa_offset 8
 443              		.cfi_offset 3, -8
 444              		.cfi_offset 14, -4
 147:Core/Src/syscalls.c ****   (void)name;
ARM GAS  /tmp/ccRhTAzx.s 			page 11


 445              		.loc 1 147 3 is_stmt 1 view .LVU91
 148:Core/Src/syscalls.c ****   errno = ENOENT;
 446              		.loc 1 148 3 view .LVU92
 447 0002 FFF7FEFF 		bl	__errno
 448              	.LVL31:
 449              		.loc 1 148 9 is_stmt 0 discriminator 1 view .LVU93
 450 0006 0223     		movs	r3, #2
 451 0008 0360     		str	r3, [r0]
 149:Core/Src/syscalls.c ****   return -1;
 452              		.loc 1 149 3 is_stmt 1 view .LVU94
 150:Core/Src/syscalls.c **** }
 453              		.loc 1 150 1 is_stmt 0 view .LVU95
 454 000a 4FF0FF30 		mov	r0, #-1
 455 000e 08BD     		pop	{r3, pc}
 456              		.cfi_endproc
 457              	.LFE37:
 459              		.section	.text._times,"ax",%progbits
 460              		.align	1
 461              		.global	_times
 462              		.syntax unified
 463              		.thumb
 464              		.thumb_func
 466              	_times:
 467              	.LVL32:
 468              	.LFB38:
 151:Core/Src/syscalls.c **** 
 152:Core/Src/syscalls.c **** clock_t _times(struct tms *buf)
 153:Core/Src/syscalls.c **** {
 469              		.loc 1 153 1 is_stmt 1 view -0
 470              		.cfi_startproc
 471              		@ args = 0, pretend = 0, frame = 0
 472              		@ frame_needed = 0, uses_anonymous_args = 0
 473              		@ link register save eliminated.
 154:Core/Src/syscalls.c ****   (void)buf;
 474              		.loc 1 154 3 view .LVU97
 155:Core/Src/syscalls.c ****   return -1;
 475              		.loc 1 155 3 view .LVU98
 156:Core/Src/syscalls.c **** }
 476              		.loc 1 156 1 is_stmt 0 view .LVU99
 477 0000 4FF0FF30 		mov	r0, #-1
 478              	.LVL33:
 479              		.loc 1 156 1 view .LVU100
 480 0004 7047     		bx	lr
 481              		.cfi_endproc
 482              	.LFE38:
 484              		.section	.text._stat,"ax",%progbits
 485              		.align	1
 486              		.global	_stat
 487              		.syntax unified
 488              		.thumb
 489              		.thumb_func
 491              	_stat:
 492              	.LVL34:
 493              	.LFB39:
 157:Core/Src/syscalls.c **** 
 158:Core/Src/syscalls.c **** int _stat(const char *file, struct stat *st)
 159:Core/Src/syscalls.c **** {
ARM GAS  /tmp/ccRhTAzx.s 			page 12


 494              		.loc 1 159 1 is_stmt 1 view -0
 495              		.cfi_startproc
 496              		@ args = 0, pretend = 0, frame = 0
 497              		@ frame_needed = 0, uses_anonymous_args = 0
 498              		@ link register save eliminated.
 160:Core/Src/syscalls.c ****   (void)file;
 499              		.loc 1 160 3 view .LVU102
 161:Core/Src/syscalls.c ****   st->st_mode = S_IFCHR;
 500              		.loc 1 161 3 view .LVU103
 501              		.loc 1 161 15 is_stmt 0 view .LVU104
 502 0000 4FF40053 		mov	r3, #8192
 503 0004 4B60     		str	r3, [r1, #4]
 162:Core/Src/syscalls.c ****   return 0;
 504              		.loc 1 162 3 is_stmt 1 view .LVU105
 163:Core/Src/syscalls.c **** }
 505              		.loc 1 163 1 is_stmt 0 view .LVU106
 506 0006 0020     		movs	r0, #0
 507              	.LVL35:
 508              		.loc 1 163 1 view .LVU107
 509 0008 7047     		bx	lr
 510              		.cfi_endproc
 511              	.LFE39:
 513              		.section	.text._link,"ax",%progbits
 514              		.align	1
 515              		.global	_link
 516              		.syntax unified
 517              		.thumb
 518              		.thumb_func
 520              	_link:
 521              	.LVL36:
 522              	.LFB40:
 164:Core/Src/syscalls.c **** 
 165:Core/Src/syscalls.c **** int _link(char *old, char *new)
 166:Core/Src/syscalls.c **** {
 523              		.loc 1 166 1 is_stmt 1 view -0
 524              		.cfi_startproc
 525              		@ args = 0, pretend = 0, frame = 0
 526              		@ frame_needed = 0, uses_anonymous_args = 0
 527              		.loc 1 166 1 is_stmt 0 view .LVU109
 528 0000 08B5     		push	{r3, lr}
 529              	.LCFI8:
 530              		.cfi_def_cfa_offset 8
 531              		.cfi_offset 3, -8
 532              		.cfi_offset 14, -4
 167:Core/Src/syscalls.c ****   (void)old;
 533              		.loc 1 167 3 is_stmt 1 view .LVU110
 168:Core/Src/syscalls.c ****   (void)new;
 534              		.loc 1 168 3 view .LVU111
 169:Core/Src/syscalls.c ****   errno = EMLINK;
 535              		.loc 1 169 3 view .LVU112
 536 0002 FFF7FEFF 		bl	__errno
 537              	.LVL37:
 538              		.loc 1 169 9 is_stmt 0 discriminator 1 view .LVU113
 539 0006 1F23     		movs	r3, #31
 540 0008 0360     		str	r3, [r0]
 170:Core/Src/syscalls.c ****   return -1;
 541              		.loc 1 170 3 is_stmt 1 view .LVU114
ARM GAS  /tmp/ccRhTAzx.s 			page 13


 171:Core/Src/syscalls.c **** }
 542              		.loc 1 171 1 is_stmt 0 view .LVU115
 543 000a 4FF0FF30 		mov	r0, #-1
 544 000e 08BD     		pop	{r3, pc}
 545              		.cfi_endproc
 546              	.LFE40:
 548              		.section	.text._fork,"ax",%progbits
 549              		.align	1
 550              		.global	_fork
 551              		.syntax unified
 552              		.thumb
 553              		.thumb_func
 555              	_fork:
 556              	.LFB41:
 172:Core/Src/syscalls.c **** 
 173:Core/Src/syscalls.c **** int _fork(void)
 174:Core/Src/syscalls.c **** {
 557              		.loc 1 174 1 is_stmt 1 view -0
 558              		.cfi_startproc
 559              		@ args = 0, pretend = 0, frame = 0
 560              		@ frame_needed = 0, uses_anonymous_args = 0
 561 0000 08B5     		push	{r3, lr}
 562              	.LCFI9:
 563              		.cfi_def_cfa_offset 8
 564              		.cfi_offset 3, -8
 565              		.cfi_offset 14, -4
 175:Core/Src/syscalls.c ****   errno = EAGAIN;
 566              		.loc 1 175 3 view .LVU117
 567 0002 FFF7FEFF 		bl	__errno
 568              	.LVL38:
 569              		.loc 1 175 9 is_stmt 0 discriminator 1 view .LVU118
 570 0006 0B23     		movs	r3, #11
 571 0008 0360     		str	r3, [r0]
 176:Core/Src/syscalls.c ****   return -1;
 572              		.loc 1 176 3 is_stmt 1 view .LVU119
 177:Core/Src/syscalls.c **** }
 573              		.loc 1 177 1 is_stmt 0 view .LVU120
 574 000a 4FF0FF30 		mov	r0, #-1
 575 000e 08BD     		pop	{r3, pc}
 576              		.cfi_endproc
 577              	.LFE41:
 579              		.section	.text._execve,"ax",%progbits
 580              		.align	1
 581              		.global	_execve
 582              		.syntax unified
 583              		.thumb
 584              		.thumb_func
 586              	_execve:
 587              	.LVL39:
 588              	.LFB42:
 178:Core/Src/syscalls.c **** 
 179:Core/Src/syscalls.c **** int _execve(char *name, char **argv, char **env)
 180:Core/Src/syscalls.c **** {
 589              		.loc 1 180 1 is_stmt 1 view -0
 590              		.cfi_startproc
 591              		@ args = 0, pretend = 0, frame = 0
 592              		@ frame_needed = 0, uses_anonymous_args = 0
ARM GAS  /tmp/ccRhTAzx.s 			page 14


 593              		.loc 1 180 1 is_stmt 0 view .LVU122
 594 0000 08B5     		push	{r3, lr}
 595              	.LCFI10:
 596              		.cfi_def_cfa_offset 8
 597              		.cfi_offset 3, -8
 598              		.cfi_offset 14, -4
 181:Core/Src/syscalls.c ****   (void)name;
 599              		.loc 1 181 3 is_stmt 1 view .LVU123
 182:Core/Src/syscalls.c ****   (void)argv;
 600              		.loc 1 182 3 view .LVU124
 183:Core/Src/syscalls.c ****   (void)env;
 601              		.loc 1 183 3 view .LVU125
 184:Core/Src/syscalls.c ****   errno = ENOMEM;
 602              		.loc 1 184 3 view .LVU126
 603 0002 FFF7FEFF 		bl	__errno
 604              	.LVL40:
 605              		.loc 1 184 9 is_stmt 0 discriminator 1 view .LVU127
 606 0006 0C23     		movs	r3, #12
 607 0008 0360     		str	r3, [r0]
 185:Core/Src/syscalls.c ****   return -1;
 608              		.loc 1 185 3 is_stmt 1 view .LVU128
 186:Core/Src/syscalls.c **** }
 609              		.loc 1 186 1 is_stmt 0 view .LVU129
 610 000a 4FF0FF30 		mov	r0, #-1
 611 000e 08BD     		pop	{r3, pc}
 612              		.cfi_endproc
 613              	.LFE42:
 615              		.global	environ
 616              		.section	.data.environ,"aw"
 617              		.align	2
 620              	environ:
 621 0000 00000000 		.word	__env
 622              		.global	__env
 623              		.section	.bss.__env,"aw",%nobits
 624              		.align	2
 627              	__env:
 628 0000 00000000 		.space	4
 629              		.weak	__io_putchar
 630              		.weak	__io_getchar
 631              		.text
 632              	.Letext0:
 633              		.file 2 "/home/isak/st/stm32cubeclt_1.19.0/GNU-tools-for-STM32/arm-none-eabi/include/machine/_defa
 634              		.file 3 "/home/isak/st/stm32cubeclt_1.19.0/GNU-tools-for-STM32/arm-none-eabi/include/sys/_types.h"
 635              		.file 4 "/home/isak/st/stm32cubeclt_1.19.0/GNU-tools-for-STM32/arm-none-eabi/include/sys/_timeval.
 636              		.file 5 "/home/isak/st/stm32cubeclt_1.19.0/GNU-tools-for-STM32/arm-none-eabi/include/sys/_timespec
 637              		.file 6 "/home/isak/st/stm32cubeclt_1.19.0/GNU-tools-for-STM32/arm-none-eabi/include/sys/types.h"
 638              		.file 7 "/home/isak/st/stm32cubeclt_1.19.0/GNU-tools-for-STM32/arm-none-eabi/include/sys/stat.h"
 639              		.file 8 "/home/isak/st/stm32cubeclt_1.19.0/GNU-tools-for-STM32/arm-none-eabi/include/sys/times.h"
 640              		.file 9 "/home/isak/st/stm32cubeclt_1.19.0/GNU-tools-for-STM32/arm-none-eabi/include/sys/errno.h"
ARM GAS  /tmp/ccRhTAzx.s 			page 15


DEFINED SYMBOLS
                            *ABS*:00000000 syscalls.c
     /tmp/ccRhTAzx.s:21     .text.initialise_monitor_handles:00000000 $t
     /tmp/ccRhTAzx.s:27     .text.initialise_monitor_handles:00000000 initialise_monitor_handles
     /tmp/ccRhTAzx.s:40     .text._getpid:00000000 $t
     /tmp/ccRhTAzx.s:46     .text._getpid:00000000 _getpid
     /tmp/ccRhTAzx.s:61     .text._kill:00000000 $t
     /tmp/ccRhTAzx.s:67     .text._kill:00000000 _kill
     /tmp/ccRhTAzx.s:96     .text._exit:00000000 $t
     /tmp/ccRhTAzx.s:102    .text._exit:00000000 _exit
     /tmp/ccRhTAzx.s:129    .text._read:00000000 $t
     /tmp/ccRhTAzx.s:135    .text._read:00000000 _read
     /tmp/ccRhTAzx.s:191    .text._write:00000000 $t
     /tmp/ccRhTAzx.s:197    .text._write:00000000 _write
     /tmp/ccRhTAzx.s:247    .text._close:00000000 $t
     /tmp/ccRhTAzx.s:253    .text._close:00000000 _close
     /tmp/ccRhTAzx.s:272    .text._fstat:00000000 $t
     /tmp/ccRhTAzx.s:278    .text._fstat:00000000 _fstat
     /tmp/ccRhTAzx.s:301    .text._isatty:00000000 $t
     /tmp/ccRhTAzx.s:307    .text._isatty:00000000 _isatty
     /tmp/ccRhTAzx.s:326    .text._lseek:00000000 $t
     /tmp/ccRhTAzx.s:332    .text._lseek:00000000 _lseek
     /tmp/ccRhTAzx.s:353    .text._open:00000000 $t
     /tmp/ccRhTAzx.s:359    .text._open:00000000 _open
     /tmp/ccRhTAzx.s:392    .text._wait:00000000 $t
     /tmp/ccRhTAzx.s:398    .text._wait:00000000 _wait
     /tmp/ccRhTAzx.s:426    .text._unlink:00000000 $t
     /tmp/ccRhTAzx.s:432    .text._unlink:00000000 _unlink
     /tmp/ccRhTAzx.s:460    .text._times:00000000 $t
     /tmp/ccRhTAzx.s:466    .text._times:00000000 _times
     /tmp/ccRhTAzx.s:485    .text._stat:00000000 $t
     /tmp/ccRhTAzx.s:491    .text._stat:00000000 _stat
     /tmp/ccRhTAzx.s:514    .text._link:00000000 $t
     /tmp/ccRhTAzx.s:520    .text._link:00000000 _link
     /tmp/ccRhTAzx.s:549    .text._fork:00000000 $t
     /tmp/ccRhTAzx.s:555    .text._fork:00000000 _fork
     /tmp/ccRhTAzx.s:580    .text._execve:00000000 $t
     /tmp/ccRhTAzx.s:586    .text._execve:00000000 _execve
     /tmp/ccRhTAzx.s:620    .data.environ:00000000 environ
     /tmp/ccRhTAzx.s:617    .data.environ:00000000 $d
     /tmp/ccRhTAzx.s:627    .bss.__env:00000000 __env
     /tmp/ccRhTAzx.s:624    .bss.__env:00000000 $d

UNDEFINED SYMBOLS
__errno
__io_getchar
__io_putchar
