ARM GAS  /tmp/ccup3Gyf.s 			page 1


   1              		.cpu cortex-m4
   2              		.arch armv7e-m
   3              		.fpu fpv4-sp-d16
   4              		.eabi_attribute 27, 1
   5              		.eabi_attribute 28, 1
   6              		.eabi_attribute 20, 1
   7              		.eabi_attribute 21, 1
   8              		.eabi_attribute 23, 3
   9              		.eabi_attribute 24, 1
  10              		.eabi_attribute 25, 1
  11              		.eabi_attribute 26, 1
  12              		.eabi_attribute 30, 1
  13              		.eabi_attribute 34, 1
  14              		.eabi_attribute 18, 4
  15              		.file	"usart.c"
  16              		.text
  17              	.Ltext0:
  18              		.cfi_sections	.debug_frame
  19              		.file 1 "Core/Src/usart.c"
  20              		.section	.text.MX_USART3_UART_Init,"ax",%progbits
  21              		.align	1
  22              		.global	MX_USART3_UART_Init
  23              		.syntax unified
  24              		.thumb
  25              		.thumb_func
  27              	MX_USART3_UART_Init:
  28              	.LFB132:
   1:Core/Src/usart.c **** /* USER CODE BEGIN Header */
   2:Core/Src/usart.c **** /**
   3:Core/Src/usart.c ****   ******************************************************************************
   4:Core/Src/usart.c ****   * @file    usart.c
   5:Core/Src/usart.c ****   * @brief   This file provides code for the configuration
   6:Core/Src/usart.c ****   *          of the USART instances.
   7:Core/Src/usart.c ****   ******************************************************************************
   8:Core/Src/usart.c ****   * @attention
   9:Core/Src/usart.c ****   *
  10:Core/Src/usart.c ****   * Copyright (c) 2025 STMicroelectronics.
  11:Core/Src/usart.c ****   * All rights reserved.
  12:Core/Src/usart.c ****   *
  13:Core/Src/usart.c ****   * This software is licensed under terms that can be found in the LICENSE file
  14:Core/Src/usart.c ****   * in the root directory of this software component.
  15:Core/Src/usart.c ****   * If no LICENSE file comes with this software, it is provided AS-IS.
  16:Core/Src/usart.c ****   *
  17:Core/Src/usart.c ****   ******************************************************************************
  18:Core/Src/usart.c ****   */
  19:Core/Src/usart.c **** /* USER CODE END Header */
  20:Core/Src/usart.c **** /* Includes ------------------------------------------------------------------*/
  21:Core/Src/usart.c **** #include "usart.h"
  22:Core/Src/usart.c **** 
  23:Core/Src/usart.c **** /* USER CODE BEGIN 0 */
  24:Core/Src/usart.c **** 
  25:Core/Src/usart.c **** /* USER CODE END 0 */
  26:Core/Src/usart.c **** 
  27:Core/Src/usart.c **** UART_HandleTypeDef huart3;
  28:Core/Src/usart.c **** DMA_HandleTypeDef hdma_usart3_rx;
  29:Core/Src/usart.c **** DMA_HandleTypeDef hdma_usart3_tx;
  30:Core/Src/usart.c **** 
ARM GAS  /tmp/ccup3Gyf.s 			page 2


  31:Core/Src/usart.c **** /* USART3 init function */
  32:Core/Src/usart.c **** 
  33:Core/Src/usart.c **** void MX_USART3_UART_Init(void)
  34:Core/Src/usart.c **** {
  29              		.loc 1 34 1 view -0
  30              		.cfi_startproc
  31              		@ args = 0, pretend = 0, frame = 0
  32              		@ frame_needed = 0, uses_anonymous_args = 0
  33 0000 08B5     		push	{r3, lr}
  34              	.LCFI0:
  35              		.cfi_def_cfa_offset 8
  36              		.cfi_offset 3, -8
  37              		.cfi_offset 14, -4
  35:Core/Src/usart.c **** 
  36:Core/Src/usart.c ****   /* USER CODE BEGIN USART3_Init 0 */
  37:Core/Src/usart.c **** 
  38:Core/Src/usart.c ****   /* USER CODE END USART3_Init 0 */
  39:Core/Src/usart.c **** 
  40:Core/Src/usart.c ****   /* USER CODE BEGIN USART3_Init 1 */
  41:Core/Src/usart.c **** 
  42:Core/Src/usart.c ****   /* USER CODE END USART3_Init 1 */
  43:Core/Src/usart.c ****   huart3.Instance = USART3;
  38              		.loc 1 43 3 view .LVU1
  39              		.loc 1 43 19 is_stmt 0 view .LVU2
  40 0002 1748     		ldr	r0, .L11
  41 0004 174B     		ldr	r3, .L11+4
  42 0006 0360     		str	r3, [r0]
  44:Core/Src/usart.c ****   huart3.Init.BaudRate = 115200;
  43              		.loc 1 44 3 is_stmt 1 view .LVU3
  44              		.loc 1 44 24 is_stmt 0 view .LVU4
  45 0008 4FF4E133 		mov	r3, #115200
  46 000c 4360     		str	r3, [r0, #4]
  45:Core/Src/usart.c ****   huart3.Init.WordLength = UART_WORDLENGTH_8B;
  47              		.loc 1 45 3 is_stmt 1 view .LVU5
  48              		.loc 1 45 26 is_stmt 0 view .LVU6
  49 000e 0023     		movs	r3, #0
  50 0010 8360     		str	r3, [r0, #8]
  46:Core/Src/usart.c ****   huart3.Init.StopBits = UART_STOPBITS_1;
  51              		.loc 1 46 3 is_stmt 1 view .LVU7
  52              		.loc 1 46 24 is_stmt 0 view .LVU8
  53 0012 C360     		str	r3, [r0, #12]
  47:Core/Src/usart.c ****   huart3.Init.Parity = UART_PARITY_NONE;
  54              		.loc 1 47 3 is_stmt 1 view .LVU9
  55              		.loc 1 47 22 is_stmt 0 view .LVU10
  56 0014 0361     		str	r3, [r0, #16]
  48:Core/Src/usart.c ****   huart3.Init.Mode = UART_MODE_TX_RX;
  57              		.loc 1 48 3 is_stmt 1 view .LVU11
  58              		.loc 1 48 20 is_stmt 0 view .LVU12
  59 0016 0C22     		movs	r2, #12
  60 0018 4261     		str	r2, [r0, #20]
  49:Core/Src/usart.c ****   huart3.Init.HwFlowCtl = UART_HWCONTROL_NONE;
  61              		.loc 1 49 3 is_stmt 1 view .LVU13
  62              		.loc 1 49 25 is_stmt 0 view .LVU14
  63 001a 8361     		str	r3, [r0, #24]
  50:Core/Src/usart.c ****   huart3.Init.OverSampling = UART_OVERSAMPLING_16;
  64              		.loc 1 50 3 is_stmt 1 view .LVU15
  65              		.loc 1 50 28 is_stmt 0 view .LVU16
ARM GAS  /tmp/ccup3Gyf.s 			page 3


  66 001c C361     		str	r3, [r0, #28]
  51:Core/Src/usart.c ****   huart3.Init.OneBitSampling = UART_ONE_BIT_SAMPLE_DISABLE;
  67              		.loc 1 51 3 is_stmt 1 view .LVU17
  68              		.loc 1 51 30 is_stmt 0 view .LVU18
  69 001e 0362     		str	r3, [r0, #32]
  52:Core/Src/usart.c ****   huart3.Init.ClockPrescaler = UART_PRESCALER_DIV1;
  70              		.loc 1 52 3 is_stmt 1 view .LVU19
  71              		.loc 1 52 30 is_stmt 0 view .LVU20
  72 0020 4362     		str	r3, [r0, #36]
  53:Core/Src/usart.c ****   huart3.AdvancedInit.AdvFeatureInit = UART_ADVFEATURE_NO_INIT;
  73              		.loc 1 53 3 is_stmt 1 view .LVU21
  74              		.loc 1 53 38 is_stmt 0 view .LVU22
  75 0022 8362     		str	r3, [r0, #40]
  54:Core/Src/usart.c ****   if (HAL_UART_Init(&huart3) != HAL_OK)
  76              		.loc 1 54 3 is_stmt 1 view .LVU23
  77              		.loc 1 54 7 is_stmt 0 view .LVU24
  78 0024 FFF7FEFF 		bl	HAL_UART_Init
  79              	.LVL0:
  80              		.loc 1 54 6 discriminator 1 view .LVU25
  81 0028 70B9     		cbnz	r0, .L7
  82              	.L2:
  55:Core/Src/usart.c ****   {
  56:Core/Src/usart.c ****     Error_Handler();
  57:Core/Src/usart.c ****   }
  58:Core/Src/usart.c ****   if (HAL_UARTEx_SetTxFifoThreshold(&huart3, UART_TXFIFO_THRESHOLD_1_8) != HAL_OK)
  83              		.loc 1 58 3 is_stmt 1 view .LVU26
  84              		.loc 1 58 7 is_stmt 0 view .LVU27
  85 002a 0021     		movs	r1, #0
  86 002c 0C48     		ldr	r0, .L11
  87 002e FFF7FEFF 		bl	HAL_UARTEx_SetTxFifoThreshold
  88              	.LVL1:
  89              		.loc 1 58 6 discriminator 1 view .LVU28
  90 0032 60B9     		cbnz	r0, .L8
  91              	.L3:
  59:Core/Src/usart.c ****   {
  60:Core/Src/usart.c ****     Error_Handler();
  61:Core/Src/usart.c ****   }
  62:Core/Src/usart.c ****   if (HAL_UARTEx_SetRxFifoThreshold(&huart3, UART_RXFIFO_THRESHOLD_1_8) != HAL_OK)
  92              		.loc 1 62 3 is_stmt 1 view .LVU29
  93              		.loc 1 62 7 is_stmt 0 view .LVU30
  94 0034 0021     		movs	r1, #0
  95 0036 0A48     		ldr	r0, .L11
  96 0038 FFF7FEFF 		bl	HAL_UARTEx_SetRxFifoThreshold
  97              	.LVL2:
  98              		.loc 1 62 6 discriminator 1 view .LVU31
  99 003c 50B9     		cbnz	r0, .L9
 100              	.L4:
  63:Core/Src/usart.c ****   {
  64:Core/Src/usart.c ****     Error_Handler();
  65:Core/Src/usart.c ****   }
  66:Core/Src/usart.c ****   if (HAL_UARTEx_DisableFifoMode(&huart3) != HAL_OK)
 101              		.loc 1 66 3 is_stmt 1 view .LVU32
 102              		.loc 1 66 7 is_stmt 0 view .LVU33
 103 003e 0848     		ldr	r0, .L11
 104 0040 FFF7FEFF 		bl	HAL_UARTEx_DisableFifoMode
 105              	.LVL3:
 106              		.loc 1 66 6 discriminator 1 view .LVU34
ARM GAS  /tmp/ccup3Gyf.s 			page 4


 107 0044 48B9     		cbnz	r0, .L10
 108              	.L1:
  67:Core/Src/usart.c ****   {
  68:Core/Src/usart.c ****     Error_Handler();
  69:Core/Src/usart.c ****   }
  70:Core/Src/usart.c ****   /* USER CODE BEGIN USART3_Init 2 */
  71:Core/Src/usart.c **** 
  72:Core/Src/usart.c ****   /* USER CODE END USART3_Init 2 */
  73:Core/Src/usart.c **** 
  74:Core/Src/usart.c **** }
 109              		.loc 1 74 1 view .LVU35
 110 0046 08BD     		pop	{r3, pc}
 111              	.L7:
  56:Core/Src/usart.c ****   }
 112              		.loc 1 56 5 is_stmt 1 view .LVU36
 113 0048 FFF7FEFF 		bl	Error_Handler
 114              	.LVL4:
 115 004c EDE7     		b	.L2
 116              	.L8:
  60:Core/Src/usart.c ****   }
 117              		.loc 1 60 5 view .LVU37
 118 004e FFF7FEFF 		bl	Error_Handler
 119              	.LVL5:
 120 0052 EFE7     		b	.L3
 121              	.L9:
  64:Core/Src/usart.c ****   }
 122              		.loc 1 64 5 view .LVU38
 123 0054 FFF7FEFF 		bl	Error_Handler
 124              	.LVL6:
 125 0058 F1E7     		b	.L4
 126              	.L10:
  68:Core/Src/usart.c ****   }
 127              		.loc 1 68 5 view .LVU39
 128 005a FFF7FEFF 		bl	Error_Handler
 129              	.LVL7:
 130              		.loc 1 74 1 is_stmt 0 view .LVU40
 131 005e F2E7     		b	.L1
 132              	.L12:
 133              		.align	2
 134              	.L11:
 135 0060 00000000 		.word	huart3
 136 0064 00480040 		.word	1073760256
 137              		.cfi_endproc
 138              	.LFE132:
 140              		.section	.text.HAL_UART_MspInit,"ax",%progbits
 141              		.align	1
 142              		.global	HAL_UART_MspInit
 143              		.syntax unified
 144              		.thumb
 145              		.thumb_func
 147              	HAL_UART_MspInit:
 148              	.LVL8:
 149              	.LFB133:
  75:Core/Src/usart.c **** 
  76:Core/Src/usart.c **** void HAL_UART_MspInit(UART_HandleTypeDef* uartHandle)
  77:Core/Src/usart.c **** {
 150              		.loc 1 77 1 is_stmt 1 view -0
ARM GAS  /tmp/ccup3Gyf.s 			page 5


 151              		.cfi_startproc
 152              		@ args = 0, pretend = 0, frame = 176
 153              		@ frame_needed = 0, uses_anonymous_args = 0
 154              		.loc 1 77 1 is_stmt 0 view .LVU42
 155 0000 30B5     		push	{r4, r5, lr}
 156              	.LCFI1:
 157              		.cfi_def_cfa_offset 12
 158              		.cfi_offset 4, -12
 159              		.cfi_offset 5, -8
 160              		.cfi_offset 14, -4
 161 0002 ADB0     		sub	sp, sp, #180
 162              	.LCFI2:
 163              		.cfi_def_cfa_offset 192
 164 0004 0446     		mov	r4, r0
  78:Core/Src/usart.c **** 
  79:Core/Src/usart.c ****   GPIO_InitTypeDef GPIO_InitStruct = {0};
 165              		.loc 1 79 3 is_stmt 1 view .LVU43
 166              		.loc 1 79 20 is_stmt 0 view .LVU44
 167 0006 0021     		movs	r1, #0
 168 0008 2791     		str	r1, [sp, #156]
 169 000a 2891     		str	r1, [sp, #160]
 170 000c 2991     		str	r1, [sp, #164]
 171 000e 2A91     		str	r1, [sp, #168]
 172 0010 2B91     		str	r1, [sp, #172]
  80:Core/Src/usart.c ****   RCC_PeriphCLKInitTypeDef PeriphClkInit = {0};
 173              		.loc 1 80 3 is_stmt 1 view .LVU45
 174              		.loc 1 80 28 is_stmt 0 view .LVU46
 175 0012 9422     		movs	r2, #148
 176 0014 02A8     		add	r0, sp, #8
 177              	.LVL9:
 178              		.loc 1 80 28 view .LVU47
 179 0016 FFF7FEFF 		bl	memset
 180              	.LVL10:
  81:Core/Src/usart.c ****   if(uartHandle->Instance==USART3)
 181              		.loc 1 81 3 is_stmt 1 view .LVU48
 182              		.loc 1 81 16 is_stmt 0 view .LVU49
 183 001a 2268     		ldr	r2, [r4]
 184              		.loc 1 81 5 view .LVU50
 185 001c 374B     		ldr	r3, .L23
 186 001e 9A42     		cmp	r2, r3
 187 0020 01D0     		beq	.L19
 188              	.L13:
  82:Core/Src/usart.c ****   {
  83:Core/Src/usart.c ****   /* USER CODE BEGIN USART3_MspInit 0 */
  84:Core/Src/usart.c **** 
  85:Core/Src/usart.c ****   /* USER CODE END USART3_MspInit 0 */
  86:Core/Src/usart.c **** 
  87:Core/Src/usart.c ****   /** Initializes the peripherals clock
  88:Core/Src/usart.c ****   */
  89:Core/Src/usart.c ****     PeriphClkInit.PeriphClockSelection = RCC_PERIPHCLK_USART3;
  90:Core/Src/usart.c ****     PeriphClkInit.Usart3ClockSelection = RCC_USART3CLKSOURCE_PCLK1;
  91:Core/Src/usart.c ****     if (HAL_RCCEx_PeriphCLKConfig(&PeriphClkInit) != HAL_OK)
  92:Core/Src/usart.c ****     {
  93:Core/Src/usart.c ****       Error_Handler();
  94:Core/Src/usart.c ****     }
  95:Core/Src/usart.c **** 
  96:Core/Src/usart.c ****     /* USART3 clock enable */
ARM GAS  /tmp/ccup3Gyf.s 			page 6


  97:Core/Src/usart.c ****     __HAL_RCC_USART3_CLK_ENABLE();
  98:Core/Src/usart.c **** 
  99:Core/Src/usart.c ****     __HAL_RCC_GPIOD_CLK_ENABLE();
 100:Core/Src/usart.c ****     /**USART3 GPIO Configuration
 101:Core/Src/usart.c ****     PD8     ------> USART3_TX
 102:Core/Src/usart.c ****     PD9     ------> USART3_RX
 103:Core/Src/usart.c ****     */
 104:Core/Src/usart.c ****     GPIO_InitStruct.Pin = STLK_RX_Pin|STLK_TX_Pin;
 105:Core/Src/usart.c ****     GPIO_InitStruct.Mode = GPIO_MODE_AF_PP;
 106:Core/Src/usart.c ****     GPIO_InitStruct.Pull = GPIO_NOPULL;
 107:Core/Src/usart.c ****     GPIO_InitStruct.Speed = GPIO_SPEED_FREQ_VERY_HIGH;
 108:Core/Src/usart.c ****     GPIO_InitStruct.Alternate = GPIO_AF7_USART3;
 109:Core/Src/usart.c ****     HAL_GPIO_Init(GPIOD, &GPIO_InitStruct);
 110:Core/Src/usart.c **** 
 111:Core/Src/usart.c ****     /* USART3 DMA Init */
 112:Core/Src/usart.c ****     /* USART3_RX Init */
 113:Core/Src/usart.c ****     hdma_usart3_rx.Instance = DMA1_Channel1;
 114:Core/Src/usart.c ****     hdma_usart3_rx.Init.Request = DMA_REQUEST_USART3_RX;
 115:Core/Src/usart.c ****     hdma_usart3_rx.Init.Direction = DMA_PERIPH_TO_MEMORY;
 116:Core/Src/usart.c ****     hdma_usart3_rx.Init.PeriphInc = DMA_PINC_DISABLE;
 117:Core/Src/usart.c ****     hdma_usart3_rx.Init.MemInc = DMA_MINC_ENABLE;
 118:Core/Src/usart.c ****     hdma_usart3_rx.Init.PeriphDataAlignment = DMA_PDATAALIGN_BYTE;
 119:Core/Src/usart.c ****     hdma_usart3_rx.Init.MemDataAlignment = DMA_MDATAALIGN_BYTE;
 120:Core/Src/usart.c ****     hdma_usart3_rx.Init.Mode = DMA_CIRCULAR;
 121:Core/Src/usart.c ****     hdma_usart3_rx.Init.Priority = DMA_PRIORITY_VERY_HIGH;
 122:Core/Src/usart.c ****     if (HAL_DMA_Init(&hdma_usart3_rx) != HAL_OK)
 123:Core/Src/usart.c ****     {
 124:Core/Src/usart.c ****       Error_Handler();
 125:Core/Src/usart.c ****     }
 126:Core/Src/usart.c **** 
 127:Core/Src/usart.c ****     __HAL_LINKDMA(uartHandle,hdmarx,hdma_usart3_rx);
 128:Core/Src/usart.c **** 
 129:Core/Src/usart.c ****     /* USART3_TX Init */
 130:Core/Src/usart.c ****     hdma_usart3_tx.Instance = DMA1_Channel2;
 131:Core/Src/usart.c ****     hdma_usart3_tx.Init.Request = DMA_REQUEST_USART3_TX;
 132:Core/Src/usart.c ****     hdma_usart3_tx.Init.Direction = DMA_MEMORY_TO_PERIPH;
 133:Core/Src/usart.c ****     hdma_usart3_tx.Init.PeriphInc = DMA_PINC_DISABLE;
 134:Core/Src/usart.c ****     hdma_usart3_tx.Init.MemInc = DMA_MINC_ENABLE;
 135:Core/Src/usart.c ****     hdma_usart3_tx.Init.PeriphDataAlignment = DMA_PDATAALIGN_BYTE;
 136:Core/Src/usart.c ****     hdma_usart3_tx.Init.MemDataAlignment = DMA_MDATAALIGN_BYTE;
 137:Core/Src/usart.c ****     hdma_usart3_tx.Init.Mode = DMA_CIRCULAR;
 138:Core/Src/usart.c ****     hdma_usart3_tx.Init.Priority = DMA_PRIORITY_VERY_HIGH;
 139:Core/Src/usart.c ****     if (HAL_DMA_Init(&hdma_usart3_tx) != HAL_OK)
 140:Core/Src/usart.c ****     {
 141:Core/Src/usart.c ****       Error_Handler();
 142:Core/Src/usart.c ****     }
 143:Core/Src/usart.c **** 
 144:Core/Src/usart.c ****     __HAL_LINKDMA(uartHandle,hdmatx,hdma_usart3_tx);
 145:Core/Src/usart.c **** 
 146:Core/Src/usart.c ****     /* USART3 interrupt Init */
 147:Core/Src/usart.c ****     HAL_NVIC_SetPriority(USART3_IRQn, 5, 0);
 148:Core/Src/usart.c ****     HAL_NVIC_EnableIRQ(USART3_IRQn);
 149:Core/Src/usart.c ****   /* USER CODE BEGIN USART3_MspInit 1 */
 150:Core/Src/usart.c **** 
 151:Core/Src/usart.c ****   /* USER CODE END USART3_MspInit 1 */
 152:Core/Src/usart.c ****   }
 153:Core/Src/usart.c **** }
ARM GAS  /tmp/ccup3Gyf.s 			page 7


 189              		.loc 1 153 1 view .LVU51
 190 0022 2DB0     		add	sp, sp, #180
 191              	.LCFI3:
 192              		.cfi_remember_state
 193              		.cfi_def_cfa_offset 12
 194              		@ sp needed
 195 0024 30BD     		pop	{r4, r5, pc}
 196              	.LVL11:
 197              	.L19:
 198              	.LCFI4:
 199              		.cfi_restore_state
  89:Core/Src/usart.c ****     PeriphClkInit.Usart3ClockSelection = RCC_USART3CLKSOURCE_PCLK1;
 200              		.loc 1 89 5 is_stmt 1 view .LVU52
  89:Core/Src/usart.c ****     PeriphClkInit.Usart3ClockSelection = RCC_USART3CLKSOURCE_PCLK1;
 201              		.loc 1 89 40 is_stmt 0 view .LVU53
 202 0026 0423     		movs	r3, #4
 203 0028 0293     		str	r3, [sp, #8]
  90:Core/Src/usart.c ****     if (HAL_RCCEx_PeriphCLKConfig(&PeriphClkInit) != HAL_OK)
 204              		.loc 1 90 5 is_stmt 1 view .LVU54
  91:Core/Src/usart.c ****     {
 205              		.loc 1 91 5 view .LVU55
  91:Core/Src/usart.c ****     {
 206              		.loc 1 91 9 is_stmt 0 view .LVU56
 207 002a 02A8     		add	r0, sp, #8
 208 002c FFF7FEFF 		bl	HAL_RCCEx_PeriphCLKConfig
 209              	.LVL12:
  91:Core/Src/usart.c ****     {
 210              		.loc 1 91 8 discriminator 1 view .LVU57
 211 0030 0028     		cmp	r0, #0
 212 0032 59D1     		bne	.L20
 213              	.L15:
  97:Core/Src/usart.c **** 
 214              		.loc 1 97 5 is_stmt 1 view .LVU58
 215              	.LBB2:
  97:Core/Src/usart.c **** 
 216              		.loc 1 97 5 view .LVU59
  97:Core/Src/usart.c **** 
 217              		.loc 1 97 5 view .LVU60
 218 0034 324B     		ldr	r3, .L23+4
 219 0036 9A6D     		ldr	r2, [r3, #88]
 220 0038 42F48022 		orr	r2, r2, #262144
 221 003c 9A65     		str	r2, [r3, #88]
  97:Core/Src/usart.c **** 
 222              		.loc 1 97 5 view .LVU61
 223 003e 9A6D     		ldr	r2, [r3, #88]
 224 0040 02F48022 		and	r2, r2, #262144
 225 0044 0092     		str	r2, [sp]
  97:Core/Src/usart.c **** 
 226              		.loc 1 97 5 view .LVU62
 227 0046 009A     		ldr	r2, [sp]
 228              	.LBE2:
  97:Core/Src/usart.c **** 
 229              		.loc 1 97 5 view .LVU63
  99:Core/Src/usart.c ****     /**USART3 GPIO Configuration
 230              		.loc 1 99 5 view .LVU64
 231              	.LBB3:
  99:Core/Src/usart.c ****     /**USART3 GPIO Configuration
ARM GAS  /tmp/ccup3Gyf.s 			page 8


 232              		.loc 1 99 5 view .LVU65
  99:Core/Src/usart.c ****     /**USART3 GPIO Configuration
 233              		.loc 1 99 5 view .LVU66
 234 0048 DA6C     		ldr	r2, [r3, #76]
 235 004a 42F00802 		orr	r2, r2, #8
 236 004e DA64     		str	r2, [r3, #76]
  99:Core/Src/usart.c ****     /**USART3 GPIO Configuration
 237              		.loc 1 99 5 view .LVU67
 238 0050 DB6C     		ldr	r3, [r3, #76]
 239 0052 03F00803 		and	r3, r3, #8
 240 0056 0193     		str	r3, [sp, #4]
  99:Core/Src/usart.c ****     /**USART3 GPIO Configuration
 241              		.loc 1 99 5 view .LVU68
 242 0058 019B     		ldr	r3, [sp, #4]
 243              	.LBE3:
  99:Core/Src/usart.c ****     /**USART3 GPIO Configuration
 244              		.loc 1 99 5 view .LVU69
 104:Core/Src/usart.c ****     GPIO_InitStruct.Mode = GPIO_MODE_AF_PP;
 245              		.loc 1 104 5 view .LVU70
 104:Core/Src/usart.c ****     GPIO_InitStruct.Mode = GPIO_MODE_AF_PP;
 246              		.loc 1 104 25 is_stmt 0 view .LVU71
 247 005a 4FF44073 		mov	r3, #768
 248 005e 2793     		str	r3, [sp, #156]
 105:Core/Src/usart.c ****     GPIO_InitStruct.Pull = GPIO_NOPULL;
 249              		.loc 1 105 5 is_stmt 1 view .LVU72
 105:Core/Src/usart.c ****     GPIO_InitStruct.Pull = GPIO_NOPULL;
 250              		.loc 1 105 26 is_stmt 0 view .LVU73
 251 0060 0223     		movs	r3, #2
 252 0062 2893     		str	r3, [sp, #160]
 106:Core/Src/usart.c ****     GPIO_InitStruct.Speed = GPIO_SPEED_FREQ_VERY_HIGH;
 253              		.loc 1 106 5 is_stmt 1 view .LVU74
 106:Core/Src/usart.c ****     GPIO_InitStruct.Speed = GPIO_SPEED_FREQ_VERY_HIGH;
 254              		.loc 1 106 26 is_stmt 0 view .LVU75
 255 0064 0025     		movs	r5, #0
 256 0066 2995     		str	r5, [sp, #164]
 107:Core/Src/usart.c ****     GPIO_InitStruct.Alternate = GPIO_AF7_USART3;
 257              		.loc 1 107 5 is_stmt 1 view .LVU76
 107:Core/Src/usart.c ****     GPIO_InitStruct.Alternate = GPIO_AF7_USART3;
 258              		.loc 1 107 27 is_stmt 0 view .LVU77
 259 0068 0323     		movs	r3, #3
 260 006a 2A93     		str	r3, [sp, #168]
 108:Core/Src/usart.c ****     HAL_GPIO_Init(GPIOD, &GPIO_InitStruct);
 261              		.loc 1 108 5 is_stmt 1 view .LVU78
 108:Core/Src/usart.c ****     HAL_GPIO_Init(GPIOD, &GPIO_InitStruct);
 262              		.loc 1 108 31 is_stmt 0 view .LVU79
 263 006c 0723     		movs	r3, #7
 264 006e 2B93     		str	r3, [sp, #172]
 109:Core/Src/usart.c **** 
 265              		.loc 1 109 5 is_stmt 1 view .LVU80
 266 0070 27A9     		add	r1, sp, #156
 267 0072 2448     		ldr	r0, .L23+8
 268 0074 FFF7FEFF 		bl	HAL_GPIO_Init
 269              	.LVL13:
 113:Core/Src/usart.c ****     hdma_usart3_rx.Init.Request = DMA_REQUEST_USART3_RX;
 270              		.loc 1 113 5 view .LVU81
 113:Core/Src/usart.c ****     hdma_usart3_rx.Init.Request = DMA_REQUEST_USART3_RX;
 271              		.loc 1 113 29 is_stmt 0 view .LVU82
ARM GAS  /tmp/ccup3Gyf.s 			page 9


 272 0078 2348     		ldr	r0, .L23+12
 273 007a 244B     		ldr	r3, .L23+16
 274 007c 0360     		str	r3, [r0]
 114:Core/Src/usart.c ****     hdma_usart3_rx.Init.Direction = DMA_PERIPH_TO_MEMORY;
 275              		.loc 1 114 5 is_stmt 1 view .LVU83
 114:Core/Src/usart.c ****     hdma_usart3_rx.Init.Direction = DMA_PERIPH_TO_MEMORY;
 276              		.loc 1 114 33 is_stmt 0 view .LVU84
 277 007e 1C23     		movs	r3, #28
 278 0080 4360     		str	r3, [r0, #4]
 115:Core/Src/usart.c ****     hdma_usart3_rx.Init.PeriphInc = DMA_PINC_DISABLE;
 279              		.loc 1 115 5 is_stmt 1 view .LVU85
 115:Core/Src/usart.c ****     hdma_usart3_rx.Init.PeriphInc = DMA_PINC_DISABLE;
 280              		.loc 1 115 35 is_stmt 0 view .LVU86
 281 0082 8560     		str	r5, [r0, #8]
 116:Core/Src/usart.c ****     hdma_usart3_rx.Init.MemInc = DMA_MINC_ENABLE;
 282              		.loc 1 116 5 is_stmt 1 view .LVU87
 116:Core/Src/usart.c ****     hdma_usart3_rx.Init.MemInc = DMA_MINC_ENABLE;
 283              		.loc 1 116 35 is_stmt 0 view .LVU88
 284 0084 C560     		str	r5, [r0, #12]
 117:Core/Src/usart.c ****     hdma_usart3_rx.Init.PeriphDataAlignment = DMA_PDATAALIGN_BYTE;
 285              		.loc 1 117 5 is_stmt 1 view .LVU89
 117:Core/Src/usart.c ****     hdma_usart3_rx.Init.PeriphDataAlignment = DMA_PDATAALIGN_BYTE;
 286              		.loc 1 117 32 is_stmt 0 view .LVU90
 287 0086 8023     		movs	r3, #128
 288 0088 0361     		str	r3, [r0, #16]
 118:Core/Src/usart.c ****     hdma_usart3_rx.Init.MemDataAlignment = DMA_MDATAALIGN_BYTE;
 289              		.loc 1 118 5 is_stmt 1 view .LVU91
 118:Core/Src/usart.c ****     hdma_usart3_rx.Init.MemDataAlignment = DMA_MDATAALIGN_BYTE;
 290              		.loc 1 118 45 is_stmt 0 view .LVU92
 291 008a 4561     		str	r5, [r0, #20]
 119:Core/Src/usart.c ****     hdma_usart3_rx.Init.Mode = DMA_CIRCULAR;
 292              		.loc 1 119 5 is_stmt 1 view .LVU93
 119:Core/Src/usart.c ****     hdma_usart3_rx.Init.Mode = DMA_CIRCULAR;
 293              		.loc 1 119 42 is_stmt 0 view .LVU94
 294 008c 8561     		str	r5, [r0, #24]
 120:Core/Src/usart.c ****     hdma_usart3_rx.Init.Priority = DMA_PRIORITY_VERY_HIGH;
 295              		.loc 1 120 5 is_stmt 1 view .LVU95
 120:Core/Src/usart.c ****     hdma_usart3_rx.Init.Priority = DMA_PRIORITY_VERY_HIGH;
 296              		.loc 1 120 30 is_stmt 0 view .LVU96
 297 008e 2023     		movs	r3, #32
 298 0090 C361     		str	r3, [r0, #28]
 121:Core/Src/usart.c ****     if (HAL_DMA_Init(&hdma_usart3_rx) != HAL_OK)
 299              		.loc 1 121 5 is_stmt 1 view .LVU97
 121:Core/Src/usart.c ****     if (HAL_DMA_Init(&hdma_usart3_rx) != HAL_OK)
 300              		.loc 1 121 34 is_stmt 0 view .LVU98
 301 0092 4FF44053 		mov	r3, #12288
 302 0096 0362     		str	r3, [r0, #32]
 122:Core/Src/usart.c ****     {
 303              		.loc 1 122 5 is_stmt 1 view .LVU99
 122:Core/Src/usart.c ****     {
 304              		.loc 1 122 9 is_stmt 0 view .LVU100
 305 0098 FFF7FEFF 		bl	HAL_DMA_Init
 306              	.LVL14:
 122:Core/Src/usart.c ****     {
 307              		.loc 1 122 8 discriminator 1 view .LVU101
 308 009c 38BB     		cbnz	r0, .L21
 309              	.L16:
ARM GAS  /tmp/ccup3Gyf.s 			page 10


 127:Core/Src/usart.c **** 
 310              		.loc 1 127 5 is_stmt 1 view .LVU102
 127:Core/Src/usart.c **** 
 311              		.loc 1 127 5 view .LVU103
 312 009e 1A4B     		ldr	r3, .L23+12
 313 00a0 C4F88030 		str	r3, [r4, #128]
 127:Core/Src/usart.c **** 
 314              		.loc 1 127 5 view .LVU104
 315 00a4 9C62     		str	r4, [r3, #40]
 127:Core/Src/usart.c **** 
 316              		.loc 1 127 5 view .LVU105
 130:Core/Src/usart.c ****     hdma_usart3_tx.Init.Request = DMA_REQUEST_USART3_TX;
 317              		.loc 1 130 5 view .LVU106
 130:Core/Src/usart.c ****     hdma_usart3_tx.Init.Request = DMA_REQUEST_USART3_TX;
 318              		.loc 1 130 29 is_stmt 0 view .LVU107
 319 00a6 1A48     		ldr	r0, .L23+20
 320 00a8 1A4B     		ldr	r3, .L23+24
 321 00aa 0360     		str	r3, [r0]
 131:Core/Src/usart.c ****     hdma_usart3_tx.Init.Direction = DMA_MEMORY_TO_PERIPH;
 322              		.loc 1 131 5 is_stmt 1 view .LVU108
 131:Core/Src/usart.c ****     hdma_usart3_tx.Init.Direction = DMA_MEMORY_TO_PERIPH;
 323              		.loc 1 131 33 is_stmt 0 view .LVU109
 324 00ac 1D23     		movs	r3, #29
 325 00ae 4360     		str	r3, [r0, #4]
 132:Core/Src/usart.c ****     hdma_usart3_tx.Init.PeriphInc = DMA_PINC_DISABLE;
 326              		.loc 1 132 5 is_stmt 1 view .LVU110
 132:Core/Src/usart.c ****     hdma_usart3_tx.Init.PeriphInc = DMA_PINC_DISABLE;
 327              		.loc 1 132 35 is_stmt 0 view .LVU111
 328 00b0 1023     		movs	r3, #16
 329 00b2 8360     		str	r3, [r0, #8]
 133:Core/Src/usart.c ****     hdma_usart3_tx.Init.MemInc = DMA_MINC_ENABLE;
 330              		.loc 1 133 5 is_stmt 1 view .LVU112
 133:Core/Src/usart.c ****     hdma_usart3_tx.Init.MemInc = DMA_MINC_ENABLE;
 331              		.loc 1 133 35 is_stmt 0 view .LVU113
 332 00b4 0023     		movs	r3, #0
 333 00b6 C360     		str	r3, [r0, #12]
 134:Core/Src/usart.c ****     hdma_usart3_tx.Init.PeriphDataAlignment = DMA_PDATAALIGN_BYTE;
 334              		.loc 1 134 5 is_stmt 1 view .LVU114
 134:Core/Src/usart.c ****     hdma_usart3_tx.Init.PeriphDataAlignment = DMA_PDATAALIGN_BYTE;
 335              		.loc 1 134 32 is_stmt 0 view .LVU115
 336 00b8 8022     		movs	r2, #128
 337 00ba 0261     		str	r2, [r0, #16]
 135:Core/Src/usart.c ****     hdma_usart3_tx.Init.MemDataAlignment = DMA_MDATAALIGN_BYTE;
 338              		.loc 1 135 5 is_stmt 1 view .LVU116
 135:Core/Src/usart.c ****     hdma_usart3_tx.Init.MemDataAlignment = DMA_MDATAALIGN_BYTE;
 339              		.loc 1 135 45 is_stmt 0 view .LVU117
 340 00bc 4361     		str	r3, [r0, #20]
 136:Core/Src/usart.c ****     hdma_usart3_tx.Init.Mode = DMA_CIRCULAR;
 341              		.loc 1 136 5 is_stmt 1 view .LVU118
 136:Core/Src/usart.c ****     hdma_usart3_tx.Init.Mode = DMA_CIRCULAR;
 342              		.loc 1 136 42 is_stmt 0 view .LVU119
 343 00be 8361     		str	r3, [r0, #24]
 137:Core/Src/usart.c ****     hdma_usart3_tx.Init.Priority = DMA_PRIORITY_VERY_HIGH;
 344              		.loc 1 137 5 is_stmt 1 view .LVU120
 137:Core/Src/usart.c ****     hdma_usart3_tx.Init.Priority = DMA_PRIORITY_VERY_HIGH;
 345              		.loc 1 137 30 is_stmt 0 view .LVU121
 346 00c0 2023     		movs	r3, #32
ARM GAS  /tmp/ccup3Gyf.s 			page 11


 347 00c2 C361     		str	r3, [r0, #28]
 138:Core/Src/usart.c ****     if (HAL_DMA_Init(&hdma_usart3_tx) != HAL_OK)
 348              		.loc 1 138 5 is_stmt 1 view .LVU122
 138:Core/Src/usart.c ****     if (HAL_DMA_Init(&hdma_usart3_tx) != HAL_OK)
 349              		.loc 1 138 34 is_stmt 0 view .LVU123
 350 00c4 4FF44053 		mov	r3, #12288
 351 00c8 0362     		str	r3, [r0, #32]
 139:Core/Src/usart.c ****     {
 352              		.loc 1 139 5 is_stmt 1 view .LVU124
 139:Core/Src/usart.c ****     {
 353              		.loc 1 139 9 is_stmt 0 view .LVU125
 354 00ca FFF7FEFF 		bl	HAL_DMA_Init
 355              	.LVL15:
 139:Core/Src/usart.c ****     {
 356              		.loc 1 139 8 discriminator 1 view .LVU126
 357 00ce 88B9     		cbnz	r0, .L22
 358              	.L17:
 144:Core/Src/usart.c **** 
 359              		.loc 1 144 5 is_stmt 1 view .LVU127
 144:Core/Src/usart.c **** 
 360              		.loc 1 144 5 view .LVU128
 361 00d0 0F4B     		ldr	r3, .L23+20
 362 00d2 E367     		str	r3, [r4, #124]
 144:Core/Src/usart.c **** 
 363              		.loc 1 144 5 view .LVU129
 364 00d4 9C62     		str	r4, [r3, #40]
 144:Core/Src/usart.c **** 
 365              		.loc 1 144 5 view .LVU130
 147:Core/Src/usart.c ****     HAL_NVIC_EnableIRQ(USART3_IRQn);
 366              		.loc 1 147 5 view .LVU131
 367 00d6 0022     		movs	r2, #0
 368 00d8 0521     		movs	r1, #5
 369 00da 2720     		movs	r0, #39
 370 00dc FFF7FEFF 		bl	HAL_NVIC_SetPriority
 371              	.LVL16:
 148:Core/Src/usart.c ****   /* USER CODE BEGIN USART3_MspInit 1 */
 372              		.loc 1 148 5 view .LVU132
 373 00e0 2720     		movs	r0, #39
 374 00e2 FFF7FEFF 		bl	HAL_NVIC_EnableIRQ
 375              	.LVL17:
 376              		.loc 1 153 1 is_stmt 0 view .LVU133
 377 00e6 9CE7     		b	.L13
 378              	.L20:
  93:Core/Src/usart.c ****     }
 379              		.loc 1 93 7 is_stmt 1 view .LVU134
 380 00e8 FFF7FEFF 		bl	Error_Handler
 381              	.LVL18:
 382 00ec A2E7     		b	.L15
 383              	.L21:
 124:Core/Src/usart.c ****     }
 384              		.loc 1 124 7 view .LVU135
 385 00ee FFF7FEFF 		bl	Error_Handler
 386              	.LVL19:
 387 00f2 D4E7     		b	.L16
 388              	.L22:
 141:Core/Src/usart.c ****     }
 389              		.loc 1 141 7 view .LVU136
ARM GAS  /tmp/ccup3Gyf.s 			page 12


 390 00f4 FFF7FEFF 		bl	Error_Handler
 391              	.LVL20:
 392 00f8 EAE7     		b	.L17
 393              	.L24:
 394 00fa 00BF     		.align	2
 395              	.L23:
 396 00fc 00480040 		.word	1073760256
 397 0100 00100240 		.word	1073876992
 398 0104 000C0048 		.word	1207962624
 399 0108 00000000 		.word	hdma_usart3_rx
 400 010c 08000240 		.word	1073872904
 401 0110 00000000 		.word	hdma_usart3_tx
 402 0114 1C000240 		.word	1073872924
 403              		.cfi_endproc
 404              	.LFE133:
 406              		.section	.text.HAL_UART_MspDeInit,"ax",%progbits
 407              		.align	1
 408              		.global	HAL_UART_MspDeInit
 409              		.syntax unified
 410              		.thumb
 411              		.thumb_func
 413              	HAL_UART_MspDeInit:
 414              	.LVL21:
 415              	.LFB134:
 154:Core/Src/usart.c **** 
 155:Core/Src/usart.c **** void HAL_UART_MspDeInit(UART_HandleTypeDef* uartHandle)
 156:Core/Src/usart.c **** {
 416              		.loc 1 156 1 view -0
 417              		.cfi_startproc
 418              		@ args = 0, pretend = 0, frame = 0
 419              		@ frame_needed = 0, uses_anonymous_args = 0
 157:Core/Src/usart.c **** 
 158:Core/Src/usart.c ****   if(uartHandle->Instance==USART3)
 420              		.loc 1 158 3 view .LVU138
 421              		.loc 1 158 16 is_stmt 0 view .LVU139
 422 0000 0268     		ldr	r2, [r0]
 423              		.loc 1 158 5 view .LVU140
 424 0002 0D4B     		ldr	r3, .L32
 425 0004 9A42     		cmp	r2, r3
 426 0006 00D0     		beq	.L31
 427 0008 7047     		bx	lr
 428              	.L31:
 156:Core/Src/usart.c **** 
 429              		.loc 1 156 1 view .LVU141
 430 000a 10B5     		push	{r4, lr}
 431              	.LCFI5:
 432              		.cfi_def_cfa_offset 8
 433              		.cfi_offset 4, -8
 434              		.cfi_offset 14, -4
 435 000c 0446     		mov	r4, r0
 159:Core/Src/usart.c ****   {
 160:Core/Src/usart.c ****   /* USER CODE BEGIN USART3_MspDeInit 0 */
 161:Core/Src/usart.c **** 
 162:Core/Src/usart.c ****   /* USER CODE END USART3_MspDeInit 0 */
 163:Core/Src/usart.c ****     /* Peripheral clock disable */
 164:Core/Src/usart.c ****     __HAL_RCC_USART3_CLK_DISABLE();
 436              		.loc 1 164 5 is_stmt 1 view .LVU142
ARM GAS  /tmp/ccup3Gyf.s 			page 13


 437 000e 0B4A     		ldr	r2, .L32+4
 438 0010 936D     		ldr	r3, [r2, #88]
 439 0012 23F48023 		bic	r3, r3, #262144
 440 0016 9365     		str	r3, [r2, #88]
 165:Core/Src/usart.c **** 
 166:Core/Src/usart.c ****     /**USART3 GPIO Configuration
 167:Core/Src/usart.c ****     PD8     ------> USART3_TX
 168:Core/Src/usart.c ****     PD9     ------> USART3_RX
 169:Core/Src/usart.c ****     */
 170:Core/Src/usart.c ****     HAL_GPIO_DeInit(GPIOD, STLK_RX_Pin|STLK_TX_Pin);
 441              		.loc 1 170 5 view .LVU143
 442 0018 4FF44071 		mov	r1, #768
 443 001c 0848     		ldr	r0, .L32+8
 444              	.LVL22:
 445              		.loc 1 170 5 is_stmt 0 view .LVU144
 446 001e FFF7FEFF 		bl	HAL_GPIO_DeInit
 447              	.LVL23:
 171:Core/Src/usart.c **** 
 172:Core/Src/usart.c ****     /* USART3 DMA DeInit */
 173:Core/Src/usart.c ****     HAL_DMA_DeInit(uartHandle->hdmarx);
 448              		.loc 1 173 5 is_stmt 1 view .LVU145
 449 0022 D4F88000 		ldr	r0, [r4, #128]
 450 0026 FFF7FEFF 		bl	HAL_DMA_DeInit
 451              	.LVL24:
 174:Core/Src/usart.c ****     HAL_DMA_DeInit(uartHandle->hdmatx);
 452              		.loc 1 174 5 view .LVU146
 453 002a E06F     		ldr	r0, [r4, #124]
 454 002c FFF7FEFF 		bl	HAL_DMA_DeInit
 455              	.LVL25:
 175:Core/Src/usart.c **** 
 176:Core/Src/usart.c ****     /* USART3 interrupt Deinit */
 177:Core/Src/usart.c ****     HAL_NVIC_DisableIRQ(USART3_IRQn);
 456              		.loc 1 177 5 view .LVU147
 457 0030 2720     		movs	r0, #39
 458 0032 FFF7FEFF 		bl	HAL_NVIC_DisableIRQ
 459              	.LVL26:
 178:Core/Src/usart.c ****   /* USER CODE BEGIN USART3_MspDeInit 1 */
 179:Core/Src/usart.c **** 
 180:Core/Src/usart.c ****   /* USER CODE END USART3_MspDeInit 1 */
 181:Core/Src/usart.c ****   }
 182:Core/Src/usart.c **** }
 460              		.loc 1 182 1 is_stmt 0 view .LVU148
 461 0036 10BD     		pop	{r4, pc}
 462              	.LVL27:
 463              	.L33:
 464              		.loc 1 182 1 view .LVU149
 465              		.align	2
 466              	.L32:
 467 0038 00480040 		.word	1073760256
 468 003c 00100240 		.word	1073876992
 469 0040 000C0048 		.word	1207962624
 470              		.cfi_endproc
 471              	.LFE134:
 473              		.global	hdma_usart3_tx
 474              		.section	.bss.hdma_usart3_tx,"aw",%nobits
 475              		.align	2
 478              	hdma_usart3_tx:
ARM GAS  /tmp/ccup3Gyf.s 			page 14


 479 0000 00000000 		.space	96
 479      00000000 
 479      00000000 
 479      00000000 
 479      00000000 
 480              		.global	hdma_usart3_rx
 481              		.section	.bss.hdma_usart3_rx,"aw",%nobits
 482              		.align	2
 485              	hdma_usart3_rx:
 486 0000 00000000 		.space	96
 486      00000000 
 486      00000000 
 486      00000000 
 486      00000000 
 487              		.global	huart3
 488              		.section	.bss.huart3,"aw",%nobits
 489              		.align	2
 492              	huart3:
 493 0000 00000000 		.space	148
 493      00000000 
 493      00000000 
 493      00000000 
 493      00000000 
 494              		.text
 495              	.Letext0:
 496              		.file 2 "Drivers/CMSIS/Device/ST/STM32L4xx/Include/stm32l4r5xx.h"
 497              		.file 3 "/home/isak/st/stm32cubeclt_1.19.0/GNU-tools-for-STM32/arm-none-eabi/include/machine/_defa
 498              		.file 4 "/home/isak/st/stm32cubeclt_1.19.0/GNU-tools-for-STM32/arm-none-eabi/include/sys/_stdint.h
 499              		.file 5 "Drivers/STM32L4xx_HAL_Driver/Inc/stm32l4xx_hal_def.h"
 500              		.file 6 "Drivers/STM32L4xx_HAL_Driver/Inc/stm32l4xx_hal_rcc_ex.h"
 501              		.file 7 "Drivers/STM32L4xx_HAL_Driver/Inc/stm32l4xx_hal_gpio.h"
 502              		.file 8 "Drivers/STM32L4xx_HAL_Driver/Inc/stm32l4xx_hal_dma.h"
 503              		.file 9 "Drivers/STM32L4xx_HAL_Driver/Inc/stm32l4xx_hal_uart.h"
 504              		.file 10 "Core/Inc/usart.h"
 505              		.file 11 "Drivers/STM32L4xx_HAL_Driver/Inc/stm32l4xx_hal_cortex.h"
 506              		.file 12 "Drivers/STM32L4xx_HAL_Driver/Inc/stm32l4xx_hal_uart_ex.h"
 507              		.file 13 "Core/Inc/main.h"
 508              		.file 14 "<built-in>"
ARM GAS  /tmp/ccup3Gyf.s 			page 15


DEFINED SYMBOLS
                            *ABS*:00000000 usart.c
     /tmp/ccup3Gyf.s:21     .text.MX_USART3_UART_Init:00000000 $t
     /tmp/ccup3Gyf.s:27     .text.MX_USART3_UART_Init:00000000 MX_USART3_UART_Init
     /tmp/ccup3Gyf.s:135    .text.MX_USART3_UART_Init:00000060 $d
     /tmp/ccup3Gyf.s:492    .bss.huart3:00000000 huart3
     /tmp/ccup3Gyf.s:141    .text.HAL_UART_MspInit:00000000 $t
     /tmp/ccup3Gyf.s:147    .text.HAL_UART_MspInit:00000000 HAL_UART_MspInit
     /tmp/ccup3Gyf.s:396    .text.HAL_UART_MspInit:000000fc $d
     /tmp/ccup3Gyf.s:485    .bss.hdma_usart3_rx:00000000 hdma_usart3_rx
     /tmp/ccup3Gyf.s:478    .bss.hdma_usart3_tx:00000000 hdma_usart3_tx
     /tmp/ccup3Gyf.s:407    .text.HAL_UART_MspDeInit:00000000 $t
     /tmp/ccup3Gyf.s:413    .text.HAL_UART_MspDeInit:00000000 HAL_UART_MspDeInit
     /tmp/ccup3Gyf.s:467    .text.HAL_UART_MspDeInit:00000038 $d
     /tmp/ccup3Gyf.s:475    .bss.hdma_usart3_tx:00000000 $d
     /tmp/ccup3Gyf.s:482    .bss.hdma_usart3_rx:00000000 $d
     /tmp/ccup3Gyf.s:489    .bss.huart3:00000000 $d

UNDEFINED SYMBOLS
HAL_UART_Init
HAL_UARTEx_SetTxFifoThreshold
HAL_UARTEx_SetRxFifoThreshold
HAL_UARTEx_DisableFifoMode
Error_Handler
memset
HAL_RCCEx_PeriphCLKConfig
HAL_GPIO_Init
HAL_DMA_Init
HAL_NVIC_SetPriority
HAL_NVIC_EnableIRQ
HAL_GPIO_DeInit
HAL_DMA_DeInit
HAL_NVIC_DisableIRQ
