[0.023s] Invoking command in '/home/isak/seabotics_ws/Hugr_Primus/seabotics_ws/build/hugr_navigation': /usr/bin/cmake /home/isak/seabotics_ws/Hugr_Primus/seabotics_ws/src/hugr_navigation -DCATKIN_INSTALL_INTO_PREFIX_ROOT=0 -DCATKIN_SYMLINK_INSTALL=ON -DCMAKE_INSTALL_PREFIX=/home/isak/seabotics_ws/Hugr_Primus/seabotics_ws/install
[0.075s] -- The C compiler identification is GNU 11.4.0
[0.119s] -- The CXX compiler identification is GNU 11.4.0
[0.124s] -- Detecting C compiler ABI info
[0.183s] -- Detecting C compiler ABI info - done
[0.189s] -- Check for working C compiler: /usr/bin/cc - skipped
[0.189s] -- Detecting C compile features
[0.190s] -- Detecting C compile features - done
[0.192s] -- Detecting CXX compiler ABI info
[0.250s] -- Detecting CXX compiler ABI info - done
[0.256s] -- Check for working CXX compiler: /usr/bin/c++ - skipped
[0.256s] -- Detecting CXX compile features
[0.256s] -- Detecting CXX compile features - done
[0.270s] -- Found ament_cmake: 1.3.12 (/opt/ros/humble/share/ament_cmake/cmake)
[0.407s] -- Found Python3: /usr/bin/python3 (found version "3.10.12") found components: Interpreter 
[0.669s] -- Configuring done
[0.672s] -- Generating done
[0.672s] [33mCMake Warning:
[0.672s]   Manually-specified variables were not used by the project:
[0.672s] 
[0.672s]     CATKIN_INSTALL_INTO_PREFIX_ROOT
[0.672s]     CATKIN_SYMLINK_INSTALL
[0.672s] 
[0.672s] [0m
[0.673s] -- Build files have been written to: /home/isak/seabotics_ws/Hugr_Primus/seabotics_ws/build/hugr_navigation
[0.676s] Invoked command in '/home/isak/seabotics_ws/Hugr_Primus/seabotics_ws/build/hugr_navigation' returned '0': /usr/bin/cmake /home/isak/seabotics_ws/Hugr_Primus/seabotics_ws/src/hugr_navigation -DCATKIN_INSTALL_INTO_PREFIX_ROOT=0 -DCATKIN_SYMLINK_INSTALL=ON -DCMAKE_INSTALL_PREFIX=/home/isak/seabotics_ws/Hugr_Primus/seabotics_ws/install
[0.677s] Invoking command in '/home/isak/seabotics_ws/Hugr_Primus/seabotics_ws/build/hugr_navigation': /usr/bin/cmake --build /home/isak/seabotics_ws/Hugr_Primus/seabotics_ws/build/hugr_navigation -- -j12 -l12
[0.713s] Invoked command in '/home/isak/seabotics_ws/Hugr_Primus/seabotics_ws/build/hugr_navigation' returned '0': /usr/bin/cmake --build /home/isak/seabotics_ws/Hugr_Primus/seabotics_ws/build/hugr_navigation -- -j12 -l12
[0.714s] Invoking command in '/home/isak/seabotics_ws/Hugr_Primus/seabotics_ws/build/hugr_navigation': /usr/bin/cmake --install /home/isak/seabotics_ws/Hugr_Primus/seabotics_ws/build/hugr_navigation
[0.720s] -- Install configuration: ""
[0.720s] -- Installing: /home/isak/seabotics_ws/Hugr_Primus/seabotics_ws/install/share/hugr_navigation/launch
[0.720s] -- Installing: /home/isak/seabotics_ws/Hugr_Primus/seabotics_ws/install/share/hugr_navigation/launch/.keep
[0.720s] -- Installing: /home/isak/seabotics_ws/Hugr_Primus/seabotics_ws/install/share/hugr_navigation/config
[0.720s] -- Installing: /home/isak/seabotics_ws/Hugr_Primus/seabotics_ws/install/share/hugr_navigation/config/.keep
[0.720s] -- Installing: /home/isak/seabotics_ws/Hugr_Primus/seabotics_ws/install/share/ament_index/resource_index/package_run_dependencies/hugr_navigation
[0.720s] -- Installing: /home/isak/seabotics_ws/Hugr_Primus/seabotics_ws/install/share/ament_index/resource_index/parent_prefix_path/hugr_navigation
[0.720s] -- Installing: /home/isak/seabotics_ws/Hugr_Primus/seabotics_ws/install/share/hugr_navigation/environment/ament_prefix_path.sh
[0.720s] -- Installing: /home/isak/seabotics_ws/Hugr_Primus/seabotics_ws/install/share/hugr_navigation/environment/ament_prefix_path.dsv
[0.720s] -- Installing: /home/isak/seabotics_ws/Hugr_Primus/seabotics_ws/install/share/hugr_navigation/environment/path.sh
[0.720s] -- Installing: /home/isak/seabotics_ws/Hugr_Primus/seabotics_ws/install/share/hugr_navigation/environment/path.dsv
[0.720s] -- Installing: /home/isak/seabotics_ws/Hugr_Primus/seabotics_ws/install/share/hugr_navigation/local_setup.bash
[0.721s] -- Installing: /home/isak/seabotics_ws/Hugr_Primus/seabotics_ws/install/share/hugr_navigation/local_setup.sh
[0.721s] -- Installing: /home/isak/seabotics_ws/Hugr_Primus/seabotics_ws/install/share/hugr_navigation/local_setup.zsh
[0.721s] -- Installing: /home/isak/seabotics_ws/Hugr_Primus/seabotics_ws/install/share/hugr_navigation/local_setup.dsv
[0.721s] -- Installing: /home/isak/seabotics_ws/Hugr_Primus/seabotics_ws/install/share/hugr_navigation/package.dsv
[0.721s] -- Installing: /home/isak/seabotics_ws/Hugr_Primus/seabotics_ws/install/share/ament_index/resource_index/packages/hugr_navigation
[0.721s] -- Installing: /home/isak/seabotics_ws/Hugr_Primus/seabotics_ws/install/share/hugr_navigation/cmake/hugr_navigationConfig.cmake
[0.721s] -- Installing: /home/isak/seabotics_ws/Hugr_Primus/seabotics_ws/install/share/hugr_navigation/cmake/hugr_navigationConfig-version.cmake
[0.721s] -- Installing: /home/isak/seabotics_ws/Hugr_Primus/seabotics_ws/install/share/hugr_navigation/package.xml
[0.723s] Invoked command in '/home/isak/seabotics_ws/Hugr_Primus/seabotics_ws/build/hugr_navigation' returned '0': /usr/bin/cmake --install /home/isak/seabotics_ws/Hugr_Primus/seabotics_ws/build/hugr_navigation
