[0.024s] Invoking command in '/home/isak/seabotics_ws/Hugr_Primus/seabotics_ws/build/hugr_navigation': /usr/bin/cmake --build /home/isak/seabotics_ws/Hugr_Primus/seabotics_ws/build/hugr_navigation -- -j12 -l12
[0.063s] Invoked command in '/home/isak/seabotics_ws/Hugr_Primus/seabotics_ws/build/hugr_navigation' returned '0': /usr/bin/cmake --build /home/isak/seabotics_ws/Hugr_Primus/seabotics_ws/build/hugr_navigation -- -j12 -l12
[0.065s] Invoking command in '/home/isak/seabotics_ws/Hugr_Primus/seabotics_ws/build/hugr_navigation': /usr/bin/cmake --install /home/isak/seabotics_ws/Hugr_Primus/seabotics_ws/build/hugr_navigation
[0.072s] -- Install configuration: ""
[0.072s] -- Up-to-date: /home/isak/seabotics_ws/Hugr_Primus/seabotics_ws/install/share/hugr_navigation/launch
[0.072s] -- Up-to-date: /home/isak/seabotics_ws/Hugr_Primus/seabotics_ws/install/share/hugr_navigation/launch/.keep
[0.072s] -- Up-to-date: /home/isak/seabotics_ws/Hugr_Primus/seabotics_ws/install/share/hugr_navigation/config
[0.072s] -- Up-to-date: /home/isak/seabotics_ws/Hugr_Primus/seabotics_ws/install/share/hugr_navigation/config/.keep
[0.072s] -- Up-to-date: /home/isak/seabotics_ws/Hugr_Primus/seabotics_ws/install/share/ament_index/resource_index/package_run_dependencies/hugr_navigation
[0.072s] -- Up-to-date: /home/isak/seabotics_ws/Hugr_Primus/seabotics_ws/install/share/ament_index/resource_index/parent_prefix_path/hugr_navigation
[0.072s] -- Up-to-date: /home/isak/seabotics_ws/Hugr_Primus/seabotics_ws/install/share/hugr_navigation/environment/ament_prefix_path.sh
[0.072s] -- Up-to-date: /home/isak/seabotics_ws/Hugr_Primus/seabotics_ws/install/share/hugr_navigation/environment/ament_prefix_path.dsv
[0.072s] -- Up-to-date: /home/isak/seabotics_ws/Hugr_Primus/seabotics_ws/install/share/hugr_navigation/environment/path.sh
[0.073s] -- Up-to-date: /home/isak/seabotics_ws/Hugr_Primus/seabotics_ws/install/share/hugr_navigation/environment/path.dsv
[0.073s] -- Up-to-date: /home/isak/seabotics_ws/Hugr_Primus/seabotics_ws/install/share/hugr_navigation/local_setup.bash
[0.073s] -- Up-to-date: /home/isak/seabotics_ws/Hugr_Primus/seabotics_ws/install/share/hugr_navigation/local_setup.sh
[0.073s] -- Up-to-date: /home/isak/seabotics_ws/Hugr_Primus/seabotics_ws/install/share/hugr_navigation/local_setup.zsh
[0.073s] -- Up-to-date: /home/isak/seabotics_ws/Hugr_Primus/seabotics_ws/install/share/hugr_navigation/local_setup.dsv
[0.073s] -- Installing: /home/isak/seabotics_ws/Hugr_Primus/seabotics_ws/install/share/hugr_navigation/package.dsv
[0.073s] -- Up-to-date: /home/isak/seabotics_ws/Hugr_Primus/seabotics_ws/install/share/ament_index/resource_index/packages/hugr_navigation
[0.073s] -- Up-to-date: /home/isak/seabotics_ws/Hugr_Primus/seabotics_ws/install/share/hugr_navigation/cmake/hugr_navigationConfig.cmake
[0.073s] -- Up-to-date: /home/isak/seabotics_ws/Hugr_Primus/seabotics_ws/install/share/hugr_navigation/cmake/hugr_navigationConfig-version.cmake
[0.073s] -- Up-to-date: /home/isak/seabotics_ws/Hugr_Primus/seabotics_ws/install/share/hugr_navigation/package.xml
[0.092s] Invoked command in '/home/isak/seabotics_ws/Hugr_Primus/seabotics_ws/build/hugr_navigation' returned '0': /usr/bin/cmake --install /home/isak/seabotics_ws/Hugr_Primus/seabotics_ws/build/hugr_navigation
