-- The C compiler identification is GNU 11.4.0
-- The CXX compiler identification is GNU 11.4.0
-- Detecting C compiler ABI info
-- Detecting C compiler ABI info - done
-- Check for working C compiler: /usr/bin/cc - skipped
-- Detecting C compile features
-- Detecting C compile features - done
-- Detecting CXX compiler ABI info
-- Detecting CXX compiler ABI info - done
-- Check for working CXX compiler: /usr/bin/c++ - skipped
-- Detecting CXX compile features
-- Detecting CXX compile features - done
-- Found ament_cmake: 1.3.12 (/opt/ros/humble/share/ament_cmake/cmake)
-- Found Python3: /usr/bin/python3 (found version "3.10.12") found components: Interpreter 
-- Found rclcpp: 16.0.15 (/opt/ros/humble/share/rclcpp/cmake)
-- Found rosidl_generator_c: 3.1.7 (/opt/ros/humble/share/rosidl_generator_c/cmake)
-- Found rosidl_adapter: 3.1.7 (/opt/ros/humble/share/rosidl_adapter/cmake)
-- Found rosidl_generator_cpp: 3.1.7 (/opt/ros/humble/share/rosidl_generator_cpp/cmake)
-- Using all available rosidl_typesupport_c: rosidl_typesupport_fastrtps_c;rosidl_typesupport_introspection_c
-- Using all available rosidl_typesupport_cpp: rosidl_typesupport_fastrtps_cpp;rosidl_typesupport_introspection_cpp
-- Found rmw_implementation_cmake: 6.1.2 (/opt/ros/humble/share/rmw_implementation_cmake/cmake)
-- Found rmw_fastrtps_cpp: 6.2.8 (/opt/ros/humble/share/rmw_fastrtps_cpp/cmake)
-- Found OpenSSL: /usr/lib/x86_64-linux-gnu/libcrypto.so (found version "3.0.2")  
-- Found FastRTPS: /opt/ros/humble/include  
-- Using RMW implementation 'rmw_fastrtps_cpp' as default
-- Looking for pthread.h
-- Looking for pthread.h - found
-- Performing Test CMAKE_HAVE_LIBC_PTHREAD
-- Performing Test CMAKE_HAVE_LIBC_PTHREAD - Success
-- Found Threads: TRUE  
-- Found hardware_interface: 2.52.0 (/opt/ros/humble/share/hardware_interface/cmake)
-- Found controller_manager: 2.52.0 (/opt/ros/humble/share/controller_manager/cmake)
-- Configuring done
-- Generating done
-- Build files have been written to: /home/isak/seabotics_ws/Hugr_Primus/seabotics_ws/build/hugr_hardware
[ 25%] [32mBuilding CXX object CMakeFiles/serial_thruster_interface.dir/src/serial_thruster_interface.cpp.o[0m
[ 50%] [32mBuilding CXX object CMakeFiles/twist_to_thrust_node.dir/src/twist_to_thrust_node.cpp.o[0m
[ 75%] [32m[1mLinking CXX shared library libserial_thruster_interface.so[0m
[ 75%] Built target serial_thruster_interface
[100%] [32m[1mLinking CXX executable twist_to_thrust_node[0m
[100%] Built target twist_to_thrust_node
-- Install configuration: ""
-- Installing: /home/isak/seabotics_ws/Hugr_Primus/seabotics_ws/install/share/hugr_hardware/serial_thruster_interface.xml
-- Installing: /home/isak/seabotics_ws/Hugr_Primus/seabotics_ws/install/lib/libserial_thruster_interface.so
-- Set runtime path of "/home/isak/seabotics_ws/Hugr_Primus/seabotics_ws/install/lib/libserial_thruster_interface.so" to ""
-- Installing: /home/isak/seabotics_ws/Hugr_Primus/seabotics_ws/install/lib/hugr_hardware/twist_to_thrust_node
-- Set runtime path of "/home/isak/seabotics_ws/Hugr_Primus/seabotics_ws/install/lib/hugr_hardware/twist_to_thrust_node" to ""
-- Installing: /home/isak/seabotics_ws/Hugr_Primus/seabotics_ws/install/include
-- Installing: /home/isak/seabotics_ws/Hugr_Primus/seabotics_ws/install/include/hugr_hardware
-- Installing: /home/isak/seabotics_ws/Hugr_Primus/seabotics_ws/install/include/hugr_hardware/serial_thruster_interface.hpp
-- Up-to-date: /home/isak/seabotics_ws/Hugr_Primus/seabotics_ws/install/share/hugr_hardware/serial_thruster_interface.xml
-- Installing: /home/isak/seabotics_ws/Hugr_Primus/seabotics_ws/install/share/ament_index/resource_index/package_run_dependencies/hugr_hardware
-- Installing: /home/isak/seabotics_ws/Hugr_Primus/seabotics_ws/install/share/ament_index/resource_index/parent_prefix_path/hugr_hardware
-- Installing: /home/isak/seabotics_ws/Hugr_Primus/seabotics_ws/install/share/hugr_hardware/environment/ament_prefix_path.sh
-- Installing: /home/isak/seabotics_ws/Hugr_Primus/seabotics_ws/install/share/hugr_hardware/environment/ament_prefix_path.dsv
-- Installing: /home/isak/seabotics_ws/Hugr_Primus/seabotics_ws/install/share/hugr_hardware/environment/path.sh
-- Installing: /home/isak/seabotics_ws/Hugr_Primus/seabotics_ws/install/share/hugr_hardware/environment/path.dsv
-- Installing: /home/isak/seabotics_ws/Hugr_Primus/seabotics_ws/install/share/hugr_hardware/local_setup.bash
-- Installing: /home/isak/seabotics_ws/Hugr_Primus/seabotics_ws/install/share/hugr_hardware/local_setup.sh
-- Installing: /home/isak/seabotics_ws/Hugr_Primus/seabotics_ws/install/share/hugr_hardware/local_setup.zsh
-- Installing: /home/isak/seabotics_ws/Hugr_Primus/seabotics_ws/install/share/hugr_hardware/local_setup.dsv
-- Installing: /home/isak/seabotics_ws/Hugr_Primus/seabotics_ws/install/share/hugr_hardware/package.dsv
-- Installing: /home/isak/seabotics_ws/Hugr_Primus/seabotics_ws/install/share/ament_index/resource_index/packages/hugr_hardware
-- Installing: /home/isak/seabotics_ws/Hugr_Primus/seabotics_ws/install/share/ament_index/resource_index/hardware_interface__pluginlib__plugin/hugr_hardware
-- Installing: /home/isak/seabotics_ws/Hugr_Primus/seabotics_ws/install/share/hugr_hardware/cmake/hugr_hardwareConfig.cmake
-- Installing: /home/isak/seabotics_ws/Hugr_Primus/seabotics_ws/install/share/hugr_hardware/cmake/hugr_hardwareConfig-version.cmake
-- Installing: /home/isak/seabotics_ws/Hugr_Primus/seabotics_ws/install/share/hugr_hardware/package.xml
