[0.036s] Invoking command in '/home/isak/seabotics_ws/Hugr_Primus/seabotics_ws/build/hugr_hardware': /usr/bin/cmake /home/isak/seabotics_ws/Hugr_Primus/seabotics_ws/src/hugr_hardware -DCATKIN_INSTALL_INTO_PREFIX_ROOT=0 -DCATKIN_SYMLINK_INSTALL=ON -DCMAKE_INSTALL_PREFIX=/home/isak/seabotics_ws/Hugr_Primus/seabotics_ws/install
[0.088s] -- The C compiler identification is GNU 11.4.0
[0.136s] -- The CXX compiler identification is GNU 11.4.0
[0.142s] -- Detecting C compiler ABI info
[0.205s] -- Detecting C compiler ABI info - done
[0.210s] -- Check for working C compiler: /usr/bin/cc - skipped
[0.210s] -- Detecting C compile features
[0.210s] -- Detecting C compile features - done
[0.212s] -- Detecting CXX compiler ABI info
[0.268s] -- Detecting CXX compiler ABI info - done
[0.274s] -- Check for working CXX compiler: /usr/bin/c++ - skipped
[0.274s] -- Detecting CXX compile features
[0.274s] -- Detecting CXX compile features - done
[0.287s] -- Found ament_cmake: 1.3.12 (/opt/ros/humble/share/ament_cmake/cmake)
[0.406s] -- Found Python3: /usr/bin/python3 (found version "3.10.12") found components: Interpreter 
[0.613s] -- Found rclcpp: 16.0.15 (/opt/ros/humble/share/rclcpp/cmake)
[0.755s] -- Found rosidl_generator_c: 3.1.7 (/opt/ros/humble/share/rosidl_generator_c/cmake)
[0.778s] -- Found rosidl_adapter: 3.1.7 (/opt/ros/humble/share/rosidl_adapter/cmake)
[0.803s] -- Found rosidl_generator_cpp: 3.1.7 (/opt/ros/humble/share/rosidl_generator_cpp/cmake)
[0.831s] -- Using all available rosidl_typesupport_c: rosidl_typesupport_fastrtps_c;rosidl_typesupport_introspection_c
[0.872s] -- Using all available rosidl_typesupport_cpp: rosidl_typesupport_fastrtps_cpp;rosidl_typesupport_introspection_cpp
[1.002s] -- Found rmw_implementation_cmake: 6.1.2 (/opt/ros/humble/share/rmw_implementation_cmake/cmake)
[1.014s] -- Found rmw_fastrtps_cpp: 6.2.8 (/opt/ros/humble/share/rmw_fastrtps_cpp/cmake)
[1.132s] -- Found OpenSSL: /usr/lib/x86_64-linux-gnu/libcrypto.so (found version "3.0.2")  
[1.157s] -- Found FastRTPS: /opt/ros/humble/include  
[1.195s] -- Using RMW implementation 'rmw_fastrtps_cpp' as default
[1.221s] -- Looking for pthread.h
[1.272s] -- Looking for pthread.h - found
[1.272s] -- Performing Test CMAKE_HAVE_LIBC_PTHREAD
[1.324s] -- Performing Test CMAKE_HAVE_LIBC_PTHREAD - Success
[1.324s] -- Found Threads: TRUE  
[1.393s] -- Found hardware_interface: 2.52.0 (/opt/ros/humble/share/hardware_interface/cmake)
[1.608s] -- Found controller_manager: 2.52.0 (/opt/ros/humble/share/controller_manager/cmake)
[1.717s] -- Configuring done
[1.726s] -- Generating done
[1.727s] [33mCMake Warning:
[1.727s]   Manually-specified variables were not used by the project:
[1.727s] 
[1.727s]     CATKIN_INSTALL_INTO_PREFIX_ROOT
[1.727s]     CATKIN_SYMLINK_INSTALL
[1.727s] 
[1.727s] [0m
[1.729s] -- Build files have been written to: /home/isak/seabotics_ws/Hugr_Primus/seabotics_ws/build/hugr_hardware
[1.736s] Invoked command in '/home/isak/seabotics_ws/Hugr_Primus/seabotics_ws/build/hugr_hardware' returned '0': /usr/bin/cmake /home/isak/seabotics_ws/Hugr_Primus/seabotics_ws/src/hugr_hardware -DCATKIN_INSTALL_INTO_PREFIX_ROOT=0 -DCATKIN_SYMLINK_INSTALL=ON -DCMAKE_INSTALL_PREFIX=/home/isak/seabotics_ws/Hugr_Primus/seabotics_ws/install
[1.737s] Invoking command in '/home/isak/seabotics_ws/Hugr_Primus/seabotics_ws/build/hugr_hardware': /usr/bin/cmake --build /home/isak/seabotics_ws/Hugr_Primus/seabotics_ws/build/hugr_hardware -- -j12 -l12
[1.773s] [ 25%] [32mBuilding CXX object CMakeFiles/serial_thruster_interface.dir/src/serial_thruster_interface.cpp.o[0m
[1.774s] [ 50%] [32mBuilding CXX object CMakeFiles/twist_to_thrust_node.dir/src/twist_to_thrust_node.cpp.o[0m
[3.536s] [ 75%] [32m[1mLinking CXX shared library libserial_thruster_interface.so[0m
[3.621s] [ 75%] Built target serial_thruster_interface
[6.118s] [100%] [32m[1mLinking CXX executable twist_to_thrust_node[0m
[6.321s] [100%] Built target twist_to_thrust_node
[6.330s] Invoked command in '/home/isak/seabotics_ws/Hugr_Primus/seabotics_ws/build/hugr_hardware' returned '0': /usr/bin/cmake --build /home/isak/seabotics_ws/Hugr_Primus/seabotics_ws/build/hugr_hardware -- -j12 -l12
[6.331s] Invoking command in '/home/isak/seabotics_ws/Hugr_Primus/seabotics_ws/build/hugr_hardware': /usr/bin/cmake --install /home/isak/seabotics_ws/Hugr_Primus/seabotics_ws/build/hugr_hardware
[6.337s] -- Install configuration: ""
[6.337s] -- Installing: /home/isak/seabotics_ws/Hugr_Primus/seabotics_ws/install/share/hugr_hardware/serial_thruster_interface.xml
[6.337s] -- Installing: /home/isak/seabotics_ws/Hugr_Primus/seabotics_ws/install/lib/libserial_thruster_interface.so
[6.338s] -- Set runtime path of "/home/isak/seabotics_ws/Hugr_Primus/seabotics_ws/install/lib/libserial_thruster_interface.so" to ""
[6.338s] -- Installing: /home/isak/seabotics_ws/Hugr_Primus/seabotics_ws/install/lib/hugr_hardware/twist_to_thrust_node
[6.343s] -- Set runtime path of "/home/isak/seabotics_ws/Hugr_Primus/seabotics_ws/install/lib/hugr_hardware/twist_to_thrust_node" to ""
[6.343s] -- Installing: /home/isak/seabotics_ws/Hugr_Primus/seabotics_ws/install/include
[6.343s] -- Installing: /home/isak/seabotics_ws/Hugr_Primus/seabotics_ws/install/include/hugr_hardware
[6.343s] -- Installing: /home/isak/seabotics_ws/Hugr_Primus/seabotics_ws/install/include/hugr_hardware/serial_thruster_interface.hpp
[6.343s] -- Up-to-date: /home/isak/seabotics_ws/Hugr_Primus/seabotics_ws/install/share/hugr_hardware/serial_thruster_interface.xml
[6.343s] -- Installing: /home/isak/seabotics_ws/Hugr_Primus/seabotics_ws/install/share/ament_index/resource_index/package_run_dependencies/hugr_hardware
[6.343s] -- Installing: /home/isak/seabotics_ws/Hugr_Primus/seabotics_ws/install/share/ament_index/resource_index/parent_prefix_path/hugr_hardware
[6.343s] -- Installing: /home/isak/seabotics_ws/Hugr_Primus/seabotics_ws/install/share/hugr_hardware/environment/ament_prefix_path.sh
[6.343s] -- Installing: /home/isak/seabotics_ws/Hugr_Primus/seabotics_ws/install/share/hugr_hardware/environment/ament_prefix_path.dsv
[6.343s] -- Installing: /home/isak/seabotics_ws/Hugr_Primus/seabotics_ws/install/share/hugr_hardware/environment/path.sh
[6.343s] -- Installing: /home/isak/seabotics_ws/Hugr_Primus/seabotics_ws/install/share/hugr_hardware/environment/path.dsv
[6.344s] -- Installing: /home/isak/seabotics_ws/Hugr_Primus/seabotics_ws/install/share/hugr_hardware/local_setup.bash
[6.344s] -- Installing: /home/isak/seabotics_ws/Hugr_Primus/seabotics_ws/install/share/hugr_hardware/local_setup.sh
[6.344s] -- Installing: /home/isak/seabotics_ws/Hugr_Primus/seabotics_ws/install/share/hugr_hardware/local_setup.zsh
[6.344s] -- Installing: /home/isak/seabotics_ws/Hugr_Primus/seabotics_ws/install/share/hugr_hardware/local_setup.dsv
[6.344s] -- Installing: /home/isak/seabotics_ws/Hugr_Primus/seabotics_ws/install/share/hugr_hardware/package.dsv
[6.344s] -- Installing: /home/isak/seabotics_ws/Hugr_Primus/seabotics_ws/install/share/ament_index/resource_index/packages/hugr_hardware
[6.344s] -- Installing: /home/isak/seabotics_ws/Hugr_Primus/seabotics_ws/install/share/ament_index/resource_index/hardware_interface__pluginlib__plugin/hugr_hardware
[6.344s] -- Installing: /home/isak/seabotics_ws/Hugr_Primus/seabotics_ws/install/share/hugr_hardware/cmake/hugr_hardwareConfig.cmake
[6.345s] -- Installing: /home/isak/seabotics_ws/Hugr_Primus/seabotics_ws/install/share/hugr_hardware/cmake/hugr_hardwareConfig-version.cmake
[6.345s] -- Installing: /home/isak/seabotics_ws/Hugr_Primus/seabotics_ws/install/share/hugr_hardware/package.xml
[6.346s] Invoked command in '/home/isak/seabotics_ws/Hugr_Primus/seabotics_ws/build/hugr_hardware' returned '0': /usr/bin/cmake --install /home/isak/seabotics_ws/Hugr_Primus/seabotics_ws/build/hugr_hardware
