[0.067s] DEBUG:colcon:Command line arguments: ['/usr/bin/colcon', 'build', '--merge-install', '--symlink-install', '--packages-select', 'hugr_description', 'hugr_bringup']
[0.067s] DEBUG:colcon:Parsed command line arguments: Namespace(log_base=None, log_level=None, verb_name='build', build_base='build', install_base='install', merge_install=True, symlink_install=True, test_result_base=None, continue_on_error=False, executor='parallel', parallel_workers=12, event_handlers=None, ignore_user_meta=False, metas=['./colcon.meta'], base_paths=['.'], packages_ignore=None, packages_ignore_regex=None, paths=None, packages_up_to=None, packages_up_to_regex=None, packages_above=None, packages_above_and_dependencies=None, packages_above_depth=None, packages_select_by_dep=None, packages_skip_by_dep=None, packages_skip_up_to=None, packages_select_build_failed=False, packages_skip_build_finished=False, packages_select_test_failures=False, packages_skip_test_passed=False, packages_select=['hugr_description', 'hugr_bringup'], packages_skip=None, packages_select_regex=None, packages_skip_regex=None, packages_start=None, packages_end=None, allow_overriding=[], cmake_args=None, cmake_target=None, cmake_target_skip_unavailable=False, cmake_clean_cache=False, cmake_clean_first=False, cmake_force_configure=False, ament_cmake_args=None, catkin_cmake_args=None, catkin_skip_building_tests=False, mixin_files=None, mixin=None, verb_parser=<colcon_mixin.mixin.mixin_argument.MixinArgumentDecorator object at 0x721a3d1581f0>, verb_extension=<colcon_core.verb.build.BuildVerb object at 0x721a3d127c40>, main=<bound method BuildVerb.main of <colcon_core.verb.build.BuildVerb object at 0x721a3d127c40>>, mixin_verb=('build',))
[0.168s] Level 1:colcon.colcon_core.package_discovery:discover_packages(colcon_meta) check parameters
[0.168s] Level 1:colcon.colcon_core.package_discovery:discover_packages(recursive) check parameters
[0.168s] Level 1:colcon.colcon_core.package_discovery:discover_packages(ignore) check parameters
[0.168s] Level 1:colcon.colcon_core.package_discovery:discover_packages(path) check parameters
[0.168s] Level 1:colcon.colcon_core.package_discovery:discover_packages(colcon_meta) discover
[0.168s] Level 1:colcon.colcon_core.package_discovery:discover_packages(recursive) discover
[0.168s] INFO:colcon.colcon_core.package_discovery:Crawling recursively for packages in '/home/isak/seabotics_ws/Hugr_Primus/seabotics_ws'
[0.168s] Level 1:colcon.colcon_core.package_identification:_identify(.) by extensions ['ignore', 'ignore_ament_install']
[0.168s] Level 1:colcon.colcon_core.package_identification:_identify(.) by extension 'ignore'
[0.168s] Level 1:colcon.colcon_core.package_identification:_identify(.) by extension 'ignore_ament_install'
[0.168s] Level 1:colcon.colcon_core.package_identification:_identify(.) by extensions ['colcon_pkg']
[0.168s] Level 1:colcon.colcon_core.package_identification:_identify(.) by extension 'colcon_pkg'
[0.168s] Level 1:colcon.colcon_core.package_identification:_identify(.) by extensions ['colcon_meta']
[0.168s] Level 1:colcon.colcon_core.package_identification:_identify(.) by extension 'colcon_meta'
[0.168s] Level 1:colcon.colcon_core.package_identification:_identify(.) by extensions ['ros']
[0.168s] Level 1:colcon.colcon_core.package_identification:_identify(.) by extension 'ros'
[0.175s] Level 1:colcon.colcon_core.package_identification:_identify(.) by extensions ['cmake', 'python']
[0.175s] Level 1:colcon.colcon_core.package_identification:_identify(.) by extension 'cmake'
[0.175s] Level 1:colcon.colcon_core.package_identification:_identify(.) by extension 'python'
[0.175s] Level 1:colcon.colcon_core.package_identification:_identify(.) by extensions ['python_setup_py']
[0.175s] Level 1:colcon.colcon_core.package_identification:_identify(.) by extension 'python_setup_py'
[0.175s] Level 1:colcon.colcon_core.package_identification:_identify(build) by extensions ['ignore', 'ignore_ament_install']
[0.175s] Level 1:colcon.colcon_core.package_identification:_identify(build) by extension 'ignore'
[0.175s] Level 1:colcon.colcon_core.package_identification:_identify(build) ignored
[0.176s] Level 1:colcon.colcon_core.package_identification:_identify(install) by extensions ['ignore', 'ignore_ament_install']
[0.176s] Level 1:colcon.colcon_core.package_identification:_identify(install) by extension 'ignore'
[0.176s] Level 1:colcon.colcon_core.package_identification:_identify(install) ignored
[0.176s] Level 1:colcon.colcon_core.package_identification:_identify(log) by extensions ['ignore', 'ignore_ament_install']
[0.176s] Level 1:colcon.colcon_core.package_identification:_identify(log) by extension 'ignore'
[0.176s] Level 1:colcon.colcon_core.package_identification:_identify(log) ignored
[0.176s] Level 1:colcon.colcon_core.package_identification:_identify(src) by extensions ['ignore', 'ignore_ament_install']
[0.176s] Level 1:colcon.colcon_core.package_identification:_identify(src) by extension 'ignore'
[0.176s] Level 1:colcon.colcon_core.package_identification:_identify(src) by extension 'ignore_ament_install'
[0.176s] Level 1:colcon.colcon_core.package_identification:_identify(src) by extensions ['colcon_pkg']
[0.176s] Level 1:colcon.colcon_core.package_identification:_identify(src) by extension 'colcon_pkg'
[0.176s] Level 1:colcon.colcon_core.package_identification:_identify(src) by extensions ['colcon_meta']
[0.176s] Level 1:colcon.colcon_core.package_identification:_identify(src) by extension 'colcon_meta'
[0.176s] Level 1:colcon.colcon_core.package_identification:_identify(src) by extensions ['ros']
[0.176s] Level 1:colcon.colcon_core.package_identification:_identify(src) by extension 'ros'
[0.176s] Level 1:colcon.colcon_core.package_identification:_identify(src) by extensions ['cmake', 'python']
[0.176s] Level 1:colcon.colcon_core.package_identification:_identify(src) by extension 'cmake'
[0.176s] Level 1:colcon.colcon_core.package_identification:_identify(src) by extension 'python'
[0.176s] Level 1:colcon.colcon_core.package_identification:_identify(src) by extensions ['python_setup_py']
[0.176s] Level 1:colcon.colcon_core.package_identification:_identify(src) by extension 'python_setup_py'
[0.176s] Level 1:colcon.colcon_core.package_identification:_identify(src/hugr_bringup) by extensions ['ignore', 'ignore_ament_install']
[0.176s] Level 1:colcon.colcon_core.package_identification:_identify(src/hugr_bringup) by extension 'ignore'
[0.176s] Level 1:colcon.colcon_core.package_identification:_identify(src/hugr_bringup) by extension 'ignore_ament_install'
[0.176s] Level 1:colcon.colcon_core.package_identification:_identify(src/hugr_bringup) by extensions ['colcon_pkg']
[0.176s] Level 1:colcon.colcon_core.package_identification:_identify(src/hugr_bringup) by extension 'colcon_pkg'
[0.176s] Level 1:colcon.colcon_core.package_identification:_identify(src/hugr_bringup) by extensions ['colcon_meta']
[0.176s] Level 1:colcon.colcon_core.package_identification:_identify(src/hugr_bringup) by extension 'colcon_meta'
[0.176s] Level 1:colcon.colcon_core.package_identification:_identify(src/hugr_bringup) by extensions ['ros']
[0.176s] Level 1:colcon.colcon_core.package_identification:_identify(src/hugr_bringup) by extension 'ros'
[0.178s] DEBUG:colcon.colcon_core.package_identification:Package 'src/hugr_bringup' with type 'ros.catkin' and name 'hugr_bringup'
[0.178s] Level 1:colcon.colcon_core.package_identification:_identify(src/hugr_description) by extensions ['ignore', 'ignore_ament_install']
[0.178s] Level 1:colcon.colcon_core.package_identification:_identify(src/hugr_description) by extension 'ignore'
[0.178s] Level 1:colcon.colcon_core.package_identification:_identify(src/hugr_description) by extension 'ignore_ament_install'
[0.178s] Level 1:colcon.colcon_core.package_identification:_identify(src/hugr_description) by extensions ['colcon_pkg']
[0.178s] Level 1:colcon.colcon_core.package_identification:_identify(src/hugr_description) by extension 'colcon_pkg'
[0.178s] Level 1:colcon.colcon_core.package_identification:_identify(src/hugr_description) by extensions ['colcon_meta']
[0.178s] Level 1:colcon.colcon_core.package_identification:_identify(src/hugr_description) by extension 'colcon_meta'
[0.178s] Level 1:colcon.colcon_core.package_identification:_identify(src/hugr_description) by extensions ['ros']
[0.178s] Level 1:colcon.colcon_core.package_identification:_identify(src/hugr_description) by extension 'ros'
[0.178s] DEBUG:colcon.colcon_core.package_identification:Package 'src/hugr_description' with type 'ros.catkin' and name 'hugr_description'
[0.178s] Level 1:colcon.colcon_core.package_identification:_identify(src/hugr_hardware) by extensions ['ignore', 'ignore_ament_install']
[0.178s] Level 1:colcon.colcon_core.package_identification:_identify(src/hugr_hardware) by extension 'ignore'
[0.178s] Level 1:colcon.colcon_core.package_identification:_identify(src/hugr_hardware) by extension 'ignore_ament_install'
[0.178s] Level 1:colcon.colcon_core.package_identification:_identify(src/hugr_hardware) by extensions ['colcon_pkg']
[0.178s] Level 1:colcon.colcon_core.package_identification:_identify(src/hugr_hardware) by extension 'colcon_pkg'
[0.178s] Level 1:colcon.colcon_core.package_identification:_identify(src/hugr_hardware) by extensions ['colcon_meta']
[0.178s] Level 1:colcon.colcon_core.package_identification:_identify(src/hugr_hardware) by extension 'colcon_meta'
[0.178s] Level 1:colcon.colcon_core.package_identification:_identify(src/hugr_hardware) by extensions ['ros']
[0.178s] Level 1:colcon.colcon_core.package_identification:_identify(src/hugr_hardware) by extension 'ros'
[0.179s] DEBUG:colcon.colcon_core.package_identification:Package 'src/hugr_hardware' with type 'ros.catkin' and name 'hugr_hardware'
[0.179s] Level 1:colcon.colcon_core.package_identification:_identify(src/hugr_manual_control) by extensions ['ignore', 'ignore_ament_install']
[0.179s] Level 1:colcon.colcon_core.package_identification:_identify(src/hugr_manual_control) by extension 'ignore'
[0.179s] Level 1:colcon.colcon_core.package_identification:_identify(src/hugr_manual_control) by extension 'ignore_ament_install'
[0.179s] Level 1:colcon.colcon_core.package_identification:_identify(src/hugr_manual_control) by extensions ['colcon_pkg']
[0.179s] Level 1:colcon.colcon_core.package_identification:_identify(src/hugr_manual_control) by extension 'colcon_pkg'
[0.179s] Level 1:colcon.colcon_core.package_identification:_identify(src/hugr_manual_control) by extensions ['colcon_meta']
[0.179s] Level 1:colcon.colcon_core.package_identification:_identify(src/hugr_manual_control) by extension 'colcon_meta'
[0.179s] Level 1:colcon.colcon_core.package_identification:_identify(src/hugr_manual_control) by extensions ['ros']
[0.179s] Level 1:colcon.colcon_core.package_identification:_identify(src/hugr_manual_control) by extension 'ros'
[0.180s] DEBUG:colcon.colcon_core.package_identification:Package 'src/hugr_manual_control' with type 'ros.catkin' and name 'hugr_manual_control'
[0.180s] Level 1:colcon.colcon_core.package_identification:_identify(src/hugr_mission) by extensions ['ignore', 'ignore_ament_install']
[0.180s] Level 1:colcon.colcon_core.package_identification:_identify(src/hugr_mission) by extension 'ignore'
[0.180s] Level 1:colcon.colcon_core.package_identification:_identify(src/hugr_mission) by extension 'ignore_ament_install'
[0.180s] Level 1:colcon.colcon_core.package_identification:_identify(src/hugr_mission) by extensions ['colcon_pkg']
[0.180s] Level 1:colcon.colcon_core.package_identification:_identify(src/hugr_mission) by extension 'colcon_pkg'
[0.180s] Level 1:colcon.colcon_core.package_identification:_identify(src/hugr_mission) by extensions ['colcon_meta']
[0.180s] Level 1:colcon.colcon_core.package_identification:_identify(src/hugr_mission) by extension 'colcon_meta'
[0.180s] Level 1:colcon.colcon_core.package_identification:_identify(src/hugr_mission) by extensions ['ros']
[0.180s] Level 1:colcon.colcon_core.package_identification:_identify(src/hugr_mission) by extension 'ros'
[0.180s] DEBUG:colcon.colcon_core.package_identification:Package 'src/hugr_mission' with type 'ros.catkin' and name 'hugr_mission'
[0.180s] Level 1:colcon.colcon_core.package_identification:_identify(src/hugr_navigation) by extensions ['ignore', 'ignore_ament_install']
[0.180s] Level 1:colcon.colcon_core.package_identification:_identify(src/hugr_navigation) by extension 'ignore'
[0.180s] Level 1:colcon.colcon_core.package_identification:_identify(src/hugr_navigation) by extension 'ignore_ament_install'
[0.180s] Level 1:colcon.colcon_core.package_identification:_identify(src/hugr_navigation) by extensions ['colcon_pkg']
[0.180s] Level 1:colcon.colcon_core.package_identification:_identify(src/hugr_navigation) by extension 'colcon_pkg'
[0.180s] Level 1:colcon.colcon_core.package_identification:_identify(src/hugr_navigation) by extensions ['colcon_meta']
[0.180s] Level 1:colcon.colcon_core.package_identification:_identify(src/hugr_navigation) by extension 'colcon_meta'
[0.180s] Level 1:colcon.colcon_core.package_identification:_identify(src/hugr_navigation) by extensions ['ros']
[0.180s] Level 1:colcon.colcon_core.package_identification:_identify(src/hugr_navigation) by extension 'ros'
[0.181s] DEBUG:colcon.colcon_core.package_identification:Package 'src/hugr_navigation' with type 'ros.catkin' and name 'hugr_navigation'
[0.181s] Level 1:colcon.colcon_core.package_identification:_identify(src/hugr_perception) by extensions ['ignore', 'ignore_ament_install']
[0.181s] Level 1:colcon.colcon_core.package_identification:_identify(src/hugr_perception) by extension 'ignore'
[0.181s] Level 1:colcon.colcon_core.package_identification:_identify(src/hugr_perception) by extension 'ignore_ament_install'
[0.181s] Level 1:colcon.colcon_core.package_identification:_identify(src/hugr_perception) by extensions ['colcon_pkg']
[0.181s] Level 1:colcon.colcon_core.package_identification:_identify(src/hugr_perception) by extension 'colcon_pkg'
[0.181s] Level 1:colcon.colcon_core.package_identification:_identify(src/hugr_perception) by extensions ['colcon_meta']
[0.181s] Level 1:colcon.colcon_core.package_identification:_identify(src/hugr_perception) by extension 'colcon_meta'
[0.181s] Level 1:colcon.colcon_core.package_identification:_identify(src/hugr_perception) by extensions ['ros']
[0.181s] Level 1:colcon.colcon_core.package_identification:_identify(src/hugr_perception) by extension 'ros'
[0.182s] DEBUG:colcon.colcon_core.package_identification:Package 'src/hugr_perception' with type 'ros.catkin' and name 'hugr_perception'
[0.182s] Level 1:colcon.colcon_core.package_identification:_identify(src/hugr_sim) by extensions ['ignore', 'ignore_ament_install']
[0.182s] Level 1:colcon.colcon_core.package_identification:_identify(src/hugr_sim) by extension 'ignore'
[0.182s] Level 1:colcon.colcon_core.package_identification:_identify(src/hugr_sim) by extension 'ignore_ament_install'
[0.182s] Level 1:colcon.colcon_core.package_identification:_identify(src/hugr_sim) by extensions ['colcon_pkg']
[0.182s] Level 1:colcon.colcon_core.package_identification:_identify(src/hugr_sim) by extension 'colcon_pkg'
[0.182s] Level 1:colcon.colcon_core.package_identification:_identify(src/hugr_sim) by extensions ['colcon_meta']
[0.182s] Level 1:colcon.colcon_core.package_identification:_identify(src/hugr_sim) by extension 'colcon_meta'
[0.182s] Level 1:colcon.colcon_core.package_identification:_identify(src/hugr_sim) by extensions ['ros']
[0.182s] Level 1:colcon.colcon_core.package_identification:_identify(src/hugr_sim) by extension 'ros'
[0.182s] DEBUG:colcon.colcon_core.package_identification:Package 'src/hugr_sim' with type 'ros.catkin' and name 'hugr_sim'
[0.182s] Level 1:colcon.colcon_core.package_discovery:discover_packages(recursive) using defaults
[0.182s] Level 1:colcon.colcon_core.package_discovery:discover_packages(ignore) discover
[0.182s] Level 1:colcon.colcon_core.package_discovery:discover_packages(ignore) using defaults
[0.182s] Level 1:colcon.colcon_core.package_discovery:discover_packages(path) discover
[0.182s] Level 1:colcon.colcon_core.package_discovery:discover_packages(path) using defaults
[0.201s] INFO:colcon.colcon_core.package_selection:Skipping not selected package 'hugr_hardware' in 'src/hugr_hardware'
[0.201s] INFO:colcon.colcon_core.package_selection:Skipping not selected package 'hugr_manual_control' in 'src/hugr_manual_control'
[0.201s] INFO:colcon.colcon_core.package_selection:Skipping not selected package 'hugr_mission' in 'src/hugr_mission'
[0.201s] INFO:colcon.colcon_core.package_selection:Skipping not selected package 'hugr_navigation' in 'src/hugr_navigation'
[0.201s] INFO:colcon.colcon_core.package_selection:Skipping not selected package 'hugr_perception' in 'src/hugr_perception'
[0.201s] INFO:colcon.colcon_core.package_selection:Skipping not selected package 'hugr_sim' in 'src/hugr_sim'
[0.201s] Level 1:colcon.colcon_core.package_discovery:discover_packages(prefix_path) check parameters
[0.201s] Level 1:colcon.colcon_core.package_discovery:discover_packages(prefix_path) discover
[0.204s] DEBUG:colcon.colcon_installed_package_information.package_discovery:Found 8 installed packages in /home/isak/seabotics_ws/Hugr_Primus/seabotics_ws/install
[0.205s] DEBUG:colcon.colcon_installed_package_information.package_discovery:Found 53 installed packages in /home/isak/bookros2_ws/install
[0.205s] DEBUG:colcon.colcon_installed_package_information.package_discovery:Found 1 installed packages in /home/isak/ros2_ws/install
[0.207s] DEBUG:colcon.colcon_installed_package_information.package_discovery:Found 412 installed packages in /opt/ros/humble
[0.208s] Level 1:colcon.colcon_core.package_discovery:discover_packages(prefix_path) using defaults
[0.240s] Level 5:colcon.colcon_core.verb:set package 'hugr_description' build argument 'cmake_args' from command line to 'None'
[0.240s] Level 5:colcon.colcon_core.verb:set package 'hugr_description' build argument 'cmake_target' from command line to 'None'
[0.240s] Level 5:colcon.colcon_core.verb:set package 'hugr_description' build argument 'cmake_target_skip_unavailable' from command line to 'False'
[0.240s] Level 5:colcon.colcon_core.verb:set package 'hugr_description' build argument 'cmake_clean_cache' from command line to 'False'
[0.240s] Level 5:colcon.colcon_core.verb:set package 'hugr_description' build argument 'cmake_clean_first' from command line to 'False'
[0.240s] Level 5:colcon.colcon_core.verb:set package 'hugr_description' build argument 'cmake_force_configure' from command line to 'False'
[0.240s] Level 5:colcon.colcon_core.verb:set package 'hugr_description' build argument 'ament_cmake_args' from command line to 'None'
[0.240s] Level 5:colcon.colcon_core.verb:set package 'hugr_description' build argument 'catkin_cmake_args' from command line to 'None'
[0.240s] Level 5:colcon.colcon_core.verb:set package 'hugr_description' build argument 'catkin_skip_building_tests' from command line to 'False'
[0.240s] DEBUG:colcon.colcon_core.verb:Building package 'hugr_description' with the following arguments: {'ament_cmake_args': None, 'build_base': '/home/isak/seabotics_ws/Hugr_Primus/seabotics_ws/build/hugr_description', 'catkin_cmake_args': None, 'catkin_skip_building_tests': False, 'cmake_args': None, 'cmake_clean_cache': False, 'cmake_clean_first': False, 'cmake_force_configure': False, 'cmake_target': None, 'cmake_target_skip_unavailable': False, 'install_base': '/home/isak/seabotics_ws/Hugr_Primus/seabotics_ws/install', 'merge_install': True, 'path': '/home/isak/seabotics_ws/Hugr_Primus/seabotics_ws/src/hugr_description', 'symlink_install': True, 'test_result_base': None}
[0.240s] Level 5:colcon.colcon_core.verb:set package 'hugr_bringup' build argument 'cmake_args' from command line to 'None'
[0.240s] Level 5:colcon.colcon_core.verb:set package 'hugr_bringup' build argument 'cmake_target' from command line to 'None'
[0.240s] Level 5:colcon.colcon_core.verb:set package 'hugr_bringup' build argument 'cmake_target_skip_unavailable' from command line to 'False'
[0.240s] Level 5:colcon.colcon_core.verb:set package 'hugr_bringup' build argument 'cmake_clean_cache' from command line to 'False'
[0.240s] Level 5:colcon.colcon_core.verb:set package 'hugr_bringup' build argument 'cmake_clean_first' from command line to 'False'
[0.240s] Level 5:colcon.colcon_core.verb:set package 'hugr_bringup' build argument 'cmake_force_configure' from command line to 'False'
[0.240s] Level 5:colcon.colcon_core.verb:set package 'hugr_bringup' build argument 'ament_cmake_args' from command line to 'None'
[0.240s] Level 5:colcon.colcon_core.verb:set package 'hugr_bringup' build argument 'catkin_cmake_args' from command line to 'None'
[0.240s] Level 5:colcon.colcon_core.verb:set package 'hugr_bringup' build argument 'catkin_skip_building_tests' from command line to 'False'
[0.240s] DEBUG:colcon.colcon_core.verb:Building package 'hugr_bringup' with the following arguments: {'ament_cmake_args': None, 'build_base': '/home/isak/seabotics_ws/Hugr_Primus/seabotics_ws/build/hugr_bringup', 'catkin_cmake_args': None, 'catkin_skip_building_tests': False, 'cmake_args': None, 'cmake_clean_cache': False, 'cmake_clean_first': False, 'cmake_force_configure': False, 'cmake_target': None, 'cmake_target_skip_unavailable': False, 'install_base': '/home/isak/seabotics_ws/Hugr_Primus/seabotics_ws/install', 'merge_install': True, 'path': '/home/isak/seabotics_ws/Hugr_Primus/seabotics_ws/src/hugr_bringup', 'symlink_install': True, 'test_result_base': None}
[0.241s] INFO:colcon.colcon_core.executor:Executing jobs using 'parallel' executor
[0.241s] DEBUG:colcon.colcon_parallel_executor.executor.parallel:run_until_complete
[0.241s] INFO:colcon.colcon_ros.task.catkin.build:Building ROS package in '/home/isak/seabotics_ws/Hugr_Primus/seabotics_ws/src/hugr_description' with build type 'catkin'
[0.242s] INFO:colcon.colcon_cmake.task.cmake.build:Building CMake package in '/home/isak/seabotics_ws/Hugr_Primus/seabotics_ws/src/hugr_description'
[0.243s] INFO:colcon.colcon_core.plugin_system:Skipping extension 'colcon_core.shell.bat': Not used on non-Windows systems
[0.243s] INFO:colcon.colcon_core.shell:Skip shell extension 'powershell' for command environment: Not usable outside of PowerShell
[0.243s] DEBUG:colcon.colcon_core.shell:Skip shell extension 'dsv' for command environment
[0.252s] DEBUG:colcon.colcon_core.event_handler.log_command:Invoking command in '/home/isak/seabotics_ws/Hugr_Primus/seabotics_ws/build/hugr_description': /usr/bin/cmake --build /home/isak/seabotics_ws/Hugr_Primus/seabotics_ws/build/hugr_description -- -j12 -l12
[0.284s] DEBUG:colcon.colcon_core.event_handler.log_command:Invoked command in '/home/isak/seabotics_ws/Hugr_Primus/seabotics_ws/build/hugr_description' returned '0': /usr/bin/cmake --build /home/isak/seabotics_ws/Hugr_Primus/seabotics_ws/build/hugr_description -- -j12 -l12
[0.292s] DEBUG:colcon.colcon_core.event_handler.log_command:Invoking command in '/home/isak/seabotics_ws/Hugr_Primus/seabotics_ws/build/hugr_description': /usr/bin/cmake --install /home/isak/seabotics_ws/Hugr_Primus/seabotics_ws/build/hugr_description
[0.300s] DEBUG:colcon.colcon_core.event_handler.log_command:Invoked command in '/home/isak/seabotics_ws/Hugr_Primus/seabotics_ws/build/hugr_description' returned '0': /usr/bin/cmake --install /home/isak/seabotics_ws/Hugr_Primus/seabotics_ws/build/hugr_description
[0.300s] Level 1:colcon.colcon_core.shell:create_environment_hook('hugr_description', 'ros_package_path')
[0.300s] INFO:colcon.colcon_core.shell:Creating environment hook '/home/isak/seabotics_ws/Hugr_Primus/seabotics_ws/install/share/hugr_description/hook/ros_package_path.ps1'
[0.300s] INFO:colcon.colcon_core.shell:Creating environment descriptor '/home/isak/seabotics_ws/Hugr_Primus/seabotics_ws/install/share/hugr_description/hook/ros_package_path.dsv'
[0.301s] INFO:colcon.colcon_core.shell:Creating environment hook '/home/isak/seabotics_ws/Hugr_Primus/seabotics_ws/install/share/hugr_description/hook/ros_package_path.sh'
[0.301s] Level 1:colcon.colcon_core.shell:create_environment_hook('hugr_description', 'pkg_config_path')
[0.301s] INFO:colcon.colcon_core.shell:Creating environment hook '/home/isak/seabotics_ws/Hugr_Primus/seabotics_ws/install/share/hugr_description/hook/pkg_config_path.ps1'
[0.301s] INFO:colcon.colcon_core.shell:Creating environment descriptor '/home/isak/seabotics_ws/Hugr_Primus/seabotics_ws/install/share/hugr_description/hook/pkg_config_path.dsv'
[0.302s] INFO:colcon.colcon_core.shell:Creating environment hook '/home/isak/seabotics_ws/Hugr_Primus/seabotics_ws/install/share/hugr_description/hook/pkg_config_path.sh'
[0.303s] Level 1:colcon.colcon_core.shell:create_environment_hook('hugr_description', 'pkg_config_path_multiarch')
[0.303s] INFO:colcon.colcon_core.shell:Creating environment hook '/home/isak/seabotics_ws/Hugr_Primus/seabotics_ws/install/share/hugr_description/hook/pkg_config_path_multiarch.ps1'
[0.304s] INFO:colcon.colcon_core.shell:Creating environment descriptor '/home/isak/seabotics_ws/Hugr_Primus/seabotics_ws/install/share/hugr_description/hook/pkg_config_path_multiarch.dsv'
[0.304s] INFO:colcon.colcon_core.shell:Creating environment hook '/home/isak/seabotics_ws/Hugr_Primus/seabotics_ws/install/share/hugr_description/hook/pkg_config_path_multiarch.sh'
[0.304s] Level 1:colcon.colcon_core.environment:create_environment_scripts_only(hugr_description)
[0.306s] Level 1:colcon.colcon_core.environment:checking '/home/isak/seabotics_ws/Hugr_Primus/seabotics_ws/install' for CMake module files
[0.306s] Level 1:colcon.colcon_core.environment:checking '/home/isak/seabotics_ws/Hugr_Primus/seabotics_ws/install' for CMake config files
[0.306s] Level 1:colcon.colcon_core.shell:create_environment_hook('hugr_description', 'cmake_prefix_path')
[0.306s] INFO:colcon.colcon_core.shell:Creating environment hook '/home/isak/seabotics_ws/Hugr_Primus/seabotics_ws/install/share/hugr_description/hook/cmake_prefix_path.ps1'
[0.307s] INFO:colcon.colcon_core.shell:Creating environment descriptor '/home/isak/seabotics_ws/Hugr_Primus/seabotics_ws/install/share/hugr_description/hook/cmake_prefix_path.dsv'
[0.307s] INFO:colcon.colcon_core.shell:Creating environment hook '/home/isak/seabotics_ws/Hugr_Primus/seabotics_ws/install/share/hugr_description/hook/cmake_prefix_path.sh'
[0.307s] Level 1:colcon.colcon_core.environment:checking '/home/isak/seabotics_ws/Hugr_Primus/seabotics_ws/install/lib'
[0.307s] Level 1:colcon.colcon_core.shell:create_environment_hook('hugr_description', 'ld_library_path_lib')
[0.307s] INFO:colcon.colcon_core.shell:Creating environment hook '/home/isak/seabotics_ws/Hugr_Primus/seabotics_ws/install/share/hugr_description/hook/ld_library_path_lib.ps1'
[0.308s] INFO:colcon.colcon_core.shell:Creating environment descriptor '/home/isak/seabotics_ws/Hugr_Primus/seabotics_ws/install/share/hugr_description/hook/ld_library_path_lib.dsv'
[0.308s] INFO:colcon.colcon_core.shell:Creating environment hook '/home/isak/seabotics_ws/Hugr_Primus/seabotics_ws/install/share/hugr_description/hook/ld_library_path_lib.sh'
[0.308s] Level 1:colcon.colcon_core.environment:checking '/home/isak/seabotics_ws/Hugr_Primus/seabotics_ws/install/bin'
[0.308s] Level 1:colcon.colcon_core.environment:checking '/home/isak/seabotics_ws/Hugr_Primus/seabotics_ws/install/lib/pkgconfig/hugr_description.pc'
[0.308s] Level 1:colcon.colcon_core.environment:checking '/home/isak/seabotics_ws/Hugr_Primus/seabotics_ws/install/lib/python3.10/site-packages'
[0.308s] Level 1:colcon.colcon_core.environment:checking '/home/isak/seabotics_ws/Hugr_Primus/seabotics_ws/install/bin'
[0.309s] INFO:colcon.colcon_core.shell:Creating package script '/home/isak/seabotics_ws/Hugr_Primus/seabotics_ws/install/share/hugr_description/package.ps1'
[0.309s] INFO:colcon.colcon_core.shell:Creating package descriptor '/home/isak/seabotics_ws/Hugr_Primus/seabotics_ws/install/share/hugr_description/package.dsv'
[0.310s] INFO:colcon.colcon_core.shell:Creating package script '/home/isak/seabotics_ws/Hugr_Primus/seabotics_ws/install/share/hugr_description/package.sh'
[0.310s] INFO:colcon.colcon_core.shell:Creating package script '/home/isak/seabotics_ws/Hugr_Primus/seabotics_ws/install/share/hugr_description/package.bash'
[0.310s] INFO:colcon.colcon_core.shell:Creating package script '/home/isak/seabotics_ws/Hugr_Primus/seabotics_ws/install/share/hugr_description/package.zsh'
[0.311s] Level 1:colcon.colcon_core.environment:create_file_with_runtime_dependencies(/home/isak/seabotics_ws/Hugr_Primus/seabotics_ws/install/share/colcon-core/packages/hugr_description)
[0.311s] INFO:colcon.colcon_ros.task.catkin.build:Building ROS package in '/home/isak/seabotics_ws/Hugr_Primus/seabotics_ws/src/hugr_bringup' with build type 'catkin'
[0.311s] INFO:colcon.colcon_cmake.task.cmake.build:Building CMake package in '/home/isak/seabotics_ws/Hugr_Primus/seabotics_ws/src/hugr_bringup'
[0.311s] INFO:colcon.colcon_core.shell:Skip shell extension 'powershell' for command environment: Not usable outside of PowerShell
[0.311s] DEBUG:colcon.colcon_core.shell:Skip shell extension 'dsv' for command environment
[0.323s] DEBUG:colcon.colcon_core.event_handler.log_command:Invoking command in '/home/isak/seabotics_ws/Hugr_Primus/seabotics_ws/build/hugr_bringup': /usr/bin/cmake --build /home/isak/seabotics_ws/Hugr_Primus/seabotics_ws/build/hugr_bringup -- -j12 -l12
[0.352s] DEBUG:colcon.colcon_core.event_handler.log_command:Invoked command in '/home/isak/seabotics_ws/Hugr_Primus/seabotics_ws/build/hugr_bringup' returned '0': /usr/bin/cmake --build /home/isak/seabotics_ws/Hugr_Primus/seabotics_ws/build/hugr_bringup -- -j12 -l12
[0.353s] DEBUG:colcon.colcon_core.event_handler.log_command:Invoking command in '/home/isak/seabotics_ws/Hugr_Primus/seabotics_ws/build/hugr_bringup': /usr/bin/cmake --install /home/isak/seabotics_ws/Hugr_Primus/seabotics_ws/build/hugr_bringup
[0.361s] DEBUG:colcon.colcon_core.event_handler.log_command:Invoked command in '/home/isak/seabotics_ws/Hugr_Primus/seabotics_ws/build/hugr_bringup' returned '0': /usr/bin/cmake --install /home/isak/seabotics_ws/Hugr_Primus/seabotics_ws/build/hugr_bringup
[0.361s] Level 1:colcon.colcon_core.shell:create_environment_hook('hugr_bringup', 'ros_package_path')
[0.361s] INFO:colcon.colcon_core.shell:Creating environment hook '/home/isak/seabotics_ws/Hugr_Primus/seabotics_ws/install/share/hugr_bringup/hook/ros_package_path.ps1'
[0.361s] INFO:colcon.colcon_core.shell:Creating environment descriptor '/home/isak/seabotics_ws/Hugr_Primus/seabotics_ws/install/share/hugr_bringup/hook/ros_package_path.dsv'
[0.361s] INFO:colcon.colcon_core.shell:Creating environment hook '/home/isak/seabotics_ws/Hugr_Primus/seabotics_ws/install/share/hugr_bringup/hook/ros_package_path.sh'
[0.362s] Level 1:colcon.colcon_core.shell:create_environment_hook('hugr_bringup', 'pkg_config_path')
[0.362s] INFO:colcon.colcon_core.shell:Creating environment hook '/home/isak/seabotics_ws/Hugr_Primus/seabotics_ws/install/share/hugr_bringup/hook/pkg_config_path.ps1'
[0.362s] INFO:colcon.colcon_core.shell:Creating environment descriptor '/home/isak/seabotics_ws/Hugr_Primus/seabotics_ws/install/share/hugr_bringup/hook/pkg_config_path.dsv'
[0.362s] INFO:colcon.colcon_core.shell:Creating environment hook '/home/isak/seabotics_ws/Hugr_Primus/seabotics_ws/install/share/hugr_bringup/hook/pkg_config_path.sh'
[0.363s] Level 1:colcon.colcon_core.shell:create_environment_hook('hugr_bringup', 'pkg_config_path_multiarch')
[0.363s] INFO:colcon.colcon_core.shell:Creating environment hook '/home/isak/seabotics_ws/Hugr_Primus/seabotics_ws/install/share/hugr_bringup/hook/pkg_config_path_multiarch.ps1'
[0.363s] INFO:colcon.colcon_core.shell:Creating environment descriptor '/home/isak/seabotics_ws/Hugr_Primus/seabotics_ws/install/share/hugr_bringup/hook/pkg_config_path_multiarch.dsv'
[0.363s] INFO:colcon.colcon_core.shell:Creating environment hook '/home/isak/seabotics_ws/Hugr_Primus/seabotics_ws/install/share/hugr_bringup/hook/pkg_config_path_multiarch.sh'
[0.364s] Level 1:colcon.colcon_core.environment:create_environment_scripts_only(hugr_bringup)
[0.364s] Level 1:colcon.colcon_core.environment:checking '/home/isak/seabotics_ws/Hugr_Primus/seabotics_ws/install' for CMake module files
[0.364s] Level 1:colcon.colcon_core.environment:checking '/home/isak/seabotics_ws/Hugr_Primus/seabotics_ws/install' for CMake config files
[0.364s] Level 1:colcon.colcon_core.shell:create_environment_hook('hugr_bringup', 'cmake_prefix_path')
[0.364s] INFO:colcon.colcon_core.shell:Creating environment hook '/home/isak/seabotics_ws/Hugr_Primus/seabotics_ws/install/share/hugr_bringup/hook/cmake_prefix_path.ps1'
[0.364s] INFO:colcon.colcon_core.shell:Creating environment descriptor '/home/isak/seabotics_ws/Hugr_Primus/seabotics_ws/install/share/hugr_bringup/hook/cmake_prefix_path.dsv'
[0.365s] INFO:colcon.colcon_core.shell:Creating environment hook '/home/isak/seabotics_ws/Hugr_Primus/seabotics_ws/install/share/hugr_bringup/hook/cmake_prefix_path.sh'
[0.365s] Level 1:colcon.colcon_core.environment:checking '/home/isak/seabotics_ws/Hugr_Primus/seabotics_ws/install/lib'
[0.365s] Level 1:colcon.colcon_core.shell:create_environment_hook('hugr_bringup', 'ld_library_path_lib')
[0.365s] INFO:colcon.colcon_core.shell:Creating environment hook '/home/isak/seabotics_ws/Hugr_Primus/seabotics_ws/install/share/hugr_bringup/hook/ld_library_path_lib.ps1'
[0.365s] INFO:colcon.colcon_core.shell:Creating environment descriptor '/home/isak/seabotics_ws/Hugr_Primus/seabotics_ws/install/share/hugr_bringup/hook/ld_library_path_lib.dsv'
[0.366s] INFO:colcon.colcon_core.shell:Creating environment hook '/home/isak/seabotics_ws/Hugr_Primus/seabotics_ws/install/share/hugr_bringup/hook/ld_library_path_lib.sh'
[0.366s] Level 1:colcon.colcon_core.environment:checking '/home/isak/seabotics_ws/Hugr_Primus/seabotics_ws/install/bin'
[0.366s] Level 1:colcon.colcon_core.environment:checking '/home/isak/seabotics_ws/Hugr_Primus/seabotics_ws/install/lib/pkgconfig/hugr_bringup.pc'
[0.366s] Level 1:colcon.colcon_core.environment:checking '/home/isak/seabotics_ws/Hugr_Primus/seabotics_ws/install/lib/python3.10/site-packages'
[0.366s] Level 1:colcon.colcon_core.environment:checking '/home/isak/seabotics_ws/Hugr_Primus/seabotics_ws/install/bin'
[0.366s] INFO:colcon.colcon_core.shell:Creating package script '/home/isak/seabotics_ws/Hugr_Primus/seabotics_ws/install/share/hugr_bringup/package.ps1'
[0.367s] INFO:colcon.colcon_core.shell:Creating package descriptor '/home/isak/seabotics_ws/Hugr_Primus/seabotics_ws/install/share/hugr_bringup/package.dsv'
[0.367s] INFO:colcon.colcon_core.shell:Creating package script '/home/isak/seabotics_ws/Hugr_Primus/seabotics_ws/install/share/hugr_bringup/package.sh'
[0.367s] INFO:colcon.colcon_core.shell:Creating package script '/home/isak/seabotics_ws/Hugr_Primus/seabotics_ws/install/share/hugr_bringup/package.bash'
[0.368s] INFO:colcon.colcon_core.shell:Creating package script '/home/isak/seabotics_ws/Hugr_Primus/seabotics_ws/install/share/hugr_bringup/package.zsh'
[0.368s] Level 1:colcon.colcon_core.environment:create_file_with_runtime_dependencies(/home/isak/seabotics_ws/Hugr_Primus/seabotics_ws/install/share/colcon-core/packages/hugr_bringup)
[0.368s] DEBUG:colcon.colcon_parallel_executor.executor.parallel:closing loop
[0.368s] DEBUG:colcon.colcon_parallel_executor.executor.parallel:loop closed
[0.369s] DEBUG:colcon.colcon_parallel_executor.executor.parallel:run_until_complete finished with '0'
[0.369s] DEBUG:colcon.colcon_core.event_reactor:joining thread
[0.372s] INFO:colcon.colcon_core.plugin_system:Skipping extension 'colcon_notification.desktop_notification.terminal_notifier': Not used on non-Darwin systems
[0.372s] INFO:colcon.colcon_core.plugin_system:Skipping extension 'colcon_notification.desktop_notification.win32': Not used on non-Windows systems
[0.372s] INFO:colcon.colcon_notification.desktop_notification:Sending desktop notification using 'notify2'
[0.378s] DEBUG:colcon.colcon_core.event_reactor:joined thread
[0.378s] INFO:colcon.colcon_core.shell:Creating prefix script '/home/isak/seabotics_ws/Hugr_Primus/seabotics_ws/install/local_setup.ps1'
[0.378s] INFO:colcon.colcon_core.shell:Creating prefix util module '/home/isak/seabotics_ws/Hugr_Primus/seabotics_ws/install/_local_setup_util_ps1.py'
[0.379s] INFO:colcon.colcon_core.shell:Creating prefix chain script '/home/isak/seabotics_ws/Hugr_Primus/seabotics_ws/install/setup.ps1'
[0.381s] INFO:colcon.colcon_core.shell:Creating prefix script '/home/isak/seabotics_ws/Hugr_Primus/seabotics_ws/install/local_setup.sh'
[0.382s] INFO:colcon.colcon_core.shell:Creating prefix util module '/home/isak/seabotics_ws/Hugr_Primus/seabotics_ws/install/_local_setup_util_sh.py'
[0.382s] INFO:colcon.colcon_core.shell:Creating prefix chain script '/home/isak/seabotics_ws/Hugr_Primus/seabotics_ws/install/setup.sh'
[0.384s] INFO:colcon.colcon_core.shell:Creating prefix script '/home/isak/seabotics_ws/Hugr_Primus/seabotics_ws/install/local_setup.bash'
[0.384s] INFO:colcon.colcon_core.shell:Creating prefix chain script '/home/isak/seabotics_ws/Hugr_Primus/seabotics_ws/install/setup.bash'
[0.386s] INFO:colcon.colcon_core.shell:Creating prefix script '/home/isak/seabotics_ws/Hugr_Primus/seabotics_ws/install/local_setup.zsh'
[0.386s] INFO:colcon.colcon_core.shell:Creating prefix chain script '/home/isak/seabotics_ws/Hugr_Primus/seabotics_ws/install/setup.zsh'
