-- The C compiler identification is GNU 11.4.0
-- The CXX compiler identification is GNU 11.4.0
-- Detecting C compiler ABI info
-- Detecting C compiler ABI info - done
-- Check for working C compiler: /usr/bin/cc - skipped
-- Detecting C compile features
-- Detecting C compile features - done
-- Detecting CXX compiler ABI info
-- Detecting CXX compiler ABI info - done
-- Check for working CXX compiler: /usr/bin/c++ - skipped
-- Detecting CXX compile features
-- Detecting CXX compile features - done
-- Found ament_cmake: 1.3.12 (/opt/ros/humble/share/ament_cmake/cmake)
-- Found Python3: /usr/bin/python3 (found version "3.10.12") found components: Interpreter 
-- Configuring done
-- Generating done
[33mCMake Warning:
  Manually-specified variables were not used by the project:

    CATKIN_INSTALL_INTO_PREFIX_ROOT
    CATKIN_SYMLINK_INSTALL

[0m
-- Build files have been written to: /home/isak/seabotics_ws/Hugr_Primus/seabotics_ws/build/hugr_perception
-- Install configuration: ""
-- Installing: /home/isak/seabotics_ws/Hugr_Primus/seabotics_ws/install/share/hugr_perception/launch
-- Installing: /home/isak/seabotics_ws/Hugr_Primus/seabotics_ws/install/share/hugr_perception/launch/.keep
-- Installing: /home/isak/seabotics_ws/Hugr_Primus/seabotics_ws/install/share/hugr_perception/config
-- Installing: /home/isak/seabotics_ws/Hugr_Primus/seabotics_ws/install/share/hugr_perception/config/.keep
-- Installing: /home/isak/seabotics_ws/Hugr_Primus/seabotics_ws/install/share/ament_index/resource_index/package_run_dependencies/hugr_perception
-- Installing: /home/isak/seabotics_ws/Hugr_Primus/seabotics_ws/install/share/ament_index/resource_index/parent_prefix_path/hugr_perception
-- Installing: /home/isak/seabotics_ws/Hugr_Primus/seabotics_ws/install/share/hugr_perception/environment/ament_prefix_path.sh
-- Installing: /home/isak/seabotics_ws/Hugr_Primus/seabotics_ws/install/share/hugr_perception/environment/ament_prefix_path.dsv
-- Installing: /home/isak/seabotics_ws/Hugr_Primus/seabotics_ws/install/share/hugr_perception/environment/path.sh
-- Installing: /home/isak/seabotics_ws/Hugr_Primus/seabotics_ws/install/share/hugr_perception/environment/path.dsv
-- Installing: /home/isak/seabotics_ws/Hugr_Primus/seabotics_ws/install/share/hugr_perception/local_setup.bash
-- Installing: /home/isak/seabotics_ws/Hugr_Primus/seabotics_ws/install/share/hugr_perception/local_setup.sh
-- Installing: /home/isak/seabotics_ws/Hugr_Primus/seabotics_ws/install/share/hugr_perception/local_setup.zsh
-- Installing: /home/isak/seabotics_ws/Hugr_Primus/seabotics_ws/install/share/hugr_perception/local_setup.dsv
-- Installing: /home/isak/seabotics_ws/Hugr_Primus/seabotics_ws/install/share/hugr_perception/package.dsv
-- Installing: /home/isak/seabotics_ws/Hugr_Primus/seabotics_ws/install/share/ament_index/resource_index/packages/hugr_perception
-- Installing: /home/isak/seabotics_ws/Hugr_Primus/seabotics_ws/install/share/hugr_perception/cmake/hugr_perceptionConfig.cmake
-- Installing: /home/isak/seabotics_ws/Hugr_Primus/seabotics_ws/install/share/hugr_perception/cmake/hugr_perceptionConfig-version.cmake
-- Installing: /home/isak/seabotics_ws/Hugr_Primus/seabotics_ws/install/share/hugr_perception/package.xml
