[0.011s] Invoking command in '/home/isak/seabotics_ws/Hugr_Primus/seabotics_ws/build/hugr_bringup': /usr/bin/cmake --build /home/isak/seabotics_ws/Hugr_Primus/seabotics_ws/build/hugr_bringup -- -j12 -l12
[0.040s] Invoked command in '/home/isak/seabotics_ws/Hugr_Primus/seabotics_ws/build/hugr_bringup' returned '0': /usr/bin/cmake --build /home/isak/seabotics_ws/Hugr_Primus/seabotics_ws/build/hugr_bringup -- -j12 -l12
[0.041s] Invoking command in '/home/isak/seabotics_ws/Hugr_Primus/seabotics_ws/build/hugr_bringup': /usr/bin/cmake --install /home/isak/seabotics_ws/Hugr_Primus/seabotics_ws/build/hugr_bringup
[0.047s] -- Install configuration: ""
[0.047s] -- Up-to-date: /home/isak/seabotics_ws/Hugr_Primus/seabotics_ws/install/share/hugr_bringup/launch
[0.047s] -- Up-to-date: /home/isak/seabotics_ws/Hugr_Primus/seabotics_ws/install/share/hugr_bringup/launch/primus_bringup.launch.py
[0.047s] -- Up-to-date: /home/isak/seabotics_ws/Hugr_Primus/seabotics_ws/install/share/hugr_bringup/worlds
[0.047s] -- Up-to-date: /home/isak/seabotics_ws/Hugr_Primus/seabotics_ws/install/share/hugr_bringup/worlds/ocean.sdf
[0.047s] -- Up-to-date: /home/isak/seabotics_ws/Hugr_Primus/seabotics_ws/install/share/ament_index/resource_index/package_run_dependencies/hugr_bringup
[0.047s] -- Up-to-date: /home/isak/seabotics_ws/Hugr_Primus/seabotics_ws/install/share/ament_index/resource_index/parent_prefix_path/hugr_bringup
[0.047s] -- Up-to-date: /home/isak/seabotics_ws/Hugr_Primus/seabotics_ws/install/share/hugr_bringup/environment/ament_prefix_path.sh
[0.047s] -- Up-to-date: /home/isak/seabotics_ws/Hugr_Primus/seabotics_ws/install/share/hugr_bringup/environment/ament_prefix_path.dsv
[0.047s] -- Up-to-date: /home/isak/seabotics_ws/Hugr_Primus/seabotics_ws/install/share/hugr_bringup/environment/path.sh
[0.047s] -- Up-to-date: /home/isak/seabotics_ws/Hugr_Primus/seabotics_ws/install/share/hugr_bringup/environment/path.dsv
[0.048s] -- Up-to-date: /home/isak/seabotics_ws/Hugr_Primus/seabotics_ws/install/share/hugr_bringup/local_setup.bash
[0.048s] -- Up-to-date: /home/isak/seabotics_ws/Hugr_Primus/seabotics_ws/install/share/hugr_bringup/local_setup.sh
[0.048s] -- Up-to-date: /home/isak/seabotics_ws/Hugr_Primus/seabotics_ws/install/share/hugr_bringup/local_setup.zsh
[0.048s] -- Up-to-date: /home/isak/seabotics_ws/Hugr_Primus/seabotics_ws/install/share/hugr_bringup/local_setup.dsv
[0.048s] -- Installing: /home/isak/seabotics_ws/Hugr_Primus/seabotics_ws/install/share/hugr_bringup/package.dsv
[0.048s] -- Up-to-date: /home/isak/seabotics_ws/Hugr_Primus/seabotics_ws/install/share/ament_index/resource_index/packages/hugr_bringup
[0.048s] -- Up-to-date: /home/isak/seabotics_ws/Hugr_Primus/seabotics_ws/install/share/hugr_bringup/cmake/hugr_bringupConfig.cmake
[0.048s] -- Up-to-date: /home/isak/seabotics_ws/Hugr_Primus/seabotics_ws/install/share/hugr_bringup/cmake/hugr_bringupConfig-version.cmake
[0.048s] -- Up-to-date: /home/isak/seabotics_ws/Hugr_Primus/seabotics_ws/install/share/hugr_bringup/package.xml
[0.049s] Invoked command in '/home/isak/seabotics_ws/Hugr_Primus/seabotics_ws/build/hugr_bringup' returned '0': /usr/bin/cmake --install /home/isak/seabotics_ws/Hugr_Primus/seabotics_ws/build/hugr_bringup
