-- Install configuration: ""
-- Up-to-date: /home/isak/seabotics_ws/Hugr_Primus/seabotics_ws/install/share/hugr_bringup/launch
-- Up-to-date: /home/isak/seabotics_ws/Hugr_Primus/seabotics_ws/install/share/hugr_bringup/launch/primus_bringup.launch.py
-- Up-to-date: /home/isak/seabotics_ws/Hugr_Primus/seabotics_ws/install/share/hugr_bringup/worlds
-- Up-to-date: /home/isak/seabotics_ws/Hugr_Primus/seabotics_ws/install/share/hugr_bringup/worlds/ocean.sdf
-- Up-to-date: /home/isak/seabotics_ws/Hugr_Primus/seabotics_ws/install/share/ament_index/resource_index/package_run_dependencies/hugr_bringup
-- Up-to-date: /home/isak/seabotics_ws/Hugr_Primus/seabotics_ws/install/share/ament_index/resource_index/parent_prefix_path/hugr_bringup
-- Up-to-date: /home/isak/seabotics_ws/Hugr_Primus/seabotics_ws/install/share/hugr_bringup/environment/ament_prefix_path.sh
-- Up-to-date: /home/isak/seabotics_ws/Hugr_Primus/seabotics_ws/install/share/hugr_bringup/environment/ament_prefix_path.dsv
-- Up-to-date: /home/isak/seabotics_ws/Hugr_Primus/seabotics_ws/install/share/hugr_bringup/environment/path.sh
-- Up-to-date: /home/isak/seabotics_ws/Hugr_Primus/seabotics_ws/install/share/hugr_bringup/environment/path.dsv
-- Up-to-date: /home/isak/seabotics_ws/Hugr_Primus/seabotics_ws/install/share/hugr_bringup/local_setup.bash
-- Up-to-date: /home/isak/seabotics_ws/Hugr_Primus/seabotics_ws/install/share/hugr_bringup/local_setup.sh
-- Up-to-date: /home/isak/seabotics_ws/Hugr_Primus/seabotics_ws/install/share/hugr_bringup/local_setup.zsh
-- Up-to-date: /home/isak/seabotics_ws/Hugr_Primus/seabotics_ws/install/share/hugr_bringup/local_setup.dsv
-- Installing: /home/isak/seabotics_ws/Hugr_Primus/seabotics_ws/install/share/hugr_bringup/package.dsv
-- Up-to-date: /home/isak/seabotics_ws/Hugr_Primus/seabotics_ws/install/share/ament_index/resource_index/packages/hugr_bringup
-- Up-to-date: /home/isak/seabotics_ws/Hugr_Primus/seabotics_ws/install/share/hugr_bringup/cmake/hugr_bringupConfig.cmake
-- Up-to-date: /home/isak/seabotics_ws/Hugr_Primus/seabotics_ws/install/share/hugr_bringup/cmake/hugr_bringupConfig-version.cmake
-- Up-to-date: /home/isak/seabotics_ws/Hugr_Primus/seabotics_ws/install/share/hugr_bringup/package.xml
