[35m[1mConsolidate compiler generated dependencies of target serial_thruster_interface[0m
[ 50%] Built target twist_to_thrust_node
[100%] Built target serial_thruster_interface
-- Install configuration: ""
-- Up-to-date: /home/isak/seabotics_ws/Hugr_Primus/seabotics_ws/install/share/hugr_hardware/serial_thruster_interface.xml
-- Up-to-date: /home/isak/seabotics_ws/Hugr_Primus/seabotics_ws/install/lib/libserial_thruster_interface.so
-- Up-to-date: /home/isak/seabotics_ws/Hugr_Primus/seabotics_ws/install/lib/hugr_hardware/twist_to_thrust_node
-- Up-to-date: /home/isak/seabotics_ws/Hugr_Primus/seabotics_ws/install/include
-- Up-to-date: /home/isak/seabotics_ws/Hugr_Primus/seabotics_ws/install/include/hugr_hardware
-- Up-to-date: /home/isak/seabotics_ws/Hugr_Primus/seabotics_ws/install/include/hugr_hardware/serial_thruster_interface.hpp
-- Up-to-date: /home/isak/seabotics_ws/Hugr_Primus/seabotics_ws/install/share/hugr_hardware/serial_thruster_interface.xml
-- Up-to-date: /home/isak/seabotics_ws/Hugr_Primus/seabotics_ws/install/share/ament_index/resource_index/package_run_dependencies/hugr_hardware
-- Up-to-date: /home/isak/seabotics_ws/Hugr_Primus/seabotics_ws/install/share/ament_index/resource_index/parent_prefix_path/hugr_hardware
-- Up-to-date: /home/isak/seabotics_ws/Hugr_Primus/seabotics_ws/install/share/hugr_hardware/environment/ament_prefix_path.sh
-- Up-to-date: /home/isak/seabotics_ws/Hugr_Primus/seabotics_ws/install/share/hugr_hardware/environment/ament_prefix_path.dsv
-- Up-to-date: /home/isak/seabotics_ws/Hugr_Primus/seabotics_ws/install/share/hugr_hardware/environment/path.sh
-- Up-to-date: /home/isak/seabotics_ws/Hugr_Primus/seabotics_ws/install/share/hugr_hardware/environment/path.dsv
-- Up-to-date: /home/isak/seabotics_ws/Hugr_Primus/seabotics_ws/install/share/hugr_hardware/local_setup.bash
-- Up-to-date: /home/isak/seabotics_ws/Hugr_Primus/seabotics_ws/install/share/hugr_hardware/local_setup.sh
-- Up-to-date: /home/isak/seabotics_ws/Hugr_Primus/seabotics_ws/install/share/hugr_hardware/local_setup.zsh
-- Up-to-date: /home/isak/seabotics_ws/Hugr_Primus/seabotics_ws/install/share/hugr_hardware/local_setup.dsv
-- Installing: /home/isak/seabotics_ws/Hugr_Primus/seabotics_ws/install/share/hugr_hardware/package.dsv
-- Up-to-date: /home/isak/seabotics_ws/Hugr_Primus/seabotics_ws/install/share/ament_index/resource_index/packages/hugr_hardware
-- Up-to-date: /home/isak/seabotics_ws/Hugr_Primus/seabotics_ws/install/share/ament_index/resource_index/hardware_interface__pluginlib__plugin/hugr_hardware
-- Up-to-date: /home/isak/seabotics_ws/Hugr_Primus/seabotics_ws/install/share/hugr_hardware/cmake/hugr_hardwareConfig.cmake
-- Up-to-date: /home/isak/seabotics_ws/Hugr_Primus/seabotics_ws/install/share/hugr_hardware/cmake/hugr_hardwareConfig-version.cmake
-- Up-to-date: /home/isak/seabotics_ws/Hugr_Primus/seabotics_ws/install/share/hugr_hardware/package.xml
