[0.034s] Invoking command in '/home/isak/seabotics_ws/Hugr_Primus/seabotics_ws/build/hugr_hardware': /usr/bin/cmake --build /home/isak/seabotics_ws/Hugr_Primus/seabotics_ws/build/hugr_hardware -- -j12 -l12
[0.071s] [35m[1mConsolidate compiler generated dependencies of target serial_thruster_interface[0m
[0.084s] [ 50%] Built target twist_to_thrust_node
[0.088s] [100%] Built target serial_thruster_interface
[0.137s] Invoked command in '/home/isak/seabotics_ws/Hugr_Primus/seabotics_ws/build/hugr_hardware' returned '0': /usr/bin/cmake --build /home/isak/seabotics_ws/Hugr_Primus/seabotics_ws/build/hugr_hardware -- -j12 -l12
[0.138s] Invoking command in '/home/isak/seabotics_ws/Hugr_Primus/seabotics_ws/build/hugr_hardware': /usr/bin/cmake --install /home/isak/seabotics_ws/Hugr_Primus/seabotics_ws/build/hugr_hardware
[0.146s] -- Install configuration: ""
[0.146s] -- Up-to-date: /home/isak/seabotics_ws/Hugr_Primus/seabotics_ws/install/share/hugr_hardware/serial_thruster_interface.xml
[0.146s] -- Up-to-date: /home/isak/seabotics_ws/Hugr_Primus/seabotics_ws/install/lib/libserial_thruster_interface.so
[0.146s] -- Up-to-date: /home/isak/seabotics_ws/Hugr_Primus/seabotics_ws/install/lib/hugr_hardware/twist_to_thrust_node
[0.146s] -- Up-to-date: /home/isak/seabotics_ws/Hugr_Primus/seabotics_ws/install/include
[0.146s] -- Up-to-date: /home/isak/seabotics_ws/Hugr_Primus/seabotics_ws/install/include/hugr_hardware
[0.146s] -- Up-to-date: /home/isak/seabotics_ws/Hugr_Primus/seabotics_ws/install/include/hugr_hardware/serial_thruster_interface.hpp
[0.146s] -- Up-to-date: /home/isak/seabotics_ws/Hugr_Primus/seabotics_ws/install/share/hugr_hardware/serial_thruster_interface.xml
[0.146s] -- Up-to-date: /home/isak/seabotics_ws/Hugr_Primus/seabotics_ws/install/share/ament_index/resource_index/package_run_dependencies/hugr_hardware
[0.146s] -- Up-to-date: /home/isak/seabotics_ws/Hugr_Primus/seabotics_ws/install/share/ament_index/resource_index/parent_prefix_path/hugr_hardware
[0.146s] -- Up-to-date: /home/isak/seabotics_ws/Hugr_Primus/seabotics_ws/install/share/hugr_hardware/environment/ament_prefix_path.sh
[0.146s] -- Up-to-date: /home/isak/seabotics_ws/Hugr_Primus/seabotics_ws/install/share/hugr_hardware/environment/ament_prefix_path.dsv
[0.146s] -- Up-to-date: /home/isak/seabotics_ws/Hugr_Primus/seabotics_ws/install/share/hugr_hardware/environment/path.sh
[0.146s] -- Up-to-date: /home/isak/seabotics_ws/Hugr_Primus/seabotics_ws/install/share/hugr_hardware/environment/path.dsv
[0.146s] -- Up-to-date: /home/isak/seabotics_ws/Hugr_Primus/seabotics_ws/install/share/hugr_hardware/local_setup.bash
[0.146s] -- Up-to-date: /home/isak/seabotics_ws/Hugr_Primus/seabotics_ws/install/share/hugr_hardware/local_setup.sh
[0.146s] -- Up-to-date: /home/isak/seabotics_ws/Hugr_Primus/seabotics_ws/install/share/hugr_hardware/local_setup.zsh
[0.146s] -- Up-to-date: /home/isak/seabotics_ws/Hugr_Primus/seabotics_ws/install/share/hugr_hardware/local_setup.dsv
[0.146s] -- Installing: /home/isak/seabotics_ws/Hugr_Primus/seabotics_ws/install/share/hugr_hardware/package.dsv
[0.146s] -- Up-to-date: /home/isak/seabotics_ws/Hugr_Primus/seabotics_ws/install/share/ament_index/resource_index/packages/hugr_hardware
[0.147s] -- Up-to-date: /home/isak/seabotics_ws/Hugr_Primus/seabotics_ws/install/share/ament_index/resource_index/hardware_interface__pluginlib__plugin/hugr_hardware
[0.147s] -- Up-to-date: /home/isak/seabotics_ws/Hugr_Primus/seabotics_ws/install/share/hugr_hardware/cmake/hugr_hardwareConfig.cmake
[0.147s] -- Up-to-date: /home/isak/seabotics_ws/Hugr_Primus/seabotics_ws/install/share/hugr_hardware/cmake/hugr_hardwareConfig-version.cmake
[0.147s] -- Up-to-date: /home/isak/seabotics_ws/Hugr_Primus/seabotics_ws/install/share/hugr_hardware/package.xml
[0.147s] Invoked command in '/home/isak/seabotics_ws/Hugr_Primus/seabotics_ws/build/hugr_hardware' returned '0': /usr/bin/cmake --install /home/isak/seabotics_ws/Hugr_Primus/seabotics_ws/build/hugr_hardware
